#
# A fatal error has been detected by the Java Runtime Environment:
#
#  SIGSEGV (0xb) at pc=0x00007fff87878bdb, pid=2681, tid=2571
#
# JRE version: Java(TM) SE Runtime Environment (8.0_65-b17) (build 1.8.0_65-b17)
# Java VM: Java HotSpot(TM) 64-Bit Server VM (25.65-b01 mixed mode bsd-amd64 compressed oops)
# Problematic frame:
# C  [libobjc.A.dylib+0x4bdb]  realizeClass(objc_class*)+0x29
#
# Failed to write core dump. Core dumps have been disabled. To enable core dumping, try "ulimit -c unlimited" before starting Java again
#
# If you would like to submit a bug report, please visit:
#   http://bugreport.java.com/bugreport/crash.jsp
# The crash happened outside the Java Virtual Machine in native code.
# See problematic frame for where to report the bug.
#

---------------  T H R E A D  ---------------

Current thread (0x00007f8fbb122000):  JavaThread "AWT-AppKit" daemon [_thread_in_native, id=2571, stack(0x00007fff575d6000,0x00007fff57dd6000)]

siginfo: si_signo: 11 (SIGSEGV), si_code: 1 (SEGV_MAPERR), si_addr: 0x00000000000007e8

Registers:
RAX=0x0000000000000000, RBX=0x00007fff73e18c58, RCX=0x0000000000000000, RDX=0x00007fff73e18c58
RSP=0x00007fff57dd11a0, RBP=0x00007fff57dd1220, RSI=0x00000000b3e98c08, RDI=0x00000000000007c8
R8 =0x0000000080000000, R9 =0x0000000000000001, R10=0x00007fff8b050c51, R11=0x00007fff73d2d750
R12=0x0000000000000000, R13=0x00000000000007c8, R14=0x00007fff73e18c30, R15=0x00007ffffffffff8
RIP=0x00007fff87878bdb, EFLAGS=0x0000000000010202, ERR=0x0000000000000004
  TRAPNO=0x000000000000000e

Top of Stack: (sp=0x00007fff57dd11a0)
0x00007fff57dd11a0:   00007fff57dd1437 000000060968714b
0x00007fff57dd11b0:   000000010000000b 000000017d908070
0x00007fff57dd11c0:   0000000109ac7730 0000005000000000
0x00007fff57dd11d0:   0000000000000050 0000000000000000
0x00007fff57dd11e0:   0000000000000000 00007f8fb8418a40
0x00007fff57dd11f0:   0000000000000050 00007fff73e18c58
0x00007fff57dd1200:   0000000000000000 00007fff73d2d750
0x00007fff57dd1210:   00007fff73e18c30 00007ffffffffff8
0x00007fff57dd1220:   00007fff57dd12b0 00007fff87878cba
0x00007fff57dd1230:   00007fff734202dc 00007fff734202e0
0x00007fff57dd1240:   0000000057dd1250 00007fff8ac930b9
0x00007fff57dd1250:   00007fff734202dc 00007fff734202e0
0x00007fff57dd1260:   00007fff734202d8 00007fff734202c0
0x00007fff57dd1270:   00007fff8c9f9d0e 0000000181d75608
0x00007fff57dd1280:   0000000000000001 00007fff73d2d750
0x00007fff57dd1290:   00007fff8c9f9d0e 0000000181d75608
0x00007fff57dd12a0:   0000000000000001 00007ffffffffff8
0x00007fff57dd12b0:   00007fff57dd1310 00007fff8787bbff
0x00007fff57dd12c0:   00007fff57dd1510 0000000181d75608
0x00007fff57dd12d0:   0000000000000000 00007f8fbeb6a430
0x00007fff57dd12e0:   0000000157dd1300 000000017d90a450
0x00007fff57dd12f0:   0000000000000000 0000000181d75608
0x00007fff57dd1300:   000000017d90a440 00007f8fbb122000
0x00007fff57dd1310:   00007fff57dd13e0 00007fff8787ae11
0x00007fff57dd1320:   0000000000000810 0000000000000000
0x00007fff57dd1330:   0000000127edfd80 0000000127edfcc0
0x00007fff57dd1340:   00007fff8c9f9d0e 00007f8fbeb6a430
0x00007fff57dd1350:   00007f8fbeabeec0 00007fff57dd13df
0x00007fff57dd1360:   0000000000000000 0000000000000000
0x00007fff57dd1370:   ffffffffffffffff 0000000000ffffff
0x00007fff57dd1380:   0000000000000000 0000000000000000
0x00007fff57dd1390:   6f63616d5f747761 534f63614d5f7873 

Instructions: (pc=0x00007fff87878bdb)
0x00007fff87878bbb:   55 41 54 53 48 83 ec 58 49 89 fd 31 c0 4d 85 ed
0x00007fff87878bcb:   0f 84 68 07 00 00 49 bf f8 ff ff ff ff 7f 00 00
0x00007fff87878bdb:   4d 8b 75 20 4c 89 f3 4c 21 fb 8b 3b 85 ff 78 3d
0x00007fff87878beb:   f7 c7 00 00 00 40 75 3d bf 40 00 00 00 be 01 00 

Register to memory mapping:

RAX=0x0000000000000000 is an unknown value
RBX=0x00007fff73e18c58: __CFConstantStringClassReference+0 in /System/Library/Frameworks/CoreFoundation.framework/Versions/A/CoreFoundation at 0x00007fff8abe7000
RCX=0x0000000000000000 is an unknown value
RDX=0x00007fff73e18c58: __CFConstantStringClassReference+0 in /System/Library/Frameworks/CoreFoundation.framework/Versions/A/CoreFoundation at 0x00007fff8abe7000
RSP=0x00007fff57dd11a0 is pointing into the stack for thread: 0x00007f8fbb122000
RBP=0x00007fff57dd1220 is pointing into the stack for thread: 0x00007f8fbb122000
RSI=0x00000000b3e98c08 is an unknown value
RDI=0x00000000000007c8 is an unknown value
R8 =0x0000000080000000 is an unknown value
R9 =0x0000000000000001 is an unknown value
R10=0x00007fff8b050c51: GCC_except_table72+0xc5 in /System/Library/Frameworks/CoreFoundation.framework/Versions/A/CoreFoundation at 0x00007fff8abe7000
R11=0x00007fff73d2d750: __block_literal_global67+0x48c0 in /System/Library/Frameworks/CoreFoundation.framework/Versions/A/CoreFoundation at 0x00007fff8abe7000
R12=0x0000000000000000 is an unknown value
R13=0x00000000000007c8 is an unknown value
R14=0x00007fff73e18c30: OBJC_CLASS_$___NSCFString+0 in /System/Library/Frameworks/CoreFoundation.framework/Versions/A/CoreFoundation at 0x00007fff8abe7000
R15=0x00007ffffffffff8 is an unknown value


Stack: [0x00007fff575d6000,0x00007fff57dd6000],  sp=0x00007fff57dd11a0,  free space=8172k
Native frames: (J=compiled Java code, j=interpreted, Vv=VM code, C=native code)
C  [libobjc.A.dylib+0x4bdb]  realizeClass(objc_class*)+0x29
C  [libobjc.A.dylib+0x4cba]  realizeClass(objc_class*)+0x108
C  [libobjc.A.dylib+0x7bff]  lookUpImpOrForward+0x68
C  [libobjc.A.dylib+0x6e11]  objc_msgSend+0xd1
C  [libnativewindow_macosx.jnilib+0x5157]  Java_jogamp_nativewindow_jawt_macosx_MacOSXJAWTWindow_UnsetJAWTRootSurfaceLayer0+0xe7
j  jogamp.nativewindow.jawt.macosx.MacOSXJAWTWindow.UnsetJAWTRootSurfaceLayer0(JJ)V+0
j  jogamp.nativewindow.jawt.macosx.MacOSXJAWTWindow.access$200(JJ)V+2
j  jogamp.nativewindow.jawt.macosx.MacOSXJAWTWindow$1.run()V+38
j  com.jogamp.common.util.RunnableTask.run()V+24
v  ~StubRoutines::call_stub
V  [libjvm.dylib+0x2eab02]  JavaCalls::call_helper(JavaValue*, methodHandle*, JavaCallArguments*, Thread*)+0x6ae
V  [libjvm.dylib+0x321bab]  jni_invoke_nonstatic(JNIEnv_*, JavaValue*, _jobject*, JNICallType, _jmethodID*, JNI_ArgumentPusher*, Thread*)+0x2ec
V  [libjvm.dylib+0x31437f]  jni_CallVoidMethod+0x16b
C  [libnativewindow_macosx.jnilib+0x5326]  Java_jogamp_nativewindow_jawt_macosx_MacOSXJAWTWindow_UnsetJAWTRootSurfaceLayer0+0x2b6
C  [Foundation+0x7741e]  __NSThreadPerformPerform+0x117
C  [CoreFoundation+0xaa8b1]  __CFRUNLOOP_IS_CALLING_OUT_TO_A_SOURCE0_PERFORM_FUNCTION__+0x11
C  [CoreFoundation+0x8a027]  __CFRunLoopDoSources0+0x1a7
C  [CoreFoundation+0x895cf]  __CFRunLoopRun+0x39f
C  [CoreFoundation+0x88fc8]  CFRunLoopRunSpecific+0x128
C  [HIToolbox+0x30d55]  RunCurrentEventLoopInMode+0xeb
C  [HIToolbox+0x30a97]  ReceiveNextEventCommon+0xb8
C  [HIToolbox+0x309cf]  _BlockUntilNextEventMatchingListInModeWithFilter+0x47
C  [AppKit+0x49d96]  _DPSNextEvent+0x42b
C  [AppKit+0x491c5]  -[NSApplication _nextEventMatchingEventMask:untilDate:inMode:dequeue:]+0x1c6
C  [libosxapp.dylib+0x23aa]  -[NSApplicationAWT nextEventMatchingMask:untilDate:inMode:dequeue:]+0x7c
C  [AppKit+0x3dd28]  -[NSApplication run]+0x2aa
C  [libosxapp.dylib+0x214d]  +[NSApplicationAWT runAWTLoopWithApp:]+0x9c
C  [libawt_lwawt.dylib+0x44517]  -[AWTStarter starter:]+0x389
C  [Foundation+0x7741e]  __NSThreadPerformPerform+0x117
C  [CoreFoundation+0xaa8b1]  __CFRUNLOOP_IS_CALLING_OUT_TO_A_SOURCE0_PERFORM_FUNCTION__+0x11
C  [CoreFoundation+0x8a0ac]  __CFRunLoopDoSources0+0x22c
C  [CoreFoundation+0x895cf]  __CFRunLoopRun+0x39f
C  [CoreFoundation+0x88fc8]  CFRunLoopRunSpecific+0x128
C  [java+0x6463]  CreateExecutionEnvironment+0x367
C  [java+0x21ac]  JLI_Launch+0x7a0
C  [java+0x84c0]  main+0x65
C  [java+0x1a04]  start+0x34
C  0x0000000000000007

Java frames: (J=compiled Java code, j=interpreted, Vv=VM code)
j  jogamp.nativewindow.jawt.macosx.MacOSXJAWTWindow.UnsetJAWTRootSurfaceLayer0(JJ)V+0
j  jogamp.nativewindow.jawt.macosx.MacOSXJAWTWindow.access$200(JJ)V+2
j  jogamp.nativewindow.jawt.macosx.MacOSXJAWTWindow$1.run()V+38
j  com.jogamp.common.util.RunnableTask.run()V+24
v  ~StubRoutines::call_stub

---------------  P R O C E S S  ---------------

Java Threads: ( => current thread )
  0x00007f8fc185f800 JavaThread "Thread-39" [_thread_blocked, id=74175, stack(0x0000700002086000,0x0000700002186000)]
  0x00007f8fbc851000 JavaThread "Image Fetcher 3" daemon [_thread_blocked, id=77123, stack(0x0000700002ba7000,0x0000700002ca7000)]
  0x00007f8fb9608000 JavaThread "Image Fetcher 2" daemon [_thread_blocked, id=71435, stack(0x000070000279b000,0x000070000289b000)]
  0x00007f8fb8b09000 JavaThread "Image Fetcher 1" daemon [_thread_blocked, id=70919, stack(0x0000700002189000,0x0000700002289000)]
  0x00007f8fb8e89800 JavaThread "Image Fetcher 0" daemon [_thread_blocked, id=76035, stack(0x00007000029a1000,0x0000700002aa1000)]
  0x00007f8fb8e88800 JavaThread "Keep-Alive-Timer" daemon [_thread_blocked, id=75595, stack(0x000070000289e000,0x000070000299e000)]
  0x00007f8fb9418800 JavaThread "AWT-EventQueue-1" [_thread_in_native, id=66839, stack(0x0000700001f00000,0x0000700002000000)]
  0x00007f8fb93f9000 JavaThread "DestroyJavaVM" [_thread_blocked, id=5891, stack(0x000070000011a000,0x000070000021a000)]
  0x00007f8fb89cf000 JavaThread "AWT-EventQueue-0" [_thread_blocked, id=64003, stack(0x0000700001cfa000,0x0000700001dfa000)]
  0x00007f8fbb19a800 JavaThread "Java2D Disposer" daemon [_thread_blocked, id=60943, stack(0x0000700001a71000,0x0000700001b71000)]
  0x00007f8fb912c000 JavaThread "Java2D Queue Flusher" daemon [_thread_blocked, id=59399, stack(0x000070000196e000,0x0000700001a6e000)]
  0x00007f8fb8990000 JavaThread "AWT-Shutdown" [_thread_blocked, id=31763, stack(0x000070000165f000,0x000070000175f000)]
=>0x00007f8fbb122000 JavaThread "AWT-AppKit" daemon [_thread_in_native, id=2571, stack(0x00007fff575d6000,0x00007fff57dd6000)]
  0x00007f8fb982d800 JavaThread "Service Thread" daemon [_thread_blocked, id=20995, stack(0x00007000012d0000,0x00007000013d0000)]
  0x00007f8fb980d000 JavaThread "C1 CompilerThread3" daemon [_thread_blocked, id=20483, stack(0x00007000011cd000,0x00007000012cd000)]
  0x00007f8fb9803000 JavaThread "C2 CompilerThread2" daemon [_thread_blocked, id=19971, stack(0x00007000010ca000,0x00007000011ca000)]
  0x00007f8fbb039800 JavaThread "C2 CompilerThread1" daemon [_thread_blocked, id=19459, stack(0x0000700000fc7000,0x00007000010c7000)]
  0x00007f8fb885c800 JavaThread "C2 CompilerThread0" daemon [_thread_blocked, id=18947, stack(0x0000700000ec4000,0x0000700000fc4000)]
  0x00007f8fb881a800 JavaThread "Signal Dispatcher" daemon [_thread_blocked, id=14863, stack(0x0000700000dc1000,0x0000700000ec1000)]
  0x00007f8fbb027800 JavaThread "Finalizer" daemon [_thread_blocked, id=14339, stack(0x0000700000c3b000,0x0000700000d3b000)]
  0x00007f8fbb026800 JavaThread "Reference Handler" daemon [_thread_blocked, id=13827, stack(0x0000700000b38000,0x0000700000c38000)]

Other Threads:
  0x00007f8fbb024000 VMThread [stack: 0x0000700000a35000,0x0000700000b35000] [id=13315]
  0x00007f8fb8822800 WatcherThread [stack: 0x00007000013d3000,0x00007000014d3000] [id=21507]

VM state:not at safepoint (normal execution)

VM Mutex/Monitor currently owned by a thread: None

Heap:
 PSYoungGen      total 76288K, used 23379K [0x000000076ab00000, 0x0000000770000000, 0x00000007c0000000)
  eden space 65536K, 19% used [0x000000076ab00000,0x000000076b759fd8,0x000000076eb00000)
  from space 10752K, 99% used [0x000000076f580000,0x000000076fffac88,0x0000000770000000)
  to   space 10752K, 0% used [0x000000076eb00000,0x000000076eb00000,0x000000076f580000)
 ParOldGen       total 175104K, used 11264K [0x00000006c0000000, 0x00000006cab00000, 0x000000076ab00000)
  object space 175104K, 6% used [0x00000006c0000000,0x00000006c0b003c0,0x00000006cab00000)
 Metaspace       used 18785K, capacity 19027K, committed 19200K, reserved 1067008K
  class space    used 1870K, capacity 1922K, committed 2048K, reserved 1048576K

Card table byte_map: [0x0000000119549000,0x0000000119d4a000] byte_map_base: 0x0000000115f49000

Marking Bits: (ParMarkBitMap*) 0x0000000109adee20
 Begin Bits: [0x000000011a2a0000, 0x000000011e2a0000)
 End Bits:   [0x000000011e2a0000, 0x00000001222a0000)

Polling page: 0x00000001080ed000

CodeCache: size=245760Kb used=6023Kb max_used=6036Kb free=239736Kb
 bounds [0x000000010a189000, 0x000000010a779000, 0x0000000119189000]
 total_blobs=2516 nmethods=1643 adapters=787
 compilation: enabled

Compilation events (10 events):
Event: 5.550 Thread 0x00007f8fb980d000 nmethod 1644 0x000000010a769bd0 code [0x000000010a769de0, 0x000000010a76ae10]
Event: 5.550 Thread 0x00007f8fb980d000 1645       3       java.awt.EventQueue::coalesceEvent (86 bytes)
Event: 5.551 Thread 0x00007f8fb980d000 nmethod 1645 0x000000010a76b7d0 code [0x000000010a76b9c0, 0x000000010a76c6d8]
Event: 5.555 Thread 0x00007f8fbb039800 nmethod 1646 0x000000010a76fcd0 code [0x000000010a76fe40, 0x000000010a770618]
Event: 5.559 Thread 0x00007f8fb9803000 1647  s    4       sun.misc.URLClassPath::getNextLoader (88 bytes)
Event: 5.560 Thread 0x00007f8fb980d000 1648       1       sun.java2d.SurfaceData::isValid (5 bytes)
Event: 5.561 Thread 0x00007f8fb980d000 nmethod 1648 0x000000010a76f6d0 code [0x000000010a76f820, 0x000000010a76f930]
Event: 5.561 Thread 0x00007f8fb980d000 1649       3       sun.java2d.pipe.RenderBuffer::putFloat (26 bytes)
Event: 5.561 Thread 0x00007f8fb980d000 nmethod 1649 0x000000010a76f310 code [0x000000010a76f480, 0x000000010a76f610]
Event: 5.563 Thread 0x00007f8fb9803000 nmethod 1647 0x000000010a76cc90 code [0x000000010a76ce00, 0x000000010a76d578]

GC Heap History (4 events):
Event: 3.786 GC heap before
{Heap before GC invocations=1 (full 0):
 PSYoungGen      total 76288K, used 65536K [0x000000076ab00000, 0x0000000770000000, 0x00000007c0000000)
  eden space 65536K, 100% used [0x000000076ab00000,0x000000076eb00000,0x000000076eb00000)
  from space 10752K, 0% used [0x000000076f580000,0x000000076f580000,0x0000000770000000)
  to   space 10752K, 0% used [0x000000076eb00000,0x000000076eb00000,0x000000076f580000)
 ParOldGen       total 175104K, used 0K [0x00000006c0000000, 0x00000006cab00000, 0x000000076ab00000)
  object space 175104K, 0% used [0x00000006c0000000,0x00000006c0000000,0x00000006cab00000)
 Metaspace       used 18119K, capacity 18375K, committed 18560K, reserved 1067008K
  class space    used 1837K, capacity 1920K, committed 1920K, reserved 1048576K
Event: 3.794 GC heap after
Heap after GC invocations=1 (full 0):
 PSYoungGen      total 76288K, used 10744K [0x000000076ab00000, 0x0000000770000000, 0x00000007c0000000)
  eden space 65536K, 0% used [0x000000076ab00000,0x000000076ab00000,0x000000076eb00000)
  from space 10752K, 99% used [0x000000076eb00000,0x000000076f57e060,0x000000076f580000)
  to   space 10752K, 0% used [0x000000076f580000,0x000000076f580000,0x0000000770000000)
 ParOldGen       total 175104K, used 2907K [0x00000006c0000000, 0x00000006cab00000, 0x000000076ab00000)
  object space 175104K, 1% used [0x00000006c0000000,0x00000006c02d6f88,0x00000006cab00000)
 Metaspace       used 18119K, capacity 18375K, committed 18560K, reserved 1067008K
  class space    used 1837K, capacity 1920K, committed 1920K, reserved 1048576K
}
Event: 4.357 GC heap before
{Heap before GC invocations=2 (full 0):
 PSYoungGen      total 76288K, used 76142K [0x000000076ab00000, 0x0000000770000000, 0x00000007c0000000)
  eden space 65536K, 99% used [0x000000076ab00000,0x000000076eaddb90,0x000000076eb00000)
  from space 10752K, 99% used [0x000000076eb00000,0x000000076f57e060,0x000000076f580000)
  to   space 10752K, 0% used [0x000000076f580000,0x000000076f580000,0x0000000770000000)
 ParOldGen       total 175104K, used 3163K [0x00000006c0000000, 0x00000006cab00000, 0x000000076ab00000)
  object space 175104K, 1% used [0x00000006c0000000,0x00000006c0316f98,0x00000006cab00000)
 Metaspace       used 18564K, capacity 18829K, committed 19200K, reserved 1067008K
  class space    used 1862K, capacity 1921K, committed 2048K, reserved 1048576K
Event: 4.365 GC heap after
Heap after GC invocations=2 (full 0):
 PSYoungGen      total 76288K, used 10731K [0x000000076ab00000, 0x0000000770000000, 0x00000007c0000000)
  eden space 65536K, 0% used [0x000000076ab00000,0x000000076ab00000,0x000000076eb00000)
  from space 10752K, 99% used [0x000000076f580000,0x000000076fffac88,0x0000000770000000)
  to   space 10752K, 0% used [0x000000076eb00000,0x000000076eb00000,0x000000076f580000)
 ParOldGen       total 175104K, used 11264K [0x00000006c0000000, 0x00000006cab00000, 0x000000076ab00000)
  object space 175104K, 6% used [0x00000006c0000000,0x00000006c0b003c0,0x00000006cab00000)
 Metaspace       used 18564K, capacity 18829K, committed 19200K, reserved 1067008K
  class space    used 1862K, capacity 1921K, committed 2048K, reserved 1048576K
}

Deoptimization events (9 events):
Event: 2.889 Thread 0x00007f8fb997f000 Uncommon trap: reason=unstable_if action=reinterpret pc=0x000000010a368bc0 method=java.lang.String.toLowerCase(Ljava/util/Locale;)Ljava/lang/String; @ 85
Event: 3.007 Thread 0x00007f8fb943c000 Uncommon trap: reason=unstable_if action=reinterpret pc=0x000000010a3e9114 method=java.lang.String.lastIndexOf([CII[CIII)I @ 66
Event: 3.043 Thread 0x00007f8fb943c000 Uncommon trap: reason=unstable_if action=reinterpret pc=0x000000010a3ecb94 method=java.lang.String.indexOf([CII[CIII)I @ 3
Event: 3.043 Thread 0x00007f8fb943c000 Uncommon trap: reason=unstable_if action=reinterpret pc=0x000000010a3d3e54 method=java.lang.String.indexOf([CII[CIII)I @ 3
Event: 3.043 Thread 0x00007f8fb943c000 Uncommon trap: reason=unstable_if action=reinterpret pc=0x000000010a35554c method=java.lang.String.indexOf([CII[CIII)I @ 3
Event: 3.672 Thread 0x00007f8fb9418800 Uncommon trap: reason=unstable_if action=reinterpret pc=0x000000010a33a86c method=java.lang.AbstractStringBuilder.append(Ljava/lang/String;)Ljava/lang/AbstractStringBuilder; @ 1
Event: 3.934 Thread 0x00007f8fb9418800 Uncommon trap: reason=unstable_if action=reinterpret pc=0x000000010a5a21ac method=java.lang.StrictMath.floorOrCeil(DDDD)D @ 115
Event: 5.517 Thread 0x00007f8fb9418800 Uncommon trap: reason=unstable_if action=reinterpret pc=0x000000010a6272a8 method=com.jogamp.common.util.VersionNumber.compareTo(Lcom/jogamp/common/util/VersionNumber;)I @ 21
Event: 5.548 Thread 0x00007f8fb9182000 Uncommon trap: reason=unstable_if action=reinterpret pc=0x000000010a598580 method=java.util.HashMap.putVal(ILjava/lang/Object;Ljava/lang/Object;ZZ)Ljava/lang/Object; @ 81

Internal exceptions (10 events):
Event: 0.109 Thread 0x00007f8fb8806000 Exception <a 'java/lang/NoSuchFieldError': method resolution failed> (0x000000076af3bfa8) thrown at [/Users/java_re/workspace/8-2-build-macosx-x86_64/jdk8u65/4987/hotspot/src/share/vm/prims/methodHandles.cpp, line 1146]
Event: 0.110 Thread 0x00007f8fb8806000 Exception <a 'java/lang/NoSuchFieldError': method resolution failed> (0x000000076af49778) thrown at [/Users/java_re/workspace/8-2-build-macosx-x86_64/jdk8u65/4987/hotspot/src/share/vm/prims/methodHandles.cpp, line 1146]
Event: 2.221 Thread 0x00007f8fb8806000 Exception <a 'java/io/FileNotFoundException'> (0x000000076afc56f8) thrown at [/Users/java_re/workspace/8-2-build-macosx-x86_64/jdk8u65/4987/hotspot/src/share/vm/prims/jni.cpp, line 709]
Event: 2.221 Thread 0x00007f8fb8806000 Exception <a 'java/io/FileNotFoundException'> (0x000000076afc6258) thrown at [/Users/java_re/workspace/8-2-build-macosx-x86_64/jdk8u65/4987/hotspot/src/share/vm/prims/jni.cpp, line 709]
Event: 2.291 Thread 0x00007f8fb8806000 Exception <a 'java/io/FileNotFoundException'> (0x000000076b1a9890) thrown at [/Users/java_re/workspace/8-2-build-macosx-x86_64/jdk8u65/4987/hotspot/src/share/vm/prims/jni.cpp, line 709]
Event: 3.057 Thread 0x00007f8fb943c000 Exception <a 'java/lang/UnsatisfiedLinkError': com.jogamp.common.util.JarUtil.fixNativeLibAttribs(Ljava/lang/String;)Z> (0x000000076c6b8728) thrown at [/Users/java_re/workspace/8-2-build-macosx-x86_64/jdk8u65/4987/hotspot/src/share/vm/prims/nativeLookup.c
Event: 3.672 Thread 0x00007f8fb9418800 Exception <a 'java/io/FileNotFoundException'> (0x000000076dab7430) thrown at [/Users/java_re/workspace/8-2-build-macosx-x86_64/jdk8u65/4987/hotspot/src/share/vm/prims/jni.cpp, line 709]
Event: 3.672 Thread 0x00007f8fb9418800 Exception <a 'java/io/FileNotFoundException'> (0x000000076dabedc0) thrown at [/Users/java_re/workspace/8-2-build-macosx-x86_64/jdk8u65/4987/hotspot/src/share/vm/prims/jni.cpp, line 709]
Event: 3.672 Thread 0x00007f8fb9418800 Implicit null exception at 0x000000010a33a4f5 to 0x000000010a33a859
Event: 3.797 Thread 0x00007f8fbb027800 Exception <a 'java/lang/NullPointerException'> (0x000000076b09eef8) thrown at [/Users/java_re/workspace/8-2-build-macosx-x86_64/jdk8u65/4987/hotspot/src/share/vm/interpreter/linkResolver.cpp, line 1178]

Events (10 events):
Event: 5.559 loading class jogamp/nativewindow/jawt/macosx/MacOSXJAWTWindow$1 done
Event: 5.560 loading class java/awt/LightweightDispatcher$2
Event: 5.560 loading class java/awt/LightweightDispatcher$2 done
Event: 5.560 loading class java/awt/event/AWTEventListenerProxy
Event: 5.560 loading class java/awt/event/AWTEventListenerProxy done
Event: 5.560 loading class java/awt/Toolkit$ToolkitEventMulticaster
Event: 5.560 loading class java/awt/Toolkit$ToolkitEventMulticaster done
Event: 5.561 Thread 0x00007f8fb9182000 Thread exited: 0x00007f8fb9182000
Event: 5.561 loading class java/awt/Window$1DisposeAction
Event: 5.561 loading class java/awt/Window$1DisposeAction done


Dynamic libraries:
0x0000000001e67000 	/System/Library/Frameworks/Cocoa.framework/Versions/A/Cocoa
0x0000000001e67000 	/System/Library/Frameworks/Security.framework/Versions/A/Security
0x0000000001e67000 	/System/Library/Frameworks/ApplicationServices.framework/Versions/A/ApplicationServices
0x0000000001e67000 	/usr/lib/libz.1.dylib
0x0000000001e67000 	/usr/lib/libSystem.B.dylib
0x0000000001e67000 	/usr/lib/libobjc.A.dylib
0x0000000001e67000 	/System/Library/Frameworks/CoreFoundation.framework/Versions/A/CoreFoundation
0x0000000001e67000 	/System/Library/Frameworks/Foundation.framework/Versions/C/Foundation
0x0000000001e67000 	/System/Library/Frameworks/AppKit.framework/Versions/C/AppKit
0x0000000001e67000 	/System/Library/Frameworks/CoreData.framework/Versions/A/CoreData
0x0000000001e67000 	/System/Library/PrivateFrameworks/RemoteViewServices.framework/Versions/A/RemoteViewServices
0x0000000001e67000 	/System/Library/PrivateFrameworks/UIFoundation.framework/Versions/A/UIFoundation
0x0000000001e67000 	/usr/lib/libScreenReader.dylib
0x0000000001e67000 	/System/Library/Frameworks/Accelerate.framework/Versions/A/Accelerate
0x0000000001e67000 	/System/Library/Frameworks/IOSurface.framework/Versions/A/IOSurface
0x0000000001e67000 	/System/Library/Frameworks/AudioToolbox.framework/Versions/A/AudioToolbox
0x0000000001e67000 	/System/Library/Frameworks/AudioUnit.framework/Versions/A/AudioUnit
0x0000000001e67000 	/System/Library/PrivateFrameworks/DataDetectorsCore.framework/Versions/A/DataDetectorsCore
0x0000000001e67000 	/System/Library/PrivateFrameworks/DesktopServicesPriv.framework/Versions/A/DesktopServicesPriv
0x0000000001e67000 	/System/Library/Frameworks/Carbon.framework/Versions/A/Frameworks/HIToolbox.framework/Versions/A/HIToolbox
0x0000000001e67000 	/System/Library/Frameworks/QuartzCore.framework/Versions/A/QuartzCore
0x0000000001e67000 	/System/Library/Frameworks/Carbon.framework/Versions/A/Frameworks/SpeechRecognition.framework/Versions/A/SpeechRecognition
0x0000000001e67000 	/usr/lib/libauto.dylib
0x0000000001e67000 	/usr/lib/libicucore.A.dylib
0x0000000001e67000 	/usr/lib/libxml2.2.dylib
0x0000000001e67000 	/System/Library/PrivateFrameworks/CoreUI.framework/Versions/A/CoreUI
0x0000000001e67000 	/System/Library/Frameworks/CoreAudio.framework/Versions/A/CoreAudio
0x0000000001e67000 	/System/Library/Frameworks/DiskArbitration.framework/Versions/A/DiskArbitration
0x0000000001e67000 	/usr/lib/liblangid.dylib
0x0000000001e67000 	/System/Library/PrivateFrameworks/MultitouchSupport.framework/Versions/A/MultitouchSupport
0x0000000001e67000 	/System/Library/Frameworks/IOKit.framework/Versions/A/IOKit
0x0000000001e67000 	/usr/lib/libDiagnosticMessagesClient.dylib
0x0000000001e67000 	/System/Library/Frameworks/CoreServices.framework/Versions/A/CoreServices
0x0000000001e67000 	/System/Library/PrivateFrameworks/PerformanceAnalysis.framework/Versions/A/PerformanceAnalysis
0x0000000001e67000 	/System/Library/PrivateFrameworks/GenerationalStorage.framework/Versions/A/GenerationalStorage
0x0000000001e67000 	/System/Library/Frameworks/OpenGL.framework/Versions/A/OpenGL
0x0000000001e67000 	/System/Library/PrivateFrameworks/Sharing.framework/Versions/A/Sharing
0x0000000001e67000 	/System/Library/Frameworks/CoreGraphics.framework/Versions/A/CoreGraphics
0x0000000001e67000 	/System/Library/Frameworks/CoreImage.framework/Versions/A/CoreImage
0x0000000001e67000 	/System/Library/Frameworks/CoreText.framework/Versions/A/CoreText
0x0000000001e67000 	/System/Library/Frameworks/ImageIO.framework/Versions/A/ImageIO
0x0000000001e67000 	/System/Library/PrivateFrameworks/Backup.framework/Versions/A/Backup
0x0000000001e67000 	/usr/lib/libextension.dylib
0x0000000001e67000 	/usr/lib/libarchive.2.dylib
0x0000000001e67000 	/System/Library/Frameworks/CFNetwork.framework/Versions/A/CFNetwork
0x0000000001e67000 	/System/Library/Frameworks/SystemConfiguration.framework/Versions/A/SystemConfiguration
0x0000000001e67000 	/usr/lib/libCRFSuite.dylib
0x0000000001e67000 	/usr/lib/libc++.1.dylib
0x0000000001e67000 	/usr/lib/libc++abi.dylib
0x0000000001e67000 	/usr/lib/system/libcache.dylib
0x0000000001e67000 	/usr/lib/system/libcommonCrypto.dylib
0x0000000001e67000 	/usr/lib/system/libcompiler_rt.dylib
0x0000000001e67000 	/usr/lib/system/libcopyfile.dylib
0x0000000001e67000 	/usr/lib/system/libcorecrypto.dylib
0x0000000001e67000 	/usr/lib/system/libdispatch.dylib
0x0000000001e67000 	/usr/lib/system/libdyld.dylib
0x0000000001e67000 	/usr/lib/system/libkeymgr.dylib
0x0000000001e67000 	/usr/lib/system/liblaunch.dylib
0x0000000001e67000 	/usr/lib/system/libmacho.dylib
0x0000000001e67000 	/usr/lib/system/libquarantine.dylib
0x0000000001e67000 	/usr/lib/system/libremovefile.dylib
0x0000000001e67000 	/usr/lib/system/libsystem_asl.dylib
0x0000000001e67000 	/usr/lib/system/libsystem_blocks.dylib
0x0000000001e67000 	/usr/lib/system/libsystem_c.dylib
0x0000000001e67000 	/usr/lib/system/libsystem_configuration.dylib
0x0000000001e67000 	/usr/lib/system/libsystem_coreservices.dylib
0x0000000001e67000 	/usr/lib/system/libsystem_coretls.dylib
0x0000000001e67000 	/usr/lib/system/libsystem_dnssd.dylib
0x0000000001e67000 	/usr/lib/system/libsystem_info.dylib
0x0000000001e67000 	/usr/lib/system/libsystem_kernel.dylib
0x0000000001e67000 	/usr/lib/system/libsystem_m.dylib
0x0000000001e67000 	/usr/lib/system/libsystem_malloc.dylib
0x0000000001e67000 	/usr/lib/system/libsystem_network.dylib
0x0000000001e67000 	/usr/lib/system/libsystem_networkextension.dylib
0x0000000001e67000 	/usr/lib/system/libsystem_notify.dylib
0x0000000001e67000 	/usr/lib/system/libsystem_platform.dylib
0x0000000001e67000 	/usr/lib/system/libsystem_pthread.dylib
0x0000000001e67000 	/usr/lib/system/libsystem_sandbox.dylib
0x0000000001e67000 	/usr/lib/system/libsystem_secinit.dylib
0x0000000001e67000 	/usr/lib/system/libsystem_trace.dylib
0x0000000001e67000 	/usr/lib/system/libunc.dylib
0x0000000001e67000 	/usr/lib/system/libunwind.dylib
0x0000000001e67000 	/usr/lib/system/libxpc.dylib
0x0000000001e67000 	/usr/lib/libenergytrace.dylib
0x0000000001e67000 	/usr/lib/libbsm.0.dylib
0x0000000001e67000 	/usr/lib/system/libkxld.dylib
0x0000000001e67000 	/usr/lib/libxar.1.dylib
0x0000000001e67000 	/usr/lib/libsqlite3.dylib
0x0000000001e67000 	/usr/lib/libpam.2.dylib
0x0000000001e67000 	/usr/lib/libOpenScriptingUtil.dylib
0x0000000001e67000 	/usr/lib/libbz2.1.0.dylib
0x0000000001e67000 	/usr/lib/liblzma.5.dylib
0x0000000001e67000 	/System/Library/Frameworks/CoreServices.framework/Versions/A/Frameworks/FSEvents.framework/Versions/A/FSEvents
0x0000000001e67000 	/System/Library/Frameworks/CoreServices.framework/Versions/A/Frameworks/CarbonCore.framework/Versions/A/CarbonCore
0x0000000001e67000 	/System/Library/Frameworks/CoreServices.framework/Versions/A/Frameworks/Metadata.framework/Versions/A/Metadata
0x0000000001e67000 	/System/Library/Frameworks/CoreServices.framework/Versions/A/Frameworks/OSServices.framework/Versions/A/OSServices
0x0000000001e67000 	/System/Library/Frameworks/CoreServices.framework/Versions/A/Frameworks/SearchKit.framework/Versions/A/SearchKit
0x0000000001e67000 	/System/Library/Frameworks/CoreServices.framework/Versions/A/Frameworks/AE.framework/Versions/A/AE
0x0000000001e67000 	/System/Library/Frameworks/CoreServices.framework/Versions/A/Frameworks/LaunchServices.framework/Versions/A/LaunchServices
0x0000000001e67000 	/System/Library/Frameworks/CoreServices.framework/Versions/A/Frameworks/DictionaryServices.framework/Versions/A/DictionaryServices
0x0000000001e67000 	/System/Library/Frameworks/CoreServices.framework/Versions/A/Frameworks/SharedFileList.framework/Versions/A/SharedFileList
0x0000000001e67000 	/System/Library/Frameworks/NetFS.framework/Versions/A/NetFS
0x0000000001e67000 	/System/Library/PrivateFrameworks/NetAuth.framework/Versions/A/NetAuth
0x0000000001e67000 	/System/Library/PrivateFrameworks/login.framework/Versions/A/Frameworks/loginsupport.framework/Versions/A/loginsupport
0x0000000001e67000 	/System/Library/PrivateFrameworks/TCC.framework/Versions/A/TCC
0x0000000001e67000 	/usr/lib/libmecabra.dylib
0x0000000001e67000 	/System/Library/Frameworks/ApplicationServices.framework/Versions/A/Frameworks/ATS.framework/Versions/A/ATS
0x0000000001e67000 	/System/Library/Frameworks/ApplicationServices.framework/Versions/A/Frameworks/ColorSync.framework/Versions/A/ColorSync
0x0000000001e67000 	/System/Library/Frameworks/ApplicationServices.framework/Versions/A/Frameworks/HIServices.framework/Versions/A/HIServices
0x0000000001e67000 	/System/Library/Frameworks/ApplicationServices.framework/Versions/A/Frameworks/LangAnalysis.framework/Versions/A/LangAnalysis
0x0000000001e67000 	/System/Library/Frameworks/ApplicationServices.framework/Versions/A/Frameworks/PrintCore.framework/Versions/A/PrintCore
0x0000000001e67000 	/System/Library/Frameworks/ApplicationServices.framework/Versions/A/Frameworks/QD.framework/Versions/A/QD
0x0000000001e67000 	/System/Library/Frameworks/ApplicationServices.framework/Versions/A/Frameworks/SpeechSynthesis.framework/Versions/A/SpeechSynthesis
0x0000000001e67000 	/System/Library/Frameworks/Metal.framework/Versions/A/Metal
0x0000000001e67000 	/System/Library/Frameworks/Accelerate.framework/Versions/A/Frameworks/vImage.framework/Versions/A/vImage
0x0000000001e67000 	/System/Library/Frameworks/Accelerate.framework/Versions/A/Frameworks/vecLib.framework/Versions/A/vecLib
0x0000000001e67000 	/System/Library/Frameworks/Accelerate.framework/Versions/A/Frameworks/vecLib.framework/Versions/A/libvDSP.dylib
0x0000000001e67000 	/System/Library/Frameworks/Accelerate.framework/Versions/A/Frameworks/vecLib.framework/Versions/A/libvMisc.dylib
0x0000000001e67000 	/System/Library/Frameworks/Accelerate.framework/Versions/A/Frameworks/vecLib.framework/Versions/A/libLAPACK.dylib
0x0000000001e67000 	/System/Library/Frameworks/Accelerate.framework/Versions/A/Frameworks/vecLib.framework/Versions/A/libBLAS.dylib
0x0000000001e67000 	/System/Library/Frameworks/Accelerate.framework/Versions/A/Frameworks/vecLib.framework/Versions/A/libLinearAlgebra.dylib
0x0000000001e67000 	/System/Library/Frameworks/Accelerate.framework/Versions/A/Frameworks/vecLib.framework/Versions/A/libSparseBLAS.dylib
0x0000000001e67000 	/System/Library/PrivateFrameworks/GPUCompiler.framework/libmetal_timestamp.dylib
0x0000000001e67000 	/System/Library/Frameworks/OpenGL.framework/Versions/A/Libraries/libCoreFSCache.dylib
0x0000000001e67000 	/System/Library/PrivateFrameworks/IOAccelerator.framework/Versions/A/IOAccelerator
0x0000000001e67000 	/System/Library/Frameworks/ApplicationServices.framework/Versions/A/Frameworks/ATS.framework/Versions/A/Resources/libFontParser.dylib
0x0000000001e67000 	/System/Library/Frameworks/ApplicationServices.framework/Versions/A/Frameworks/ATS.framework/Versions/A/Resources/libFontRegistry.dylib
0x0000000001e67000 	/System/Library/PrivateFrameworks/AppleVPA.framework/Versions/A/AppleVPA
0x0000000001e67000 	/System/Library/PrivateFrameworks/AppleJPEG.framework/Versions/A/AppleJPEG
0x0000000001e67000 	/System/Library/Frameworks/ImageIO.framework/Versions/A/Resources/libJPEG.dylib
0x0000000001e67000 	/System/Library/Frameworks/ImageIO.framework/Versions/A/Resources/libTIFF.dylib
0x0000000001e67000 	/System/Library/Frameworks/ImageIO.framework/Versions/A/Resources/libPng.dylib
0x0000000001e67000 	/System/Library/Frameworks/ImageIO.framework/Versions/A/Resources/libGIF.dylib
0x0000000001e67000 	/System/Library/Frameworks/ImageIO.framework/Versions/A/Resources/libJP2.dylib
0x0000000001e67000 	/System/Library/Frameworks/ImageIO.framework/Versions/A/Resources/libRadiance.dylib
0x0000000001e67000 	/System/Library/Frameworks/CoreVideo.framework/Versions/A/CoreVideo
0x0000000001e67000 	/System/Library/Frameworks/OpenGL.framework/Versions/A/Libraries/libGLU.dylib
0x0000000001e67000 	/System/Library/Frameworks/OpenGL.framework/Versions/A/Libraries/libGFXShared.dylib
0x0000000001e67000 	/System/Library/Frameworks/OpenGL.framework/Versions/A/Libraries/libGL.dylib
0x0000000001e67000 	/System/Library/Frameworks/OpenGL.framework/Versions/A/Libraries/libGLImage.dylib
0x0000000001e67000 	/System/Library/Frameworks/OpenGL.framework/Versions/A/Libraries/libCVMSPluginSupport.dylib
0x0000000001e67000 	/System/Library/Frameworks/OpenGL.framework/Versions/A/Libraries/libCoreVMClient.dylib
0x0000000001e67000 	/usr/lib/libcups.2.dylib
0x0000000001e67000 	/System/Library/Frameworks/Kerberos.framework/Versions/A/Kerberos
0x0000000001e67000 	/System/Library/Frameworks/GSS.framework/Versions/A/GSS
0x0000000001e67000 	/usr/lib/libresolv.9.dylib
0x0000000001e67000 	/usr/lib/libiconv.2.dylib
0x0000000001e67000 	/System/Library/PrivateFrameworks/Heimdal.framework/Versions/A/Heimdal
0x0000000001e67000 	/usr/lib/libheimdal-asn1.dylib
0x0000000001e67000 	/System/Library/Frameworks/OpenDirectory.framework/Versions/A/OpenDirectory
0x0000000001e67000 	/System/Library/PrivateFrameworks/CommonAuth.framework/Versions/A/CommonAuth
0x0000000001e67000 	/System/Library/Frameworks/OpenDirectory.framework/Versions/A/Frameworks/CFOpenDirectory.framework/Versions/A/CFOpenDirectory
0x0000000001e67000 	/System/Library/Frameworks/SecurityFoundation.framework/Versions/A/SecurityFoundation
0x0000000001e67000 	/System/Library/PrivateFrameworks/LanguageModeling.framework/Versions/A/LanguageModeling
0x0000000001e67000 	/usr/lib/libmarisa.dylib
0x0000000001e67000 	/usr/lib/libChineseTokenizer.dylib
0x0000000001e67000 	/usr/lib/libcmph.dylib
0x0000000001e67000 	/usr/lib/libcompression.dylib
0x0000000001e67000 	/System/Library/Frameworks/ServiceManagement.framework/Versions/A/ServiceManagement
0x0000000001e67000 	/usr/lib/libxslt.1.dylib
0x0000000001e67000 	/System/Library/Frameworks/Carbon.framework/Versions/A/Frameworks/Ink.framework/Versions/A/Ink
0x0000000001e67000 	/usr/lib/libFosl_dynamic.dylib
0x0000000001e67000 	/System/Library/PrivateFrameworks/FaceCore.framework/Versions/A/FaceCore
0x0000000001e67000 	/System/Library/Frameworks/OpenCL.framework/Versions/A/OpenCL
0x0000000001e67000 	/System/Library/PrivateFrameworks/CrashReporterSupport.framework/Versions/A/CrashReporterSupport
0x0000000001e67000 	/System/Library/PrivateFrameworks/IconServices.framework/Versions/A/IconServices
0x0000000001e67000 	/System/Library/PrivateFrameworks/Apple80211.framework/Versions/A/Apple80211
0x0000000001e67000 	/System/Library/Frameworks/CoreWLAN.framework/Versions/A/CoreWLAN
0x0000000001e67000 	/System/Library/Frameworks/IOBluetooth.framework/Versions/A/IOBluetooth
0x0000000001e67000 	/System/Library/PrivateFrameworks/CoreWiFi.framework/Versions/A/CoreWiFi
0x0000000001e67000 	/System/Library/Frameworks/CoreBluetooth.framework/Versions/A/CoreBluetooth
0x0000000001e67000 	/System/Library/PrivateFrameworks/ChunkingLibrary.framework/Versions/A/ChunkingLibrary
0x0000000001e67000 	/System/Library/PrivateFrameworks/DebugSymbols.framework/Versions/A/DebugSymbols
0x0000000001e67000 	/System/Library/PrivateFrameworks/CoreSymbolication.framework/Versions/A/CoreSymbolication
0x0000000001e67000 	/System/Library/PrivateFrameworks/Symbolication.framework/Versions/A/Symbolication
0x0000000001e67000 	/System/Library/PrivateFrameworks/SpeechRecognitionCore.framework/Versions/A/SpeechRecognitionCore
0x0000000109200000 	/Library/Java/JavaVirtualMachines/jdk1.8.0_65.jdk/Contents/Home/jre/lib/server/libjvm.dylib
0x0000000001e67000 	/usr/lib/libstdc++.6.dylib
0x00000001080aa000 	/Library/Java/JavaVirtualMachines/jdk1.8.0_65.jdk/Contents/Home/jre/lib/libverify.dylib
0x00000001080b8000 	/Library/Java/JavaVirtualMachines/jdk1.8.0_65.jdk/Contents/Home/jre/lib/libjava.dylib
0x00000001080f7000 	/Library/Java/JavaVirtualMachines/jdk1.8.0_65.jdk/Contents/Home/jre/lib/libzip.dylib
0x000000012514b000 	/System/Library/Frameworks/JavaVM.framework/Frameworks/JavaRuntimeSupport.framework/JavaRuntimeSupport
0x0000000125166000 	/System/Library/Frameworks/JavaVM.framework/Versions/A/Frameworks/JavaNativeFoundation.framework/Versions/A/JavaNativeFoundation
0x000000012517b000 	/System/Library/Frameworks/JavaVM.framework/Versions/A/JavaVM
0x0000000001e67000 	/System/Library/Frameworks/Carbon.framework/Versions/A/Carbon
0x00000001081f4000 	/System/Library/PrivateFrameworks/JavaLaunching.framework/Versions/A/JavaLaunching
0x0000000001e67000 	/System/Library/Frameworks/Carbon.framework/Versions/A/Frameworks/CommonPanels.framework/Versions/A/CommonPanels
0x0000000001e67000 	/System/Library/Frameworks/Carbon.framework/Versions/A/Frameworks/Help.framework/Versions/A/Help
0x0000000001e67000 	/System/Library/Frameworks/Carbon.framework/Versions/A/Frameworks/ImageCapture.framework/Versions/A/ImageCapture
0x0000000001e67000 	/System/Library/Frameworks/Carbon.framework/Versions/A/Frameworks/OpenScripting.framework/Versions/A/OpenScripting
0x0000000001e67000 	/System/Library/Frameworks/Carbon.framework/Versions/A/Frameworks/Print.framework/Versions/A/Print
0x0000000001e67000 	/System/Library/Frameworks/Carbon.framework/Versions/A/Frameworks/SecurityHI.framework/Versions/A/SecurityHI
0x0000000126ad9000 	/Library/Java/JavaVirtualMachines/jdk1.8.0_65.jdk/Contents/Home/jre/lib/libawt.dylib
0x0000000126b81000 	/Library/Java/JavaVirtualMachines/jdk1.8.0_65.jdk/Contents/Home/jre/lib/./libmlib_image.dylib
0x0000000126c4d000 	/Library/Java/JavaVirtualMachines/jdk1.8.0_65.jdk/Contents/Home/jre/lib/libawt_lwawt.dylib
0x0000000126d02000 	/Library/Java/JavaVirtualMachines/jdk1.8.0_65.jdk/Contents/Home/jre/lib/./libosxapp.dylib
0x0000000001e67000 	/System/Library/Frameworks/ExceptionHandling.framework/Versions/A/ExceptionHandling
0x0000000001e67000 	/System/Library/PrivateFrameworks/CoreServicesInternal.framework/Versions/A/CoreServicesInternal
0x0000000001e67000 	/System/Library/Frameworks/CoreGraphics.framework/Versions/A/Resources/libRIP.A.dylib
0x0000000001e67000 	/System/Library/Frameworks/Accelerate.framework/Versions/A/Frameworks/vImage.framework/Versions/A/Libraries/libCGInterfaces.dylib
0x0000000001e67000 	/System/Library/Frameworks/CoreGraphics.framework/Versions/A/Resources/libCGXType.A.dylib
0x0000000001e67000 	/System/Library/Frameworks/OpenCL.framework/Versions/A/Libraries/libcldcpuengine.dylib
0x0000000001e67000 	/System/Library/PrivateFrameworks/DiskImages.framework/Versions/A/DiskImages
0x0000000001e67000 	/System/Library/Frameworks/DiscRecording.framework/Versions/A/DiscRecording
0x0000000001e67000 	/usr/lib/libcsfde.dylib
0x0000000001e67000 	/usr/lib/libcurl.4.dylib
0x0000000001e67000 	/System/Library/PrivateFrameworks/MediaKit.framework/Versions/A/MediaKit
0x0000000001e67000 	/System/Library/PrivateFrameworks/ProtectedCloudStorage.framework/Versions/A/ProtectedCloudStorage
0x0000000001e67000 	/usr/lib/libCoreStorage.dylib
0x0000000001e67000 	/System/Library/PrivateFrameworks/EFILogin.framework/Versions/A/EFILogin
0x0000000001e67000 	/usr/lib/libutil.dylib
0x0000000001e67000 	/System/Library/PrivateFrameworks/FindMyDevice.framework/Versions/A/FindMyDevice
0x0000000001e67000 	/System/Library/Frameworks/LDAP.framework/Versions/A/LDAP
0x0000000001e67000 	/usr/lib/libsasl2.2.dylib
0x0000000001e67000 	/System/Library/PrivateFrameworks/CoreDaemon.framework/Versions/B/CoreDaemon
0x0000000001e67000 	/usr/lib/libcrypto.0.9.8.dylib
0x0000000001e67000 	/System/Library/PrivateFrameworks/AppleSRP.framework/Versions/A/AppleSRP
0x0000000001e67000 	/System/Library/PrivateFrameworks/TrustEvaluationAgent.framework/Versions/A/TrustEvaluationAgent
0x0000000128953000 	cl_kernels
0x0000000001e67000 	/System/Library/Frameworks/OpenCL.framework/Versions/A/Libraries/ImageFormats/unorm8_bgra.dylib
0x0000000001e67000 	/System/Library/Frameworks/OpenCL.framework/Versions/A/Libraries/ImageFormats/unorm8_rgba.dylib
0x0000000001e67000 	/System/Library/PrivateFrameworks/FamilyControls.framework/Versions/A/FamilyControls
0x0000000001e67000 	/System/Library/PrivateFrameworks/CommerceKit.framework/Versions/A/Frameworks/CommerceCore.framework/Versions/A/CommerceCore
0x0000000001e67000 	/System/Library/PrivateFrameworks/SystemAdministration.framework/Versions/A/SystemAdministration
0x0000000001e67000 	/System/Library/PrivateFrameworks/AppContainer.framework/Versions/A/AppContainer
0x0000000001e67000 	/System/Library/PrivateFrameworks/SecCodeWrapper.framework/Versions/A/SecCodeWrapper
0x0000000001e67000 	/System/Library/Frameworks/DirectoryService.framework/Versions/A/DirectoryService
0x0000000001e67000 	/System/Library/PrivateFrameworks/LoginUIKit.framework/Versions/A/Frameworks/LoginUICore.framework/Versions/A/LoginUICore
0x0000000001e67000 	/usr/lib/libodfde.dylib
0x0000000001e67000 	/System/Library/Frameworks/OpenGL.framework/Versions/A/Resources/GLEngine.bundle/GLEngine
0x0000000001e67000 	/System/Library/Frameworks/OpenGL.framework/Versions/A/Libraries/libGLProgrammability.dylib
0x000000012a080000 	/System/Library/Extensions/AppleIntelHD5000GraphicsGLDriver.bundle/Contents/MacOS/AppleIntelHD5000GraphicsGLDriver
0x0000000001e67000 	/System/Library/PrivateFrameworks/GPUSupport.framework/Versions/A/Libraries/libGPUSupportMercury.dylib
0x0000000001e67000 	/System/Library/Frameworks/OpenGL.framework/Versions/A/Resources/GLRendererFloat.bundle/GLRendererFloat
0x000000012ae5c000 	/Library/Java/JavaVirtualMachines/jdk1.8.0_65.jdk/Contents/Home/jre/lib/libfontmanager.dylib
0x000000012bf93000 	/Library/Java/JavaVirtualMachines/jdk1.8.0_65.jdk/Contents/Home/jre/lib/libosxui.dylib
0x000000012cd85000 	/Library/Java/JavaVirtualMachines/jdk1.8.0_65.jdk/Contents/Home/jre/lib/libnet.dylib
0x000000012cd9c000 	/Library/Java/JavaVirtualMachines/jdk1.8.0_65.jdk/Contents/Home/jre/lib/libnio.dylib
0x0000000001e67000 	/System/Library/Frameworks/ApplicationServices.framework/Versions/A/Frameworks/ATS.framework/Versions/A/Resources/libTrueTypeScaler.dylib
0x000000017da4f000 	/System/Library/Extensions/AppleIntelHD5000GraphicsMTLDriver.bundle/Contents/MacOS/AppleIntelHD5000GraphicsMTLDriver
0x000000017d8fc000 	/private/var/folders/4x/fmk2m66x61b3x5qnjlmt61jw0000gp/T/jogamp_0000/file_cache/jln1214005766964222988/jln836655948419730070/libgluegen-rt.jnilib
0x000000012cb4b000 	/private/var/folders/4x/fmk2m66x61b3x5qnjlmt61jw0000gp/T/jogamp_0000/file_cache/jln1214005766964222988/jln836655948419730070/libnativewindow_awt.jnilib
0x000000017d900000 	/Library/Java/JavaVirtualMachines/jdk1.8.0_65.jdk/Contents/Home/jre/lib/libjawt.dylib
0x000000017d903000 	/private/var/folders/4x/fmk2m66x61b3x5qnjlmt61jw0000gp/T/jogamp_0000/file_cache/jln1214005766964222988/jln836655948419730070/libnativewindow_macosx.jnilib
0x000000017e0c9000 	/private/var/folders/4x/fmk2m66x61b3x5qnjlmt61jw0000gp/T/jogamp_0000/file_cache/jln1214005766964222988/jln836655948419730070/libjogl_desktop.jnilib
0x0000000185767000 	/Library/Java/JavaVirtualMachines/jdk1.8.0_65.jdk/Contents/Home/jre/lib/libjpeg.dylib

VM Arguments:
jvm_args: -Djava.security.policy=java.policy.applet -Dfile.encoding=UTF-8 
java_command: sun.applet.AppletViewer module1.HelloWorld1450607448883.html
java_class_path (initial): /Users/b10LOUIT/Documents/eclipse-workspace/UCSDUnfoldingMaps/build:/Users/b10LOUIT/Documents/eclipse-workspace/UCSDUnfoldingMaps/lib/core.jar:/Users/b10LOUIT/Documents/eclipse-workspace/UCSDUnfoldingMaps/lib/gluegen-rt.jar:/Users/b10LOUIT/Documents/eclipse-workspace/UCSDUnfoldingMaps/lib/jogl-all.jar:/Users/b10LOUIT/Documents/eclipse-workspace/UCSDUnfoldingMaps/lib/log4j-1.2.15.jar:/Users/b10LOUIT/Documents/eclipse-workspace/UCSDUnfoldingMaps/lib/sqlite-jdbc-3.7.2.jar:/Users/b10LOUIT/Documents/eclipse-workspace/UCSDUnfoldingMaps/lib/json4processing.jar:/Users/b10LOUIT/Documents/eclipse-workspace/UCSDUnfoldingMaps/lib/libTUIO.jar:/Users/b10LOUIT/Documents/eclipse-workspace/UCSDUnfoldingMaps/lib/unfolding.0.9.7-uscd.jar
Launcher Type: SUN_STANDARD

Environment Variables:
PATH=/usr/bin:/bin:/usr/sbin:/sbin
SHELL=/bin/bash
DISPLAY=/private/tmp/com.apple.launchd.kPpRyWf06G/org.macosforge.xquartz:0

Signal Handlers:
SIGSEGV: [libjvm.dylib+0x5a6d31], sa_mask[0]=11111111011111110111111111111111, sa_flags=SA_ONSTACK|SA_RESTART|SA_SIGINFO
SIGBUS: [libjvm.dylib+0x5a6d31], sa_mask[0]=11111111011111110111111111111111, sa_flags=SA_RESTART|SA_SIGINFO
SIGFPE: [libjvm.dylib+0x480a40], sa_mask[0]=11111111011111110111111111111111, sa_flags=SA_RESTART|SA_SIGINFO
SIGPIPE: [libjvm.dylib+0x480a40], sa_mask[0]=11111111011111110111111111111111, sa_flags=SA_RESTART|SA_SIGINFO
SIGXFSZ: [libjvm.dylib+0x480a40], sa_mask[0]=11111111011111110111111111111111, sa_flags=SA_RESTART|SA_SIGINFO
SIGILL: [libjvm.dylib+0x480a40], sa_mask[0]=11111111011111110111111111111111, sa_flags=SA_RESTART|SA_SIGINFO
SIGUSR1: SIG_DFL, sa_mask[0]=00000000000000000000000000000000, sa_flags=none
SIGUSR2: [libjvm.dylib+0x48055e], sa_mask[0]=00100000000000000000000000000000, sa_flags=SA_RESTART|SA_SIGINFO
SIGHUP: [libjvm.dylib+0x47eb35], sa_mask[0]=11111111011111110111111111111111, sa_flags=SA_RESTART|SA_SIGINFO
SIGINT: [libjvm.dylib+0x47eb35], sa_mask[0]=11111111011111110111111111111111, sa_flags=SA_RESTART|SA_SIGINFO
SIGTERM: [libjvm.dylib+0x47eb35], sa_mask[0]=11111111011111110111111111111111, sa_flags=SA_RESTART|SA_SIGINFO
SIGQUIT: [libjvm.dylib+0x47eb35], sa_mask[0]=11111111011111110111111111111111, sa_flags=SA_RESTART|SA_SIGINFO


---------------  S Y S T E M  ---------------

OS:Bsduname:Darwin 15.0.0 Darwin Kernel Version 15.0.0: Sat Sep 19 15:53:46 PDT 2015; root:xnu-3247.10.11~1/RELEASE_X86_64 x86_64
rlimit: STACK 8192k, CORE 0k, NPROC 709, NOFILE 10240, AS infinity
load average:1.58 1.72 1.79

CPU:total 8 (4 cores per cpu, 2 threads per core) family 6 model 70 stepping 1, cmov, cx8, fxsr, mmx, sse, sse2, sse3, ssse3, sse4.1, sse4.2, popcnt, avx, avx2, aes, clmul, erms, rtm, lzcnt, ht, tsc, tscinvbit, bmi1, bmi2

Memory: 4k page, physical 16777216k(3892080k free)

/proc/meminfo:


vm_info: Java HotSpot(TM) 64-Bit Server VM (25.65-b01) for bsd-amd64 JRE (1.8.0_65-b17), built on Oct  6 2015 15:36:46 by "java_re" with gcc 4.2.1 (Based on Apple Inc. build 5658) (LLVM build 2336.11.00)

time: Sun Dec 20 11:30:54 2015
elapsed time: 5 seconds (0d 0h 0m 5s)

