#
# A fatal error has been detected by the Java Runtime Environment:
#
#  SIGSEGV (0xb) at pc=0x00007fff8787ad5d, pid=5507, tid=2571
#
# JRE version: Java(TM) SE Runtime Environment (8.0_65-b17) (build 1.8.0_65-b17)
# Java VM: Java HotSpot(TM) 64-Bit Server VM (25.65-b01 mixed mode bsd-amd64 compressed oops)
# Problematic frame:
# C  [libobjc.A.dylib+0x6d5d]  objc_msgSend+0x1d
#
# Failed to write core dump. Core dumps have been disabled. To enable core dumping, try "ulimit -c unlimited" before starting Java again
#
# If you would like to submit a bug report, please visit:
#   http://bugreport.java.com/bugreport/crash.jsp
# The crash happened outside the Java Virtual Machine in native code.
# See problematic frame for where to report the bug.
#

---------------  T H R E A D  ---------------

Current thread (0x00007fb8010ac800):  JavaThread "AWT-AppKit" daemon [_thread_in_native, id=2571, stack(0x00007fff597b0000,0x00007fff59fb0000)]

siginfo: si_signo: 11 (SIGSEGV), si_code: 1 (SEGV_MAPERR), si_addr: 0x0000000000000018

Registers:
RAX=0x00007fb808021280, RBX=0x000000017b772450, RCX=0x000000012561d2a0, RDX=0x000000012561d1e0
RSP=0x00007fff59fab328, RBP=0x00007fff59fab3e0, RSI=0x00007fff8c9f9d0e, RDI=0x00007fb80728d870
R8 =0x0000000000000000, R9 =0x0000000000000810, R10=0x00007fff8c9f9d0e, R11=0x0000000000000000
R12=0x0000000000000000, R13=0x0000000180bf5958, R14=0x000000017b772440, R15=0x00007fb8010ac800
RIP=0x00007fff8787ad5d, EFLAGS=0x0000000000010246, ERR=0x0000000000000004
  TRAPNO=0x000000000000000e

Top of Stack: (sp=0x00007fff59fab328)
0x00007fff59fab328:   000000017b770157 00007fff59fab380
0x00007fff59fab338:   0000000000000003 00007fff59fab360
0x00007fff59fab348:   00000001071f19a6 0000000180bf5958
0x00007fff59fab358:   0000000180bf5958 00007fb808021280
0x00007fff59fab368:   000000017b7726a0 000000017b772710
0x00007fff59fab378:   00007fff73cee740 00007fff729454c0
0x00007fff59fab388:   000000017b772450 000000017b772690
0x00007fff59fab398:   00007fb808021280 00007fb80728d870
0x00007fff59fab3a8:   00007fb80062ca90 00007fb808021280
0x00007fff59fab3b8:   00007fb80728d870 00007fff59fab468
0x00007fff59fab3c8:   00007fb8010ac9f8 0000000180bf5958
0x00007fff59fab3d8:   00007fff59fab490 00007fff59fab458
0x00007fff59fab3e8:   0000000107f9e954 0000000180bf5958
0x00007fff59fab3f8:   00007fff59fab490 00007fff59fab458
0x00007fff59fab408:   0000000107f9e6e7 0000000107f9e6a2
0x00007fff59fab418:   00007fff59fab418 0000000180bf5958
0x00007fff59fab428:   00007fff59fab490 0000000180bf8590
0x00007fff59fab438:   0000000000000000 0000000180bf5958
0x00007fff59fab448:   0000000000000000 00007fff59fab478
0x00007fff59fab458:   00007fff59fab4d8 0000000107f90c4d
0x00007fff59fab468:   00000006c0889598 0000000107f98578
0x00007fff59fab478:   00007fb808021280 00007fff59fab4d8
0x00007fff59fab488:   00007fb80728d870 0000000107f99d82
0x00007fff59fab498:   00007fff59fab498 0000000180bf5b22
0x00007fff59fab4a8:   00007fff59fab500 0000000180bf8590
0x00007fff59fab4b8:   0000000000000000 0000000180bf5b30
0x00007fff59fab4c8:   00007fff59fab478 00007fff59fab4e8
0x00007fff59fab4d8:   00007fff59fab548 0000000107f90c4d
0x00007fff59fab4e8:   00007fb808021280 00000006c0981490
0x00007fff59fab4f8:   00007fb80728d870 00000006c0981490
0x00007fff59fab508:   00007fff59fab508 00000001835de066
0x00007fff59fab518:   00007fff59fab558 00000001835de120 

Instructions: (pc=0x00007fff8787ad5d)
0x00007fff8787ad3d:   44 00 00 48 85 ff 2e 74 62 40 f6 c7 01 2e 75 66
0x00007fff8787ad4d:   49 bb f8 ff ff ff ff 7f 00 00 4c 23 1f 49 89 f2
0x00007fff8787ad5d:   45 23 53 18 49 c1 e2 04 4d 03 53 10 49 3b 32 75
0x00007fff8787ad6d:   04 41 ff 62 08 49 83 3a 01 76 0d 49 83 c2 10 49 

Register to memory mapping:

RAX=0x00007fb808021280 is an unknown value
RBX=0x000000017b772450: Java_jogamp_nativewindow_macosx_OSXUtil_GetScreenRefreshRate0+0x1cf0 in /private/var/folders/4x/fmk2m66x61b3x5qnjlmt61jw0000gp/T/jogamp_0000/file_cache/jln6214495618635301052/jln2246374718581681077/libnativewindow_macosx.jnilib at 0x000000017b76b000
RCX=0x000000012561d2a0 is an unknown value
RDX=0x000000012561d1e0 is an unknown value
RSP=0x00007fff59fab328 is pointing into the stack for thread: 0x00007fb8010ac800
RBP=0x00007fff59fab3e0 is pointing into the stack for thread: 0x00007fb8010ac800
RSI=0x00007fff8c9f9d0e is an unknown value
RDI=0x00007fb80728d870 is an unknown value
R8 =0x0000000000000000 is an unknown value
R9 =0x0000000000000810 is an unknown value
R10=0x00007fff8c9f9d0e is an unknown value
R11=0x0000000000000000 is an unknown value
R12=0x0000000000000000 is an unknown value
R13={method} {0x0000000180bf5958} 'UnsetJAWTRootSurfaceLayer0' '(JJ)V' in 'jogamp/nativewindow/jawt/macosx/MacOSXJAWTWindow'
R14=0x000000017b772440: Java_jogamp_nativewindow_macosx_OSXUtil_GetScreenRefreshRate0+0x1ce0 in /private/var/folders/4x/fmk2m66x61b3x5qnjlmt61jw0000gp/T/jogamp_0000/file_cache/jln6214495618635301052/jln2246374718581681077/libnativewindow_macosx.jnilib at 0x000000017b76b000
R15=0x00007fb8010ac800 is a thread


Stack: [0x00007fff597b0000,0x00007fff59fb0000],  sp=0x00007fff59fab328,  free space=8172k
Native frames: (J=compiled Java code, j=interpreted, Vv=VM code, C=native code)
C  [libobjc.A.dylib+0x6d5d]  objc_msgSend+0x1d
j  jogamp.nativewindow.jawt.macosx.MacOSXJAWTWindow.UnsetJAWTRootSurfaceLayer0(JJ)V+0
j  jogamp.nativewindow.jawt.macosx.MacOSXJAWTWindow.access$200(JJ)V+2
j  jogamp.nativewindow.jawt.macosx.MacOSXJAWTWindow$1.run()V+38
J 2306 C1 com.jogamp.common.util.RunnableTask.run()V (345 bytes) @ 0x0000000108821b54 [0x00000001088219c0+0x194]
v  ~StubRoutines::call_stub
V  [libjvm.dylib+0x2eab02]  JavaCalls::call_helper(JavaValue*, methodHandle*, JavaCallArguments*, Thread*)+0x6ae
V  [libjvm.dylib+0x321bab]  jni_invoke_nonstatic(JNIEnv_*, JavaValue*, _jobject*, JNICallType, _jmethodID*, JNI_ArgumentPusher*, Thread*)+0x2ec
V  [libjvm.dylib+0x31437f]  jni_CallVoidMethod+0x16b
C  [libnativewindow_macosx.jnilib+0x5326]  Java_jogamp_nativewindow_jawt_macosx_MacOSXJAWTWindow_UnsetJAWTRootSurfaceLayer0+0x2b6
C  [Foundation+0x7741e]  __NSThreadPerformPerform+0x117
C  [CoreFoundation+0xaa8b1]  __CFRUNLOOP_IS_CALLING_OUT_TO_A_SOURCE0_PERFORM_FUNCTION__+0x11
C  [CoreFoundation+0x8a027]  __CFRunLoopDoSources0+0x1a7
C  [CoreFoundation+0x895cf]  __CFRunLoopRun+0x39f
C  [CoreFoundation+0x88fc8]  CFRunLoopRunSpecific+0x128
C  [HIToolbox+0x30d55]  RunCurrentEventLoopInMode+0xeb
C  [HIToolbox+0x30a97]  ReceiveNextEventCommon+0xb8
C  [HIToolbox+0x309cf]  _BlockUntilNextEventMatchingListInModeWithFilter+0x47
C  [AppKit+0x49d96]  _DPSNextEvent+0x42b
C  [AppKit+0x491c5]  -[NSApplication _nextEventMatchingEventMask:untilDate:inMode:dequeue:]+0x1c6
C  [libosxapp.dylib+0x23aa]  -[NSApplicationAWT nextEventMatchingMask:untilDate:inMode:dequeue:]+0x7c
C  [AppKit+0x3dd28]  -[NSApplication run]+0x2aa
C  [libosxapp.dylib+0x214d]  +[NSApplicationAWT runAWTLoopWithApp:]+0x9c
C  [libawt_lwawt.dylib+0x44517]  -[AWTStarter starter:]+0x389
C  [Foundation+0x7741e]  __NSThreadPerformPerform+0x117
C  [CoreFoundation+0xaa8b1]  __CFRUNLOOP_IS_CALLING_OUT_TO_A_SOURCE0_PERFORM_FUNCTION__+0x11
C  [CoreFoundation+0x8a0ac]  __CFRunLoopDoSources0+0x22c
C  [CoreFoundation+0x895cf]  __CFRunLoopRun+0x39f
C  [CoreFoundation+0x88fc8]  CFRunLoopRunSpecific+0x128
C  [java+0x6463]  CreateExecutionEnvironment+0x367
C  [java+0x21ac]  JLI_Launch+0x7a0
C  [java+0x84c0]  main+0x65
C  [java+0x1a04]  start+0x34
C  0x0000000000000007

Java frames: (J=compiled Java code, j=interpreted, Vv=VM code)
j  jogamp.nativewindow.jawt.macosx.MacOSXJAWTWindow.UnsetJAWTRootSurfaceLayer0(JJ)V+0
j  jogamp.nativewindow.jawt.macosx.MacOSXJAWTWindow.access$200(JJ)V+2
j  jogamp.nativewindow.jawt.macosx.MacOSXJAWTWindow$1.run()V+38
J 2306 C1 com.jogamp.common.util.RunnableTask.run()V (345 bytes) @ 0x0000000108821b54 [0x00000001088219c0+0x194]
v  ~StubRoutines::call_stub

---------------  P R O C E S S  ---------------

Java Threads: ( => current thread )
  0x00007fb800f4e800 JavaThread "Thread-19" [_thread_blocked, id=25623, stack(0x0000700000d3e000,0x0000700000e3e000)]
  0x00007fb802a83000 JavaThread "AWT-EventQueue-1" [_thread_in_native, id=62503, stack(0x0000700001f83000,0x0000700002083000)]
  0x00007fb804806800 JavaThread "DestroyJavaVM" [_thread_blocked, id=5891, stack(0x000070000011a000,0x000070000021a000)]
  0x00007fb8041d8800 JavaThread "AWT-EventQueue-0" [_thread_blocked, id=59907, stack(0x0000700001d7d000,0x0000700001e7d000)]
  0x00007fb80111e800 JavaThread "Java2D Disposer" daemon [_thread_blocked, id=56579, stack(0x0000700001af4000,0x0000700001bf4000)]
  0x00007fb8010e8000 JavaThread "Java2D Queue Flusher" daemon [_thread_blocked, id=53255, stack(0x00007000019f1000,0x0000700001af1000)]
  0x00007fb80419d000 JavaThread "AWT-Shutdown" [_thread_blocked, id=32019, stack(0x000070000165f000,0x000070000175f000)]
=>0x00007fb8010ac800 JavaThread "AWT-AppKit" daemon [_thread_in_native, id=2571, stack(0x00007fff597b0000,0x00007fff59fb0000)]
  0x00007fb80405f000 JavaThread "Service Thread" daemon [_thread_blocked, id=21251, stack(0x0000700001353000,0x0000700001453000)]
  0x00007fb804039000 JavaThread "C1 CompilerThread3" daemon [_thread_blocked, id=20739, stack(0x0000700001250000,0x0000700001350000)]
  0x00007fb804044000 JavaThread "C2 CompilerThread2" daemon [_thread_blocked, id=20227, stack(0x000070000114d000,0x000070000124d000)]
  0x00007fb80281c800 JavaThread "C2 CompilerThread1" daemon [_thread_blocked, id=19715, stack(0x000070000104a000,0x000070000114a000)]
  0x00007fb801027000 JavaThread "C2 CompilerThread0" daemon [_thread_blocked, id=19203, stack(0x0000700000f47000,0x0000700001047000)]
  0x00007fb801016000 JavaThread "Signal Dispatcher" daemon [_thread_blocked, id=15887, stack(0x0000700000e44000,0x0000700000f44000)]
  0x00007fb801013000 JavaThread "Finalizer" daemon [_thread_blocked, id=14339, stack(0x0000700000c3b000,0x0000700000d3b000)]
  0x00007fb800843000 JavaThread "Reference Handler" daemon [_thread_blocked, id=13827, stack(0x0000700000b38000,0x0000700000c38000)]

Other Threads:
  0x00007fb802805800 VMThread [stack: 0x0000700000a35000,0x0000700000b35000] [id=13315]
  0x00007fb800850000 WatcherThread [stack: 0x0000700001456000,0x0000700001556000] [id=21763]

VM state:not at safepoint (normal execution)

VM Mutex/Monitor currently owned by a thread: None

Heap:
 PSYoungGen      total 76288K, used 40550K [0x000000076ab00000, 0x0000000770000000, 0x00000007c0000000)
  eden space 65536K, 61% used [0x000000076ab00000,0x000000076d299ba0,0x000000076eb00000)
  from space 10752K, 0% used [0x000000076eb00000,0x000000076eb00000,0x000000076f580000)
  to   space 10752K, 0% used [0x000000076f580000,0x000000076f580000,0x0000000770000000)
 ParOldGen       total 86528K, used 15287K [0x00000006c0000000, 0x00000006c5480000, 0x000000076ab00000)
  object space 86528K, 17% used [0x00000006c0000000,0x00000006c0eedc68,0x00000006c5480000)
 Metaspace       used 21065K, capacity 21287K, committed 21552K, reserved 1069056K
  class space    used 2053K, capacity 2116K, committed 2176K, reserved 1048576K

Card table byte_map: [0x0000000117349000,0x0000000117b4a000] byte_map_base: 0x0000000113d49000

Marking Bits: (ParMarkBitMap*) 0x00000001078dee20
 Begin Bits: [0x00000001180a0000, 0x000000011c0a0000)
 End Bits:   [0x000000011c0a0000, 0x00000001200a0000)

Polling page: 0x0000000105f13000

CodeCache: size=245760Kb used=10145Kb max_used=10156Kb free=235614Kb
 bounds [0x0000000107f89000, 0x0000000108989000, 0x0000000116f89000]
 total_blobs=3564 nmethods=2675 adapters=802
 compilation: enabled

Compilation events (10 events):
Event: 17.467 Thread 0x00007fb804039000 2671       3       java.util.HashMap::remove (26 bytes)
Event: 17.467 Thread 0x00007fb804039000 nmethod 2671 0x0000000108951110 code [0x00000001089512a0, 0x00000001089516b8]
Event: 17.468 Thread 0x00007fb80281c800 2672  s!   4       sun.misc.URLClassPath::getLoader (197 bytes)
Event: 17.469 Thread 0x00007fb801027000 2673  s    4       sun.misc.URLClassPath::getNextLoader (88 bytes)
Event: 17.471 Thread 0x00007fb804039000 2674   !   3       sun.misc.URLClassPath$JarLoader::getResource (349 bytes)
Event: 17.474 Thread 0x00007fb804039000 nmethod 2674 0x0000000108958c10 code [0x0000000108959080, 0x000000010895b5d8]
Event: 17.475 Thread 0x00007fb80281c800 nmethod 2672 0x0000000108950410 code [0x0000000108950580, 0x0000000108950d58]
Event: 17.476 Thread 0x00007fb801027000 nmethod 2673 0x000000010897c710 code [0x000000010897c880, 0x000000010897cff8]
Event: 17.479 Thread 0x00007fb804039000 2675       3       java.util.IdentityHashMap::hash (18 bytes)
Event: 17.480 Thread 0x00007fb804039000 nmethod 2675 0x0000000108951ad0 code [0x0000000108951c40, 0x0000000108951dc8]

GC Heap History (8 events):
Event: 3.099 GC heap before
{Heap before GC invocations=1 (full 0):
 PSYoungGen      total 76288K, used 65536K [0x000000076ab00000, 0x0000000770000000, 0x00000007c0000000)
  eden space 65536K, 100% used [0x000000076ab00000,0x000000076eb00000,0x000000076eb00000)
  from space 10752K, 0% used [0x000000076f580000,0x000000076f580000,0x0000000770000000)
  to   space 10752K, 0% used [0x000000076eb00000,0x000000076eb00000,0x000000076f580000)
 ParOldGen       total 175104K, used 0K [0x00000006c0000000, 0x00000006cab00000, 0x000000076ab00000)
  object space 175104K, 0% used [0x00000006c0000000,0x00000006c0000000,0x00000006cab00000)
 Metaspace       used 19481K, capacity 19735K, committed 20096K, reserved 1067008K
  class space    used 1988K, capacity 2050K, committed 2176K, reserved 1048576K
Event: 3.106 GC heap after
Heap after GC invocations=1 (full 0):
 PSYoungGen      total 76288K, used 9628K [0x000000076ab00000, 0x0000000770000000, 0x00000007c0000000)
  eden space 65536K, 0% used [0x000000076ab00000,0x000000076ab00000,0x000000076eb00000)
  from space 10752K, 89% used [0x000000076eb00000,0x000000076f467370,0x000000076f580000)
  to   space 10752K, 0% used [0x000000076f580000,0x000000076f580000,0x0000000770000000)
 ParOldGen       total 175104K, used 80K [0x00000006c0000000, 0x00000006cab00000, 0x000000076ab00000)
  object space 175104K, 0% used [0x00000006c0000000,0x00000006c0014010,0x00000006cab00000)
 Metaspace       used 19481K, capacity 19735K, committed 20096K, reserved 1067008K
  class space    used 1988K, capacity 2050K, committed 2176K, reserved 1048576K
}
Event: 8.987 GC heap before
{Heap before GC invocations=2 (full 0):
 PSYoungGen      total 76288K, used 75164K [0x000000076ab00000, 0x0000000770000000, 0x00000007c0000000)
  eden space 65536K, 100% used [0x000000076ab00000,0x000000076eb00000,0x000000076eb00000)
  from space 10752K, 89% used [0x000000076eb00000,0x000000076f467370,0x000000076f580000)
  to   space 10752K, 0% used [0x000000076f580000,0x000000076f580000,0x0000000770000000)
 ParOldGen       total 175104K, used 80K [0x00000006c0000000, 0x00000006cab00000, 0x000000076ab00000)
  object space 175104K, 0% used [0x00000006c0000000,0x00000006c0014010,0x00000006cab00000)
 Metaspace       used 20898K, capacity 21089K, committed 21296K, reserved 1069056K
  class space    used 2044K, capacity 2115K, committed 2176K, reserved 1048576K
Event: 8.999 GC heap after
Heap after GC invocations=2 (full 0):
 PSYoungGen      total 76288K, used 10730K [0x000000076ab00000, 0x0000000770000000, 0x00000007c0000000)
  eden space 65536K, 0% used [0x000000076ab00000,0x000000076ab00000,0x000000076eb00000)
  from space 10752K, 99% used [0x000000076f580000,0x000000076fffa8b0,0x0000000770000000)
  to   space 10752K, 0% used [0x000000076eb00000,0x000000076eb00000,0x000000076f580000)
 ParOldGen       total 175104K, used 4728K [0x00000006c0000000, 0x00000006cab00000, 0x000000076ab00000)
  object space 175104K, 2% used [0x00000006c0000000,0x00000006c049e1c0,0x00000006cab00000)
 Metaspace       used 20898K, capacity 21089K, committed 21296K, reserved 1069056K
  class space    used 2044K, capacity 2115K, committed 2176K, reserved 1048576K
}
Event: 9.485 GC heap before
{Heap before GC invocations=3 (full 0):
 PSYoungGen      total 76288K, used 14420K [0x000000076ab00000, 0x0000000770000000, 0x00000007c0000000)
  eden space 65536K, 5% used [0x000000076ab00000,0x000000076ae9a858,0x000000076eb00000)
  from space 10752K, 99% used [0x000000076f580000,0x000000076fffa8b0,0x0000000770000000)
  to   space 10752K, 0% used [0x000000076eb00000,0x000000076eb00000,0x000000076f580000)
 ParOldGen       total 175104K, used 4728K [0x00000006c0000000, 0x00000006cab00000, 0x000000076ab00000)
  object space 175104K, 2% used [0x00000006c0000000,0x00000006c049e1c0,0x00000006cab00000)
 Metaspace       used 20899K, capacity 21089K, committed 21296K, reserved 1069056K
  class space    used 2044K, capacity 2115K, committed 2176K, reserved 1048576K
Event: 9.494 GC heap after
Heap after GC invocations=3 (full 0):
 PSYoungGen      total 76288K, used 10730K [0x000000076ab00000, 0x0000000770000000, 0x00000007c0000000)
  eden space 65536K, 0% used [0x000000076ab00000,0x000000076ab00000,0x000000076eb00000)
  from space 10752K, 99% used [0x000000076eb00000,0x000000076f57a890,0x000000076f580000)
  to   space 10752K, 0% used [0x000000076f580000,0x000000076f580000,0x0000000770000000)
 ParOldGen       total 175104K, used 4792K [0x00000006c0000000, 0x00000006cab00000, 0x000000076ab00000)
  object space 175104K, 2% used [0x00000006c0000000,0x00000006c04ae1c0,0x00000006cab00000)
 Metaspace       used 20899K, capacity 21089K, committed 21296K, reserved 1069056K
  class space    used 2044K, capacity 2115K, committed 2176K, reserved 1048576K
}
Event: 9.494 GC heap before
{Heap before GC invocations=4 (full 1):
 PSYoungGen      total 76288K, used 10730K [0x000000076ab00000, 0x0000000770000000, 0x00000007c0000000)
  eden space 65536K, 0% used [0x000000076ab00000,0x000000076ab00000,0x000000076eb00000)
  from space 10752K, 99% used [0x000000076eb00000,0x000000076f57a890,0x000000076f580000)
  to   space 10752K, 0% used [0x000000076f580000,0x000000076f580000,0x0000000770000000)
 ParOldGen       total 175104K, used 4792K [0x00000006c0000000, 0x00000006cab00000, 0x000000076ab00000)
  object space 175104K, 2% used [0x00000006c0000000,0x00000006c04ae1c0,0x00000006cab00000)
 Metaspace       used 20899K, capacity 21089K, committed 21296K, reserved 1069056K
  class space    used 2044K, capacity 2115K, committed 2176K, reserved 1048576K
Event: 9.516 GC heap after
Heap after GC invocations=4 (full 1):
 PSYoungGen      total 76288K, used 0K [0x000000076ab00000, 0x0000000770000000, 0x00000007c0000000)
  eden space 65536K, 0% used [0x000000076ab00000,0x000000076ab00000,0x000000076eb00000)
  from space 10752K, 0% used [0x000000076eb00000,0x000000076eb00000,0x000000076f580000)
  to   space 10752K, 0% used [0x000000076f580000,0x000000076f580000,0x0000000770000000)
 ParOldGen       total 86528K, used 15287K [0x00000006c0000000, 0x00000006c5480000, 0x000000076ab00000)
  object space 86528K, 17% used [0x00000006c0000000,0x00000006c0eedc68,0x00000006c5480000)
 Metaspace       used 20899K, capacity 21089K, committed 21296K, reserved 1069056K
  class space    used 2044K, capacity 2115K, committed 2176K, reserved 1048576K
}

Deoptimization events (10 events):
Event: 3.782 Thread 0x00007fb802a83000 Uncommon trap: reason=unstable_if action=reinterpret pc=0x00000001085f86f8 method=processing.opengl.PGraphicsOpenGL$InGeometry.addVertex(FFFIFFFFFIFIIIFIZ)I @ 218
Event: 3.999 Thread 0x00007fb802a83000 Uncommon trap: reason=unstable_if action=reinterpret pc=0x00000001086c6500 method=processing.opengl.PGraphicsOpenGL$TessGeometry.polyVertexCheck(I)V @ 15
Event: 17.434 Thread 0x00007fb802a83000 Uncommon trap: reason=class_check action=maybe_recompile pc=0x0000000108391090 method=java.util.Arrays.copyOf([Ljava/lang/Object;ILjava/lang/Class;)[Ljava/lang/Object; @ 24
Event: 17.434 Thread 0x00007fb802a83000 Uncommon trap: reason=class_check action=maybe_recompile pc=0x0000000108391090 method=java.util.Arrays.copyOf([Ljava/lang/Object;ILjava/lang/Class;)[Ljava/lang/Object; @ 24
Event: 17.435 Thread 0x00007fb802a83000 Uncommon trap: reason=unstable_if action=reinterpret pc=0x0000000108696ce8 method=com.jogamp.common.util.VersionNumber.compareTo(Lcom/jogamp/common/util/VersionNumber;)I @ 21
Event: 17.437 Thread 0x00007fb8041d8800 Uncommon trap: reason=unstable_if action=reinterpret pc=0x0000000108791bc8 method=java.awt.font.FontRenderContext.equals(Ljava/awt/font/FontRenderContext;)Z @ 2
Event: 17.467 Thread 0x00007fb801122800 Uncommon trap: reason=unstable_if action=reinterpret pc=0x00000001084f6508 method=java.util.HashMap.putVal(ILjava/lang/Object;Ljava/lang/Object;ZZ)Ljava/lang/Object; @ 81
Event: 17.467 Thread 0x00007fb801122800 Uncommon trap: reason=unstable_if action=reinterpret pc=0x00000001084f8e7c method=java.util.HashMap.putVal(ILjava/lang/Object;Ljava/lang/Object;ZZ)Ljava/lang/Object; @ 81
Event: 17.467 Thread 0x00007fb8041d8800 Uncommon trap: reason=unstable_if action=reinterpret pc=0x000000010878e2f8 method=java.awt.font.FontRenderContext.equals(Ljava/awt/font/FontRenderContext;)Z @ 2
Event: 17.479 Thread 0x00007fb802a83000 Uncommon trap: reason=unstable_if action=reinterpret pc=0x00000001089436e8 method=java.security.AccessControlContext.optimize()Ljava/security/AccessControlContext; @ 233

Internal exceptions (10 events):
Event: 0.215 Thread 0x00007fb800805800 Exception <a 'java/lang/NoSuchFieldError': method resolution failed> (0x000000076af3b5c8) thrown at [/Users/java_re/workspace/8-2-build-macosx-x86_64/jdk8u65/4987/hotspot/src/share/vm/prims/methodHandles.cpp, line 1146]
Event: 0.216 Thread 0x00007fb800805800 Exception <a 'java/lang/NoSuchFieldError': method resolution failed> (0x000000076af48d98) thrown at [/Users/java_re/workspace/8-2-build-macosx-x86_64/jdk8u65/4987/hotspot/src/share/vm/prims/methodHandles.cpp, line 1146]
Event: 0.332 Thread 0x00007fb800805800 Exception <a 'java/io/FileNotFoundException'> (0x000000076afc4e18) thrown at [/Users/java_re/workspace/8-2-build-macosx-x86_64/jdk8u65/4987/hotspot/src/share/vm/prims/jni.cpp, line 709]
Event: 0.332 Thread 0x00007fb800805800 Exception <a 'java/io/FileNotFoundException'> (0x000000076afc5978) thrown at [/Users/java_re/workspace/8-2-build-macosx-x86_64/jdk8u65/4987/hotspot/src/share/vm/prims/jni.cpp, line 709]
Event: 0.455 Thread 0x00007fb800805800 Exception <a 'java/io/FileNotFoundException'> (0x000000076b1a7db0) thrown at [/Users/java_re/workspace/8-2-build-macosx-x86_64/jdk8u65/4987/hotspot/src/share/vm/prims/jni.cpp, line 709]
Event: 1.990 Thread 0x00007fb802a57800 Exception <a 'java/lang/UnsatisfiedLinkError': com.jogamp.common.util.JarUtil.fixNativeLibAttribs(Ljava/lang/String;)Z> (0x000000076c806048) thrown at [/Users/java_re/workspace/8-2-build-macosx-x86_64/jdk8u65/4987/hotspot/src/share/vm/prims/nativeLookup.c
Event: 2.715 Thread 0x00007fb802a83000 Exception <a 'java/io/FileNotFoundException'> (0x000000076db690f8) thrown at [/Users/java_re/workspace/8-2-build-macosx-x86_64/jdk8u65/4987/hotspot/src/share/vm/prims/jni.cpp, line 709]
Event: 2.715 Thread 0x00007fb802a83000 Exception <a 'java/io/FileNotFoundException'> (0x000000076db70590) thrown at [/Users/java_re/workspace/8-2-build-macosx-x86_64/jdk8u65/4987/hotspot/src/share/vm/prims/jni.cpp, line 709]
Event: 2.715 Thread 0x00007fb802a83000 Implicit null exception at 0x00000001081357f5 to 0x0000000108135b59
Event: 3.109 Thread 0x00007fb801013000 Exception <a 'java/lang/NullPointerException'> (0x000000076ad17560) thrown at [/Users/java_re/workspace/8-2-build-macosx-x86_64/jdk8u65/4987/hotspot/src/share/vm/interpreter/linkResolver.cpp, line 1178]

Events (10 events):
Event: 17.479 Thread 0x00007fb802a83000 DEOPT UNPACKING pc=0x0000000107f8e229 sp=0x0000700002080760 mode 2
Event: 17.479 loading class java/awt/LightweightDispatcher$2
Event: 17.479 loading class java/awt/LightweightDispatcher$2 done
Event: 17.479 loading class java/awt/event/AWTEventListenerProxy
Event: 17.479 loading class java/awt/event/AWTEventListenerProxy done
Event: 17.479 loading class java/awt/Toolkit$ToolkitEventMulticaster
Event: 17.479 loading class java/awt/Toolkit$ToolkitEventMulticaster done
Event: 17.480 Thread 0x00007fb801122800 Thread exited: 0x00007fb801122800
Event: 17.480 loading class java/awt/Window$1DisposeAction
Event: 17.480 loading class java/awt/Window$1DisposeAction done


Dynamic libraries:
0x0000000001e67000 	/System/Library/Frameworks/Cocoa.framework/Versions/A/Cocoa
0x0000000001e67000 	/System/Library/Frameworks/Security.framework/Versions/A/Security
0x0000000001e67000 	/System/Library/Frameworks/ApplicationServices.framework/Versions/A/ApplicationServices
0x0000000001e67000 	/usr/lib/libz.1.dylib
0x0000000001e67000 	/usr/lib/libSystem.B.dylib
0x0000000001e67000 	/usr/lib/libobjc.A.dylib
0x0000000001e67000 	/System/Library/Frameworks/CoreFoundation.framework/Versions/A/CoreFoundation
0x0000000001e67000 	/System/Library/Frameworks/Foundation.framework/Versions/C/Foundation
0x0000000001e67000 	/System/Library/Frameworks/AppKit.framework/Versions/C/AppKit
0x0000000001e67000 	/System/Library/Frameworks/CoreData.framework/Versions/A/CoreData
0x0000000001e67000 	/System/Library/PrivateFrameworks/RemoteViewServices.framework/Versions/A/RemoteViewServices
0x0000000001e67000 	/System/Library/PrivateFrameworks/UIFoundation.framework/Versions/A/UIFoundation
0x0000000001e67000 	/usr/lib/libScreenReader.dylib
0x0000000001e67000 	/System/Library/Frameworks/Accelerate.framework/Versions/A/Accelerate
0x0000000001e67000 	/System/Library/Frameworks/IOSurface.framework/Versions/A/IOSurface
0x0000000001e67000 	/System/Library/Frameworks/AudioToolbox.framework/Versions/A/AudioToolbox
0x0000000001e67000 	/System/Library/Frameworks/AudioUnit.framework/Versions/A/AudioUnit
0x0000000001e67000 	/System/Library/PrivateFrameworks/DataDetectorsCore.framework/Versions/A/DataDetectorsCore
0x0000000001e67000 	/System/Library/PrivateFrameworks/DesktopServicesPriv.framework/Versions/A/DesktopServicesPriv
0x0000000001e67000 	/System/Library/Frameworks/Carbon.framework/Versions/A/Frameworks/HIToolbox.framework/Versions/A/HIToolbox
0x0000000001e67000 	/System/Library/Frameworks/QuartzCore.framework/Versions/A/QuartzCore
0x0000000001e67000 	/System/Library/Frameworks/Carbon.framework/Versions/A/Frameworks/SpeechRecognition.framework/Versions/A/SpeechRecognition
0x0000000001e67000 	/usr/lib/libauto.dylib
0x0000000001e67000 	/usr/lib/libicucore.A.dylib
0x0000000001e67000 	/usr/lib/libxml2.2.dylib
0x0000000001e67000 	/System/Library/PrivateFrameworks/CoreUI.framework/Versions/A/CoreUI
0x0000000001e67000 	/System/Library/Frameworks/CoreAudio.framework/Versions/A/CoreAudio
0x0000000001e67000 	/System/Library/Frameworks/DiskArbitration.framework/Versions/A/DiskArbitration
0x0000000001e67000 	/usr/lib/liblangid.dylib
0x0000000001e67000 	/System/Library/PrivateFrameworks/MultitouchSupport.framework/Versions/A/MultitouchSupport
0x0000000001e67000 	/System/Library/Frameworks/IOKit.framework/Versions/A/IOKit
0x0000000001e67000 	/usr/lib/libDiagnosticMessagesClient.dylib
0x0000000001e67000 	/System/Library/Frameworks/CoreServices.framework/Versions/A/CoreServices
0x0000000001e67000 	/System/Library/PrivateFrameworks/PerformanceAnalysis.framework/Versions/A/PerformanceAnalysis
0x0000000001e67000 	/System/Library/PrivateFrameworks/GenerationalStorage.framework/Versions/A/GenerationalStorage
0x0000000001e67000 	/System/Library/Frameworks/OpenGL.framework/Versions/A/OpenGL
0x0000000001e67000 	/System/Library/PrivateFrameworks/Sharing.framework/Versions/A/Sharing
0x0000000001e67000 	/System/Library/Frameworks/CoreGraphics.framework/Versions/A/CoreGraphics
0x0000000001e67000 	/System/Library/Frameworks/CoreImage.framework/Versions/A/CoreImage
0x0000000001e67000 	/System/Library/Frameworks/CoreText.framework/Versions/A/CoreText
0x0000000001e67000 	/System/Library/Frameworks/ImageIO.framework/Versions/A/ImageIO
0x0000000001e67000 	/System/Library/PrivateFrameworks/Backup.framework/Versions/A/Backup
0x0000000001e67000 	/usr/lib/libextension.dylib
0x0000000001e67000 	/usr/lib/libarchive.2.dylib
0x0000000001e67000 	/System/Library/Frameworks/CFNetwork.framework/Versions/A/CFNetwork
0x0000000001e67000 	/System/Library/Frameworks/SystemConfiguration.framework/Versions/A/SystemConfiguration
0x0000000001e67000 	/usr/lib/libCRFSuite.dylib
0x0000000001e67000 	/usr/lib/libc++.1.dylib
0x0000000001e67000 	/usr/lib/libc++abi.dylib
0x0000000001e67000 	/usr/lib/system/libcache.dylib
0x0000000001e67000 	/usr/lib/system/libcommonCrypto.dylib
0x0000000001e67000 	/usr/lib/system/libcompiler_rt.dylib
0x0000000001e67000 	/usr/lib/system/libcopyfile.dylib
0x0000000001e67000 	/usr/lib/system/libcorecrypto.dylib
0x0000000001e67000 	/usr/lib/system/libdispatch.dylib
0x0000000001e67000 	/usr/lib/system/libdyld.dylib
0x0000000001e67000 	/usr/lib/system/libkeymgr.dylib
0x0000000001e67000 	/usr/lib/system/liblaunch.dylib
0x0000000001e67000 	/usr/lib/system/libmacho.dylib
0x0000000001e67000 	/usr/lib/system/libquarantine.dylib
0x0000000001e67000 	/usr/lib/system/libremovefile.dylib
0x0000000001e67000 	/usr/lib/system/libsystem_asl.dylib
0x0000000001e67000 	/usr/lib/system/libsystem_blocks.dylib
0x0000000001e67000 	/usr/lib/system/libsystem_c.dylib
0x0000000001e67000 	/usr/lib/system/libsystem_configuration.dylib
0x0000000001e67000 	/usr/lib/system/libsystem_coreservices.dylib
0x0000000001e67000 	/usr/lib/system/libsystem_coretls.dylib
0x0000000001e67000 	/usr/lib/system/libsystem_dnssd.dylib
0x0000000001e67000 	/usr/lib/system/libsystem_info.dylib
0x0000000001e67000 	/usr/lib/system/libsystem_kernel.dylib
0x0000000001e67000 	/usr/lib/system/libsystem_m.dylib
0x0000000001e67000 	/usr/lib/system/libsystem_malloc.dylib
0x0000000001e67000 	/usr/lib/system/libsystem_network.dylib
0x0000000001e67000 	/usr/lib/system/libsystem_networkextension.dylib
0x0000000001e67000 	/usr/lib/system/libsystem_notify.dylib
0x0000000001e67000 	/usr/lib/system/libsystem_platform.dylib
0x0000000001e67000 	/usr/lib/system/libsystem_pthread.dylib
0x0000000001e67000 	/usr/lib/system/libsystem_sandbox.dylib
0x0000000001e67000 	/usr/lib/system/libsystem_secinit.dylib
0x0000000001e67000 	/usr/lib/system/libsystem_trace.dylib
0x0000000001e67000 	/usr/lib/system/libunc.dylib
0x0000000001e67000 	/usr/lib/system/libunwind.dylib
0x0000000001e67000 	/usr/lib/system/libxpc.dylib
0x0000000001e67000 	/usr/lib/libenergytrace.dylib
0x0000000001e67000 	/usr/lib/libbsm.0.dylib
0x0000000001e67000 	/usr/lib/system/libkxld.dylib
0x0000000001e67000 	/usr/lib/libxar.1.dylib
0x0000000001e67000 	/usr/lib/libsqlite3.dylib
0x0000000001e67000 	/usr/lib/libpam.2.dylib
0x0000000001e67000 	/usr/lib/libOpenScriptingUtil.dylib
0x0000000001e67000 	/usr/lib/libbz2.1.0.dylib
0x0000000001e67000 	/usr/lib/liblzma.5.dylib
0x0000000001e67000 	/System/Library/Frameworks/CoreServices.framework/Versions/A/Frameworks/FSEvents.framework/Versions/A/FSEvents
0x0000000001e67000 	/System/Library/Frameworks/CoreServices.framework/Versions/A/Frameworks/CarbonCore.framework/Versions/A/CarbonCore
0x0000000001e67000 	/System/Library/Frameworks/CoreServices.framework/Versions/A/Frameworks/Metadata.framework/Versions/A/Metadata
0x0000000001e67000 	/System/Library/Frameworks/CoreServices.framework/Versions/A/Frameworks/OSServices.framework/Versions/A/OSServices
0x0000000001e67000 	/System/Library/Frameworks/CoreServices.framework/Versions/A/Frameworks/SearchKit.framework/Versions/A/SearchKit
0x0000000001e67000 	/System/Library/Frameworks/CoreServices.framework/Versions/A/Frameworks/AE.framework/Versions/A/AE
0x0000000001e67000 	/System/Library/Frameworks/CoreServices.framework/Versions/A/Frameworks/LaunchServices.framework/Versions/A/LaunchServices
0x0000000001e67000 	/System/Library/Frameworks/CoreServices.framework/Versions/A/Frameworks/DictionaryServices.framework/Versions/A/DictionaryServices
0x0000000001e67000 	/System/Library/Frameworks/CoreServices.framework/Versions/A/Frameworks/SharedFileList.framework/Versions/A/SharedFileList
0x0000000001e67000 	/System/Library/Frameworks/NetFS.framework/Versions/A/NetFS
0x0000000001e67000 	/System/Library/PrivateFrameworks/NetAuth.framework/Versions/A/NetAuth
0x0000000001e67000 	/System/Library/PrivateFrameworks/login.framework/Versions/A/Frameworks/loginsupport.framework/Versions/A/loginsupport
0x0000000001e67000 	/System/Library/PrivateFrameworks/TCC.framework/Versions/A/TCC
0x0000000001e67000 	/usr/lib/libmecabra.dylib
0x0000000001e67000 	/System/Library/Frameworks/ApplicationServices.framework/Versions/A/Frameworks/ATS.framework/Versions/A/ATS
0x0000000001e67000 	/System/Library/Frameworks/ApplicationServices.framework/Versions/A/Frameworks/ColorSync.framework/Versions/A/ColorSync
0x0000000001e67000 	/System/Library/Frameworks/ApplicationServices.framework/Versions/A/Frameworks/HIServices.framework/Versions/A/HIServices
0x0000000001e67000 	/System/Library/Frameworks/ApplicationServices.framework/Versions/A/Frameworks/LangAnalysis.framework/Versions/A/LangAnalysis
0x0000000001e67000 	/System/Library/Frameworks/ApplicationServices.framework/Versions/A/Frameworks/PrintCore.framework/Versions/A/PrintCore
0x0000000001e67000 	/System/Library/Frameworks/ApplicationServices.framework/Versions/A/Frameworks/QD.framework/Versions/A/QD
0x0000000001e67000 	/System/Library/Frameworks/ApplicationServices.framework/Versions/A/Frameworks/SpeechSynthesis.framework/Versions/A/SpeechSynthesis
0x0000000001e67000 	/System/Library/Frameworks/Metal.framework/Versions/A/Metal
0x0000000001e67000 	/System/Library/Frameworks/Accelerate.framework/Versions/A/Frameworks/vImage.framework/Versions/A/vImage
0x0000000001e67000 	/System/Library/Frameworks/Accelerate.framework/Versions/A/Frameworks/vecLib.framework/Versions/A/vecLib
0x0000000001e67000 	/System/Library/Frameworks/Accelerate.framework/Versions/A/Frameworks/vecLib.framework/Versions/A/libvDSP.dylib
0x0000000001e67000 	/System/Library/Frameworks/Accelerate.framework/Versions/A/Frameworks/vecLib.framework/Versions/A/libvMisc.dylib
0x0000000001e67000 	/System/Library/Frameworks/Accelerate.framework/Versions/A/Frameworks/vecLib.framework/Versions/A/libLAPACK.dylib
0x0000000001e67000 	/System/Library/Frameworks/Accelerate.framework/Versions/A/Frameworks/vecLib.framework/Versions/A/libBLAS.dylib
0x0000000001e67000 	/System/Library/Frameworks/Accelerate.framework/Versions/A/Frameworks/vecLib.framework/Versions/A/libLinearAlgebra.dylib
0x0000000001e67000 	/System/Library/Frameworks/Accelerate.framework/Versions/A/Frameworks/vecLib.framework/Versions/A/libSparseBLAS.dylib
0x0000000001e67000 	/System/Library/PrivateFrameworks/GPUCompiler.framework/libmetal_timestamp.dylib
0x0000000001e67000 	/System/Library/Frameworks/OpenGL.framework/Versions/A/Libraries/libCoreFSCache.dylib
0x0000000001e67000 	/System/Library/PrivateFrameworks/IOAccelerator.framework/Versions/A/IOAccelerator
0x0000000001e67000 	/System/Library/Frameworks/ApplicationServices.framework/Versions/A/Frameworks/ATS.framework/Versions/A/Resources/libFontParser.dylib
0x0000000001e67000 	/System/Library/Frameworks/ApplicationServices.framework/Versions/A/Frameworks/ATS.framework/Versions/A/Resources/libFontRegistry.dylib
0x0000000001e67000 	/System/Library/PrivateFrameworks/AppleVPA.framework/Versions/A/AppleVPA
0x0000000001e67000 	/System/Library/PrivateFrameworks/AppleJPEG.framework/Versions/A/AppleJPEG
0x0000000001e67000 	/System/Library/Frameworks/ImageIO.framework/Versions/A/Resources/libJPEG.dylib
0x0000000001e67000 	/System/Library/Frameworks/ImageIO.framework/Versions/A/Resources/libTIFF.dylib
0x0000000001e67000 	/System/Library/Frameworks/ImageIO.framework/Versions/A/Resources/libPng.dylib
0x0000000001e67000 	/System/Library/Frameworks/ImageIO.framework/Versions/A/Resources/libGIF.dylib
0x0000000001e67000 	/System/Library/Frameworks/ImageIO.framework/Versions/A/Resources/libJP2.dylib
0x0000000001e67000 	/System/Library/Frameworks/ImageIO.framework/Versions/A/Resources/libRadiance.dylib
0x0000000001e67000 	/System/Library/Frameworks/CoreVideo.framework/Versions/A/CoreVideo
0x0000000001e67000 	/System/Library/Frameworks/OpenGL.framework/Versions/A/Libraries/libGLU.dylib
0x0000000001e67000 	/System/Library/Frameworks/OpenGL.framework/Versions/A/Libraries/libGFXShared.dylib
0x0000000001e67000 	/System/Library/Frameworks/OpenGL.framework/Versions/A/Libraries/libGL.dylib
0x0000000001e67000 	/System/Library/Frameworks/OpenGL.framework/Versions/A/Libraries/libGLImage.dylib
0x0000000001e67000 	/System/Library/Frameworks/OpenGL.framework/Versions/A/Libraries/libCVMSPluginSupport.dylib
0x0000000001e67000 	/System/Library/Frameworks/OpenGL.framework/Versions/A/Libraries/libCoreVMClient.dylib
0x0000000001e67000 	/usr/lib/libcups.2.dylib
0x0000000001e67000 	/System/Library/Frameworks/Kerberos.framework/Versions/A/Kerberos
0x0000000001e67000 	/System/Library/Frameworks/GSS.framework/Versions/A/GSS
0x0000000001e67000 	/usr/lib/libresolv.9.dylib
0x0000000001e67000 	/usr/lib/libiconv.2.dylib
0x0000000001e67000 	/System/Library/PrivateFrameworks/Heimdal.framework/Versions/A/Heimdal
0x0000000001e67000 	/usr/lib/libheimdal-asn1.dylib
0x0000000001e67000 	/System/Library/Frameworks/OpenDirectory.framework/Versions/A/OpenDirectory
0x0000000001e67000 	/System/Library/PrivateFrameworks/CommonAuth.framework/Versions/A/CommonAuth
0x0000000001e67000 	/System/Library/Frameworks/OpenDirectory.framework/Versions/A/Frameworks/CFOpenDirectory.framework/Versions/A/CFOpenDirectory
0x0000000001e67000 	/System/Library/Frameworks/SecurityFoundation.framework/Versions/A/SecurityFoundation
0x0000000001e67000 	/System/Library/PrivateFrameworks/LanguageModeling.framework/Versions/A/LanguageModeling
0x0000000001e67000 	/usr/lib/libmarisa.dylib
0x0000000001e67000 	/usr/lib/libChineseTokenizer.dylib
0x0000000001e67000 	/usr/lib/libcmph.dylib
0x0000000001e67000 	/usr/lib/libcompression.dylib
0x0000000001e67000 	/System/Library/Frameworks/ServiceManagement.framework/Versions/A/ServiceManagement
0x0000000001e67000 	/usr/lib/libxslt.1.dylib
0x0000000001e67000 	/System/Library/Frameworks/Carbon.framework/Versions/A/Frameworks/Ink.framework/Versions/A/Ink
0x0000000001e67000 	/usr/lib/libFosl_dynamic.dylib
0x0000000001e67000 	/System/Library/PrivateFrameworks/FaceCore.framework/Versions/A/FaceCore
0x0000000001e67000 	/System/Library/Frameworks/OpenCL.framework/Versions/A/OpenCL
0x0000000001e67000 	/System/Library/PrivateFrameworks/CrashReporterSupport.framework/Versions/A/CrashReporterSupport
0x0000000001e67000 	/System/Library/PrivateFrameworks/IconServices.framework/Versions/A/IconServices
0x0000000001e67000 	/System/Library/PrivateFrameworks/Apple80211.framework/Versions/A/Apple80211
0x0000000001e67000 	/System/Library/Frameworks/CoreWLAN.framework/Versions/A/CoreWLAN
0x0000000001e67000 	/System/Library/Frameworks/IOBluetooth.framework/Versions/A/IOBluetooth
0x0000000001e67000 	/System/Library/PrivateFrameworks/CoreWiFi.framework/Versions/A/CoreWiFi
0x0000000001e67000 	/System/Library/Frameworks/CoreBluetooth.framework/Versions/A/CoreBluetooth
0x0000000001e67000 	/System/Library/PrivateFrameworks/ChunkingLibrary.framework/Versions/A/ChunkingLibrary
0x0000000001e67000 	/System/Library/PrivateFrameworks/DebugSymbols.framework/Versions/A/DebugSymbols
0x0000000001e67000 	/System/Library/PrivateFrameworks/CoreSymbolication.framework/Versions/A/CoreSymbolication
0x0000000001e67000 	/System/Library/PrivateFrameworks/Symbolication.framework/Versions/A/Symbolication
0x0000000001e67000 	/System/Library/PrivateFrameworks/SpeechRecognitionCore.framework/Versions/A/SpeechRecognitionCore
0x0000000107000000 	/Library/Java/JavaVirtualMachines/jdk1.8.0_65.jdk/Contents/Home/jre/lib/server/libjvm.dylib
0x0000000001e67000 	/usr/lib/libstdc++.6.dylib
0x0000000105ed0000 	/Library/Java/JavaVirtualMachines/jdk1.8.0_65.jdk/Contents/Home/jre/lib/libverify.dylib
0x0000000105ede000 	/Library/Java/JavaVirtualMachines/jdk1.8.0_65.jdk/Contents/Home/jre/lib/libjava.dylib
0x0000000105f1d000 	/Library/Java/JavaVirtualMachines/jdk1.8.0_65.jdk/Contents/Home/jre/lib/libzip.dylib
0x0000000122f6b000 	/System/Library/Frameworks/JavaVM.framework/Frameworks/JavaRuntimeSupport.framework/JavaRuntimeSupport
0x0000000122f86000 	/System/Library/Frameworks/JavaVM.framework/Versions/A/Frameworks/JavaNativeFoundation.framework/Versions/A/JavaNativeFoundation
0x0000000122f9b000 	/System/Library/Frameworks/JavaVM.framework/Versions/A/JavaVM
0x0000000001e67000 	/System/Library/Frameworks/Carbon.framework/Versions/A/Carbon
0x0000000122fa8000 	/System/Library/PrivateFrameworks/JavaLaunching.framework/Versions/A/JavaLaunching
0x0000000001e67000 	/System/Library/Frameworks/Carbon.framework/Versions/A/Frameworks/CommonPanels.framework/Versions/A/CommonPanels
0x0000000001e67000 	/System/Library/Frameworks/Carbon.framework/Versions/A/Frameworks/Help.framework/Versions/A/Help
0x0000000001e67000 	/System/Library/Frameworks/Carbon.framework/Versions/A/Frameworks/ImageCapture.framework/Versions/A/ImageCapture
0x0000000001e67000 	/System/Library/Frameworks/Carbon.framework/Versions/A/Frameworks/OpenScripting.framework/Versions/A/OpenScripting
0x0000000001e67000 	/System/Library/Frameworks/Carbon.framework/Versions/A/Frameworks/Print.framework/Versions/A/Print
0x0000000001e67000 	/System/Library/Frameworks/Carbon.framework/Versions/A/Frameworks/SecurityHI.framework/Versions/A/SecurityHI
0x0000000124900000 	/Library/Java/JavaVirtualMachines/jdk1.8.0_65.jdk/Contents/Home/jre/lib/libawt.dylib
0x00000001249a8000 	/Library/Java/JavaVirtualMachines/jdk1.8.0_65.jdk/Contents/Home/jre/lib/./libmlib_image.dylib
0x0000000124a74000 	/Library/Java/JavaVirtualMachines/jdk1.8.0_65.jdk/Contents/Home/jre/lib/libawt_lwawt.dylib
0x0000000124b29000 	/Library/Java/JavaVirtualMachines/jdk1.8.0_65.jdk/Contents/Home/jre/lib/./libosxapp.dylib
0x0000000001e67000 	/System/Library/Frameworks/ExceptionHandling.framework/Versions/A/ExceptionHandling
0x0000000001e67000 	/System/Library/PrivateFrameworks/CoreServicesInternal.framework/Versions/A/CoreServicesInternal
0x0000000001e67000 	/System/Library/Frameworks/CoreGraphics.framework/Versions/A/Resources/libRIP.A.dylib
0x0000000001e67000 	/System/Library/Frameworks/Accelerate.framework/Versions/A/Frameworks/vImage.framework/Versions/A/Libraries/libCGInterfaces.dylib
0x0000000001e67000 	/System/Library/Frameworks/CoreGraphics.framework/Versions/A/Resources/libCGXType.A.dylib
0x0000000001e67000 	/System/Library/Frameworks/OpenCL.framework/Versions/A/Libraries/libcldcpuengine.dylib
0x0000000001e67000 	/System/Library/PrivateFrameworks/DiskImages.framework/Versions/A/DiskImages
0x0000000001e67000 	/System/Library/Frameworks/DiscRecording.framework/Versions/A/DiscRecording
0x0000000001e67000 	/usr/lib/libcsfde.dylib
0x0000000001e67000 	/usr/lib/libcurl.4.dylib
0x0000000001e67000 	/System/Library/PrivateFrameworks/MediaKit.framework/Versions/A/MediaKit
0x0000000001e67000 	/System/Library/PrivateFrameworks/ProtectedCloudStorage.framework/Versions/A/ProtectedCloudStorage
0x0000000001e67000 	/usr/lib/libCoreStorage.dylib
0x0000000001e67000 	/System/Library/PrivateFrameworks/EFILogin.framework/Versions/A/EFILogin
0x0000000001e67000 	/usr/lib/libutil.dylib
0x0000000001e67000 	/System/Library/PrivateFrameworks/FindMyDevice.framework/Versions/A/FindMyDevice
0x0000000001e67000 	/System/Library/Frameworks/LDAP.framework/Versions/A/LDAP
0x0000000001e67000 	/usr/lib/libsasl2.2.dylib
0x0000000001e67000 	/System/Library/PrivateFrameworks/CoreDaemon.framework/Versions/B/CoreDaemon
0x0000000001e67000 	/usr/lib/libcrypto.0.9.8.dylib
0x0000000001e67000 	/System/Library/PrivateFrameworks/AppleSRP.framework/Versions/A/AppleSRP
0x0000000001e67000 	/System/Library/PrivateFrameworks/TrustEvaluationAgent.framework/Versions/A/TrustEvaluationAgent
0x0000000125633000 	cl_kernels
0x0000000001e67000 	/System/Library/Frameworks/OpenCL.framework/Versions/A/Libraries/ImageFormats/unorm8_bgra.dylib
0x0000000001e67000 	/System/Library/Frameworks/OpenCL.framework/Versions/A/Libraries/ImageFormats/unorm8_rgba.dylib
0x0000000001e67000 	/System/Library/PrivateFrameworks/FamilyControls.framework/Versions/A/FamilyControls
0x0000000001e67000 	/System/Library/PrivateFrameworks/CommerceKit.framework/Versions/A/Frameworks/CommerceCore.framework/Versions/A/CommerceCore
0x0000000001e67000 	/System/Library/PrivateFrameworks/SystemAdministration.framework/Versions/A/SystemAdministration
0x0000000001e67000 	/System/Library/PrivateFrameworks/AppContainer.framework/Versions/A/AppContainer
0x0000000001e67000 	/System/Library/PrivateFrameworks/SecCodeWrapper.framework/Versions/A/SecCodeWrapper
0x0000000001e67000 	/System/Library/Frameworks/DirectoryService.framework/Versions/A/DirectoryService
0x0000000001e67000 	/System/Library/PrivateFrameworks/LoginUIKit.framework/Versions/A/Frameworks/LoginUICore.framework/Versions/A/LoginUICore
0x0000000001e67000 	/usr/lib/libodfde.dylib
0x0000000001e67000 	/System/Library/Frameworks/OpenGL.framework/Versions/A/Resources/GLEngine.bundle/GLEngine
0x0000000001e67000 	/System/Library/Frameworks/OpenGL.framework/Versions/A/Libraries/libGLProgrammability.dylib
0x0000000127890000 	/System/Library/Extensions/AppleIntelHD5000GraphicsGLDriver.bundle/Contents/MacOS/AppleIntelHD5000GraphicsGLDriver
0x0000000001e67000 	/System/Library/PrivateFrameworks/GPUSupport.framework/Versions/A/Libraries/libGPUSupportMercury.dylib
0x0000000001e67000 	/System/Library/Frameworks/OpenGL.framework/Versions/A/Resources/GLRendererFloat.bundle/GLRendererFloat
0x00000001288b0000 	/Library/Java/JavaVirtualMachines/jdk1.8.0_65.jdk/Contents/Home/jre/lib/libfontmanager.dylib
0x0000000129d5a000 	/Library/Java/JavaVirtualMachines/jdk1.8.0_65.jdk/Contents/Home/jre/lib/libosxui.dylib
0x000000012ab4e000 	/Library/Java/JavaVirtualMachines/jdk1.8.0_65.jdk/Contents/Home/jre/lib/libnet.dylib
0x000000012a964000 	/Library/Java/JavaVirtualMachines/jdk1.8.0_65.jdk/Contents/Home/jre/lib/libnio.dylib
0x0000000001e67000 	/System/Library/Frameworks/ApplicationServices.framework/Versions/A/Frameworks/ATS.framework/Versions/A/Resources/libTrueTypeScaler.dylib
0x000000017b817000 	/System/Library/Extensions/AppleIntelHD5000GraphicsMTLDriver.bundle/Contents/MacOS/AppleIntelHD5000GraphicsMTLDriver
0x000000017b764000 	/private/var/folders/4x/fmk2m66x61b3x5qnjlmt61jw0000gp/T/jogamp_0000/file_cache/jln6214495618635301052/jln2246374718581681077/libgluegen-rt.jnilib
0x000000012c8af000 	/private/var/folders/4x/fmk2m66x61b3x5qnjlmt61jw0000gp/T/jogamp_0000/file_cache/jln6214495618635301052/jln2246374718581681077/libnativewindow_awt.jnilib
0x000000017b768000 	/Library/Java/JavaVirtualMachines/jdk1.8.0_65.jdk/Contents/Home/jre/lib/libjawt.dylib
0x000000017b76b000 	/private/var/folders/4x/fmk2m66x61b3x5qnjlmt61jw0000gp/T/jogamp_0000/file_cache/jln6214495618635301052/jln2246374718581681077/libnativewindow_macosx.jnilib
0x0000000180d2b000 	/private/var/folders/4x/fmk2m66x61b3x5qnjlmt61jw0000gp/T/jogamp_0000/file_cache/jln6214495618635301052/jln2246374718581681077/libjogl_desktop.jnilib
0x000000017b9c3000 	/Library/Java/JavaVirtualMachines/jdk1.8.0_65.jdk/Contents/Home/jre/lib/libt2k.dylib

VM Arguments:
jvm_args: -Djava.security.policy=java.policy.applet -Dfile.encoding=UTF-8 
java_command: sun.applet.AppletViewer module4.EarthquakeCityMap1450945346744.html
java_class_path (initial): /Users/b10LOUIT/Documents/github/UCSDUnfoldingMaps/build:/Users/b10LOUIT/Documents/github/UCSDUnfoldingMaps/lib/core.jar:/Users/b10LOUIT/Documents/github/UCSDUnfoldingMaps/lib/gluegen-rt.jar:/Users/b10LOUIT/Documents/github/UCSDUnfoldingMaps/lib/jogl-all.jar:/Users/b10LOUIT/Documents/github/UCSDUnfoldingMaps/lib/log4j-1.2.15.jar:/Users/b10LOUIT/Documents/github/UCSDUnfoldingMaps/lib/sqlite-jdbc-3.7.2.jar:/Users/b10LOUIT/Documents/github/UCSDUnfoldingMaps/lib/json4processing.jar:/Users/b10LOUIT/Documents/github/UCSDUnfoldingMaps/lib/libTUIO.jar:/Users/b10LOUIT/Documents/github/UCSDUnfoldingMaps/lib/unfolding.0.9.7-uscd.jar
Launcher Type: SUN_STANDARD

Environment Variables:
PATH=/usr/bin:/bin:/usr/sbin:/sbin
SHELL=/bin/bash
DISPLAY=/private/tmp/com.apple.launchd.kPpRyWf06G/org.macosforge.xquartz:0

Signal Handlers:
SIGSEGV: [libjvm.dylib+0x5a6d31], sa_mask[0]=11111111011111110111111111111111, sa_flags=SA_ONSTACK|SA_RESTART|SA_SIGINFO
SIGBUS: [libjvm.dylib+0x5a6d31], sa_mask[0]=11111111011111110111111111111111, sa_flags=SA_RESTART|SA_SIGINFO
SIGFPE: [libjvm.dylib+0x480a40], sa_mask[0]=11111111011111110111111111111111, sa_flags=SA_RESTART|SA_SIGINFO
SIGPIPE: [libjvm.dylib+0x480a40], sa_mask[0]=11111111011111110111111111111111, sa_flags=SA_RESTART|SA_SIGINFO
SIGXFSZ: [libjvm.dylib+0x480a40], sa_mask[0]=11111111011111110111111111111111, sa_flags=SA_RESTART|SA_SIGINFO
SIGILL: [libjvm.dylib+0x480a40], sa_mask[0]=11111111011111110111111111111111, sa_flags=SA_RESTART|SA_SIGINFO
SIGUSR1: SIG_DFL, sa_mask[0]=00000000000000000000000000000000, sa_flags=none
SIGUSR2: [libjvm.dylib+0x48055e], sa_mask[0]=00100000000000000000000000000000, sa_flags=SA_RESTART|SA_SIGINFO
SIGHUP: [libjvm.dylib+0x47eb35], sa_mask[0]=11111111011111110111111111111111, sa_flags=SA_RESTART|SA_SIGINFO
SIGINT: [libjvm.dylib+0x47eb35], sa_mask[0]=11111111011111110111111111111111, sa_flags=SA_RESTART|SA_SIGINFO
SIGTERM: [libjvm.dylib+0x47eb35], sa_mask[0]=11111111011111110111111111111111, sa_flags=SA_RESTART|SA_SIGINFO
SIGQUIT: [libjvm.dylib+0x47eb35], sa_mask[0]=11111111011111110111111111111111, sa_flags=SA_RESTART|SA_SIGINFO


---------------  S Y S T E M  ---------------

OS:Bsduname:Darwin 15.0.0 Darwin Kernel Version 15.0.0: Sat Sep 19 15:53:46 PDT 2015; root:xnu-3247.10.11~1/RELEASE_X86_64 x86_64
rlimit: STACK 8192k, CORE 0k, NPROC 709, NOFILE 10240, AS infinity
load average:1.56 1.73 1.77

CPU:total 8 (4 cores per cpu, 2 threads per core) family 6 model 70 stepping 1, cmov, cx8, fxsr, mmx, sse, sse2, sse3, ssse3, sse4.1, sse4.2, popcnt, avx, avx2, aes, clmul, erms, rtm, lzcnt, ht, tsc, tscinvbit, bmi1, bmi2

Memory: 4k page, physical 16777216k(1632832k free)

/proc/meminfo:


vm_info: Java HotSpot(TM) 64-Bit Server VM (25.65-b01) for bsd-amd64 JRE (1.8.0_65-b17), built on Oct  6 2015 15:36:46 by "java_re" with gcc 4.2.1 (Based on Apple Inc. build 5658) (LLVM build 2336.11.00)

time: Thu Dec 24 09:22:44 2015
elapsed time: 17 seconds (0d 0h 0m 17s)

