#
# A fatal error has been detected by the Java Runtime Environment:
#
#  SIGSEGV (0xb) at pc=0x00007fff89c2e4e9, pid=1246, tid=2571
#
# JRE version: Java(TM) SE Runtime Environment (8.0_65-b17) (build 1.8.0_65-b17)
# Java VM: Java HotSpot(TM) 64-Bit Server VM (25.65-b01 mixed mode bsd-amd64 compressed oops)
# Problematic frame:
# C  [libobjc.A.dylib+0x14e9]  objc_msgSend+0x29
#
# Failed to write core dump. Core dumps have been disabled. To enable core dumping, try "ulimit -c unlimited" before starting Java again
#
# If you would like to submit a bug report, please visit:
#   http://bugreport.java.com/bugreport/crash.jsp
# The crash happened outside the Java Virtual Machine in native code.
# See problematic frame for where to report the bug.
#

---------------  T H R E A D  ---------------

Current thread (0x00007fa4b41b3000):  JavaThread "AWT-AppKit" daemon [_thread_in_native, id=2571, stack(0x00007fff5b618000,0x00007fff5be18000)]

siginfo: si_signo: 11 (SIGSEGV), si_code: 1 (SEGV_MAPERR), si_addr: 0x0000012800000508

Registers:
RAX=0x00007fa4b91dacf0, RBX=0x000000017a055450, RCX=0x0000000123f69aa0, RDX=0x0000000123f69b80
RSP=0x00007fff5be13348, RBP=0x00007fff5be13400, RSI=0x00007fff8d492d0e, RDI=0x00007fa4b93a1560
R8 =0x0000000000000000, R9 =0x00000000000008c0, R10=0x0000012800000508, R11=0x0000000106b63450
R12=0x0000000000000000, R13=0x000000017f590310, R14=0x000000017a055440, R15=0x00007fa4b41b3000
RIP=0x00007fff89c2e4e9, EFLAGS=0x0000000000010202, ERR=0x0000000000000004
  TRAPNO=0x000000000000000e

Top of Stack: (sp=0x00007fff5be13348)
0x00007fff5be13348:   000000017a053157 00007fff5be133a0
0x00007fff5be13358:   0000000000000003 00007fff5be13380
0x00007fff5be13368:   00000001053f19a6 000000017f590310
0x00007fff5be13378:   000000017f590310 00007fa4b91dacf0
0x00007fff5be13388:   000000017a0556a0 000000017a055710
0x00007fff5be13398:   00007fff7a434770 00007fff7c8b0500
0x00007fff5be133a8:   000000017a055450 000000017a055690
0x00007fff5be133b8:   00007fa4b91dacf0 00007fa4b93a1560
0x00007fff5be133c8:   00007fa4b2f4b5e0 00007fa4b91dacf0
0x00007fff5be133d8:   00007fa4b93a1560 00007fff5be13488
0x00007fff5be133e8:   00007fa4b41b31f8 000000017f590310
0x00007fff5be133f8:   00007fff5be134b0 00007fff5be13478
0x00007fff5be13408:   000000010619e954 000000017f590310
0x00007fff5be13418:   00007fff5be134b0 00007fff5be13478
0x00007fff5be13428:   000000010619e6e7 000000010619e6a2
0x00007fff5be13438:   00007fff5be13438 000000017f590310
0x00007fff5be13448:   00007fff5be134b0 000000017f592f48
0x00007fff5be13458:   0000000000000000 000000017f590310
0x00007fff5be13468:   0000000000000000 00007fff5be13498
0x00007fff5be13478:   00007fff5be134f8 0000000106190c4d
0x00007fff5be13488:   00000006c0a7acc0 0000000106198578
0x00007fff5be13498:   00007fa4b91dacf0 00007fff5be134f8
0x00007fff5be134a8:   00007fa4b93a1560 0000000106199d82
0x00007fff5be134b8:   00007fff5be134b8 000000017f5904da
0x00007fff5be134c8:   00007fff5be13520 000000017f592f48
0x00007fff5be134d8:   0000000000000000 000000017f5904e8
0x00007fff5be134e8:   00007fff5be13498 00007fff5be13508
0x00007fff5be134f8:   00007fff5be13568 0000000106190c4d
0x00007fff5be13508:   00007fa4b91dacf0 00000006c08ca730
0x00007fff5be13518:   00007fa4b93a1560 00000006c08ca730
0x00007fff5be13528:   00007fff5be13528 0000000185fe2086
0x00007fff5be13538:   00007fff5be13578 0000000185fe2140 

Instructions: (pc=0x00007fff89c2e4e9)
0x00007fff89c2e4c9:   01 2e 75 66 49 bb f8 ff ff ff ff 7f 00 00 4c 23
0x00007fff89c2e4d9:   1f 49 89 f2 45 23 53 18 49 c1 e2 04 4d 03 53 10
0x00007fff89c2e4e9:   49 3b 32 75 04 41 ff 62 08 49 83 3a 01 76 0d 49
0x00007fff89c2e4f9:   83 c2 10 49 3b 32 75 f1 41 ff 62 08 72 40 4d 8b 

Register to memory mapping:

RAX=0x00007fa4b91dacf0 is an unknown value
RBX=0x000000017a055450: Java_jogamp_nativewindow_macosx_OSXUtil_GetScreenRefreshRate0+0x1cf0 in /private/var/folders/4x/fmk2m66x61b3x5qnjlmt61jw0000gp/T/jogamp_0000/file_cache/jln6447133306844012516/jln7269079857853318070/libnativewindow_macosx.jnilib at 0x000000017a04e000
RCX=0x0000000123f69aa0 is an unknown value
RDX=0x0000000123f69b80 is an unknown value
RSP=0x00007fff5be13348 is pointing into the stack for thread: 0x00007fa4b41b3000
RBP=0x00007fff5be13400 is pointing into the stack for thread: 0x00007fa4b41b3000
RSI=0x00007fff8d492d0e is an unknown value
RDI=0x00007fa4b93a1560 is an unknown value
R8 =0x0000000000000000 is an unknown value
R9 =0x00000000000008c0 is an unknown value
R10=0x0000012800000508 is an unknown value
R11=0x0000000106b63450 is at entry_point+-368 in (nmethod*)0x0000000106b63450
R12=0x0000000000000000 is an unknown value
R13={method} {0x000000017f590310} 'UnsetJAWTRootSurfaceLayer0' '(JJ)V' in 'jogamp/nativewindow/jawt/macosx/MacOSXJAWTWindow'
R14=0x000000017a055440: Java_jogamp_nativewindow_macosx_OSXUtil_GetScreenRefreshRate0+0x1ce0 in /private/var/folders/4x/fmk2m66x61b3x5qnjlmt61jw0000gp/T/jogamp_0000/file_cache/jln6447133306844012516/jln7269079857853318070/libnativewindow_macosx.jnilib at 0x000000017a04e000
R15=0x00007fa4b41b3000 is a thread


Stack: [0x00007fff5b618000,0x00007fff5be18000],  sp=0x00007fff5be13348,  free space=8172k
Native frames: (J=compiled Java code, j=interpreted, Vv=VM code, C=native code)
C  [libobjc.A.dylib+0x14e9]  objc_msgSend+0x29
j  jogamp.nativewindow.jawt.macosx.MacOSXJAWTWindow.UnsetJAWTRootSurfaceLayer0(JJ)V+0
j  jogamp.nativewindow.jawt.macosx.MacOSXJAWTWindow.access$200(JJ)V+2
j  jogamp.nativewindow.jawt.macosx.MacOSXJAWTWindow$1.run()V+38
J 2522 C1 com.jogamp.common.util.RunnableTask.run()V (345 bytes) @ 0x0000000106abdcd4 [0x0000000106abdb40+0x194]
v  ~StubRoutines::call_stub
V  [libjvm.dylib+0x2eab02]
V  [libjvm.dylib+0x321bab]
V  [libjvm.dylib+0x31437f]
C  [libnativewindow_macosx.jnilib+0x5326]  Java_jogamp_nativewindow_jawt_macosx_MacOSXJAWTWindow_UnsetJAWTRootSurfaceLayer0+0x2b6
C  [Foundation+0x8dd4b]  __NSThreadPerformPerform+0x117
C  [CoreFoundation+0x7e5c1]  __CFRUNLOOP_IS_CALLING_OUT_TO_A_SOURCE0_PERFORM_FUNCTION__+0x11
C  [CoreFoundation+0x70397]  __CFRunLoopDoSources0+0x1a7
C  [CoreFoundation+0x6f93f]  __CFRunLoopRun+0x39f
C  [CoreFoundation+0x6f338]  CFRunLoopRunSpecific+0x128
C  [HIToolbox+0x30935]  RunCurrentEventLoopInMode+0xeb
C  [HIToolbox+0x30677]  ReceiveNextEventCommon+0xb8
C  [HIToolbox+0x305af]  _BlockUntilNextEventMatchingListInModeWithFilter+0x47
C  [AppKit+0x8a0ee]  _DPSNextEvent+0x42b
C  [AppKit+0x456943]  -[NSApplication _nextEventMatchingEventMask:untilDate:inMode:dequeue:]+0x1c6
C  [libosxapp.dylib+0x23aa]  -[NSApplicationAWT nextEventMatchingMask:untilDate:inMode:dequeue:]+0x7c
C  [AppKit+0x7ffc8]  -[NSApplication run]+0x2aa
C  [libosxapp.dylib+0x214d]  +[NSApplicationAWT runAWTLoopWithApp:]+0x9c
C  [libawt_lwawt.dylib+0x44517]  -[AWTStarter starter:]+0x389
C  [Foundation+0x8dd4b]  __NSThreadPerformPerform+0x117
C  [CoreFoundation+0x7e5c1]  __CFRUNLOOP_IS_CALLING_OUT_TO_A_SOURCE0_PERFORM_FUNCTION__+0x11
C  [CoreFoundation+0x7041c]  __CFRunLoopDoSources0+0x22c
C  [CoreFoundation+0x6f93f]  __CFRunLoopRun+0x39f
C  [CoreFoundation+0x6f338]  CFRunLoopRunSpecific+0x128
C  [java+0x6463]  CreateExecutionEnvironment+0x367
C  [java+0x21ac]  JLI_Launch+0x7a0
C  [java+0x84c0]  main+0x65
C  [java+0x1a04]  start+0x34
C  0x0000000000000007

Java frames: (J=compiled Java code, j=interpreted, Vv=VM code)
j  jogamp.nativewindow.jawt.macosx.MacOSXJAWTWindow.UnsetJAWTRootSurfaceLayer0(JJ)V+0
j  jogamp.nativewindow.jawt.macosx.MacOSXJAWTWindow.access$200(JJ)V+2
j  jogamp.nativewindow.jawt.macosx.MacOSXJAWTWindow$1.run()V+38
J 2522 C1 com.jogamp.common.util.RunnableTask.run()V (345 bytes) @ 0x0000000106abdcd4 [0x0000000106abdb40+0x194]
v  ~StubRoutines::call_stub

---------------  P R O C E S S  ---------------

Java Threads: ( => current thread )
  0x00007fa4bb117800 JavaThread "Thread-19" [_thread_blocked, id=41239, stack(0x0000700001559000,0x0000700001659000)]
  0x00007fa4b6079000 JavaThread "AWT-EventQueue-1" [_thread_in_native, id=63003, stack(0x0000700001f83000,0x0000700002083000)]
  0x00007fa4b3a7a000 JavaThread "DestroyJavaVM" [_thread_blocked, id=5891, stack(0x000070000011a000,0x000070000021a000)]
  0x00007fa4b60d0000 JavaThread "AWT-EventQueue-0" [_thread_blocked, id=60679, stack(0x0000700001d7d000,0x0000700001e7d000)]
  0x00007fa4b3107800 JavaThread "Java2D Disposer" daemon [_thread_blocked, id=55059, stack(0x0000700001af4000,0x0000700001bf4000)]
  0x00007fa4b3105000 JavaThread "Java2D Queue Flusher" daemon [_thread_blocked, id=53511, stack(0x00007000019f1000,0x0000700001af1000)]
  0x00007fa4b6068000 JavaThread "AWT-Shutdown" [_thread_blocked, id=31763, stack(0x000070000165f000,0x000070000175f000)]
=>0x00007fa4b41b3000 JavaThread "AWT-AppKit" daemon [_thread_in_native, id=2571, stack(0x00007fff5b618000,0x00007fff5be18000)]
  0x00007fa4b403f800 JavaThread "Service Thread" daemon [_thread_blocked, id=20995, stack(0x0000700001353000,0x0000700001453000)]
  0x00007fa4b4000000 JavaThread "C1 CompilerThread3" daemon [_thread_blocked, id=20483, stack(0x0000700001250000,0x0000700001350000)]
  0x00007fa4b6009800 JavaThread "C2 CompilerThread2" daemon [_thread_blocked, id=19971, stack(0x000070000114d000,0x000070000124d000)]
  0x00007fa4b5812000 JavaThread "C2 CompilerThread1" daemon [_thread_blocked, id=19459, stack(0x000070000104a000,0x000070000114a000)]
  0x00007fa4b3018800 JavaThread "C2 CompilerThread0" daemon [_thread_blocked, id=18947, stack(0x0000700000f47000,0x0000700001047000)]
  0x00007fa4b7003000 JavaThread "Signal Dispatcher" daemon [_thread_blocked, id=16911, stack(0x0000700000e44000,0x0000700000f44000)]
  0x00007fa4b3009000 JavaThread "Finalizer" daemon [_thread_blocked, id=14339, stack(0x0000700000c3b000,0x0000700000d3b000)]
  0x00007fa4b3008000 JavaThread "Reference Handler" daemon [_thread_blocked, id=13827, stack(0x0000700000b38000,0x0000700000c38000)]

Other Threads:
  0x00007fa4b3007800 VMThread [stack: 0x0000700000a35000,0x0000700000b35000] [id=13315]
  0x00007fa4b401f800 WatcherThread [stack: 0x0000700001456000,0x0000700001556000] [id=21507]

VM state:not at safepoint (normal execution)

VM Mutex/Monitor currently owned by a thread: None

Heap:
 PSYoungGen      total 76288K, used 20534K [0x000000076ab00000, 0x0000000774000000, 0x00000007c0000000)
  eden space 65536K, 31% used [0x000000076ab00000,0x000000076bf0db98,0x000000076eb00000)
  from space 10752K, 0% used [0x000000076eb00000,0x000000076eb00000,0x000000076f580000)
  to   space 10752K, 0% used [0x0000000773580000,0x0000000773580000,0x0000000774000000)
 ParOldGen       total 110592K, used 16172K [0x00000006c0000000, 0x00000006c6c00000, 0x000000076ab00000)
  object space 110592K, 14% used [0x00000006c0000000,0x00000006c0fcb0f8,0x00000006c6c00000)
 Metaspace       used 21042K, capacity 21287K, committed 21552K, reserved 1069056K
  class space    used 2058K, capacity 2116K, committed 2176K, reserved 1048576K

Card table byte_map: [0x0000000115549000,0x0000000115d4a000] byte_map_base: 0x0000000111f49000

Marking Bits: (ParMarkBitMap*) 0x0000000105adee20
 Begin Bits: [0x00000001162a0000, 0x000000011a2a0000)
 End Bits:   [0x000000011a2a0000, 0x000000011e2a0000)

Polling page: 0x0000000104162000

CodeCache: size=245760Kb used=10056Kb max_used=10067Kb free=235703Kb
 bounds [0x0000000106189000, 0x0000000106b69000, 0x0000000115189000]
 total_blobs=3620 nmethods=2731 adapters=802
 compilation: enabled

Compilation events (10 events):
Event: 12.350 Thread 0x00007fa4b4000000 2727       3       java.util.HashMap::putVal (300 bytes)
Event: 12.351 Thread 0x00007fa4b4000000 nmethod 2727 0x0000000106b59910 code [0x0000000106b59b80, 0x0000000106b5ae38]
Event: 12.351 Thread 0x00007fa4b4000000 2728   !   3       sun.misc.URLClassPath$JarLoader::getResource (349 bytes)
Event: 12.353 Thread 0x00007fa4b4000000 nmethod 2728 0x0000000106b5bb50 code [0x0000000106b5bfc0, 0x0000000106b5e518]
Event: 12.357 Thread 0x00007fa4b6009800 2729  s    4       sun.misc.URLClassPath::getNextLoader (88 bytes)
Event: 12.357 Thread 0x00007fa4b4000000 2730  s!   2       sun.misc.URLClassPath::getLoader (197 bytes)
Event: 12.358 Thread 0x00007fa4b4000000 nmethod 2730 0x0000000106b60590 code [0x0000000106b60880, 0x0000000106b61f88]
Event: 12.361 Thread 0x00007fa4b6009800 nmethod 2729 0x0000000106b58b10 code [0x0000000106b58c80, 0x0000000106b593f8]
Event: 12.362 Thread 0x00007fa4b3018800 2731       4       java.util.concurrent.locks.AbstractQueuedSynchronizer::release (33 bytes)
Event: 12.364 Thread 0x00007fa4b3018800 nmethod 2731 0x0000000106b63450 code [0x0000000106b635c0, 0x0000000106b637c8]

GC Heap History (8 events):
Event: 2.113 GC heap before
{Heap before GC invocations=1 (full 0):
 PSYoungGen      total 76288K, used 65536K [0x000000076ab00000, 0x0000000770000000, 0x00000007c0000000)
  eden space 65536K, 100% used [0x000000076ab00000,0x000000076eb00000,0x000000076eb00000)
  from space 10752K, 0% used [0x000000076f580000,0x000000076f580000,0x0000000770000000)
  to   space 10752K, 0% used [0x000000076eb00000,0x000000076eb00000,0x000000076f580000)
 ParOldGen       total 175104K, used 0K [0x00000006c0000000, 0x00000006cab00000, 0x000000076ab00000)
  object space 175104K, 0% used [0x00000006c0000000,0x00000006c0000000,0x00000006cab00000)
 Metaspace       used 19494K, capacity 19735K, committed 20096K, reserved 1067008K
  class space    used 1989K, capacity 2050K, committed 2176K, reserved 1048576K
Event: 2.121 GC heap after
Heap after GC invocations=1 (full 0):
 PSYoungGen      total 76288K, used 9793K [0x000000076ab00000, 0x0000000770000000, 0x00000007c0000000)
  eden space 65536K, 0% used [0x000000076ab00000,0x000000076ab00000,0x000000076eb00000)
  from space 10752K, 91% used [0x000000076eb00000,0x000000076f490510,0x000000076f580000)
  to   space 10752K, 0% used [0x000000076f580000,0x000000076f580000,0x0000000770000000)
 ParOldGen       total 175104K, used 80K [0x00000006c0000000, 0x00000006cab00000, 0x000000076ab00000)
  object space 175104K, 0% used [0x00000006c0000000,0x00000006c0014010,0x00000006cab00000)
 Metaspace       used 19494K, capacity 19735K, committed 20096K, reserved 1067008K
  class space    used 1989K, capacity 2050K, committed 2176K, reserved 1048576K
}
Event: 6.486 GC heap before
{Heap before GC invocations=2 (full 0):
 PSYoungGen      total 76288K, used 75329K [0x000000076ab00000, 0x0000000770000000, 0x00000007c0000000)
  eden space 65536K, 100% used [0x000000076ab00000,0x000000076eb00000,0x000000076eb00000)
  from space 10752K, 91% used [0x000000076eb00000,0x000000076f490510,0x000000076f580000)
  to   space 10752K, 0% used [0x000000076f580000,0x000000076f580000,0x0000000770000000)
 ParOldGen       total 175104K, used 80K [0x00000006c0000000, 0x00000006cab00000, 0x000000076ab00000)
  object space 175104K, 0% used [0x00000006c0000000,0x00000006c0014010,0x00000006cab00000)
 Metaspace       used 20844K, capacity 21095K, committed 21296K, reserved 1069056K
  class space    used 2048K, capacity 2116K, committed 2176K, reserved 1048576K
Event: 6.496 GC heap after
Heap after GC invocations=2 (full 0):
 PSYoungGen      total 76288K, used 10749K [0x000000076ab00000, 0x0000000770000000, 0x00000007c0000000)
  eden space 65536K, 0% used [0x000000076ab00000,0x000000076ab00000,0x000000076eb00000)
  from space 10752K, 99% used [0x000000076f580000,0x000000076ffff5f0,0x0000000770000000)
  to   space 10752K, 0% used [0x000000076eb00000,0x000000076eb00000,0x000000076f580000)
 ParOldGen       total 175104K, used 5637K [0x00000006c0000000, 0x00000006cab00000, 0x000000076ab00000)
  object space 175104K, 3% used [0x00000006c0000000,0x00000006c0581590,0x00000006cab00000)
 Metaspace       used 20844K, capacity 21095K, committed 21296K, reserved 1069056K
  class space    used 2048K, capacity 2116K, committed 2176K, reserved 1048576K
}
Event: 6.653 GC heap before
{Heap before GC invocations=3 (full 0):
 PSYoungGen      total 76288K, used 13971K [0x000000076ab00000, 0x0000000770000000, 0x00000007c0000000)
  eden space 65536K, 4% used [0x000000076ab00000,0x000000076ae25680,0x000000076eb00000)
  from space 10752K, 99% used [0x000000076f580000,0x000000076ffff5f0,0x0000000770000000)
  to   space 10752K, 0% used [0x000000076eb00000,0x000000076eb00000,0x000000076f580000)
 ParOldGen       total 175104K, used 5637K [0x00000006c0000000, 0x00000006cab00000, 0x000000076ab00000)
  object space 175104K, 3% used [0x00000006c0000000,0x00000006c0581590,0x00000006cab00000)
 Metaspace       used 20844K, capacity 21095K, committed 21296K, reserved 1069056K
  class space    used 2048K, capacity 2116K, committed 2176K, reserved 1048576K
Event: 6.658 GC heap after
Heap after GC invocations=3 (full 0):
 PSYoungGen      total 76288K, used 10733K [0x000000076ab00000, 0x0000000774000000, 0x00000007c0000000)
  eden space 65536K, 0% used [0x000000076ab00000,0x000000076ab00000,0x000000076eb00000)
  from space 10752K, 99% used [0x000000076eb00000,0x000000076f57b5e0,0x000000076f580000)
  to   space 10752K, 0% used [0x0000000773580000,0x0000000773580000,0x0000000774000000)
 ParOldGen       total 175104K, used 5693K [0x00000006c0000000, 0x00000006cab00000, 0x000000076ab00000)
  object space 175104K, 3% used [0x00000006c0000000,0x00000006c058f590,0x00000006cab00000)
 Metaspace       used 20844K, capacity 21095K, committed 21296K, reserved 1069056K
  class space    used 2048K, capacity 2116K, committed 2176K, reserved 1048576K
}
Event: 6.658 GC heap before
{Heap before GC invocations=4 (full 1):
 PSYoungGen      total 76288K, used 10733K [0x000000076ab00000, 0x0000000774000000, 0x00000007c0000000)
  eden space 65536K, 0% used [0x000000076ab00000,0x000000076ab00000,0x000000076eb00000)
  from space 10752K, 99% used [0x000000076eb00000,0x000000076f57b5e0,0x000000076f580000)
  to   space 10752K, 0% used [0x0000000773580000,0x0000000773580000,0x0000000774000000)
 ParOldGen       total 175104K, used 5693K [0x00000006c0000000, 0x00000006cab00000, 0x000000076ab00000)
  object space 175104K, 3% used [0x00000006c0000000,0x00000006c058f590,0x00000006cab00000)
 Metaspace       used 20844K, capacity 21095K, committed 21296K, reserved 1069056K
  class space    used 2048K, capacity 2116K, committed 2176K, reserved 1048576K
Event: 6.698 GC heap after
Heap after GC invocations=4 (full 1):
 PSYoungGen      total 76288K, used 0K [0x000000076ab00000, 0x0000000774000000, 0x00000007c0000000)
  eden space 65536K, 0% used [0x000000076ab00000,0x000000076ab00000,0x000000076eb00000)
  from space 10752K, 0% used [0x000000076eb00000,0x000000076eb00000,0x000000076f580000)
  to   space 10752K, 0% used [0x0000000773580000,0x0000000773580000,0x0000000774000000)
 ParOldGen       total 110592K, used 16172K [0x00000006c0000000, 0x00000006c6c00000, 0x000000076ab00000)
  object space 110592K, 14% used [0x00000006c0000000,0x00000006c0fcb0f8,0x00000006c6c00000)
 Metaspace       used 20844K, capacity 21095K, committed 21296K, reserved 1069056K
  class space    used 2048K, capacity 2116K, committed 2176K, reserved 1048576K
}

Deoptimization events (10 events):
Event: 12.343 Thread 0x00007fa4b6079000 Uncommon trap: reason=unstable_if action=reinterpret pc=0x0000000106a6ac90 method=java.awt.Container.isParentOf(Ljava/awt/Component;)Z @ 20
Event: 12.343 Thread 0x00007fa4b6079000 Uncommon trap: reason=class_check action=maybe_recompile pc=0x000000010658a650 method=java.util.Arrays.copyOf([Ljava/lang/Object;ILjava/lang/Class;)[Ljava/lang/Object; @ 24
Event: 12.343 Thread 0x00007fa4b6079000 Uncommon trap: reason=class_check action=maybe_recompile pc=0x000000010658a650 method=java.util.Arrays.copyOf([Ljava/lang/Object;ILjava/lang/Class;)[Ljava/lang/Object; @ 24
Event: 12.344 Thread 0x00007fa4b6079000 Uncommon trap: reason=bimorphic action=maybe_recompile pc=0x000000010699c1cc method=java.awt.Component.isShowing()Z @ 24
Event: 12.344 Thread 0x00007fa4b6079000 Uncommon trap: reason=unstable_if action=reinterpret pc=0x000000010699c260 method=java.awt.Component.isShowing()Z @ 20
Event: 12.344 Thread 0x00007fa4b6079000 Uncommon trap: reason=unstable_if action=reinterpret pc=0x00000001068b1128 method=com.jogamp.common.util.VersionNumber.compareTo(Lcom/jogamp/common/util/VersionNumber;)I @ 21
Event: 12.346 Thread 0x00007fa4b60d0000 Uncommon trap: reason=unstable_if action=reinterpret pc=0x0000000106929cf8 method=java.awt.font.FontRenderContext.equals(Ljava/awt/font/FontRenderContext;)Z @ 2
Event: 12.350 Thread 0x00007fa4b60b1000 Uncommon trap: reason=unstable_if action=reinterpret pc=0x000000010671f624 method=java.util.HashMap.putVal(ILjava/lang/Object;Ljava/lang/Object;ZZ)Ljava/lang/Object; @ 81
Event: 12.350 Thread 0x00007fa4b60b1000 Uncommon trap: reason=unstable_if action=reinterpret pc=0x000000010671567c method=java.util.HashMap.putVal(ILjava/lang/Object;Ljava/lang/Object;ZZ)Ljava/lang/Object; @ 81
Event: 12.360 Thread 0x00007fa4b6079000 Uncommon trap: reason=unstable_if action=reinterpret pc=0x0000000106b4a548 method=java.security.AccessControlContext.optimize()Ljava/security/AccessControlContext; @ 233

Internal exceptions (10 events):
Event: 0.232 Thread 0x00007fa4b4006000 Exception <a 'java/io/FileNotFoundException'> (0x000000076afc5860) thrown at [/Users/java_re/workspace/8-2-build-macosx-x86_64/jdk8u65/4987/hotspot/src/share/vm/prims/jni.cpp, line 709]
Event: 0.303 Thread 0x00007fa4b4006000 Exception <a 'java/io/FileNotFoundException'> (0x000000076b1a7c68) thrown at [/Users/java_re/workspace/8-2-build-macosx-x86_64/jdk8u65/4987/hotspot/src/share/vm/prims/jni.cpp, line 709]
Event: 1.132 Thread 0x00007fa4b3a8f000 Exception <a 'java/lang/UnsatisfiedLinkError': com.jogamp.common.util.JarUtil.fixNativeLibAttribs(Ljava/lang/String;)Z> (0x000000076c7ff800) thrown at [/Users/java_re/workspace/8-2-build-macosx-x86_64/jdk8u65/4987/hotspot/src/share/vm/prims/nativeLookup.c
Event: 1.782 Thread 0x00007fa4b6079000 Exception <a 'java/io/FileNotFoundException'> (0x000000076db62b08) thrown at [/Users/java_re/workspace/8-2-build-macosx-x86_64/jdk8u65/4987/hotspot/src/share/vm/prims/jni.cpp, line 709]
Event: 1.783 Thread 0x00007fa4b6079000 Exception <a 'java/io/FileNotFoundException'> (0x000000076db69fa0) thrown at [/Users/java_re/workspace/8-2-build-macosx-x86_64/jdk8u65/4987/hotspot/src/share/vm/prims/jni.cpp, line 709]
Event: 1.783 Thread 0x00007fa4b6079000 Implicit null exception at 0x000000010633d2b5 to 0x000000010633d619
Event: 2.123 Thread 0x00007fa4b3009000 Exception <a 'java/lang/NullPointerException'> (0x000000076ad141f8) thrown at [/Users/java_re/workspace/8-2-build-macosx-x86_64/jdk8u65/4987/hotspot/src/share/vm/interpreter/linkResolver.cpp, line 1178]
Event: 8.887 Thread 0x00007fa4b6079000 Implicit null exception at 0x0000000106b366df to 0x0000000106b36bf1
Event: 8.887 Thread 0x00007fa4b6079000 Exception <a 'java/lang/NullPointerException'> (0x000000076bd03548) thrown at [/Users/java_re/workspace/8-2-build-macosx-x86_64/jdk8u65/4987/hotspot/src/share/vm/runtime/sharedRuntime.cpp, line 605]
Event: 12.344 Thread 0x00007fa4b6079000 Implicit null exception at 0x000000010699c129 to 0x000000010699c252

Events (10 events):
Event: 12.360 Thread 0x00007fa4b6079000 DEOPT UNPACKING pc=0x000000010618e229 sp=0x0000700002080880 mode 2
Event: 12.360 loading class java/awt/LightweightDispatcher$2
Event: 12.360 loading class java/awt/LightweightDispatcher$2 done
Event: 12.360 loading class java/awt/event/AWTEventListenerProxy
Event: 12.360 loading class java/awt/event/AWTEventListenerProxy done
Event: 12.360 loading class java/awt/Toolkit$ToolkitEventMulticaster
Event: 12.361 loading class java/awt/Toolkit$ToolkitEventMulticaster done
Event: 12.361 Thread 0x00007fa4b60b1000 Thread exited: 0x00007fa4b60b1000
Event: 12.361 loading class java/awt/Window$1DisposeAction
Event: 12.361 loading class java/awt/Window$1DisposeAction done


Dynamic libraries:
0x000000000950b000 	/System/Library/Frameworks/Cocoa.framework/Versions/A/Cocoa
0x000000000950b000 	/System/Library/Frameworks/Security.framework/Versions/A/Security
0x000000000950b000 	/System/Library/Frameworks/ApplicationServices.framework/Versions/A/ApplicationServices
0x000000000950b000 	/usr/lib/libz.1.dylib
0x000000000950b000 	/usr/lib/libSystem.B.dylib
0x000000000950b000 	/usr/lib/libobjc.A.dylib
0x000000000950b000 	/System/Library/Frameworks/CoreFoundation.framework/Versions/A/CoreFoundation
0x000000000950b000 	/System/Library/Frameworks/Foundation.framework/Versions/C/Foundation
0x000000000950b000 	/System/Library/Frameworks/AppKit.framework/Versions/C/AppKit
0x000000000950b000 	/System/Library/Frameworks/CoreData.framework/Versions/A/CoreData
0x000000000950b000 	/System/Library/PrivateFrameworks/RemoteViewServices.framework/Versions/A/RemoteViewServices
0x000000000950b000 	/System/Library/PrivateFrameworks/UIFoundation.framework/Versions/A/UIFoundation
0x000000000950b000 	/usr/lib/libScreenReader.dylib
0x000000000950b000 	/System/Library/Frameworks/Accelerate.framework/Versions/A/Accelerate
0x000000000950b000 	/System/Library/Frameworks/IOSurface.framework/Versions/A/IOSurface
0x000000000950b000 	/System/Library/Frameworks/AudioToolbox.framework/Versions/A/AudioToolbox
0x000000000950b000 	/System/Library/Frameworks/AudioUnit.framework/Versions/A/AudioUnit
0x000000000950b000 	/System/Library/PrivateFrameworks/DataDetectorsCore.framework/Versions/A/DataDetectorsCore
0x000000000950b000 	/System/Library/PrivateFrameworks/DesktopServicesPriv.framework/Versions/A/DesktopServicesPriv
0x000000000950b000 	/System/Library/Frameworks/Carbon.framework/Versions/A/Frameworks/HIToolbox.framework/Versions/A/HIToolbox
0x000000000950b000 	/System/Library/Frameworks/QuartzCore.framework/Versions/A/QuartzCore
0x000000000950b000 	/System/Library/Frameworks/Carbon.framework/Versions/A/Frameworks/SpeechRecognition.framework/Versions/A/SpeechRecognition
0x000000000950b000 	/usr/lib/libauto.dylib
0x000000000950b000 	/usr/lib/libicucore.A.dylib
0x000000000950b000 	/usr/lib/libxml2.2.dylib
0x000000000950b000 	/System/Library/PrivateFrameworks/CoreUI.framework/Versions/A/CoreUI
0x000000000950b000 	/System/Library/Frameworks/CoreAudio.framework/Versions/A/CoreAudio
0x000000000950b000 	/System/Library/Frameworks/DiskArbitration.framework/Versions/A/DiskArbitration
0x000000000950b000 	/usr/lib/liblangid.dylib
0x000000000950b000 	/System/Library/PrivateFrameworks/MultitouchSupport.framework/Versions/A/MultitouchSupport
0x000000000950b000 	/System/Library/Frameworks/IOKit.framework/Versions/A/IOKit
0x000000000950b000 	/usr/lib/libDiagnosticMessagesClient.dylib
0x000000000950b000 	/System/Library/Frameworks/CoreServices.framework/Versions/A/CoreServices
0x000000000950b000 	/System/Library/PrivateFrameworks/PerformanceAnalysis.framework/Versions/A/PerformanceAnalysis
0x000000000950b000 	/System/Library/PrivateFrameworks/GenerationalStorage.framework/Versions/A/GenerationalStorage
0x000000000950b000 	/System/Library/Frameworks/OpenGL.framework/Versions/A/OpenGL
0x000000000950b000 	/System/Library/PrivateFrameworks/Sharing.framework/Versions/A/Sharing
0x000000000950b000 	/System/Library/Frameworks/CoreGraphics.framework/Versions/A/CoreGraphics
0x000000000950b000 	/System/Library/Frameworks/CoreImage.framework/Versions/A/CoreImage
0x000000000950b000 	/System/Library/Frameworks/CoreText.framework/Versions/A/CoreText
0x000000000950b000 	/System/Library/Frameworks/ImageIO.framework/Versions/A/ImageIO
0x000000000950b000 	/System/Library/PrivateFrameworks/Backup.framework/Versions/A/Backup
0x000000000950b000 	/usr/lib/libextension.dylib
0x000000000950b000 	/usr/lib/libarchive.2.dylib
0x000000000950b000 	/System/Library/Frameworks/CFNetwork.framework/Versions/A/CFNetwork
0x000000000950b000 	/System/Library/Frameworks/SystemConfiguration.framework/Versions/A/SystemConfiguration
0x000000000950b000 	/usr/lib/libCRFSuite.dylib
0x000000000950b000 	/usr/lib/libc++.1.dylib
0x000000000950b000 	/usr/lib/libc++abi.dylib
0x000000000950b000 	/usr/lib/system/libcache.dylib
0x000000000950b000 	/usr/lib/system/libcommonCrypto.dylib
0x000000000950b000 	/usr/lib/system/libcompiler_rt.dylib
0x000000000950b000 	/usr/lib/system/libcopyfile.dylib
0x000000000950b000 	/usr/lib/system/libcorecrypto.dylib
0x000000000950b000 	/usr/lib/system/libdispatch.dylib
0x000000000950b000 	/usr/lib/system/libdyld.dylib
0x000000000950b000 	/usr/lib/system/libkeymgr.dylib
0x000000000950b000 	/usr/lib/system/liblaunch.dylib
0x000000000950b000 	/usr/lib/system/libmacho.dylib
0x000000000950b000 	/usr/lib/system/libquarantine.dylib
0x000000000950b000 	/usr/lib/system/libremovefile.dylib
0x000000000950b000 	/usr/lib/system/libsystem_asl.dylib
0x000000000950b000 	/usr/lib/system/libsystem_blocks.dylib
0x000000000950b000 	/usr/lib/system/libsystem_c.dylib
0x000000000950b000 	/usr/lib/system/libsystem_configuration.dylib
0x000000000950b000 	/usr/lib/system/libsystem_coreservices.dylib
0x000000000950b000 	/usr/lib/system/libsystem_coretls.dylib
0x000000000950b000 	/usr/lib/system/libsystem_dnssd.dylib
0x000000000950b000 	/usr/lib/system/libsystem_info.dylib
0x000000000950b000 	/usr/lib/system/libsystem_kernel.dylib
0x000000000950b000 	/usr/lib/system/libsystem_m.dylib
0x000000000950b000 	/usr/lib/system/libsystem_malloc.dylib
0x000000000950b000 	/usr/lib/system/libsystem_network.dylib
0x000000000950b000 	/usr/lib/system/libsystem_networkextension.dylib
0x000000000950b000 	/usr/lib/system/libsystem_notify.dylib
0x000000000950b000 	/usr/lib/system/libsystem_platform.dylib
0x000000000950b000 	/usr/lib/system/libsystem_pthread.dylib
0x000000000950b000 	/usr/lib/system/libsystem_sandbox.dylib
0x000000000950b000 	/usr/lib/system/libsystem_secinit.dylib
0x000000000950b000 	/usr/lib/system/libsystem_trace.dylib
0x000000000950b000 	/usr/lib/system/libunc.dylib
0x000000000950b000 	/usr/lib/system/libunwind.dylib
0x000000000950b000 	/usr/lib/system/libxpc.dylib
0x000000000950b000 	/usr/lib/libenergytrace.dylib
0x000000000950b000 	/usr/lib/libbsm.0.dylib
0x000000000950b000 	/usr/lib/system/libkxld.dylib
0x000000000950b000 	/usr/lib/libxar.1.dylib
0x000000000950b000 	/usr/lib/libsqlite3.dylib
0x000000000950b000 	/usr/lib/libpam.2.dylib
0x000000000950b000 	/usr/lib/libOpenScriptingUtil.dylib
0x000000000950b000 	/usr/lib/libbz2.1.0.dylib
0x000000000950b000 	/usr/lib/liblzma.5.dylib
0x000000000950b000 	/System/Library/Frameworks/CoreServices.framework/Versions/A/Frameworks/FSEvents.framework/Versions/A/FSEvents
0x000000000950b000 	/System/Library/Frameworks/CoreServices.framework/Versions/A/Frameworks/CarbonCore.framework/Versions/A/CarbonCore
0x000000000950b000 	/System/Library/Frameworks/CoreServices.framework/Versions/A/Frameworks/Metadata.framework/Versions/A/Metadata
0x000000000950b000 	/System/Library/Frameworks/CoreServices.framework/Versions/A/Frameworks/OSServices.framework/Versions/A/OSServices
0x000000000950b000 	/System/Library/Frameworks/CoreServices.framework/Versions/A/Frameworks/SearchKit.framework/Versions/A/SearchKit
0x000000000950b000 	/System/Library/Frameworks/CoreServices.framework/Versions/A/Frameworks/AE.framework/Versions/A/AE
0x000000000950b000 	/System/Library/Frameworks/CoreServices.framework/Versions/A/Frameworks/LaunchServices.framework/Versions/A/LaunchServices
0x000000000950b000 	/System/Library/Frameworks/CoreServices.framework/Versions/A/Frameworks/DictionaryServices.framework/Versions/A/DictionaryServices
0x000000000950b000 	/System/Library/Frameworks/CoreServices.framework/Versions/A/Frameworks/SharedFileList.framework/Versions/A/SharedFileList
0x000000000950b000 	/System/Library/Frameworks/NetFS.framework/Versions/A/NetFS
0x000000000950b000 	/System/Library/PrivateFrameworks/NetAuth.framework/Versions/A/NetAuth
0x000000000950b000 	/System/Library/PrivateFrameworks/login.framework/Versions/A/Frameworks/loginsupport.framework/Versions/A/loginsupport
0x000000000950b000 	/System/Library/PrivateFrameworks/TCC.framework/Versions/A/TCC
0x000000000950b000 	/usr/lib/libmecabra.dylib
0x000000000950b000 	/System/Library/Frameworks/ApplicationServices.framework/Versions/A/Frameworks/ATS.framework/Versions/A/ATS
0x000000000950b000 	/System/Library/Frameworks/ApplicationServices.framework/Versions/A/Frameworks/ColorSync.framework/Versions/A/ColorSync
0x000000000950b000 	/System/Library/Frameworks/ApplicationServices.framework/Versions/A/Frameworks/HIServices.framework/Versions/A/HIServices
0x000000000950b000 	/System/Library/Frameworks/ApplicationServices.framework/Versions/A/Frameworks/LangAnalysis.framework/Versions/A/LangAnalysis
0x000000000950b000 	/System/Library/Frameworks/ApplicationServices.framework/Versions/A/Frameworks/PrintCore.framework/Versions/A/PrintCore
0x000000000950b000 	/System/Library/Frameworks/ApplicationServices.framework/Versions/A/Frameworks/QD.framework/Versions/A/QD
0x000000000950b000 	/System/Library/Frameworks/ApplicationServices.framework/Versions/A/Frameworks/SpeechSynthesis.framework/Versions/A/SpeechSynthesis
0x000000000950b000 	/System/Library/Frameworks/Metal.framework/Versions/A/Metal
0x000000000950b000 	/System/Library/Frameworks/Accelerate.framework/Versions/A/Frameworks/vImage.framework/Versions/A/vImage
0x000000000950b000 	/System/Library/Frameworks/Accelerate.framework/Versions/A/Frameworks/vecLib.framework/Versions/A/vecLib
0x000000000950b000 	/System/Library/Frameworks/Accelerate.framework/Versions/A/Frameworks/vecLib.framework/Versions/A/libvDSP.dylib
0x000000000950b000 	/System/Library/Frameworks/Accelerate.framework/Versions/A/Frameworks/vecLib.framework/Versions/A/libvMisc.dylib
0x000000000950b000 	/System/Library/Frameworks/Accelerate.framework/Versions/A/Frameworks/vecLib.framework/Versions/A/libLAPACK.dylib
0x000000000950b000 	/System/Library/Frameworks/Accelerate.framework/Versions/A/Frameworks/vecLib.framework/Versions/A/libBLAS.dylib
0x000000000950b000 	/System/Library/Frameworks/Accelerate.framework/Versions/A/Frameworks/vecLib.framework/Versions/A/libLinearAlgebra.dylib
0x000000000950b000 	/System/Library/Frameworks/Accelerate.framework/Versions/A/Frameworks/vecLib.framework/Versions/A/libSparseBLAS.dylib
0x000000000950b000 	/System/Library/PrivateFrameworks/GPUCompiler.framework/libmetal_timestamp.dylib
0x000000000950b000 	/System/Library/Frameworks/OpenGL.framework/Versions/A/Libraries/libCoreFSCache.dylib
0x000000000950b000 	/System/Library/PrivateFrameworks/IOAccelerator.framework/Versions/A/IOAccelerator
0x000000000950b000 	/System/Library/Frameworks/ApplicationServices.framework/Versions/A/Frameworks/ATS.framework/Versions/A/Resources/libFontParser.dylib
0x000000000950b000 	/System/Library/Frameworks/ApplicationServices.framework/Versions/A/Frameworks/ATS.framework/Versions/A/Resources/libFontRegistry.dylib
0x000000000950b000 	/System/Library/PrivateFrameworks/AppleVPA.framework/Versions/A/AppleVPA
0x000000000950b000 	/System/Library/PrivateFrameworks/AppleJPEG.framework/Versions/A/AppleJPEG
0x000000000950b000 	/System/Library/Frameworks/ImageIO.framework/Versions/A/Resources/libJPEG.dylib
0x000000000950b000 	/System/Library/Frameworks/ImageIO.framework/Versions/A/Resources/libTIFF.dylib
0x000000000950b000 	/System/Library/Frameworks/ImageIO.framework/Versions/A/Resources/libPng.dylib
0x000000000950b000 	/System/Library/Frameworks/ImageIO.framework/Versions/A/Resources/libGIF.dylib
0x000000000950b000 	/System/Library/Frameworks/ImageIO.framework/Versions/A/Resources/libJP2.dylib
0x000000000950b000 	/System/Library/Frameworks/ImageIO.framework/Versions/A/Resources/libRadiance.dylib
0x000000000950b000 	/System/Library/Frameworks/CoreVideo.framework/Versions/A/CoreVideo
0x000000000950b000 	/System/Library/Frameworks/OpenGL.framework/Versions/A/Libraries/libGLU.dylib
0x000000000950b000 	/System/Library/Frameworks/OpenGL.framework/Versions/A/Libraries/libGFXShared.dylib
0x000000000950b000 	/System/Library/Frameworks/OpenGL.framework/Versions/A/Libraries/libGL.dylib
0x000000000950b000 	/System/Library/Frameworks/OpenGL.framework/Versions/A/Libraries/libGLImage.dylib
0x000000000950b000 	/System/Library/Frameworks/OpenGL.framework/Versions/A/Libraries/libCVMSPluginSupport.dylib
0x000000000950b000 	/System/Library/Frameworks/OpenGL.framework/Versions/A/Libraries/libCoreVMClient.dylib
0x000000000950b000 	/usr/lib/libcups.2.dylib
0x000000000950b000 	/System/Library/Frameworks/Kerberos.framework/Versions/A/Kerberos
0x000000000950b000 	/System/Library/Frameworks/GSS.framework/Versions/A/GSS
0x000000000950b000 	/usr/lib/libresolv.9.dylib
0x000000000950b000 	/usr/lib/libiconv.2.dylib
0x000000000950b000 	/System/Library/PrivateFrameworks/Heimdal.framework/Versions/A/Heimdal
0x000000000950b000 	/usr/lib/libheimdal-asn1.dylib
0x000000000950b000 	/System/Library/Frameworks/OpenDirectory.framework/Versions/A/OpenDirectory
0x000000000950b000 	/System/Library/PrivateFrameworks/CommonAuth.framework/Versions/A/CommonAuth
0x000000000950b000 	/System/Library/Frameworks/OpenDirectory.framework/Versions/A/Frameworks/CFOpenDirectory.framework/Versions/A/CFOpenDirectory
0x000000000950b000 	/System/Library/Frameworks/SecurityFoundation.framework/Versions/A/SecurityFoundation
0x000000000950b000 	/System/Library/PrivateFrameworks/LanguageModeling.framework/Versions/A/LanguageModeling
0x000000000950b000 	/usr/lib/libmarisa.dylib
0x000000000950b000 	/usr/lib/libChineseTokenizer.dylib
0x000000000950b000 	/usr/lib/libcmph.dylib
0x000000000950b000 	/usr/lib/libcompression.dylib
0x000000000950b000 	/System/Library/Frameworks/ServiceManagement.framework/Versions/A/ServiceManagement
0x000000000950b000 	/usr/lib/libxslt.1.dylib
0x000000000950b000 	/System/Library/Frameworks/Carbon.framework/Versions/A/Frameworks/Ink.framework/Versions/A/Ink
0x000000000950b000 	/usr/lib/libFosl_dynamic.dylib
0x000000000950b000 	/System/Library/PrivateFrameworks/FaceCore.framework/Versions/A/FaceCore
0x000000000950b000 	/System/Library/Frameworks/OpenCL.framework/Versions/A/OpenCL
0x000000000950b000 	/System/Library/PrivateFrameworks/CrashReporterSupport.framework/Versions/A/CrashReporterSupport
0x000000000950b000 	/System/Library/PrivateFrameworks/IconServices.framework/Versions/A/IconServices
0x000000000950b000 	/System/Library/PrivateFrameworks/Apple80211.framework/Versions/A/Apple80211
0x000000000950b000 	/System/Library/Frameworks/CoreWLAN.framework/Versions/A/CoreWLAN
0x000000000950b000 	/System/Library/Frameworks/IOBluetooth.framework/Versions/A/IOBluetooth
0x000000000950b000 	/System/Library/PrivateFrameworks/CoreWiFi.framework/Versions/A/CoreWiFi
0x000000000950b000 	/System/Library/Frameworks/CoreBluetooth.framework/Versions/A/CoreBluetooth
0x000000000950b000 	/System/Library/PrivateFrameworks/ChunkingLibrary.framework/Versions/A/ChunkingLibrary
0x000000000950b000 	/System/Library/PrivateFrameworks/DebugSymbols.framework/Versions/A/DebugSymbols
0x000000000950b000 	/System/Library/PrivateFrameworks/CoreSymbolication.framework/Versions/A/CoreSymbolication
0x000000000950b000 	/System/Library/PrivateFrameworks/Symbolication.framework/Versions/A/Symbolication
0x000000000950b000 	/System/Library/PrivateFrameworks/SpeechRecognitionCore.framework/Versions/A/SpeechRecognitionCore
0x0000000105200000 	/Library/Java/JavaVirtualMachines/jdk1.8.0_65.jdk/Contents/Home/jre/lib/server/libjvm.dylib
0x0000000104068000 	/usr/lib/libstdc++.6.dylib
0x000000010411f000 	/Library/Java/JavaVirtualMachines/jdk1.8.0_65.jdk/Contents/Home/jre/lib/libverify.dylib
0x000000010412d000 	/Library/Java/JavaVirtualMachines/jdk1.8.0_65.jdk/Contents/Home/jre/lib/libjava.dylib
0x000000010416c000 	/Library/Java/JavaVirtualMachines/jdk1.8.0_65.jdk/Contents/Home/jre/lib/libzip.dylib
0x00000001211c6000 	/System/Library/Frameworks/JavaVM.framework/Frameworks/JavaRuntimeSupport.framework/JavaRuntimeSupport
0x00000001211e1000 	/System/Library/Frameworks/JavaVM.framework/Versions/A/Frameworks/JavaNativeFoundation.framework/Versions/A/JavaNativeFoundation
0x00000001041ee000 	/System/Library/Frameworks/JavaVM.framework/Versions/A/JavaVM
0x000000000950b000 	/System/Library/Frameworks/Carbon.framework/Versions/A/Carbon
0x00000001211f6000 	/System/Library/PrivateFrameworks/JavaLaunching.framework/Versions/A/JavaLaunching
0x000000000950b000 	/System/Library/Frameworks/Carbon.framework/Versions/A/Frameworks/CommonPanels.framework/Versions/A/CommonPanels
0x000000000950b000 	/System/Library/Frameworks/Carbon.framework/Versions/A/Frameworks/Help.framework/Versions/A/Help
0x000000000950b000 	/System/Library/Frameworks/Carbon.framework/Versions/A/Frameworks/ImageCapture.framework/Versions/A/ImageCapture
0x000000000950b000 	/System/Library/Frameworks/Carbon.framework/Versions/A/Frameworks/OpenScripting.framework/Versions/A/OpenScripting
0x000000000950b000 	/System/Library/Frameworks/Carbon.framework/Versions/A/Frameworks/Print.framework/Versions/A/Print
0x000000000950b000 	/System/Library/Frameworks/Carbon.framework/Versions/A/Frameworks/SecurityHI.framework/Versions/A/SecurityHI
0x0000000122b4e000 	/Library/Java/JavaVirtualMachines/jdk1.8.0_65.jdk/Contents/Home/jre/lib/libawt.dylib
0x0000000122bf6000 	/Library/Java/JavaVirtualMachines/jdk1.8.0_65.jdk/Contents/Home/jre/lib/./libmlib_image.dylib
0x0000000122cc2000 	/Library/Java/JavaVirtualMachines/jdk1.8.0_65.jdk/Contents/Home/jre/lib/libawt_lwawt.dylib
0x0000000122d77000 	/Library/Java/JavaVirtualMachines/jdk1.8.0_65.jdk/Contents/Home/jre/lib/./libosxapp.dylib
0x000000000950b000 	/System/Library/Frameworks/ExceptionHandling.framework/Versions/A/ExceptionHandling
0x000000000950b000 	/System/Library/PrivateFrameworks/CoreServicesInternal.framework/Versions/A/CoreServicesInternal
0x000000000950b000 	/System/Library/Frameworks/CoreGraphics.framework/Versions/A/Resources/libRIP.A.dylib
0x0000000123b83000 	/System/Library/Frameworks/Accelerate.framework/Frameworks/vImage.framework/Versions/A/Libraries/libCGInterfaces.dylib
0x000000000950b000 	/System/Library/Frameworks/CoreGraphics.framework/Versions/A/Resources/libCGXType.A.dylib
0x000000000950b000 	/System/Library/Frameworks/OpenCL.framework/Versions/A/Libraries/libcldcpuengine.dylib
0x000000000950b000 	/System/Library/PrivateFrameworks/DiskImages.framework/Versions/A/DiskImages
0x000000000950b000 	/System/Library/Frameworks/DiscRecording.framework/Versions/A/DiscRecording
0x000000000950b000 	/usr/lib/libcsfde.dylib
0x000000000950b000 	/usr/lib/libcurl.4.dylib
0x000000000950b000 	/System/Library/PrivateFrameworks/MediaKit.framework/Versions/A/MediaKit
0x000000000950b000 	/System/Library/PrivateFrameworks/ProtectedCloudStorage.framework/Versions/A/ProtectedCloudStorage
0x000000000950b000 	/usr/lib/libCoreStorage.dylib
0x000000000950b000 	/System/Library/PrivateFrameworks/EFILogin.framework/Versions/A/EFILogin
0x000000000950b000 	/usr/lib/libutil.dylib
0x000000000950b000 	/System/Library/PrivateFrameworks/FindMyDevice.framework/Versions/A/FindMyDevice
0x000000000950b000 	/System/Library/Frameworks/LDAP.framework/Versions/A/LDAP
0x000000000950b000 	/usr/lib/libsasl2.2.dylib
0x000000000950b000 	/System/Library/PrivateFrameworks/CoreDaemon.framework/Versions/B/CoreDaemon
0x000000000950b000 	/usr/lib/libcrypto.0.9.8.dylib
0x000000000950b000 	/System/Library/PrivateFrameworks/AppleSRP.framework/Versions/A/AppleSRP
0x000000000950b000 	/System/Library/PrivateFrameworks/TrustEvaluationAgent.framework/Versions/A/TrustEvaluationAgent
0x0000000124993000 	cl_kernels
0x000000000950b000 	/System/Library/Frameworks/OpenCL.framework/Versions/A/Libraries/ImageFormats/unorm8_bgra.dylib
0x000000000950b000 	/System/Library/Frameworks/OpenCL.framework/Versions/A/Libraries/ImageFormats/unorm8_rgba.dylib
0x000000000950b000 	/System/Library/PrivateFrameworks/FamilyControls.framework/Versions/A/FamilyControls
0x000000000950b000 	/System/Library/PrivateFrameworks/CommerceKit.framework/Versions/A/Frameworks/CommerceCore.framework/Versions/A/CommerceCore
0x000000000950b000 	/System/Library/PrivateFrameworks/SystemAdministration.framework/Versions/A/SystemAdministration
0x000000000950b000 	/System/Library/PrivateFrameworks/AppContainer.framework/Versions/A/AppContainer
0x000000000950b000 	/System/Library/PrivateFrameworks/SecCodeWrapper.framework/Versions/A/SecCodeWrapper
0x000000000950b000 	/System/Library/Frameworks/DirectoryService.framework/Versions/A/DirectoryService
0x000000000950b000 	/System/Library/PrivateFrameworks/LoginUIKit.framework/Versions/A/Frameworks/LoginUICore.framework/Versions/A/LoginUICore
0x000000000950b000 	/usr/lib/libodfde.dylib
0x0000000125aac000 	/System/Library/Frameworks/OpenGL.framework/Resources/GLEngine.bundle/GLEngine
0x000000000950b000 	/System/Library/Frameworks/OpenGL.framework/Versions/A/Libraries/libGLProgrammability.dylib
0x0000000125c94000 	/System/Library/Extensions/AppleIntelHD5000GraphicsGLDriver.bundle/Contents/MacOS/AppleIntelHD5000GraphicsGLDriver
0x000000000950b000 	/System/Library/PrivateFrameworks/GPUSupport.framework/Versions/A/Libraries/libGPUSupportMercury.dylib
0x00000001263e4000 	/System/Library/Frameworks/OpenGL.framework/Resources//GLRendererFloat.bundle/GLRendererFloat
0x0000000126cda000 	/Library/Java/JavaVirtualMachines/jdk1.8.0_65.jdk/Contents/Home/jre/lib/libfontmanager.dylib
0x0000000128227000 	/Library/Java/JavaVirtualMachines/jdk1.8.0_65.jdk/Contents/Home/jre/lib/libosxui.dylib
0x0000000128f33000 	/Library/Java/JavaVirtualMachines/jdk1.8.0_65.jdk/Contents/Home/jre/lib/libnet.dylib
0x0000000128f4a000 	/Library/Java/JavaVirtualMachines/jdk1.8.0_65.jdk/Contents/Home/jre/lib/libnio.dylib
0x000000000950b000 	/System/Library/Frameworks/ApplicationServices.framework/Versions/A/Frameworks/ATS.framework/Versions/A/Resources/libTrueTypeScaler.dylib
0x000000017a0aa000 	/System/Library/Extensions/AppleIntelHD5000GraphicsMTLDriver.bundle/Contents/MacOS/AppleIntelHD5000GraphicsMTLDriver
0x000000017a047000 	/private/var/folders/4x/fmk2m66x61b3x5qnjlmt61jw0000gp/T/jogamp_0000/file_cache/jln6447133306844012516/jln7269079857853318070/libgluegen-rt.jnilib
0x0000000127fb2000 	/private/var/folders/4x/fmk2m66x61b3x5qnjlmt61jw0000gp/T/jogamp_0000/file_cache/jln6447133306844012516/jln7269079857853318070/libnativewindow_awt.jnilib
0x000000017a04b000 	/Library/Java/JavaVirtualMachines/jdk1.8.0_65.jdk/Contents/Home/jre/lib/libjawt.dylib
0x000000017a04e000 	/private/var/folders/4x/fmk2m66x61b3x5qnjlmt61jw0000gp/T/jogamp_0000/file_cache/jln6447133306844012516/jln7269079857853318070/libnativewindow_macosx.jnilib
0x000000017f6c5000 	/private/var/folders/4x/fmk2m66x61b3x5qnjlmt61jw0000gp/T/jogamp_0000/file_cache/jln6447133306844012516/jln7269079857853318070/libjogl_desktop.jnilib
0x00000001245d5000 	/Library/Java/JavaVirtualMachines/jdk1.8.0_65.jdk/Contents/Home/jre/lib/libt2k.dylib

VM Arguments:
jvm_args: -Djava.security.policy=java.policy.applet -Dfile.encoding=UTF-8 
java_command: sun.applet.AppletViewer module5.EarthquakeCityMap1451249168555.html
java_class_path (initial): /Users/b10LOUIT/Documents/github/UCSDUnfoldingMaps/build:/Users/b10LOUIT/Documents/github/UCSDUnfoldingMaps/lib/core.jar:/Users/b10LOUIT/Documents/github/UCSDUnfoldingMaps/lib/gluegen-rt.jar:/Users/b10LOUIT/Documents/github/UCSDUnfoldingMaps/lib/jogl-all.jar:/Users/b10LOUIT/Documents/github/UCSDUnfoldingMaps/lib/log4j-1.2.15.jar:/Users/b10LOUIT/Documents/github/UCSDUnfoldingMaps/lib/sqlite-jdbc-3.7.2.jar:/Users/b10LOUIT/Documents/github/UCSDUnfoldingMaps/lib/json4processing.jar:/Users/b10LOUIT/Documents/github/UCSDUnfoldingMaps/lib/libTUIO.jar:/Users/b10LOUIT/Documents/github/UCSDUnfoldingMaps/lib/unfolding.0.9.7-uscd.jar
Launcher Type: SUN_STANDARD

Environment Variables:
PATH=/usr/bin:/bin:/usr/sbin:/sbin
SHELL=/bin/bash
DISPLAY=/private/tmp/com.apple.launchd.lANSwdTao8/org.macosforge.xquartz:0

Signal Handlers:
SIGSEGV: [libjvm.dylib+0x5a6d31], sa_mask[0]=11111111011111110111111111111111, sa_flags=SA_ONSTACK|SA_RESTART|SA_SIGINFO
SIGBUS: [libjvm.dylib+0x5a6d31], sa_mask[0]=11111111011111110111111111111111, sa_flags=SA_RESTART|SA_SIGINFO
SIGFPE: [libjvm.dylib+0x480a40], sa_mask[0]=11111111011111110111111111111111, sa_flags=SA_RESTART|SA_SIGINFO
SIGPIPE: [libjvm.dylib+0x480a40], sa_mask[0]=11111111011111110111111111111111, sa_flags=SA_RESTART|SA_SIGINFO
SIGXFSZ: [libjvm.dylib+0x480a40], sa_mask[0]=11111111011111110111111111111111, sa_flags=SA_RESTART|SA_SIGINFO
SIGILL: [libjvm.dylib+0x480a40], sa_mask[0]=11111111011111110111111111111111, sa_flags=SA_RESTART|SA_SIGINFO
SIGUSR1: SIG_DFL, sa_mask[0]=00000000000000000000000000000000, sa_flags=none
SIGUSR2: [libjvm.dylib+0x48055e], sa_mask[0]=00100000000000000000000000000000, sa_flags=SA_RESTART|SA_SIGINFO
SIGHUP: [libjvm.dylib+0x47eb35], sa_mask[0]=11111111011111110111111111111111, sa_flags=SA_RESTART|SA_SIGINFO
SIGINT: [libjvm.dylib+0x47eb35], sa_mask[0]=11111111011111110111111111111111, sa_flags=SA_RESTART|SA_SIGINFO
SIGTERM: [libjvm.dylib+0x47eb35], sa_mask[0]=11111111011111110111111111111111, sa_flags=SA_RESTART|SA_SIGINFO
SIGQUIT: [libjvm.dylib+0x47eb35], sa_mask[0]=11111111011111110111111111111111, sa_flags=SA_RESTART|SA_SIGINFO


---------------  S Y S T E M  ---------------

OS:Bsduname:Darwin 15.2.0 Darwin Kernel Version 15.2.0: Fri Nov 13 19:56:56 PST 2015; root:xnu-3248.20.55~2/RELEASE_X86_64 x86_64
rlimit: STACK 8192k, CORE 0k, NPROC 709, NOFILE 10240, AS infinity
load average:1.57 1.65 1.76

CPU:total 8 (4 cores per cpu, 2 threads per core) family 6 model 70 stepping 1, cmov, cx8, fxsr, mmx, sse, sse2, sse3, ssse3, sse4.1, sse4.2, popcnt, avx, avx2, aes, clmul, erms, rtm, lzcnt, ht, tsc, tscinvbit, bmi1, bmi2

Memory: 4k page, physical 16777216k(2117696k free)

/proc/meminfo:


vm_info: Java HotSpot(TM) 64-Bit Server VM (25.65-b01) for bsd-amd64 JRE (1.8.0_65-b17), built on Oct  6 2015 15:36:46 by "java_re" with gcc 4.2.1 (Based on Apple Inc. build 5658) (LLVM build 2336.11.00)

time: Sun Dec 27 21:46:20 2015
elapsed time: 12 seconds (0d 0h 0m 12s)

