#
# A fatal error has been detected by the Java Runtime Environment:
#
#  SIGSEGV (0xb) at pc=0x00007fff89c2e4dd, pid=1261, tid=2571
#
# JRE version: Java(TM) SE Runtime Environment (8.0_65-b17) (build 1.8.0_65-b17)
# Java VM: Java HotSpot(TM) 64-Bit Server VM (25.65-b01 mixed mode bsd-amd64 compressed oops)
# Problematic frame:
# C  [libobjc.A.dylib+0x14dd]  objc_msgSend+0x1d
#
# Failed to write core dump. Core dumps have been disabled. To enable core dumping, try "ulimit -c unlimited" before starting Java again
#
# If you would like to submit a bug report, please visit:
#   http://bugreport.java.com/bugreport/crash.jsp
# The crash happened outside the Java Virtual Machine in native code.
# See problematic frame for where to report the bug.
#

---------------  T H R E A D  ---------------

Current thread (0x00007fc859850000):  JavaThread "AWT-AppKit" daemon [_thread_in_native, id=2571, stack(0x00007fff54d53000,0x00007fff55553000)]

siginfo: si_signo: 11 (SIGSEGV), si_code: 1 (SEGV_MAPERR), si_addr: 0x0000000000000018

Registers:
RAX=0x00007fc85fce5a90, RBX=0x000000018087a450, RCX=0x000000012a64af20, RDX=0x000000012a64ac00
RSP=0x00007fff5554e348, RBP=0x00007fff5554e400, RSI=0x00007fff8d492d0e, RDI=0x00007fc85ffba4f0
R8 =0x0000000000000000, R9 =0x00000000000008c0, R10=0x00007fff8d492d0e, R11=0x0000000000000000
R12=0x0000000000000000, R13=0x0000000185f093d8, R14=0x000000018087a440, R15=0x00007fc859850000
RIP=0x00007fff89c2e4dd, EFLAGS=0x0000000000010246, ERR=0x0000000000000004
  TRAPNO=0x000000000000000e

Top of Stack: (sp=0x00007fff5554e348)
0x00007fff5554e348:   0000000180878157 00007fff5554e3a0
0x00007fff5554e358:   0000000000000003 00007fff5554e380
0x00007fff5554e368:   000000010bbf19a6 0000000185f093d8
0x00007fff5554e378:   0000000185f093d8 00007fc85fce5a90
0x00007fff5554e388:   000000018087a6a0 000000018087a710
0x00007fff5554e398:   00007fff7a434770 00007fff7c8b0500
0x00007fff5554e3a8:   000000018087a450 000000018087a690
0x00007fff5554e3b8:   00007fc85fce5a90 00007fc85ffba4f0
0x00007fff5554e3c8:   00007fc861207060 00007fc85fce5a90
0x00007fff5554e3d8:   00007fc85ffba4f0 00007fff5554e488
0x00007fff5554e3e8:   00007fc8598501f8 0000000185f093d8
0x00007fff5554e3f8:   00007fff5554e4b0 00007fff5554e478
0x00007fff5554e408:   000000010c9dc954 0000000185f093d8
0x00007fff5554e418:   00007fff5554e4b0 00007fff5554e478
0x00007fff5554e428:   000000010c9dc6e7 000000010c9dc6a2
0x00007fff5554e438:   00007fff5554e438 0000000185f093d8
0x00007fff5554e448:   00007fff5554e4b0 0000000185f0c010
0x00007fff5554e458:   0000000000000000 0000000185f093d8
0x00007fff5554e468:   0000000000000000 00007fff5554e498
0x00007fff5554e478:   00007fff5554e4f8 000000010c9cec4d
0x00007fff5554e488:   00000006c08ec600 000000010c9d6578
0x00007fff5554e498:   00007fc85fce5a90 00007fff5554e4f8
0x00007fff5554e4a8:   00007fc85ffba4f0 000000010c9d7d82
0x00007fff5554e4b8:   00007fff5554e4b8 0000000185f095a2
0x00007fff5554e4c8:   00007fff5554e520 0000000185f0c010
0x00007fff5554e4d8:   0000000000000000 0000000185f095b0
0x00007fff5554e4e8:   00007fff5554e498 00007fff5554e508
0x00007fff5554e4f8:   00007fff5554e568 000000010c9cec4d
0x00007fff5554e508:   00007fc85fce5a90 00000006c060baa8
0x00007fff5554e518:   00007fc85ffba4f0 00000006c060baa8
0x00007fff5554e528:   00007fff5554e528 000000018948707e
0x00007fff5554e538:   00007fff5554e578 0000000189487138 

Instructions: (pc=0x00007fff89c2e4dd)
0x00007fff89c2e4bd:   44 00 00 48 85 ff 2e 74 62 40 f6 c7 01 2e 75 66
0x00007fff89c2e4cd:   49 bb f8 ff ff ff ff 7f 00 00 4c 23 1f 49 89 f2
0x00007fff89c2e4dd:   45 23 53 18 49 c1 e2 04 4d 03 53 10 49 3b 32 75
0x00007fff89c2e4ed:   04 41 ff 62 08 49 83 3a 01 76 0d 49 83 c2 10 49 

Register to memory mapping:

RAX=0x00007fc85fce5a90 is an unknown value
RBX=0x000000018087a450: Java_jogamp_nativewindow_macosx_OSXUtil_GetScreenRefreshRate0+0x1cf0 in /private/var/folders/4x/fmk2m66x61b3x5qnjlmt61jw0000gp/T/jogamp_0000/file_cache/jln5400942191403831868/jln8263126384531616150/libnativewindow_macosx.jnilib at 0x0000000180873000
RCX=0x000000012a64af20 is an unknown value
RDX=0x000000012a64ac00 is an unknown value
RSP=0x00007fff5554e348 is pointing into the stack for thread: 0x00007fc859850000
RBP=0x00007fff5554e400 is pointing into the stack for thread: 0x00007fc859850000
RSI=0x00007fff8d492d0e is an unknown value
RDI=0x00007fc85ffba4f0 is an unknown value
R8 =0x0000000000000000 is an unknown value
R9 =0x00000000000008c0 is an unknown value
R10=0x00007fff8d492d0e is an unknown value
R11=0x0000000000000000 is an unknown value
R12=0x0000000000000000 is an unknown value
R13={method} {0x0000000185f093d8} 'UnsetJAWTRootSurfaceLayer0' '(JJ)V' in 'jogamp/nativewindow/jawt/macosx/MacOSXJAWTWindow'
R14=0x000000018087a440: Java_jogamp_nativewindow_macosx_OSXUtil_GetScreenRefreshRate0+0x1ce0 in /private/var/folders/4x/fmk2m66x61b3x5qnjlmt61jw0000gp/T/jogamp_0000/file_cache/jln5400942191403831868/jln8263126384531616150/libnativewindow_macosx.jnilib at 0x0000000180873000
R15=0x00007fc859850000 is a thread


Stack: [0x00007fff54d53000,0x00007fff55553000],  sp=0x00007fff5554e348,  free space=8172k
Native frames: (J=compiled Java code, j=interpreted, Vv=VM code, C=native code)
C  [libobjc.A.dylib+0x14dd]  objc_msgSend+0x1d
j  jogamp.nativewindow.jawt.macosx.MacOSXJAWTWindow.UnsetJAWTRootSurfaceLayer0(JJ)V+0
j  jogamp.nativewindow.jawt.macosx.MacOSXJAWTWindow.access$200(JJ)V+2
j  jogamp.nativewindow.jawt.macosx.MacOSXJAWTWindow$1.run()V+38
J 2569 C1 com.jogamp.common.util.RunnableTask.run()V (345 bytes) @ 0x000000010d2da6d4 [0x000000010d2da540+0x194]
v  ~StubRoutines::call_stub
V  [libjvm.dylib+0x2eab02]  JavaCalls::call_helper(JavaValue*, methodHandle*, JavaCallArguments*, Thread*)+0x6ae
V  [libjvm.dylib+0x321bab]  jni_invoke_nonstatic(JNIEnv_*, JavaValue*, _jobject*, JNICallType, _jmethodID*, JNI_ArgumentPusher*, Thread*)+0x2ec
V  [libjvm.dylib+0x31437f]  jni_CallVoidMethod+0x16b
C  [libnativewindow_macosx.jnilib+0x5326]  Java_jogamp_nativewindow_jawt_macosx_MacOSXJAWTWindow_UnsetJAWTRootSurfaceLayer0+0x2b6
C  [Foundation+0x8dd4b]  __NSThreadPerformPerform+0x117
C  [CoreFoundation+0x7e5c1]  __CFRUNLOOP_IS_CALLING_OUT_TO_A_SOURCE0_PERFORM_FUNCTION__+0x11
C  [CoreFoundation+0x70397]  __CFRunLoopDoSources0+0x1a7
C  [CoreFoundation+0x6f93f]  __CFRunLoopRun+0x39f
C  [CoreFoundation+0x6f338]  CFRunLoopRunSpecific+0x128
C  [HIToolbox+0x30935]  RunCurrentEventLoopInMode+0xeb
C  [HIToolbox+0x30677]  ReceiveNextEventCommon+0xb8
C  [HIToolbox+0x305af]  _BlockUntilNextEventMatchingListInModeWithFilter+0x47
C  [AppKit+0x8a0ee]  _DPSNextEvent+0x42b
C  [AppKit+0x456943]  -[NSApplication _nextEventMatchingEventMask:untilDate:inMode:dequeue:]+0x1c6
C  [libosxapp.dylib+0x23aa]  -[NSApplicationAWT nextEventMatchingMask:untilDate:inMode:dequeue:]+0x7c
C  [AppKit+0x7ffc8]  -[NSApplication run]+0x2aa
C  [libosxapp.dylib+0x214d]  +[NSApplicationAWT runAWTLoopWithApp:]+0x9c
C  [libawt_lwawt.dylib+0x44517]  -[AWTStarter starter:]+0x389
C  [Foundation+0x8dd4b]  __NSThreadPerformPerform+0x117
C  [CoreFoundation+0x7e5c1]  __CFRUNLOOP_IS_CALLING_OUT_TO_A_SOURCE0_PERFORM_FUNCTION__+0x11
C  [CoreFoundation+0x7041c]  __CFRunLoopDoSources0+0x22c
C  [CoreFoundation+0x6f93f]  __CFRunLoopRun+0x39f
C  [CoreFoundation+0x6f338]  CFRunLoopRunSpecific+0x128
C  [java+0x6463]  CreateExecutionEnvironment+0x367
C  [java+0x21ac]  JLI_Launch+0x7a0
C  [java+0x84c0]  main+0x65
C  [java+0x1a04]  start+0x34
C  0x0000000000000007

Java frames: (J=compiled Java code, j=interpreted, Vv=VM code)
j  jogamp.nativewindow.jawt.macosx.MacOSXJAWTWindow.UnsetJAWTRootSurfaceLayer0(JJ)V+0
j  jogamp.nativewindow.jawt.macosx.MacOSXJAWTWindow.access$200(JJ)V+2
j  jogamp.nativewindow.jawt.macosx.MacOSXJAWTWindow$1.run()V+38
J 2569 C1 com.jogamp.common.util.RunnableTask.run()V (345 bytes) @ 0x000000010d2da6d4 [0x000000010d2da540+0x194]
v  ~StubRoutines::call_stub

---------------  P R O C E S S  ---------------

Java Threads: ( => current thread )
  0x00007fc8629b1800 JavaThread "Thread-19" [_thread_blocked, id=40219, stack(0x0000700001762000,0x0000700001862000)]
  0x00007fc859244000 JavaThread "AWT-EventQueue-1" [_thread_in_native, id=63003, stack(0x0000700001f83000,0x0000700002083000)]
  0x00007fc85a10e800 JavaThread "DestroyJavaVM" [_thread_blocked, id=5891, stack(0x000070000011a000,0x000070000021a000)]
  0x00007fc85b84f800 JavaThread "AWT-EventQueue-0" [_thread_blocked, id=60935, stack(0x0000700001d7d000,0x0000700001e7d000)]
  0x00007fc85b841000 JavaThread "Java2D Disposer" daemon [_thread_blocked, id=57091, stack(0x0000700001af4000,0x0000700001bf4000)]
  0x00007fc85c176800 JavaThread "Java2D Queue Flusher" daemon [_thread_blocked, id=54279, stack(0x00007000019f1000,0x0000700001af1000)]
  0x00007fc85b071000 JavaThread "AWT-Shutdown" [_thread_blocked, id=32019, stack(0x000070000165f000,0x000070000175f000)]
=>0x00007fc859850000 JavaThread "AWT-AppKit" daemon [_thread_in_native, id=2571, stack(0x00007fff54d53000,0x00007fff55553000)]
  0x00007fc859017000 JavaThread "Service Thread" daemon [_thread_blocked, id=21251, stack(0x0000700001353000,0x0000700001453000)]
  0x00007fc85b004000 JavaThread "C1 CompilerThread3" daemon [_thread_blocked, id=20739, stack(0x0000700001250000,0x0000700001350000)]
  0x00007fc85c050000 JavaThread "C2 CompilerThread2" daemon [_thread_blocked, id=20227, stack(0x000070000114d000,0x000070000124d000)]
  0x00007fc85b003800 JavaThread "C2 CompilerThread1" daemon [_thread_blocked, id=19715, stack(0x000070000104a000,0x000070000114a000)]
  0x00007fc859009000 JavaThread "C2 CompilerThread0" daemon [_thread_blocked, id=19203, stack(0x0000700000f47000,0x0000700001047000)]
  0x00007fc859016000 JavaThread "Signal Dispatcher" daemon [_thread_blocked, id=15887, stack(0x0000700000e44000,0x0000700000f44000)]
  0x00007fc859007800 JavaThread "Finalizer" daemon [_thread_blocked, id=14339, stack(0x0000700000c3b000,0x0000700000d3b000)]
  0x00007fc859006800 JavaThread "Reference Handler" daemon [_thread_blocked, id=13827, stack(0x0000700000b38000,0x0000700000c38000)]

Other Threads:
  0x00007fc85c040800 VMThread [stack: 0x0000700000a35000,0x0000700000b35000] [id=13315]
  0x00007fc85d008000 WatcherThread [stack: 0x0000700001456000,0x0000700001556000] [id=21763]

VM state:not at safepoint (normal execution)

VM Mutex/Monitor currently owned by a thread: None

Heap:
 PSYoungGen      total 76288K, used 59410K [0x000000076ab00000, 0x0000000770000000, 0x00000007c0000000)
  eden space 65536K, 90% used [0x000000076ab00000,0x000000076e4cca30,0x000000076eb00000)
  from space 10752K, 2% used [0x000000076f580000,0x000000076f5b8000,0x0000000770000000)
  to   space 10752K, 0% used [0x000000076eb00000,0x000000076eb00000,0x000000076f580000)
 ParOldGen       total 88576K, used 16213K [0x00000006c0000000, 0x00000006c5680000, 0x000000076ab00000)
  object space 88576K, 18% used [0x00000006c0000000,0x00000006c0fd5720,0x00000006c5680000)
 Metaspace       used 21283K, capacity 21543K, committed 21808K, reserved 1069056K
  class space    used 2053K, capacity 2116K, committed 2176K, reserved 1048576K

Card table byte_map: [0x000000011bd87000,0x000000011c588000] byte_map_base: 0x0000000118787000

Marking Bits: (ParMarkBitMap*) 0x000000010c2dee20
 Begin Bits: [0x000000011cade000, 0x0000000120ade000)
 End Bits:   [0x0000000120ade000, 0x0000000124ade000)

Polling page: 0x000000010a9f2000

CodeCache: size=245760Kb used=11074Kb max_used=11084Kb free=234686Kb
 bounds [0x000000010c9c7000, 0x000000010d4a7000, 0x000000011b9c7000]
 total_blobs=3863 nmethods=2974 adapters=802
 compilation: enabled

Compilation events (10 events):
Event: 25.396 Thread 0x00007fc859009000 2969  s!   4       sun.misc.URLClassPath::getLoader (197 bytes)
Event: 25.396 Thread 0x00007fc85b003800 2971       4       java.lang.AbstractStringBuilder::expandCapacity (50 bytes)
Event: 25.396 Thread 0x00007fc85b004000 2970       3       java.util.Stack::empty (13 bytes)
Event: 25.396 Thread 0x00007fc85b004000 nmethod 2970 0x000000010d4570d0 code [0x000000010d457240, 0x000000010d457610]
Event: 25.398 Thread 0x00007fc85b003800 nmethod 2971 0x000000010d456b90 code [0x000000010d456ce0, 0x000000010d456f78]
Event: 25.401 Thread 0x00007fc859009000 nmethod 2969 0x000000010d4a5510 code [0x000000010d4a5680, 0x000000010d4a5e58]
Event: 25.401 Thread 0x00007fc85b004000 2972       1       sun.java2d.SurfaceData::isValid (5 bytes)
Event: 25.401 Thread 0x00007fc85b004000 nmethod 2972 0x000000010d4568d0 code [0x000000010d456a20, 0x000000010d456b30]
Event: 25.401 Thread 0x00007fc85b004000 2973       3       sun.java2d.pipe.RenderBuffer::putFloat (26 bytes)
Event: 25.401 Thread 0x00007fc85b004000 nmethod 2973 0x000000010d4561d0 code [0x000000010d456340, 0x000000010d4564d0]

GC Heap History (10 events):
Event: 2.348 GC heap before
{Heap before GC invocations=1 (full 0):
 PSYoungGen      total 76288K, used 65536K [0x000000076ab00000, 0x0000000770000000, 0x00000007c0000000)
  eden space 65536K, 100% used [0x000000076ab00000,0x000000076eb00000,0x000000076eb00000)
  from space 10752K, 0% used [0x000000076f580000,0x000000076f580000,0x0000000770000000)
  to   space 10752K, 0% used [0x000000076eb00000,0x000000076eb00000,0x000000076f580000)
 ParOldGen       total 175104K, used 0K [0x00000006c0000000, 0x00000006cab00000, 0x000000076ab00000)
  object space 175104K, 0% used [0x00000006c0000000,0x00000006c0000000,0x00000006cab00000)
 Metaspace       used 19499K, capacity 19735K, committed 20096K, reserved 1067008K
  class space    used 1987K, capacity 2050K, committed 2176K, reserved 1048576K
Event: 2.356 GC heap after
Heap after GC invocations=1 (full 0):
 PSYoungGen      total 76288K, used 8767K [0x000000076ab00000, 0x0000000770000000, 0x00000007c0000000)
  eden space 65536K, 0% used [0x000000076ab00000,0x000000076ab00000,0x000000076eb00000)
  from space 10752K, 81% used [0x000000076eb00000,0x000000076f38fe28,0x000000076f580000)
  to   space 10752K, 0% used [0x000000076f580000,0x000000076f580000,0x0000000770000000)
 ParOldGen       total 175104K, used 80K [0x00000006c0000000, 0x00000006cab00000, 0x000000076ab00000)
  object space 175104K, 0% used [0x00000006c0000000,0x00000006c0014010,0x00000006cab00000)
 Metaspace       used 19499K, capacity 19735K, committed 20096K, reserved 1067008K
  class space    used 1987K, capacity 2050K, committed 2176K, reserved 1048576K
}
Event: 6.670 GC heap before
{Heap before GC invocations=2 (full 0):
 PSYoungGen      total 76288K, used 74303K [0x000000076ab00000, 0x0000000770000000, 0x00000007c0000000)
  eden space 65536K, 100% used [0x000000076ab00000,0x000000076eb00000,0x000000076eb00000)
  from space 10752K, 81% used [0x000000076eb00000,0x000000076f38fe28,0x000000076f580000)
  to   space 10752K, 0% used [0x000000076f580000,0x000000076f580000,0x0000000770000000)
 ParOldGen       total 175104K, used 80K [0x00000006c0000000, 0x00000006cab00000, 0x000000076ab00000)
  object space 175104K, 0% used [0x00000006c0000000,0x00000006c0014010,0x00000006cab00000)
 Metaspace       used 20840K, capacity 21095K, committed 21296K, reserved 1069056K
  class space    used 2043K, capacity 2116K, committed 2176K, reserved 1048576K
Event: 6.679 GC heap after
Heap after GC invocations=2 (full 0):
 PSYoungGen      total 76288K, used 10730K [0x000000076ab00000, 0x0000000770000000, 0x00000007c0000000)
  eden space 65536K, 0% used [0x000000076ab00000,0x000000076ab00000,0x000000076eb00000)
  from space 10752K, 99% used [0x000000076f580000,0x000000076fffa970,0x0000000770000000)
  to   space 10752K, 0% used [0x000000076eb00000,0x000000076eb00000,0x000000076f580000)
 ParOldGen       total 175104K, used 5646K [0x00000006c0000000, 0x00000006cab00000, 0x000000076ab00000)
  object space 175104K, 3% used [0x00000006c0000000,0x00000006c05839d0,0x00000006cab00000)
 Metaspace       used 20840K, capacity 21095K, committed 21296K, reserved 1069056K
  class space    used 2043K, capacity 2116K, committed 2176K, reserved 1048576K
}
Event: 7.355 GC heap before
{Heap before GC invocations=3 (full 0):
 PSYoungGen      total 76288K, used 18012K [0x000000076ab00000, 0x0000000770000000, 0x00000007c0000000)
  eden space 65536K, 11% used [0x000000076ab00000,0x000000076b21c7f0,0x000000076eb00000)
  from space 10752K, 99% used [0x000000076f580000,0x000000076fffa970,0x0000000770000000)
  to   space 10752K, 0% used [0x000000076eb00000,0x000000076eb00000,0x000000076f580000)
 ParOldGen       total 175104K, used 5646K [0x00000006c0000000, 0x00000006cab00000, 0x000000076ab00000)
  object space 175104K, 3% used [0x00000006c0000000,0x00000006c05839d0,0x00000006cab00000)
 Metaspace       used 20862K, capacity 21095K, committed 21296K, reserved 1069056K
  class space    used 2043K, capacity 2116K, committed 2176K, reserved 1048576K
Event: 7.361 GC heap after
Heap after GC invocations=3 (full 0):
 PSYoungGen      total 76288K, used 10746K [0x000000076ab00000, 0x0000000770000000, 0x00000007c0000000)
  eden space 65536K, 0% used [0x000000076ab00000,0x000000076ab00000,0x000000076eb00000)
  from space 10752K, 99% used [0x000000076eb00000,0x000000076f57e960,0x000000076f580000)
  to   space 10752K, 0% used [0x000000076f580000,0x000000076f580000,0x0000000770000000)
 ParOldGen       total 175104K, used 5726K [0x00000006c0000000, 0x00000006cab00000, 0x000000076ab00000)
  object space 175104K, 3% used [0x00000006c0000000,0x00000006c05979d0,0x00000006cab00000)
 Metaspace       used 20862K, capacity 21095K, committed 21296K, reserved 1069056K
  class space    used 2043K, capacity 2116K, committed 2176K, reserved 1048576K
}
Event: 7.361 GC heap before
{Heap before GC invocations=4 (full 1):
 PSYoungGen      total 76288K, used 10746K [0x000000076ab00000, 0x0000000770000000, 0x00000007c0000000)
  eden space 65536K, 0% used [0x000000076ab00000,0x000000076ab00000,0x000000076eb00000)
  from space 10752K, 99% used [0x000000076eb00000,0x000000076f57e960,0x000000076f580000)
  to   space 10752K, 0% used [0x000000076f580000,0x000000076f580000,0x0000000770000000)
 ParOldGen       total 175104K, used 5726K [0x00000006c0000000, 0x00000006cab00000, 0x000000076ab00000)
  object space 175104K, 3% used [0x00000006c0000000,0x00000006c05979d0,0x00000006cab00000)
 Metaspace       used 20862K, capacity 21095K, committed 21296K, reserved 1069056K
  class space    used 2043K, capacity 2116K, committed 2176K, reserved 1048576K
Event: 7.391 GC heap after
Heap after GC invocations=4 (full 1):
 PSYoungGen      total 76288K, used 0K [0x000000076ab00000, 0x0000000770000000, 0x00000007c0000000)
  eden space 65536K, 0% used [0x000000076ab00000,0x000000076ab00000,0x000000076eb00000)
  from space 10752K, 0% used [0x000000076eb00000,0x000000076eb00000,0x000000076f580000)
  to   space 10752K, 0% used [0x000000076f580000,0x000000076f580000,0x0000000770000000)
 ParOldGen       total 88576K, used 16205K [0x00000006c0000000, 0x00000006c5680000, 0x000000076ab00000)
  object space 88576K, 18% used [0x00000006c0000000,0x00000006c0fd3720,0x00000006c5680000)
 Metaspace       used 20862K, capacity 21095K, committed 21296K, reserved 1069056K
  class space    used 2043K, capacity 2116K, committed 2176K, reserved 1048576K
}
Event: 15.722 GC heap before
{Heap before GC invocations=5 (full 1):
 PSYoungGen      total 76288K, used 65536K [0x000000076ab00000, 0x0000000770000000, 0x00000007c0000000)
  eden space 65536K, 100% used [0x000000076ab00000,0x000000076eb00000,0x000000076eb00000)
  from space 10752K, 0% used [0x000000076eb00000,0x000000076eb00000,0x000000076f580000)
  to   space 10752K, 0% used [0x000000076f580000,0x000000076f580000,0x0000000770000000)
 ParOldGen       total 88576K, used 16205K [0x00000006c0000000, 0x00000006c5680000, 0x000000076ab00000)
  object space 88576K, 18% used [0x00000006c0000000,0x00000006c0fd3720,0x00000006c5680000)
 Metaspace       used 21217K, capacity 21415K, committed 21808K, reserved 1069056K
  class space    used 2043K, capacity 2116K, committed 2176K, reserved 1048576K
Event: 15.723 GC heap after
Heap after GC invocations=5 (full 1):
 PSYoungGen      total 76288K, used 224K [0x000000076ab00000, 0x0000000770000000, 0x00000007c0000000)
  eden space 65536K, 0% used [0x000000076ab00000,0x000000076ab00000,0x000000076eb00000)
  from space 10752K, 2% used [0x000000076f580000,0x000000076f5b8000,0x0000000770000000)
  to   space 10752K, 0% used [0x000000076eb00000,0x000000076eb00000,0x000000076f580000)
 ParOldGen       total 88576K, used 16213K [0x00000006c0000000, 0x00000006c5680000, 0x000000076ab00000)
  object space 88576K, 18% used [0x00000006c0000000,0x00000006c0fd5720,0x00000006c5680000)
 Metaspace       used 21217K, capacity 21415K, committed 21808K, reserved 1069056K
  class space    used 2043K, capacity 2116K, committed 2176K, reserved 1048576K
}

Deoptimization events (10 events):
Event: 25.385 Thread 0x00007fc859244000 Uncommon trap: reason=class_check action=maybe_recompile pc=0x000000010cdcb390 method=java.util.Arrays.copyOf([Ljava/lang/Object;ILjava/lang/Class;)[Ljava/lang/Object; @ 24
Event: 25.386 Thread 0x00007fc859244000 Uncommon trap: reason=bimorphic action=maybe_recompile pc=0x000000010d1b6d4c method=java.awt.Component.isShowing()Z @ 24
Event: 25.386 Thread 0x00007fc859244000 Uncommon trap: reason=unstable_if action=reinterpret pc=0x000000010d1b6de0 method=java.awt.Component.isShowing()Z @ 20
Event: 25.386 Thread 0x00007fc85b84f800 Uncommon trap: reason=unstable_if action=reinterpret pc=0x000000010d48eb00 method=java.awt.EventQueue.getPriority(Ljava/awt/AWTEvent;)I @ 71
Event: 25.386 Thread 0x00007fc859244000 Uncommon trap: reason=unstable_if action=reinterpret pc=0x000000010d020268 method=com.jogamp.common.util.VersionNumber.compareTo(Lcom/jogamp/common/util/VersionNumber;)I @ 21
Event: 25.388 Thread 0x00007fc85b84f800 Uncommon trap: reason=unstable_if action=reinterpret pc=0x000000010d144338 method=java.awt.font.FontRenderContext.equals(Ljava/awt/font/FontRenderContext;)Z @ 2
Event: 25.388 Thread 0x00007fc85b84f800 Uncommon trap: reason=unstable_if action=reinterpret pc=0x000000010d175414 method=java.awt.Font.equals(Ljava/lang/Object;)Z @ 2
Event: 25.388 Thread 0x00007fc85b08e000 Uncommon trap: reason=unstable_if action=reinterpret pc=0x000000010ce81d68 method=java.util.HashMap.putVal(ILjava/lang/Object;Ljava/lang/Object;ZZ)Ljava/lang/Object; @ 81
Event: 25.388 Thread 0x00007fc85b08e000 Uncommon trap: reason=unstable_if action=reinterpret pc=0x000000010ce6f1fc method=java.util.HashMap.putVal(ILjava/lang/Object;Ljava/lang/Object;ZZ)Ljava/lang/Object; @ 81
Event: 25.400 Thread 0x00007fc859244000 Uncommon trap: reason=unstable_if action=reinterpret pc=0x000000010d2ff314 method=java.security.AccessControlContext.optimize()Ljava/security/AccessControlContext; @ 233

Internal exceptions (10 events):
Event: 0.273 Thread 0x00007fc859806800 Exception <a 'java/io/FileNotFoundException'> (0x000000076afc4d00) thrown at [/Users/java_re/workspace/8-2-build-macosx-x86_64/jdk8u65/4987/hotspot/src/share/vm/prims/jni.cpp, line 709]
Event: 0.273 Thread 0x00007fc859806800 Exception <a 'java/io/FileNotFoundException'> (0x000000076afc5860) thrown at [/Users/java_re/workspace/8-2-build-macosx-x86_64/jdk8u65/4987/hotspot/src/share/vm/prims/jni.cpp, line 709]
Event: 0.380 Thread 0x00007fc859806800 Exception <a 'java/io/FileNotFoundException'> (0x000000076b1a7c68) thrown at [/Users/java_re/workspace/8-2-build-macosx-x86_64/jdk8u65/4987/hotspot/src/share/vm/prims/jni.cpp, line 709]
Event: 1.353 Thread 0x00007fc859244800 Exception <a 'java/lang/UnsatisfiedLinkError': com.jogamp.common.util.JarUtil.fixNativeLibAttribs(Ljava/lang/String;)Z> (0x000000076c7f53f8) thrown at [/Users/java_re/workspace/8-2-build-macosx-x86_64/jdk8u65/4987/hotspot/src/share/vm/prims/nativeLookup.c
Event: 2.029 Thread 0x00007fc859244000 Exception <a 'java/io/FileNotFoundException'> (0x000000076db59660) thrown at [/Users/java_re/workspace/8-2-build-macosx-x86_64/jdk8u65/4987/hotspot/src/share/vm/prims/jni.cpp, line 709]
Event: 2.030 Thread 0x00007fc859244000 Exception <a 'java/io/FileNotFoundException'> (0x000000076db60af8) thrown at [/Users/java_re/workspace/8-2-build-macosx-x86_64/jdk8u65/4987/hotspot/src/share/vm/prims/jni.cpp, line 709]
Event: 2.030 Thread 0x00007fc859244000 Implicit null exception at 0x000000010cb759f5 to 0x000000010cb75d59
Event: 2.358 Thread 0x00007fc859007800 Exception <a 'java/lang/NullPointerException'> (0x000000076ad16900) thrown at [/Users/java_re/workspace/8-2-build-macosx-x86_64/jdk8u65/4987/hotspot/src/share/vm/interpreter/linkResolver.cpp, line 1178]
Event: 22.943 Thread 0x00007fc859244000 Implicit null exception at 0x000000010d3d85f8 to 0x000000010d3d88b9
Event: 25.386 Thread 0x00007fc859244000 Implicit null exception at 0x000000010d1b6ca9 to 0x000000010d1b6dd2

Events (10 events):
Event: 25.400 loading class java/awt/LightweightDispatcher$2 done
Event: 25.400 loading class java/awt/event/AWTEventListenerProxy
Event: 25.400 loading class java/awt/event/AWTEventListenerProxy done
Event: 25.400 Executing VM operation: Deoptimize
Event: 25.400 Executing VM operation: Deoptimize done
Event: 25.400 loading class java/awt/Toolkit$ToolkitEventMulticaster
Event: 25.401 loading class java/awt/Toolkit$ToolkitEventMulticaster done
Event: 25.401 Thread 0x00007fc85b08e000 Thread exited: 0x00007fc85b08e000
Event: 25.401 loading class java/awt/Window$1DisposeAction
Event: 25.401 loading class java/awt/Window$1DisposeAction done


Dynamic libraries:
0x000000000950b000 	/System/Library/Frameworks/Cocoa.framework/Versions/A/Cocoa
0x000000000950b000 	/System/Library/Frameworks/Security.framework/Versions/A/Security
0x000000000950b000 	/System/Library/Frameworks/ApplicationServices.framework/Versions/A/ApplicationServices
0x000000000950b000 	/usr/lib/libz.1.dylib
0x000000000950b000 	/usr/lib/libSystem.B.dylib
0x000000000950b000 	/usr/lib/libobjc.A.dylib
0x000000000950b000 	/System/Library/Frameworks/CoreFoundation.framework/Versions/A/CoreFoundation
0x000000000950b000 	/System/Library/Frameworks/Foundation.framework/Versions/C/Foundation
0x000000000950b000 	/System/Library/Frameworks/AppKit.framework/Versions/C/AppKit
0x000000000950b000 	/System/Library/Frameworks/CoreData.framework/Versions/A/CoreData
0x000000000950b000 	/System/Library/PrivateFrameworks/RemoteViewServices.framework/Versions/A/RemoteViewServices
0x000000000950b000 	/System/Library/PrivateFrameworks/UIFoundation.framework/Versions/A/UIFoundation
0x000000000950b000 	/usr/lib/libScreenReader.dylib
0x000000000950b000 	/System/Library/Frameworks/Accelerate.framework/Versions/A/Accelerate
0x000000000950b000 	/System/Library/Frameworks/IOSurface.framework/Versions/A/IOSurface
0x000000000950b000 	/System/Library/Frameworks/AudioToolbox.framework/Versions/A/AudioToolbox
0x000000000950b000 	/System/Library/Frameworks/AudioUnit.framework/Versions/A/AudioUnit
0x000000000950b000 	/System/Library/PrivateFrameworks/DataDetectorsCore.framework/Versions/A/DataDetectorsCore
0x000000000950b000 	/System/Library/PrivateFrameworks/DesktopServicesPriv.framework/Versions/A/DesktopServicesPriv
0x000000000950b000 	/System/Library/Frameworks/Carbon.framework/Versions/A/Frameworks/HIToolbox.framework/Versions/A/HIToolbox
0x000000000950b000 	/System/Library/Frameworks/QuartzCore.framework/Versions/A/QuartzCore
0x000000000950b000 	/System/Library/Frameworks/Carbon.framework/Versions/A/Frameworks/SpeechRecognition.framework/Versions/A/SpeechRecognition
0x000000000950b000 	/usr/lib/libauto.dylib
0x000000000950b000 	/usr/lib/libicucore.A.dylib
0x000000000950b000 	/usr/lib/libxml2.2.dylib
0x000000000950b000 	/System/Library/PrivateFrameworks/CoreUI.framework/Versions/A/CoreUI
0x000000000950b000 	/System/Library/Frameworks/CoreAudio.framework/Versions/A/CoreAudio
0x000000000950b000 	/System/Library/Frameworks/DiskArbitration.framework/Versions/A/DiskArbitration
0x000000000950b000 	/usr/lib/liblangid.dylib
0x000000000950b000 	/System/Library/PrivateFrameworks/MultitouchSupport.framework/Versions/A/MultitouchSupport
0x000000000950b000 	/System/Library/Frameworks/IOKit.framework/Versions/A/IOKit
0x000000000950b000 	/usr/lib/libDiagnosticMessagesClient.dylib
0x000000000950b000 	/System/Library/Frameworks/CoreServices.framework/Versions/A/CoreServices
0x000000000950b000 	/System/Library/PrivateFrameworks/PerformanceAnalysis.framework/Versions/A/PerformanceAnalysis
0x000000000950b000 	/System/Library/PrivateFrameworks/GenerationalStorage.framework/Versions/A/GenerationalStorage
0x000000000950b000 	/System/Library/Frameworks/OpenGL.framework/Versions/A/OpenGL
0x000000000950b000 	/System/Library/PrivateFrameworks/Sharing.framework/Versions/A/Sharing
0x000000000950b000 	/System/Library/Frameworks/CoreGraphics.framework/Versions/A/CoreGraphics
0x000000000950b000 	/System/Library/Frameworks/CoreImage.framework/Versions/A/CoreImage
0x000000000950b000 	/System/Library/Frameworks/CoreText.framework/Versions/A/CoreText
0x000000000950b000 	/System/Library/Frameworks/ImageIO.framework/Versions/A/ImageIO
0x000000000950b000 	/System/Library/PrivateFrameworks/Backup.framework/Versions/A/Backup
0x000000000950b000 	/usr/lib/libextension.dylib
0x000000000950b000 	/usr/lib/libarchive.2.dylib
0x000000000950b000 	/System/Library/Frameworks/CFNetwork.framework/Versions/A/CFNetwork
0x000000000950b000 	/System/Library/Frameworks/SystemConfiguration.framework/Versions/A/SystemConfiguration
0x000000000950b000 	/usr/lib/libCRFSuite.dylib
0x000000000950b000 	/usr/lib/libc++.1.dylib
0x000000000950b000 	/usr/lib/libc++abi.dylib
0x000000000950b000 	/usr/lib/system/libcache.dylib
0x000000000950b000 	/usr/lib/system/libcommonCrypto.dylib
0x000000000950b000 	/usr/lib/system/libcompiler_rt.dylib
0x000000000950b000 	/usr/lib/system/libcopyfile.dylib
0x000000000950b000 	/usr/lib/system/libcorecrypto.dylib
0x000000000950b000 	/usr/lib/system/libdispatch.dylib
0x000000000950b000 	/usr/lib/system/libdyld.dylib
0x000000000950b000 	/usr/lib/system/libkeymgr.dylib
0x000000000950b000 	/usr/lib/system/liblaunch.dylib
0x000000000950b000 	/usr/lib/system/libmacho.dylib
0x000000000950b000 	/usr/lib/system/libquarantine.dylib
0x000000000950b000 	/usr/lib/system/libremovefile.dylib
0x000000000950b000 	/usr/lib/system/libsystem_asl.dylib
0x000000000950b000 	/usr/lib/system/libsystem_blocks.dylib
0x000000000950b000 	/usr/lib/system/libsystem_c.dylib
0x000000000950b000 	/usr/lib/system/libsystem_configuration.dylib
0x000000000950b000 	/usr/lib/system/libsystem_coreservices.dylib
0x000000000950b000 	/usr/lib/system/libsystem_coretls.dylib
0x000000000950b000 	/usr/lib/system/libsystem_dnssd.dylib
0x000000000950b000 	/usr/lib/system/libsystem_info.dylib
0x000000000950b000 	/usr/lib/system/libsystem_kernel.dylib
0x000000000950b000 	/usr/lib/system/libsystem_m.dylib
0x000000000950b000 	/usr/lib/system/libsystem_malloc.dylib
0x000000000950b000 	/usr/lib/system/libsystem_network.dylib
0x000000000950b000 	/usr/lib/system/libsystem_networkextension.dylib
0x000000000950b000 	/usr/lib/system/libsystem_notify.dylib
0x000000000950b000 	/usr/lib/system/libsystem_platform.dylib
0x000000000950b000 	/usr/lib/system/libsystem_pthread.dylib
0x000000000950b000 	/usr/lib/system/libsystem_sandbox.dylib
0x000000000950b000 	/usr/lib/system/libsystem_secinit.dylib
0x000000000950b000 	/usr/lib/system/libsystem_trace.dylib
0x000000000950b000 	/usr/lib/system/libunc.dylib
0x000000000950b000 	/usr/lib/system/libunwind.dylib
0x000000000950b000 	/usr/lib/system/libxpc.dylib
0x000000000950b000 	/usr/lib/libenergytrace.dylib
0x000000000950b000 	/usr/lib/libbsm.0.dylib
0x000000000950b000 	/usr/lib/system/libkxld.dylib
0x000000000950b000 	/usr/lib/libxar.1.dylib
0x000000000950b000 	/usr/lib/libsqlite3.dylib
0x000000000950b000 	/usr/lib/libpam.2.dylib
0x000000000950b000 	/usr/lib/libOpenScriptingUtil.dylib
0x000000000950b000 	/usr/lib/libbz2.1.0.dylib
0x000000000950b000 	/usr/lib/liblzma.5.dylib
0x000000000950b000 	/System/Library/Frameworks/CoreServices.framework/Versions/A/Frameworks/FSEvents.framework/Versions/A/FSEvents
0x000000000950b000 	/System/Library/Frameworks/CoreServices.framework/Versions/A/Frameworks/CarbonCore.framework/Versions/A/CarbonCore
0x000000000950b000 	/System/Library/Frameworks/CoreServices.framework/Versions/A/Frameworks/Metadata.framework/Versions/A/Metadata
0x000000000950b000 	/System/Library/Frameworks/CoreServices.framework/Versions/A/Frameworks/OSServices.framework/Versions/A/OSServices
0x000000000950b000 	/System/Library/Frameworks/CoreServices.framework/Versions/A/Frameworks/SearchKit.framework/Versions/A/SearchKit
0x000000000950b000 	/System/Library/Frameworks/CoreServices.framework/Versions/A/Frameworks/AE.framework/Versions/A/AE
0x000000000950b000 	/System/Library/Frameworks/CoreServices.framework/Versions/A/Frameworks/LaunchServices.framework/Versions/A/LaunchServices
0x000000000950b000 	/System/Library/Frameworks/CoreServices.framework/Versions/A/Frameworks/DictionaryServices.framework/Versions/A/DictionaryServices
0x000000000950b000 	/System/Library/Frameworks/CoreServices.framework/Versions/A/Frameworks/SharedFileList.framework/Versions/A/SharedFileList
0x000000000950b000 	/System/Library/Frameworks/NetFS.framework/Versions/A/NetFS
0x000000000950b000 	/System/Library/PrivateFrameworks/NetAuth.framework/Versions/A/NetAuth
0x000000000950b000 	/System/Library/PrivateFrameworks/login.framework/Versions/A/Frameworks/loginsupport.framework/Versions/A/loginsupport
0x000000000950b000 	/System/Library/PrivateFrameworks/TCC.framework/Versions/A/TCC
0x000000000950b000 	/usr/lib/libmecabra.dylib
0x000000000950b000 	/System/Library/Frameworks/ApplicationServices.framework/Versions/A/Frameworks/ATS.framework/Versions/A/ATS
0x000000000950b000 	/System/Library/Frameworks/ApplicationServices.framework/Versions/A/Frameworks/ColorSync.framework/Versions/A/ColorSync
0x000000000950b000 	/System/Library/Frameworks/ApplicationServices.framework/Versions/A/Frameworks/HIServices.framework/Versions/A/HIServices
0x000000000950b000 	/System/Library/Frameworks/ApplicationServices.framework/Versions/A/Frameworks/LangAnalysis.framework/Versions/A/LangAnalysis
0x000000000950b000 	/System/Library/Frameworks/ApplicationServices.framework/Versions/A/Frameworks/PrintCore.framework/Versions/A/PrintCore
0x000000000950b000 	/System/Library/Frameworks/ApplicationServices.framework/Versions/A/Frameworks/QD.framework/Versions/A/QD
0x000000000950b000 	/System/Library/Frameworks/ApplicationServices.framework/Versions/A/Frameworks/SpeechSynthesis.framework/Versions/A/SpeechSynthesis
0x000000000950b000 	/System/Library/Frameworks/Metal.framework/Versions/A/Metal
0x000000000950b000 	/System/Library/Frameworks/Accelerate.framework/Versions/A/Frameworks/vImage.framework/Versions/A/vImage
0x000000000950b000 	/System/Library/Frameworks/Accelerate.framework/Versions/A/Frameworks/vecLib.framework/Versions/A/vecLib
0x000000000950b000 	/System/Library/Frameworks/Accelerate.framework/Versions/A/Frameworks/vecLib.framework/Versions/A/libvDSP.dylib
0x000000000950b000 	/System/Library/Frameworks/Accelerate.framework/Versions/A/Frameworks/vecLib.framework/Versions/A/libvMisc.dylib
0x000000000950b000 	/System/Library/Frameworks/Accelerate.framework/Versions/A/Frameworks/vecLib.framework/Versions/A/libLAPACK.dylib
0x000000000950b000 	/System/Library/Frameworks/Accelerate.framework/Versions/A/Frameworks/vecLib.framework/Versions/A/libBLAS.dylib
0x000000000950b000 	/System/Library/Frameworks/Accelerate.framework/Versions/A/Frameworks/vecLib.framework/Versions/A/libLinearAlgebra.dylib
0x000000000950b000 	/System/Library/Frameworks/Accelerate.framework/Versions/A/Frameworks/vecLib.framework/Versions/A/libSparseBLAS.dylib
0x000000000950b000 	/System/Library/PrivateFrameworks/GPUCompiler.framework/libmetal_timestamp.dylib
0x000000000950b000 	/System/Library/Frameworks/OpenGL.framework/Versions/A/Libraries/libCoreFSCache.dylib
0x000000000950b000 	/System/Library/PrivateFrameworks/IOAccelerator.framework/Versions/A/IOAccelerator
0x000000000950b000 	/System/Library/Frameworks/ApplicationServices.framework/Versions/A/Frameworks/ATS.framework/Versions/A/Resources/libFontParser.dylib
0x000000000950b000 	/System/Library/Frameworks/ApplicationServices.framework/Versions/A/Frameworks/ATS.framework/Versions/A/Resources/libFontRegistry.dylib
0x000000000950b000 	/System/Library/PrivateFrameworks/AppleVPA.framework/Versions/A/AppleVPA
0x000000000950b000 	/System/Library/PrivateFrameworks/AppleJPEG.framework/Versions/A/AppleJPEG
0x000000000950b000 	/System/Library/Frameworks/ImageIO.framework/Versions/A/Resources/libJPEG.dylib
0x000000000950b000 	/System/Library/Frameworks/ImageIO.framework/Versions/A/Resources/libTIFF.dylib
0x000000000950b000 	/System/Library/Frameworks/ImageIO.framework/Versions/A/Resources/libPng.dylib
0x000000000950b000 	/System/Library/Frameworks/ImageIO.framework/Versions/A/Resources/libGIF.dylib
0x000000000950b000 	/System/Library/Frameworks/ImageIO.framework/Versions/A/Resources/libJP2.dylib
0x000000000950b000 	/System/Library/Frameworks/ImageIO.framework/Versions/A/Resources/libRadiance.dylib
0x000000000950b000 	/System/Library/Frameworks/CoreVideo.framework/Versions/A/CoreVideo
0x000000000950b000 	/System/Library/Frameworks/OpenGL.framework/Versions/A/Libraries/libGLU.dylib
0x000000000950b000 	/System/Library/Frameworks/OpenGL.framework/Versions/A/Libraries/libGFXShared.dylib
0x000000000950b000 	/System/Library/Frameworks/OpenGL.framework/Versions/A/Libraries/libGL.dylib
0x000000000950b000 	/System/Library/Frameworks/OpenGL.framework/Versions/A/Libraries/libGLImage.dylib
0x000000000950b000 	/System/Library/Frameworks/OpenGL.framework/Versions/A/Libraries/libCVMSPluginSupport.dylib
0x000000000950b000 	/System/Library/Frameworks/OpenGL.framework/Versions/A/Libraries/libCoreVMClient.dylib
0x000000000950b000 	/usr/lib/libcups.2.dylib
0x000000000950b000 	/System/Library/Frameworks/Kerberos.framework/Versions/A/Kerberos
0x000000000950b000 	/System/Library/Frameworks/GSS.framework/Versions/A/GSS
0x000000000950b000 	/usr/lib/libresolv.9.dylib
0x000000000950b000 	/usr/lib/libiconv.2.dylib
0x000000000950b000 	/System/Library/PrivateFrameworks/Heimdal.framework/Versions/A/Heimdal
0x000000000950b000 	/usr/lib/libheimdal-asn1.dylib
0x000000000950b000 	/System/Library/Frameworks/OpenDirectory.framework/Versions/A/OpenDirectory
0x000000000950b000 	/System/Library/PrivateFrameworks/CommonAuth.framework/Versions/A/CommonAuth
0x000000000950b000 	/System/Library/Frameworks/OpenDirectory.framework/Versions/A/Frameworks/CFOpenDirectory.framework/Versions/A/CFOpenDirectory
0x000000000950b000 	/System/Library/Frameworks/SecurityFoundation.framework/Versions/A/SecurityFoundation
0x000000000950b000 	/System/Library/PrivateFrameworks/LanguageModeling.framework/Versions/A/LanguageModeling
0x000000000950b000 	/usr/lib/libmarisa.dylib
0x000000000950b000 	/usr/lib/libChineseTokenizer.dylib
0x000000000950b000 	/usr/lib/libcmph.dylib
0x000000000950b000 	/usr/lib/libcompression.dylib
0x000000000950b000 	/System/Library/Frameworks/ServiceManagement.framework/Versions/A/ServiceManagement
0x000000000950b000 	/usr/lib/libxslt.1.dylib
0x000000000950b000 	/System/Library/Frameworks/Carbon.framework/Versions/A/Frameworks/Ink.framework/Versions/A/Ink
0x000000000950b000 	/usr/lib/libFosl_dynamic.dylib
0x000000000950b000 	/System/Library/PrivateFrameworks/FaceCore.framework/Versions/A/FaceCore
0x000000000950b000 	/System/Library/Frameworks/OpenCL.framework/Versions/A/OpenCL
0x000000000950b000 	/System/Library/PrivateFrameworks/CrashReporterSupport.framework/Versions/A/CrashReporterSupport
0x000000000950b000 	/System/Library/PrivateFrameworks/IconServices.framework/Versions/A/IconServices
0x000000000950b000 	/System/Library/PrivateFrameworks/Apple80211.framework/Versions/A/Apple80211
0x000000000950b000 	/System/Library/Frameworks/CoreWLAN.framework/Versions/A/CoreWLAN
0x000000000950b000 	/System/Library/Frameworks/IOBluetooth.framework/Versions/A/IOBluetooth
0x000000000950b000 	/System/Library/PrivateFrameworks/CoreWiFi.framework/Versions/A/CoreWiFi
0x000000000950b000 	/System/Library/Frameworks/CoreBluetooth.framework/Versions/A/CoreBluetooth
0x000000000950b000 	/System/Library/PrivateFrameworks/ChunkingLibrary.framework/Versions/A/ChunkingLibrary
0x000000000950b000 	/System/Library/PrivateFrameworks/DebugSymbols.framework/Versions/A/DebugSymbols
0x000000000950b000 	/System/Library/PrivateFrameworks/CoreSymbolication.framework/Versions/A/CoreSymbolication
0x000000000950b000 	/System/Library/PrivateFrameworks/Symbolication.framework/Versions/A/Symbolication
0x000000000950b000 	/System/Library/PrivateFrameworks/SpeechRecognitionCore.framework/Versions/A/SpeechRecognitionCore
0x000000010ba00000 	/Library/Java/JavaVirtualMachines/jdk1.8.0_65.jdk/Contents/Home/jre/lib/server/libjvm.dylib
0x000000010a92d000 	/usr/lib/libstdc++.6.dylib
0x000000010a9e4000 	/Library/Java/JavaVirtualMachines/jdk1.8.0_65.jdk/Contents/Home/jre/lib/libverify.dylib
0x000000010c989000 	/Library/Java/JavaVirtualMachines/jdk1.8.0_65.jdk/Contents/Home/jre/lib/libjava.dylib
0x000000010c9be000 	/Library/Java/JavaVirtualMachines/jdk1.8.0_65.jdk/Contents/Home/jre/lib/libzip.dylib
0x0000000127a7c000 	/System/Library/Frameworks/JavaVM.framework/Frameworks/JavaRuntimeSupport.framework/JavaRuntimeSupport
0x0000000127a97000 	/System/Library/Frameworks/JavaVM.framework/Versions/A/Frameworks/JavaNativeFoundation.framework/Versions/A/JavaNativeFoundation
0x0000000127aac000 	/System/Library/Frameworks/JavaVM.framework/Versions/A/JavaVM
0x000000000950b000 	/System/Library/Frameworks/Carbon.framework/Versions/A/Carbon
0x0000000127ab9000 	/System/Library/PrivateFrameworks/JavaLaunching.framework/Versions/A/JavaLaunching
0x000000000950b000 	/System/Library/Frameworks/Carbon.framework/Versions/A/Frameworks/CommonPanels.framework/Versions/A/CommonPanels
0x000000000950b000 	/System/Library/Frameworks/Carbon.framework/Versions/A/Frameworks/Help.framework/Versions/A/Help
0x000000000950b000 	/System/Library/Frameworks/Carbon.framework/Versions/A/Frameworks/ImageCapture.framework/Versions/A/ImageCapture
0x000000000950b000 	/System/Library/Frameworks/Carbon.framework/Versions/A/Frameworks/OpenScripting.framework/Versions/A/OpenScripting
0x000000000950b000 	/System/Library/Frameworks/Carbon.framework/Versions/A/Frameworks/Print.framework/Versions/A/Print
0x000000000950b000 	/System/Library/Frameworks/Carbon.framework/Versions/A/Frameworks/SecurityHI.framework/Versions/A/SecurityHI
0x0000000129413000 	/Library/Java/JavaVirtualMachines/jdk1.8.0_65.jdk/Contents/Home/jre/lib/libawt.dylib
0x00000001294bb000 	/Library/Java/JavaVirtualMachines/jdk1.8.0_65.jdk/Contents/Home/jre/lib/./libmlib_image.dylib
0x0000000129587000 	/Library/Java/JavaVirtualMachines/jdk1.8.0_65.jdk/Contents/Home/jre/lib/libawt_lwawt.dylib
0x000000012963c000 	/Library/Java/JavaVirtualMachines/jdk1.8.0_65.jdk/Contents/Home/jre/lib/./libosxapp.dylib
0x000000000950b000 	/System/Library/Frameworks/ExceptionHandling.framework/Versions/A/ExceptionHandling
0x000000000950b000 	/System/Library/PrivateFrameworks/CoreServicesInternal.framework/Versions/A/CoreServicesInternal
0x000000000950b000 	/System/Library/Frameworks/CoreGraphics.framework/Versions/A/Resources/libRIP.A.dylib
0x000000012a448000 	/System/Library/Frameworks/Accelerate.framework/Frameworks/vImage.framework/Versions/A/Libraries/libCGInterfaces.dylib
0x000000000950b000 	/System/Library/Frameworks/CoreGraphics.framework/Versions/A/Resources/libCGXType.A.dylib
0x000000000950b000 	/System/Library/Frameworks/OpenCL.framework/Versions/A/Libraries/libcldcpuengine.dylib
0x000000000950b000 	/System/Library/PrivateFrameworks/DiskImages.framework/Versions/A/DiskImages
0x000000000950b000 	/System/Library/Frameworks/DiscRecording.framework/Versions/A/DiscRecording
0x000000000950b000 	/usr/lib/libcsfde.dylib
0x000000000950b000 	/usr/lib/libcurl.4.dylib
0x000000000950b000 	/System/Library/PrivateFrameworks/MediaKit.framework/Versions/A/MediaKit
0x000000000950b000 	/System/Library/PrivateFrameworks/ProtectedCloudStorage.framework/Versions/A/ProtectedCloudStorage
0x000000000950b000 	/usr/lib/libCoreStorage.dylib
0x000000000950b000 	/System/Library/PrivateFrameworks/EFILogin.framework/Versions/A/EFILogin
0x000000000950b000 	/usr/lib/libutil.dylib
0x000000000950b000 	/System/Library/PrivateFrameworks/FindMyDevice.framework/Versions/A/FindMyDevice
0x000000000950b000 	/System/Library/Frameworks/LDAP.framework/Versions/A/LDAP
0x000000000950b000 	/usr/lib/libsasl2.2.dylib
0x000000000950b000 	/System/Library/PrivateFrameworks/CoreDaemon.framework/Versions/B/CoreDaemon
0x000000000950b000 	/usr/lib/libcrypto.0.9.8.dylib
0x000000000950b000 	/System/Library/PrivateFrameworks/AppleSRP.framework/Versions/A/AppleSRP
0x000000000950b000 	/System/Library/PrivateFrameworks/TrustEvaluationAgent.framework/Versions/A/TrustEvaluationAgent
0x000000012b258000 	cl_kernels
0x000000000950b000 	/System/Library/Frameworks/OpenCL.framework/Versions/A/Libraries/ImageFormats/unorm8_bgra.dylib
0x000000000950b000 	/System/Library/Frameworks/OpenCL.framework/Versions/A/Libraries/ImageFormats/unorm8_rgba.dylib
0x000000000950b000 	/System/Library/PrivateFrameworks/FamilyControls.framework/Versions/A/FamilyControls
0x000000000950b000 	/System/Library/PrivateFrameworks/CommerceKit.framework/Versions/A/Frameworks/CommerceCore.framework/Versions/A/CommerceCore
0x000000000950b000 	/System/Library/PrivateFrameworks/SystemAdministration.framework/Versions/A/SystemAdministration
0x000000000950b000 	/System/Library/PrivateFrameworks/AppContainer.framework/Versions/A/AppContainer
0x000000000950b000 	/System/Library/PrivateFrameworks/SecCodeWrapper.framework/Versions/A/SecCodeWrapper
0x000000000950b000 	/System/Library/Frameworks/DirectoryService.framework/Versions/A/DirectoryService
0x000000000950b000 	/System/Library/PrivateFrameworks/LoginUIKit.framework/Versions/A/Frameworks/LoginUICore.framework/Versions/A/LoginUICore
0x000000000950b000 	/usr/lib/libodfde.dylib
0x000000012c371000 	/System/Library/Frameworks/OpenGL.framework/Resources/GLEngine.bundle/GLEngine
0x000000000950b000 	/System/Library/Frameworks/OpenGL.framework/Versions/A/Libraries/libGLProgrammability.dylib
0x000000012c559000 	/System/Library/Extensions/AppleIntelHD5000GraphicsGLDriver.bundle/Contents/MacOS/AppleIntelHD5000GraphicsGLDriver
0x000000000950b000 	/System/Library/PrivateFrameworks/GPUSupport.framework/Versions/A/Libraries/libGPUSupportMercury.dylib
0x000000012cca9000 	/System/Library/Frameworks/OpenGL.framework/Resources//GLRendererFloat.bundle/GLRendererFloat
0x000000012d59f000 	/Library/Java/JavaVirtualMachines/jdk1.8.0_65.jdk/Contents/Home/jre/lib/libfontmanager.dylib
0x000000012eaec000 	/Library/Java/JavaVirtualMachines/jdk1.8.0_65.jdk/Contents/Home/jre/lib/libosxui.dylib
0x000000012f7f8000 	/Library/Java/JavaVirtualMachines/jdk1.8.0_65.jdk/Contents/Home/jre/lib/libnet.dylib
0x000000012f80f000 	/Library/Java/JavaVirtualMachines/jdk1.8.0_65.jdk/Contents/Home/jre/lib/libnio.dylib
0x000000000950b000 	/System/Library/Frameworks/ApplicationServices.framework/Versions/A/Frameworks/ATS.framework/Versions/A/Resources/libTrueTypeScaler.dylib
0x000000018096f000 	/System/Library/Extensions/AppleIntelHD5000GraphicsMTLDriver.bundle/Contents/MacOS/AppleIntelHD5000GraphicsMTLDriver
0x000000018086c000 	/private/var/folders/4x/fmk2m66x61b3x5qnjlmt61jw0000gp/T/jogamp_0000/file_cache/jln5400942191403831868/jln8263126384531616150/libgluegen-rt.jnilib
0x000000012e877000 	/private/var/folders/4x/fmk2m66x61b3x5qnjlmt61jw0000gp/T/jogamp_0000/file_cache/jln5400942191403831868/jln8263126384531616150/libnativewindow_awt.jnilib
0x0000000180870000 	/Library/Java/JavaVirtualMachines/jdk1.8.0_65.jdk/Contents/Home/jre/lib/libjawt.dylib
0x0000000180873000 	/private/var/folders/4x/fmk2m66x61b3x5qnjlmt61jw0000gp/T/jogamp_0000/file_cache/jln5400942191403831868/jln8263126384531616150/libnativewindow_macosx.jnilib
0x000000018603e000 	/private/var/folders/4x/fmk2m66x61b3x5qnjlmt61jw0000gp/T/jogamp_0000/file_cache/jln5400942191403831868/jln8263126384531616150/libjogl_desktop.jnilib
0x000000012b02a000 	/Library/Java/JavaVirtualMachines/jdk1.8.0_65.jdk/Contents/Home/jre/lib/libt2k.dylib

VM Arguments:
jvm_args: -Djava.security.policy=java.policy.applet -Dfile.encoding=UTF-8 
java_command: sun.applet.AppletViewer module5.EarthquakeCityMap1451249444524.html
java_class_path (initial): /Users/b10LOUIT/Documents/github/UCSDUnfoldingMaps/build:/Users/b10LOUIT/Documents/github/UCSDUnfoldingMaps/lib/core.jar:/Users/b10LOUIT/Documents/github/UCSDUnfoldingMaps/lib/gluegen-rt.jar:/Users/b10LOUIT/Documents/github/UCSDUnfoldingMaps/lib/jogl-all.jar:/Users/b10LOUIT/Documents/github/UCSDUnfoldingMaps/lib/log4j-1.2.15.jar:/Users/b10LOUIT/Documents/github/UCSDUnfoldingMaps/lib/sqlite-jdbc-3.7.2.jar:/Users/b10LOUIT/Documents/github/UCSDUnfoldingMaps/lib/json4processing.jar:/Users/b10LOUIT/Documents/github/UCSDUnfoldingMaps/lib/libTUIO.jar:/Users/b10LOUIT/Documents/github/UCSDUnfoldingMaps/lib/unfolding.0.9.7-uscd.jar
Launcher Type: SUN_STANDARD

Environment Variables:
PATH=/usr/bin:/bin:/usr/sbin:/sbin
SHELL=/bin/bash
DISPLAY=/private/tmp/com.apple.launchd.lANSwdTao8/org.macosforge.xquartz:0

Signal Handlers:
SIGSEGV: [libjvm.dylib+0x5a6d31], sa_mask[0]=11111111011111110111111111111111, sa_flags=SA_ONSTACK|SA_RESTART|SA_SIGINFO
SIGBUS: [libjvm.dylib+0x5a6d31], sa_mask[0]=11111111011111110111111111111111, sa_flags=SA_RESTART|SA_SIGINFO
SIGFPE: [libjvm.dylib+0x480a40], sa_mask[0]=11111111011111110111111111111111, sa_flags=SA_RESTART|SA_SIGINFO
SIGPIPE: [libjvm.dylib+0x480a40], sa_mask[0]=11111111011111110111111111111111, sa_flags=SA_RESTART|SA_SIGINFO
SIGXFSZ: [libjvm.dylib+0x480a40], sa_mask[0]=11111111011111110111111111111111, sa_flags=SA_RESTART|SA_SIGINFO
SIGILL: [libjvm.dylib+0x480a40], sa_mask[0]=11111111011111110111111111111111, sa_flags=SA_RESTART|SA_SIGINFO
SIGUSR1: SIG_DFL, sa_mask[0]=00000000000000000000000000000000, sa_flags=none
SIGUSR2: [libjvm.dylib+0x48055e], sa_mask[0]=00100000000000000000000000000000, sa_flags=SA_RESTART|SA_SIGINFO
SIGHUP: [libjvm.dylib+0x47eb35], sa_mask[0]=11111111011111110111111111111111, sa_flags=SA_RESTART|SA_SIGINFO
SIGINT: [libjvm.dylib+0x47eb35], sa_mask[0]=11111111011111110111111111111111, sa_flags=SA_RESTART|SA_SIGINFO
SIGTERM: [libjvm.dylib+0x47eb35], sa_mask[0]=11111111011111110111111111111111, sa_flags=SA_RESTART|SA_SIGINFO
SIGQUIT: [libjvm.dylib+0x47eb35], sa_mask[0]=11111111011111110111111111111111, sa_flags=SA_RESTART|SA_SIGINFO


---------------  S Y S T E M  ---------------

OS:Bsduname:Darwin 15.2.0 Darwin Kernel Version 15.2.0: Fri Nov 13 19:56:56 PST 2015; root:xnu-3248.20.55~2/RELEASE_X86_64 x86_64
rlimit: STACK 8192k, CORE 0k, NPROC 709, NOFILE 10240, AS infinity
load average:2.19 1.85 1.80

CPU:total 8 (4 cores per cpu, 2 threads per core) family 6 model 70 stepping 1, cmov, cx8, fxsr, mmx, sse, sse2, sse3, ssse3, sse4.1, sse4.2, popcnt, avx, avx2, aes, clmul, erms, rtm, lzcnt, ht, tsc, tscinvbit, bmi1, bmi2

Memory: 4k page, physical 16777216k(1175560k free)

/proc/meminfo:


vm_info: Java HotSpot(TM) 64-Bit Server VM (25.65-b01) for bsd-amd64 JRE (1.8.0_65-b17), built on Oct  6 2015 15:36:46 by "java_re" with gcc 4.2.1 (Based on Apple Inc. build 5658) (LLVM build 2336.11.00)

time: Sun Dec 27 21:51:09 2015
elapsed time: 25 seconds (0d 0h 0m 25s)

