#
# A fatal error has been detected by the Java Runtime Environment:
#
#  SIGSEGV (0xb) at pc=0x00007fff8787ad5d, pid=4619, tid=2571
#
# JRE version: Java(TM) SE Runtime Environment (8.0_65-b17) (build 1.8.0_65-b17)
# Java VM: Java HotSpot(TM) 64-Bit Server VM (25.65-b01 mixed mode bsd-amd64 compressed oops)
# Problematic frame:
# C  [libobjc.A.dylib+0x6d5d]  objc_msgSend+0x1d
#
# Failed to write core dump. Core dumps have been disabled. To enable core dumping, try "ulimit -c unlimited" before starting Java again
#
# If you would like to submit a bug report, please visit:
#   http://bugreport.java.com/bugreport/crash.jsp
# The crash happened outside the Java Virtual Machine in native code.
# See problematic frame for where to report the bug.
#

---------------  T H R E A D  ---------------

Current thread (0x00007f95ab858000):  JavaThread "AWT-AppKit" daemon [_thread_in_native, id=2571, stack(0x00007fff5a8f2000,0x00007fff5b0f2000)]

siginfo: si_signo: 11 (SIGSEGV), si_code: 1 (SEGV_MAPERR), si_addr: 0x0000000000000018

Registers:
RAX=0x00007f95b25aec30, RBX=0x000000017a5e0450, RCX=0x0000000124c096a0, RDX=0x0000000124c09e60
RSP=0x00007fff5b0ed448, RBP=0x00007fff5b0ed500, RSI=0x00007fff8c9f9d0e, RDI=0x00007f95b26b6de0
R8 =0x0000000000000000, R9 =0x0000000000000810, R10=0x00007fff8c9f9d0e, R11=0x0000000000000000
R12=0x0000000000000000, R13=0x000000017fc107c0, R14=0x000000017a5e0440, R15=0x00007f95ab858000
RIP=0x00007fff8787ad5d, EFLAGS=0x0000000000010246, ERR=0x0000000000000004
  TRAPNO=0x000000000000000e

Top of Stack: (sp=0x00007fff5b0ed448)
0x00007fff5b0ed448:   000000017a5de157 00007fff5b0ed4a0
0x00007fff5b0ed458:   0000000000000003 00007fff5b0ed480
0x00007fff5b0ed468:   0000000105ff19a6 000000017fc107c0
0x00007fff5b0ed478:   000000017fc107c0 00007f95b25aec30
0x00007fff5b0ed488:   000000017a5e06a0 000000017a5e0710
0x00007fff5b0ed498:   00007fff73cee740 00007fff729454c0
0x00007fff5b0ed4a8:   000000017a5e0450 000000017a5e0690
0x00007fff5b0ed4b8:   00007f95b25aec30 00007f95b26b6de0
0x00007fff5b0ed4c8:   00007f95b26db830 00007f95b25aec30
0x00007fff5b0ed4d8:   00007f95b26b6de0 00007fff5b0ed580
0x00007fff5b0ed4e8:   00007f95ab8581f8 000000017fc107c0
0x00007fff5b0ed4f8:   00007fff5b0ed5a8 00007fff5b0ed570
0x00007fff5b0ed508:   0000000106d9e954 00007fff5b0ed570
0x00007fff5b0ed518:   0000000106d9e6d9 0000000106daa823
0x00007fff5b0ed528:   0000000106d9e6a2 00007fff5b0ed530
0x00007fff5b0ed538:   000000017fc107c0 00007fff5b0ed5a8
0x00007fff5b0ed548:   000000017fc133f8 0000000000000000
0x00007fff5b0ed558:   000000017fc107c0 0000000000000000
0x00007fff5b0ed568:   00007fff5b0ed590 00007fff5b0ed5f0
0x00007fff5b0ed578:   0000000106d90c4d 00000006c05176a0
0x00007fff5b0ed588:   0000000106d98578 00007f95b25aec30
0x00007fff5b0ed598:   0000000106d99db9 00007f95b26b6de0
0x00007fff5b0ed5a8:   0000000106d99d82 00007fff5b0ed5b0
0x00007fff5b0ed5b8:   000000017fc1098a 00007fff5b0ed618
0x00007fff5b0ed5c8:   000000017fc133f8 0000000000000000
0x00007fff5b0ed5d8:   000000017fc10998 00007fff5b0ed590
0x00007fff5b0ed5e8:   00007fff5b0ed600 00007fff5b0ed660
0x00007fff5b0ed5f8:   0000000106d90c4d 00007f95b25aec30
0x00007fff5b0ed608:   00000006c055df68 00007f95b26b6de0
0x00007fff5b0ed618:   00000006c055df68 00007fff5b0ed620
0x00007fff5b0ed628:   00000001869b83f6 00007fff5b0ed670
0x00007fff5b0ed638:   00000001869b84b0 0000000000000000 

Instructions: (pc=0x00007fff8787ad5d)
0x00007fff8787ad3d:   44 00 00 48 85 ff 2e 74 62 40 f6 c7 01 2e 75 66
0x00007fff8787ad4d:   49 bb f8 ff ff ff ff 7f 00 00 4c 23 1f 49 89 f2
0x00007fff8787ad5d:   45 23 53 18 49 c1 e2 04 4d 03 53 10 49 3b 32 75
0x00007fff8787ad6d:   04 41 ff 62 08 49 83 3a 01 76 0d 49 83 c2 10 49 

Register to memory mapping:

RAX=0x00007f95b25aec30 is an unknown value
RBX=0x000000017a5e0450: Java_jogamp_nativewindow_macosx_OSXUtil_GetScreenRefreshRate0+0x1cf0 in /private/var/folders/4x/fmk2m66x61b3x5qnjlmt61jw0000gp/T/jogamp_0000/file_cache/jln4483611952498967653/jln7938249653708996062/libnativewindow_macosx.jnilib at 0x000000017a5d9000
RCX=0x0000000124c096a0 is an unknown value
RDX=0x0000000124c09e60 is an unknown value
RSP=0x00007fff5b0ed448 is pointing into the stack for thread: 0x00007f95ab858000
RBP=0x00007fff5b0ed500 is pointing into the stack for thread: 0x00007f95ab858000
RSI=0x00007fff8c9f9d0e is an unknown value
RDI=0x00007f95b26b6de0 is an unknown value
R8 =0x0000000000000000 is an unknown value
R9 =0x0000000000000810 is an unknown value
R10=0x00007fff8c9f9d0e is an unknown value
R11=0x0000000000000000 is an unknown value
R12=0x0000000000000000 is an unknown value
R13={method} {0x000000017fc107c0} 'UnsetJAWTRootSurfaceLayer0' '(JJ)V' in 'jogamp/nativewindow/jawt/macosx/MacOSXJAWTWindow'
R14=0x000000017a5e0440: Java_jogamp_nativewindow_macosx_OSXUtil_GetScreenRefreshRate0+0x1ce0 in /private/var/folders/4x/fmk2m66x61b3x5qnjlmt61jw0000gp/T/jogamp_0000/file_cache/jln4483611952498967653/jln7938249653708996062/libnativewindow_macosx.jnilib at 0x000000017a5d9000
R15=0x00007f95ab858000 is a thread


Stack: [0x00007fff5a8f2000,0x00007fff5b0f2000],  sp=0x00007fff5b0ed448,  free space=8173k
Native frames: (J=compiled Java code, j=interpreted, Vv=VM code, C=native code)
C  [libobjc.A.dylib+0x6d5d]  objc_msgSend+0x1d
j  jogamp.nativewindow.jawt.macosx.MacOSXJAWTWindow.UnsetJAWTRootSurfaceLayer0(JJ)V+0
j  jogamp.nativewindow.jawt.macosx.MacOSXJAWTWindow.access$200(JJ)V+2
j  jogamp.nativewindow.jawt.macosx.MacOSXJAWTWindow$1.run()V+38
j  com.jogamp.common.util.RunnableTask.run()V+24
v  ~StubRoutines::call_stub
V  [libjvm.dylib+0x2eab02]
V  [libjvm.dylib+0x321bab]
V  [libjvm.dylib+0x31437f]
C  [libnativewindow_macosx.jnilib+0x5326]  Java_jogamp_nativewindow_jawt_macosx_MacOSXJAWTWindow_UnsetJAWTRootSurfaceLayer0+0x2b6
C  [Foundation+0x7741e]  __NSThreadPerformPerform+0x117
C  [CoreFoundation+0xaa8b1]  __CFRUNLOOP_IS_CALLING_OUT_TO_A_SOURCE0_PERFORM_FUNCTION__+0x11
C  [CoreFoundation+0x8a027]  __CFRunLoopDoSources0+0x1a7
C  [CoreFoundation+0x895cf]  __CFRunLoopRun+0x39f
C  [CoreFoundation+0x88fc8]  CFRunLoopRunSpecific+0x128
C  [HIToolbox+0x30d55]  RunCurrentEventLoopInMode+0xeb
C  [HIToolbox+0x30a97]  ReceiveNextEventCommon+0xb8
C  [HIToolbox+0x309cf]  _BlockUntilNextEventMatchingListInModeWithFilter+0x47
C  [AppKit+0x49d96]  _DPSNextEvent+0x42b
C  [AppKit+0x491c5]  -[NSApplication _nextEventMatchingEventMask:untilDate:inMode:dequeue:]+0x1c6
C  [libosxapp.dylib+0x23aa]  -[NSApplicationAWT nextEventMatchingMask:untilDate:inMode:dequeue:]+0x7c
C  [AppKit+0x3dd28]  -[NSApplication run]+0x2aa
C  [libosxapp.dylib+0x214d]  +[NSApplicationAWT runAWTLoopWithApp:]+0x9c
C  [libawt_lwawt.dylib+0x44517]  -[AWTStarter starter:]+0x389
C  [Foundation+0x7741e]  __NSThreadPerformPerform+0x117
C  [CoreFoundation+0xaa8b1]  __CFRUNLOOP_IS_CALLING_OUT_TO_A_SOURCE0_PERFORM_FUNCTION__+0x11
C  [CoreFoundation+0x8a0ac]  __CFRunLoopDoSources0+0x22c
C  [CoreFoundation+0x895cf]  __CFRunLoopRun+0x39f
C  [CoreFoundation+0x88fc8]  CFRunLoopRunSpecific+0x128
C  [java+0x6463]  CreateExecutionEnvironment+0x367
C  [java+0x21ac]  JLI_Launch+0x7a0
C  [java+0x84c0]  main+0x65
C  [java+0x1a04]  start+0x34
C  0x0000000000000007

Java frames: (J=compiled Java code, j=interpreted, Vv=VM code)
j  jogamp.nativewindow.jawt.macosx.MacOSXJAWTWindow.UnsetJAWTRootSurfaceLayer0(JJ)V+0
j  jogamp.nativewindow.jawt.macosx.MacOSXJAWTWindow.access$200(JJ)V+2
j  jogamp.nativewindow.jawt.macosx.MacOSXJAWTWindow$1.run()V+38
j  com.jogamp.common.util.RunnableTask.run()V+24
v  ~StubRoutines::call_stub

---------------  P R O C E S S  ---------------

Java Threads: ( => current thread )
  0x00007f95b3041800 JavaThread "Thread-19" [_thread_blocked, id=68387, stack(0x0000700002086000,0x0000700002186000)]
  0x00007f95b3002800 JavaThread "Image Fetcher 1" daemon [_thread_blocked, id=70171, stack(0x0000700002698000,0x0000700002798000)]
  0x00007f95adf84000 JavaThread "Image Fetcher 0" daemon [_thread_blocked, id=69635, stack(0x0000700002595000,0x0000700002695000)]
  0x00007f95abb6b000 JavaThread "Keep-Alive-Timer" daemon [_thread_blocked, id=69207, stack(0x0000700002492000,0x0000700002592000)]
  0x00007f95ac22d800 JavaThread "Animation Thread" [_thread_blocked, id=62735, stack(0x0000700001dfd000,0x0000700001efd000)]
  0x00007f95acb61000 JavaThread "AWT-EventQueue-1" [_thread_in_native, id=63015, stack(0x0000700001f00000,0x0000700002000000)]
  0x00007f95acb47000 JavaThread "DestroyJavaVM" [_thread_blocked, id=5891, stack(0x000070000011a000,0x000070000021a000)]
  0x00007f95ab978000 JavaThread "AWT-EventQueue-0" [_thread_blocked, id=60163, stack(0x0000700001cfa000,0x0000700001dfa000)]
  0x00007f95ad9a7800 JavaThread "Java2D Disposer" daemon [_thread_blocked, id=56835, stack(0x0000700001a71000,0x0000700001b71000)]
  0x00007f95ab922000 JavaThread "Java2D Queue Flusher" daemon [_thread_blocked, id=53767, stack(0x000070000196e000,0x0000700001a6e000)]
  0x00007f95ac092000 JavaThread "AWT-Shutdown" [_thread_blocked, id=31507, stack(0x00007000015dc000,0x00007000016dc000)]
=>0x00007f95ab858000 JavaThread "AWT-AppKit" daemon [_thread_in_native, id=2571, stack(0x00007fff5a8f2000,0x00007fff5b0f2000)]
  0x00007f95ac000000 JavaThread "Service Thread" daemon [_thread_blocked, id=21251, stack(0x0000700001353000,0x0000700001453000)]
  0x00007f95ad82c000 JavaThread "C1 CompilerThread3" daemon [_thread_blocked, id=20739, stack(0x0000700001250000,0x0000700001350000)]
  0x00007f95ab830800 JavaThread "C2 CompilerThread2" daemon [_thread_blocked, id=20227, stack(0x000070000114d000,0x000070000124d000)]
  0x00007f95ac004800 JavaThread "C2 CompilerThread1" daemon [_thread_blocked, id=19715, stack(0x000070000104a000,0x000070000114a000)]
  0x00007f95ac81c000 JavaThread "C2 CompilerThread0" daemon [_thread_blocked, id=19203, stack(0x0000700000f47000,0x0000700001047000)]
  0x00007f95ac81b800 JavaThread "Signal Dispatcher" daemon [_thread_blocked, id=15887, stack(0x0000700000e44000,0x0000700000f44000)]
  0x00007f95ad80e000 JavaThread "Finalizer" daemon [_thread_blocked, id=14339, stack(0x0000700000c3b000,0x0000700000d3b000)]
  0x00007f95ac815000 JavaThread "Reference Handler" daemon [_thread_blocked, id=13827, stack(0x0000700000b38000,0x0000700000c38000)]

Other Threads:
  0x00007f95ab84a800 VMThread [stack: 0x0000700000a35000,0x0000700000b35000] [id=13315]
  0x00007f95ac800800 WatcherThread [stack: 0x0000700001456000,0x0000700001556000] [id=21763]

VM state:not at safepoint (normal execution)

VM Mutex/Monitor currently owned by a thread: None

Heap:
 PSYoungGen      total 76288K, used 4867K [0x000000076ab00000, 0x0000000770000000, 0x00000007c0000000)
  eden space 65536K, 7% used [0x000000076ab00000,0x000000076afc0cf0,0x000000076eb00000)
  from space 10752K, 0% used [0x000000076f580000,0x000000076f580000,0x0000000770000000)
  to   space 10752K, 0% used [0x000000076eb00000,0x000000076eb00000,0x000000076f580000)
 ParOldGen       total 87040K, used 15328K [0x00000006c0000000, 0x00000006c5500000, 0x000000076ab00000)
  object space 87040K, 17% used [0x00000006c0000000,0x00000006c0ef80f0,0x00000006c5500000)
 Metaspace       used 20925K, capacity 21159K, committed 21552K, reserved 1069056K
  class space    used 2051K, capacity 2116K, committed 2176K, reserved 1048576K

Card table byte_map: [0x0000000116149000,0x000000011694a000] byte_map_base: 0x0000000112b49000

Marking Bits: (ParMarkBitMap*) 0x00000001066dee20
 Begin Bits: [0x0000000116ea0000, 0x000000011aea0000)
 End Bits:   [0x000000011aea0000, 0x000000011eea0000)

Polling page: 0x0000000104dd1000

CodeCache: size=245760Kb used=9194Kb max_used=9207Kb free=236565Kb
 bounds [0x0000000106d89000, 0x0000000107699000, 0x0000000115d89000]
 total_blobs=3393 nmethods=2504 adapters=802
 compilation: enabled

Compilation events (10 events):
Event: 6.856 Thread 0x00007f95ad82c000 2498       1       sun.java2d.SurfaceData::isValid (5 bytes)
Event: 6.856 Thread 0x00007f95ad82c000 nmethod 2498 0x0000000107681450 code [0x00000001076815a0, 0x00000001076816b0]
Event: 6.858 Thread 0x00007f95ad82c000 2501   !   3       sun.misc.URLClassPath$JarLoader::getResource (349 bytes)
Event: 6.861 Thread 0x00007f95ad82c000 nmethod 2501 0x0000000107688e90 code [0x0000000107689300, 0x000000010768b858]
Event: 6.865 Thread 0x00007f95ac004800 2502  s!   4       sun.misc.URLClassPath::getLoader (197 bytes)
Event: 6.865 Thread 0x00007f95ad82c000 2503       3       java.util.Stack::empty (13 bytes)
Event: 6.866 Thread 0x00007f95ad82c000 nmethod 2503 0x0000000107683c90 code [0x0000000107683e00, 0x00000001076841d0]
Event: 6.867 Thread 0x00007f95ad82c000 2504   !   3       sun.lwawt.LWComponentPeer::isShaped (27 bytes)
Event: 6.867 Thread 0x00007f95ad82c000 nmethod 2504 0x0000000107683690 code [0x0000000107683800, 0x0000000107683bd0]
Event: 6.869 Thread 0x00007f95ac004800 nmethod 2502 0x000000010768f7d0 code [0x000000010768f940, 0x0000000107690118]

GC Heap History (6 events):
Event: 2.078 GC heap before
{Heap before GC invocations=1 (full 0):
 PSYoungGen      total 76288K, used 65536K [0x000000076ab00000, 0x0000000770000000, 0x00000007c0000000)
  eden space 65536K, 100% used [0x000000076ab00000,0x000000076eb00000,0x000000076eb00000)
  from space 10752K, 0% used [0x000000076f580000,0x000000076f580000,0x0000000770000000)
  to   space 10752K, 0% used [0x000000076eb00000,0x000000076eb00000,0x000000076f580000)
 ParOldGen       total 175104K, used 0K [0x00000006c0000000, 0x00000006cab00000, 0x000000076ab00000)
  object space 175104K, 0% used [0x00000006c0000000,0x00000006c0000000,0x00000006cab00000)
 Metaspace       used 19507K, capacity 19735K, committed 20096K, reserved 1067008K
  class space    used 1989K, capacity 2050K, committed 2176K, reserved 1048576K
Event: 2.085 GC heap after
Heap after GC invocations=1 (full 0):
 PSYoungGen      total 76288K, used 8750K [0x000000076ab00000, 0x0000000770000000, 0x00000007c0000000)
  eden space 65536K, 0% used [0x000000076ab00000,0x000000076ab00000,0x000000076eb00000)
  from space 10752K, 81% used [0x000000076eb00000,0x000000076f38b968,0x000000076f580000)
  to   space 10752K, 0% used [0x000000076f580000,0x000000076f580000,0x0000000770000000)
 ParOldGen       total 175104K, used 80K [0x00000006c0000000, 0x00000006cab00000, 0x000000076ab00000)
  object space 175104K, 0% used [0x00000006c0000000,0x00000006c0014010,0x00000006cab00000)
 Metaspace       used 19507K, capacity 19735K, committed 20096K, reserved 1067008K
  class space    used 1989K, capacity 2050K, committed 2176K, reserved 1048576K
}
Event: 6.443 GC heap before
{Heap before GC invocations=2 (full 0):
 PSYoungGen      total 76288K, used 65530K [0x000000076ab00000, 0x0000000770000000, 0x00000007c0000000)
  eden space 65536K, 86% used [0x000000076ab00000,0x000000076e273000,0x000000076eb00000)
  from space 10752K, 81% used [0x000000076eb00000,0x000000076f38b968,0x000000076f580000)
  to   space 10752K, 0% used [0x000000076f580000,0x000000076f580000,0x0000000770000000)
 ParOldGen       total 175104K, used 80K [0x00000006c0000000, 0x00000006cab00000, 0x000000076ab00000)
  object space 175104K, 0% used [0x00000006c0000000,0x00000006c0014010,0x00000006cab00000)
 Metaspace       used 20851K, capacity 21095K, committed 21296K, reserved 1069056K
  class space    used 2043K, capacity 2116K, committed 2176K, reserved 1048576K
Event: 6.452 GC heap after
Heap after GC invocations=2 (full 0):
 PSYoungGen      total 76288K, used 10730K [0x000000076ab00000, 0x0000000770000000, 0x00000007c0000000)
  eden space 65536K, 0% used [0x000000076ab00000,0x000000076ab00000,0x000000076eb00000)
  from space 10752K, 99% used [0x000000076f580000,0x000000076fffa870,0x0000000770000000)
  to   space 10752K, 0% used [0x000000076eb00000,0x000000076eb00000,0x000000076f580000)
 ParOldGen       total 175104K, used 4711K [0x00000006c0000000, 0x00000006cab00000, 0x000000076ab00000)
  object space 175104K, 2% used [0x00000006c0000000,0x00000006c0499e00,0x00000006cab00000)
 Metaspace       used 20851K, capacity 21095K, committed 21296K, reserved 1069056K
  class space    used 2043K, capacity 2116K, committed 2176K, reserved 1048576K
}
Event: 6.452 GC heap before
{Heap before GC invocations=3 (full 1):
 PSYoungGen      total 76288K, used 10730K [0x000000076ab00000, 0x0000000770000000, 0x00000007c0000000)
  eden space 65536K, 0% used [0x000000076ab00000,0x000000076ab00000,0x000000076eb00000)
  from space 10752K, 99% used [0x000000076f580000,0x000000076fffa870,0x0000000770000000)
  to   space 10752K, 0% used [0x000000076eb00000,0x000000076eb00000,0x000000076f580000)
 ParOldGen       total 175104K, used 4711K [0x00000006c0000000, 0x00000006cab00000, 0x000000076ab00000)
  object space 175104K, 2% used [0x00000006c0000000,0x00000006c0499e00,0x00000006cab00000)
 Metaspace       used 20851K, capacity 21095K, committed 21296K, reserved 1069056K
  class space    used 2043K, capacity 2116K, committed 2176K, reserved 1048576K
Event: 6.489 GC heap after
Heap after GC invocations=3 (full 1):
 PSYoungGen      total 76288K, used 0K [0x000000076ab00000, 0x0000000770000000, 0x00000007c0000000)
  eden space 65536K, 0% used [0x000000076ab00000,0x000000076ab00000,0x000000076eb00000)
  from space 10752K, 0% used [0x000000076f580000,0x000000076f580000,0x0000000770000000)
  to   space 10752K, 0% used [0x000000076eb00000,0x000000076eb00000,0x000000076f580000)
 ParOldGen       total 87040K, used 15328K [0x00000006c0000000, 0x00000006c5500000, 0x000000076ab00000)
  object space 87040K, 17% used [0x00000006c0000000,0x00000006c0ef80f0,0x00000006c5500000)
 Metaspace       used 20851K, capacity 21095K, committed 21296K, reserved 1069056K
  class space    used 2043K, capacity 2116K, committed 2176K, reserved 1048576K
}

Deoptimization events (10 events):
Event: 2.174 Thread 0x00007f95acb61000 Uncommon trap: reason=unstable_if action=reinterpret pc=0x000000010714b5d0 method=java.lang.String.trim()Ljava/lang/String; @ 23
Event: 2.682 Thread 0x00007f95acf57000 Uncommon trap: reason=unstable_if action=reinterpret pc=0x0000000107142620 method=java.lang.String.regionMatches(ZILjava/lang/String;II)Z @ 123
Event: 2.763 Thread 0x00007f95adf84000 Uncommon trap: reason=unstable_if action=reinterpret pc=0x0000000107471f98 method=sun.awt.image.PNGImageDecoder.produceImage()V @ 867
Event: 2.766 Thread 0x00007f95abb6e800 Uncommon trap: reason=class_check action=maybe_recompile pc=0x0000000107169150 method=java.util.Arrays.copyOf([Ljava/lang/Object;ILjava/lang/Class;)[Ljava/lang/Object; @ 24
Event: 6.839 Thread 0x00007f95acb61000 Uncommon trap: reason=class_check action=maybe_recompile pc=0x0000000107169150 method=java.util.Arrays.copyOf([Ljava/lang/Object;ILjava/lang/Class;)[Ljava/lang/Object; @ 24
Event: 6.839 Thread 0x00007f95acb61000 Uncommon trap: reason=class_check action=maybe_recompile pc=0x0000000107169150 method=java.util.Arrays.copyOf([Ljava/lang/Object;ILjava/lang/Class;)[Ljava/lang/Object; @ 24
Event: 6.839 Thread 0x00007f95acb61000 Uncommon trap: reason=unstable_if action=reinterpret pc=0x0000000107478de8 method=com.jogamp.common.util.VersionNumber.compareTo(Lcom/jogamp/common/util/VersionNumber;)I @ 21
Event: 6.841 Thread 0x00007f95ab978000 Uncommon trap: reason=unstable_if action=reinterpret pc=0x000000010756c948 method=java.awt.font.FontRenderContext.equals(Ljava/awt/font/FontRenderContext;)Z @ 2
Event: 6.853 Thread 0x00007f95ab922800 Uncommon trap: reason=unstable_if action=reinterpret pc=0x000000010723a9cc method=java.util.HashMap.putVal(ILjava/lang/Object;Ljava/lang/Object;ZZ)Ljava/lang/Object; @ 81
Event: 6.853 Thread 0x00007f95ab922800 Uncommon trap: reason=unstable_if action=reinterpret pc=0x0000000107239700 method=java.util.HashMap.putVal(ILjava/lang/Object;Ljava/lang/Object;ZZ)Ljava/lang/Object; @ 81

Internal exceptions (10 events):
Event: 0.110 Thread 0x00007f95ad803000 Exception <a 'java/lang/NoSuchFieldError': method resolution failed> (0x000000076af3b5c8) thrown at [/Users/java_re/workspace/8-2-build-macosx-x86_64/jdk8u65/4987/hotspot/src/share/vm/prims/methodHandles.cpp, line 1146]
Event: 0.112 Thread 0x00007f95ad803000 Exception <a 'java/lang/NoSuchFieldError': method resolution failed> (0x000000076af48d98) thrown at [/Users/java_re/workspace/8-2-build-macosx-x86_64/jdk8u65/4987/hotspot/src/share/vm/prims/methodHandles.cpp, line 1146]
Event: 0.217 Thread 0x00007f95ad803000 Exception <a 'java/io/FileNotFoundException'> (0x000000076afc4d18) thrown at [/Users/java_re/workspace/8-2-build-macosx-x86_64/jdk8u65/4987/hotspot/src/share/vm/prims/jni.cpp, line 709]
Event: 0.217 Thread 0x00007f95ad803000 Exception <a 'java/io/FileNotFoundException'> (0x000000076afc5878) thrown at [/Users/java_re/workspace/8-2-build-macosx-x86_64/jdk8u65/4987/hotspot/src/share/vm/prims/jni.cpp, line 709]
Event: 0.287 Thread 0x00007f95ad803000 Exception <a 'java/io/FileNotFoundException'> (0x000000076b1a7c78) thrown at [/Users/java_re/workspace/8-2-build-macosx-x86_64/jdk8u65/4987/hotspot/src/share/vm/prims/jni.cpp, line 709]
Event: 1.100 Thread 0x00007f95ac22d800 Exception <a 'java/lang/UnsatisfiedLinkError': com.jogamp.common.util.JarUtil.fixNativeLibAttribs(Ljava/lang/String;)Z> (0x000000076c7f86e0) thrown at [/Users/java_re/workspace/8-2-build-macosx-x86_64/jdk8u65/4987/hotspot/src/share/vm/prims/nativeLookup.c
Event: 1.743 Thread 0x00007f95acb61000 Exception <a 'java/io/FileNotFoundException'> (0x000000076db64700) thrown at [/Users/java_re/workspace/8-2-build-macosx-x86_64/jdk8u65/4987/hotspot/src/share/vm/prims/jni.cpp, line 709]
Event: 1.743 Thread 0x00007f95acb61000 Exception <a 'java/io/FileNotFoundException'> (0x000000076db6bb98) thrown at [/Users/java_re/workspace/8-2-build-macosx-x86_64/jdk8u65/4987/hotspot/src/share/vm/prims/jni.cpp, line 709]
Event: 1.743 Thread 0x00007f95acb61000 Implicit null exception at 0x0000000106f35275 to 0x0000000106f35601
Event: 2.087 Thread 0x00007f95ad80e000 Exception <a 'java/lang/NullPointerException'> (0x000000076ad14320) thrown at [/Users/java_re/workspace/8-2-build-macosx-x86_64/jdk8u65/4987/hotspot/src/share/vm/interpreter/linkResolver.cpp, line 1178]

Events (10 events):
Event: 6.865 loading class jogamp/nativewindow/jawt/macosx/MacOSXJAWTWindow$1 done
Event: 6.866 loading class java/awt/LightweightDispatcher$2
Event: 6.866 loading class java/awt/LightweightDispatcher$2 done
Event: 6.866 loading class java/awt/event/AWTEventListenerProxy
Event: 6.866 loading class java/awt/event/AWTEventListenerProxy done
Event: 6.866 loading class java/awt/Toolkit$ToolkitEventMulticaster
Event: 6.866 loading class java/awt/Toolkit$ToolkitEventMulticaster done
Event: 6.867 Thread 0x00007f95ab922800 Thread exited: 0x00007f95ab922800
Event: 6.867 loading class java/awt/Window$1DisposeAction
Event: 6.867 loading class java/awt/Window$1DisposeAction done


Dynamic libraries:
0x0000000001e67000 	/System/Library/Frameworks/Cocoa.framework/Versions/A/Cocoa
0x0000000001e67000 	/System/Library/Frameworks/Security.framework/Versions/A/Security
0x0000000001e67000 	/System/Library/Frameworks/ApplicationServices.framework/Versions/A/ApplicationServices
0x0000000001e67000 	/usr/lib/libz.1.dylib
0x0000000001e67000 	/usr/lib/libSystem.B.dylib
0x0000000001e67000 	/usr/lib/libobjc.A.dylib
0x0000000001e67000 	/System/Library/Frameworks/CoreFoundation.framework/Versions/A/CoreFoundation
0x0000000001e67000 	/System/Library/Frameworks/Foundation.framework/Versions/C/Foundation
0x0000000001e67000 	/System/Library/Frameworks/AppKit.framework/Versions/C/AppKit
0x0000000001e67000 	/System/Library/Frameworks/CoreData.framework/Versions/A/CoreData
0x0000000001e67000 	/System/Library/PrivateFrameworks/RemoteViewServices.framework/Versions/A/RemoteViewServices
0x0000000001e67000 	/System/Library/PrivateFrameworks/UIFoundation.framework/Versions/A/UIFoundation
0x0000000001e67000 	/usr/lib/libScreenReader.dylib
0x0000000001e67000 	/System/Library/Frameworks/Accelerate.framework/Versions/A/Accelerate
0x0000000001e67000 	/System/Library/Frameworks/IOSurface.framework/Versions/A/IOSurface
0x0000000001e67000 	/System/Library/Frameworks/AudioToolbox.framework/Versions/A/AudioToolbox
0x0000000001e67000 	/System/Library/Frameworks/AudioUnit.framework/Versions/A/AudioUnit
0x0000000001e67000 	/System/Library/PrivateFrameworks/DataDetectorsCore.framework/Versions/A/DataDetectorsCore
0x0000000001e67000 	/System/Library/PrivateFrameworks/DesktopServicesPriv.framework/Versions/A/DesktopServicesPriv
0x0000000001e67000 	/System/Library/Frameworks/Carbon.framework/Versions/A/Frameworks/HIToolbox.framework/Versions/A/HIToolbox
0x0000000001e67000 	/System/Library/Frameworks/QuartzCore.framework/Versions/A/QuartzCore
0x0000000001e67000 	/System/Library/Frameworks/Carbon.framework/Versions/A/Frameworks/SpeechRecognition.framework/Versions/A/SpeechRecognition
0x0000000001e67000 	/usr/lib/libauto.dylib
0x0000000001e67000 	/usr/lib/libicucore.A.dylib
0x0000000001e67000 	/usr/lib/libxml2.2.dylib
0x0000000001e67000 	/System/Library/PrivateFrameworks/CoreUI.framework/Versions/A/CoreUI
0x0000000001e67000 	/System/Library/Frameworks/CoreAudio.framework/Versions/A/CoreAudio
0x0000000001e67000 	/System/Library/Frameworks/DiskArbitration.framework/Versions/A/DiskArbitration
0x0000000001e67000 	/usr/lib/liblangid.dylib
0x0000000001e67000 	/System/Library/PrivateFrameworks/MultitouchSupport.framework/Versions/A/MultitouchSupport
0x0000000001e67000 	/System/Library/Frameworks/IOKit.framework/Versions/A/IOKit
0x0000000001e67000 	/usr/lib/libDiagnosticMessagesClient.dylib
0x0000000001e67000 	/System/Library/Frameworks/CoreServices.framework/Versions/A/CoreServices
0x0000000001e67000 	/System/Library/PrivateFrameworks/PerformanceAnalysis.framework/Versions/A/PerformanceAnalysis
0x0000000001e67000 	/System/Library/PrivateFrameworks/GenerationalStorage.framework/Versions/A/GenerationalStorage
0x0000000001e67000 	/System/Library/Frameworks/OpenGL.framework/Versions/A/OpenGL
0x0000000001e67000 	/System/Library/PrivateFrameworks/Sharing.framework/Versions/A/Sharing
0x0000000001e67000 	/System/Library/Frameworks/CoreGraphics.framework/Versions/A/CoreGraphics
0x0000000001e67000 	/System/Library/Frameworks/CoreImage.framework/Versions/A/CoreImage
0x0000000001e67000 	/System/Library/Frameworks/CoreText.framework/Versions/A/CoreText
0x0000000001e67000 	/System/Library/Frameworks/ImageIO.framework/Versions/A/ImageIO
0x0000000001e67000 	/System/Library/PrivateFrameworks/Backup.framework/Versions/A/Backup
0x0000000001e67000 	/usr/lib/libextension.dylib
0x0000000001e67000 	/usr/lib/libarchive.2.dylib
0x0000000001e67000 	/System/Library/Frameworks/CFNetwork.framework/Versions/A/CFNetwork
0x0000000001e67000 	/System/Library/Frameworks/SystemConfiguration.framework/Versions/A/SystemConfiguration
0x0000000001e67000 	/usr/lib/libCRFSuite.dylib
0x0000000001e67000 	/usr/lib/libc++.1.dylib
0x0000000001e67000 	/usr/lib/libc++abi.dylib
0x0000000001e67000 	/usr/lib/system/libcache.dylib
0x0000000001e67000 	/usr/lib/system/libcommonCrypto.dylib
0x0000000001e67000 	/usr/lib/system/libcompiler_rt.dylib
0x0000000001e67000 	/usr/lib/system/libcopyfile.dylib
0x0000000001e67000 	/usr/lib/system/libcorecrypto.dylib
0x0000000001e67000 	/usr/lib/system/libdispatch.dylib
0x0000000001e67000 	/usr/lib/system/libdyld.dylib
0x0000000001e67000 	/usr/lib/system/libkeymgr.dylib
0x0000000001e67000 	/usr/lib/system/liblaunch.dylib
0x0000000001e67000 	/usr/lib/system/libmacho.dylib
0x0000000001e67000 	/usr/lib/system/libquarantine.dylib
0x0000000001e67000 	/usr/lib/system/libremovefile.dylib
0x0000000001e67000 	/usr/lib/system/libsystem_asl.dylib
0x0000000001e67000 	/usr/lib/system/libsystem_blocks.dylib
0x0000000001e67000 	/usr/lib/system/libsystem_c.dylib
0x0000000001e67000 	/usr/lib/system/libsystem_configuration.dylib
0x0000000001e67000 	/usr/lib/system/libsystem_coreservices.dylib
0x0000000001e67000 	/usr/lib/system/libsystem_coretls.dylib
0x0000000001e67000 	/usr/lib/system/libsystem_dnssd.dylib
0x0000000001e67000 	/usr/lib/system/libsystem_info.dylib
0x0000000001e67000 	/usr/lib/system/libsystem_kernel.dylib
0x0000000001e67000 	/usr/lib/system/libsystem_m.dylib
0x0000000001e67000 	/usr/lib/system/libsystem_malloc.dylib
0x0000000001e67000 	/usr/lib/system/libsystem_network.dylib
0x0000000001e67000 	/usr/lib/system/libsystem_networkextension.dylib
0x0000000001e67000 	/usr/lib/system/libsystem_notify.dylib
0x0000000001e67000 	/usr/lib/system/libsystem_platform.dylib
0x0000000001e67000 	/usr/lib/system/libsystem_pthread.dylib
0x0000000001e67000 	/usr/lib/system/libsystem_sandbox.dylib
0x0000000001e67000 	/usr/lib/system/libsystem_secinit.dylib
0x0000000001e67000 	/usr/lib/system/libsystem_trace.dylib
0x0000000001e67000 	/usr/lib/system/libunc.dylib
0x0000000001e67000 	/usr/lib/system/libunwind.dylib
0x0000000001e67000 	/usr/lib/system/libxpc.dylib
0x0000000001e67000 	/usr/lib/libenergytrace.dylib
0x0000000001e67000 	/usr/lib/libbsm.0.dylib
0x0000000001e67000 	/usr/lib/system/libkxld.dylib
0x0000000001e67000 	/usr/lib/libxar.1.dylib
0x0000000001e67000 	/usr/lib/libsqlite3.dylib
0x0000000001e67000 	/usr/lib/libpam.2.dylib
0x0000000001e67000 	/usr/lib/libOpenScriptingUtil.dylib
0x0000000001e67000 	/usr/lib/libbz2.1.0.dylib
0x0000000001e67000 	/usr/lib/liblzma.5.dylib
0x0000000001e67000 	/System/Library/Frameworks/CoreServices.framework/Versions/A/Frameworks/FSEvents.framework/Versions/A/FSEvents
0x0000000001e67000 	/System/Library/Frameworks/CoreServices.framework/Versions/A/Frameworks/CarbonCore.framework/Versions/A/CarbonCore
0x0000000001e67000 	/System/Library/Frameworks/CoreServices.framework/Versions/A/Frameworks/Metadata.framework/Versions/A/Metadata
0x0000000001e67000 	/System/Library/Frameworks/CoreServices.framework/Versions/A/Frameworks/OSServices.framework/Versions/A/OSServices
0x0000000001e67000 	/System/Library/Frameworks/CoreServices.framework/Versions/A/Frameworks/SearchKit.framework/Versions/A/SearchKit
0x0000000001e67000 	/System/Library/Frameworks/CoreServices.framework/Versions/A/Frameworks/AE.framework/Versions/A/AE
0x0000000001e67000 	/System/Library/Frameworks/CoreServices.framework/Versions/A/Frameworks/LaunchServices.framework/Versions/A/LaunchServices
0x0000000001e67000 	/System/Library/Frameworks/CoreServices.framework/Versions/A/Frameworks/DictionaryServices.framework/Versions/A/DictionaryServices
0x0000000001e67000 	/System/Library/Frameworks/CoreServices.framework/Versions/A/Frameworks/SharedFileList.framework/Versions/A/SharedFileList
0x0000000001e67000 	/System/Library/Frameworks/NetFS.framework/Versions/A/NetFS
0x0000000001e67000 	/System/Library/PrivateFrameworks/NetAuth.framework/Versions/A/NetAuth
0x0000000001e67000 	/System/Library/PrivateFrameworks/login.framework/Versions/A/Frameworks/loginsupport.framework/Versions/A/loginsupport
0x0000000001e67000 	/System/Library/PrivateFrameworks/TCC.framework/Versions/A/TCC
0x0000000001e67000 	/usr/lib/libmecabra.dylib
0x0000000001e67000 	/System/Library/Frameworks/ApplicationServices.framework/Versions/A/Frameworks/ATS.framework/Versions/A/ATS
0x0000000001e67000 	/System/Library/Frameworks/ApplicationServices.framework/Versions/A/Frameworks/ColorSync.framework/Versions/A/ColorSync
0x0000000001e67000 	/System/Library/Frameworks/ApplicationServices.framework/Versions/A/Frameworks/HIServices.framework/Versions/A/HIServices
0x0000000001e67000 	/System/Library/Frameworks/ApplicationServices.framework/Versions/A/Frameworks/LangAnalysis.framework/Versions/A/LangAnalysis
0x0000000001e67000 	/System/Library/Frameworks/ApplicationServices.framework/Versions/A/Frameworks/PrintCore.framework/Versions/A/PrintCore
0x0000000001e67000 	/System/Library/Frameworks/ApplicationServices.framework/Versions/A/Frameworks/QD.framework/Versions/A/QD
0x0000000001e67000 	/System/Library/Frameworks/ApplicationServices.framework/Versions/A/Frameworks/SpeechSynthesis.framework/Versions/A/SpeechSynthesis
0x0000000001e67000 	/System/Library/Frameworks/Metal.framework/Versions/A/Metal
0x0000000001e67000 	/System/Library/Frameworks/Accelerate.framework/Versions/A/Frameworks/vImage.framework/Versions/A/vImage
0x0000000001e67000 	/System/Library/Frameworks/Accelerate.framework/Versions/A/Frameworks/vecLib.framework/Versions/A/vecLib
0x0000000001e67000 	/System/Library/Frameworks/Accelerate.framework/Versions/A/Frameworks/vecLib.framework/Versions/A/libvDSP.dylib
0x0000000001e67000 	/System/Library/Frameworks/Accelerate.framework/Versions/A/Frameworks/vecLib.framework/Versions/A/libvMisc.dylib
0x0000000001e67000 	/System/Library/Frameworks/Accelerate.framework/Versions/A/Frameworks/vecLib.framework/Versions/A/libLAPACK.dylib
0x0000000001e67000 	/System/Library/Frameworks/Accelerate.framework/Versions/A/Frameworks/vecLib.framework/Versions/A/libBLAS.dylib
0x0000000001e67000 	/System/Library/Frameworks/Accelerate.framework/Versions/A/Frameworks/vecLib.framework/Versions/A/libLinearAlgebra.dylib
0x0000000001e67000 	/System/Library/Frameworks/Accelerate.framework/Versions/A/Frameworks/vecLib.framework/Versions/A/libSparseBLAS.dylib
0x0000000001e67000 	/System/Library/PrivateFrameworks/GPUCompiler.framework/libmetal_timestamp.dylib
0x0000000001e67000 	/System/Library/Frameworks/OpenGL.framework/Versions/A/Libraries/libCoreFSCache.dylib
0x0000000001e67000 	/System/Library/PrivateFrameworks/IOAccelerator.framework/Versions/A/IOAccelerator
0x0000000001e67000 	/System/Library/Frameworks/ApplicationServices.framework/Versions/A/Frameworks/ATS.framework/Versions/A/Resources/libFontParser.dylib
0x0000000001e67000 	/System/Library/Frameworks/ApplicationServices.framework/Versions/A/Frameworks/ATS.framework/Versions/A/Resources/libFontRegistry.dylib
0x0000000001e67000 	/System/Library/PrivateFrameworks/AppleVPA.framework/Versions/A/AppleVPA
0x0000000001e67000 	/System/Library/PrivateFrameworks/AppleJPEG.framework/Versions/A/AppleJPEG
0x0000000001e67000 	/System/Library/Frameworks/ImageIO.framework/Versions/A/Resources/libJPEG.dylib
0x0000000001e67000 	/System/Library/Frameworks/ImageIO.framework/Versions/A/Resources/libTIFF.dylib
0x0000000001e67000 	/System/Library/Frameworks/ImageIO.framework/Versions/A/Resources/libPng.dylib
0x0000000001e67000 	/System/Library/Frameworks/ImageIO.framework/Versions/A/Resources/libGIF.dylib
0x0000000001e67000 	/System/Library/Frameworks/ImageIO.framework/Versions/A/Resources/libJP2.dylib
0x0000000001e67000 	/System/Library/Frameworks/ImageIO.framework/Versions/A/Resources/libRadiance.dylib
0x0000000001e67000 	/System/Library/Frameworks/CoreVideo.framework/Versions/A/CoreVideo
0x0000000001e67000 	/System/Library/Frameworks/OpenGL.framework/Versions/A/Libraries/libGLU.dylib
0x0000000001e67000 	/System/Library/Frameworks/OpenGL.framework/Versions/A/Libraries/libGFXShared.dylib
0x0000000001e67000 	/System/Library/Frameworks/OpenGL.framework/Versions/A/Libraries/libGL.dylib
0x0000000001e67000 	/System/Library/Frameworks/OpenGL.framework/Versions/A/Libraries/libGLImage.dylib
0x0000000001e67000 	/System/Library/Frameworks/OpenGL.framework/Versions/A/Libraries/libCVMSPluginSupport.dylib
0x0000000001e67000 	/System/Library/Frameworks/OpenGL.framework/Versions/A/Libraries/libCoreVMClient.dylib
0x0000000001e67000 	/usr/lib/libcups.2.dylib
0x0000000001e67000 	/System/Library/Frameworks/Kerberos.framework/Versions/A/Kerberos
0x0000000001e67000 	/System/Library/Frameworks/GSS.framework/Versions/A/GSS
0x0000000001e67000 	/usr/lib/libresolv.9.dylib
0x0000000001e67000 	/usr/lib/libiconv.2.dylib
0x0000000001e67000 	/System/Library/PrivateFrameworks/Heimdal.framework/Versions/A/Heimdal
0x0000000001e67000 	/usr/lib/libheimdal-asn1.dylib
0x0000000001e67000 	/System/Library/Frameworks/OpenDirectory.framework/Versions/A/OpenDirectory
0x0000000001e67000 	/System/Library/PrivateFrameworks/CommonAuth.framework/Versions/A/CommonAuth
0x0000000001e67000 	/System/Library/Frameworks/OpenDirectory.framework/Versions/A/Frameworks/CFOpenDirectory.framework/Versions/A/CFOpenDirectory
0x0000000001e67000 	/System/Library/Frameworks/SecurityFoundation.framework/Versions/A/SecurityFoundation
0x0000000001e67000 	/System/Library/PrivateFrameworks/LanguageModeling.framework/Versions/A/LanguageModeling
0x0000000001e67000 	/usr/lib/libmarisa.dylib
0x0000000001e67000 	/usr/lib/libChineseTokenizer.dylib
0x0000000001e67000 	/usr/lib/libcmph.dylib
0x0000000001e67000 	/usr/lib/libcompression.dylib
0x0000000001e67000 	/System/Library/Frameworks/ServiceManagement.framework/Versions/A/ServiceManagement
0x0000000001e67000 	/usr/lib/libxslt.1.dylib
0x0000000001e67000 	/System/Library/Frameworks/Carbon.framework/Versions/A/Frameworks/Ink.framework/Versions/A/Ink
0x0000000001e67000 	/usr/lib/libFosl_dynamic.dylib
0x0000000001e67000 	/System/Library/PrivateFrameworks/FaceCore.framework/Versions/A/FaceCore
0x0000000001e67000 	/System/Library/Frameworks/OpenCL.framework/Versions/A/OpenCL
0x0000000001e67000 	/System/Library/PrivateFrameworks/CrashReporterSupport.framework/Versions/A/CrashReporterSupport
0x0000000001e67000 	/System/Library/PrivateFrameworks/IconServices.framework/Versions/A/IconServices
0x0000000001e67000 	/System/Library/PrivateFrameworks/Apple80211.framework/Versions/A/Apple80211
0x0000000001e67000 	/System/Library/Frameworks/CoreWLAN.framework/Versions/A/CoreWLAN
0x0000000001e67000 	/System/Library/Frameworks/IOBluetooth.framework/Versions/A/IOBluetooth
0x0000000001e67000 	/System/Library/PrivateFrameworks/CoreWiFi.framework/Versions/A/CoreWiFi
0x0000000001e67000 	/System/Library/Frameworks/CoreBluetooth.framework/Versions/A/CoreBluetooth
0x0000000001e67000 	/System/Library/PrivateFrameworks/ChunkingLibrary.framework/Versions/A/ChunkingLibrary
0x0000000001e67000 	/System/Library/PrivateFrameworks/DebugSymbols.framework/Versions/A/DebugSymbols
0x0000000001e67000 	/System/Library/PrivateFrameworks/CoreSymbolication.framework/Versions/A/CoreSymbolication
0x0000000001e67000 	/System/Library/PrivateFrameworks/Symbolication.framework/Versions/A/Symbolication
0x0000000001e67000 	/System/Library/PrivateFrameworks/SpeechRecognitionCore.framework/Versions/A/SpeechRecognitionCore
0x0000000105e00000 	/Library/Java/JavaVirtualMachines/jdk1.8.0_65.jdk/Contents/Home/jre/lib/server/libjvm.dylib
0x0000000001e67000 	/usr/lib/libstdc++.6.dylib
0x0000000104d8e000 	/Library/Java/JavaVirtualMachines/jdk1.8.0_65.jdk/Contents/Home/jre/lib/libverify.dylib
0x0000000104d9c000 	/Library/Java/JavaVirtualMachines/jdk1.8.0_65.jdk/Contents/Home/jre/lib/libjava.dylib
0x0000000104ddb000 	/Library/Java/JavaVirtualMachines/jdk1.8.0_65.jdk/Contents/Home/jre/lib/libzip.dylib
0x0000000104de5000 	/System/Library/Frameworks/JavaVM.framework/Frameworks/JavaRuntimeSupport.framework/JavaRuntimeSupport
0x0000000121e3e000 	/System/Library/Frameworks/JavaVM.framework/Versions/A/Frameworks/JavaNativeFoundation.framework/Versions/A/JavaNativeFoundation
0x0000000121e53000 	/System/Library/Frameworks/JavaVM.framework/Versions/A/JavaVM
0x0000000001e67000 	/System/Library/Frameworks/Carbon.framework/Versions/A/Carbon
0x0000000121e60000 	/System/Library/PrivateFrameworks/JavaLaunching.framework/Versions/A/JavaLaunching
0x0000000001e67000 	/System/Library/Frameworks/Carbon.framework/Versions/A/Frameworks/CommonPanels.framework/Versions/A/CommonPanels
0x0000000001e67000 	/System/Library/Frameworks/Carbon.framework/Versions/A/Frameworks/Help.framework/Versions/A/Help
0x0000000001e67000 	/System/Library/Frameworks/Carbon.framework/Versions/A/Frameworks/ImageCapture.framework/Versions/A/ImageCapture
0x0000000001e67000 	/System/Library/Frameworks/Carbon.framework/Versions/A/Frameworks/OpenScripting.framework/Versions/A/OpenScripting
0x0000000001e67000 	/System/Library/Frameworks/Carbon.framework/Versions/A/Frameworks/Print.framework/Versions/A/Print
0x0000000001e67000 	/System/Library/Frameworks/Carbon.framework/Versions/A/Frameworks/SecurityHI.framework/Versions/A/SecurityHI
0x00000001237bd000 	/Library/Java/JavaVirtualMachines/jdk1.8.0_65.jdk/Contents/Home/jre/lib/libawt.dylib
0x0000000123865000 	/Library/Java/JavaVirtualMachines/jdk1.8.0_65.jdk/Contents/Home/jre/lib/./libmlib_image.dylib
0x0000000123931000 	/Library/Java/JavaVirtualMachines/jdk1.8.0_65.jdk/Contents/Home/jre/lib/libawt_lwawt.dylib
0x00000001239e6000 	/Library/Java/JavaVirtualMachines/jdk1.8.0_65.jdk/Contents/Home/jre/lib/./libosxapp.dylib
0x0000000001e67000 	/System/Library/Frameworks/ExceptionHandling.framework/Versions/A/ExceptionHandling
0x0000000001e67000 	/System/Library/PrivateFrameworks/CoreServicesInternal.framework/Versions/A/CoreServicesInternal
0x0000000001e67000 	/System/Library/Frameworks/CoreGraphics.framework/Versions/A/Resources/libRIP.A.dylib
0x0000000001e67000 	/System/Library/Frameworks/Accelerate.framework/Versions/A/Frameworks/vImage.framework/Versions/A/Libraries/libCGInterfaces.dylib
0x0000000001e67000 	/System/Library/Frameworks/CoreGraphics.framework/Versions/A/Resources/libCGXType.A.dylib
0x0000000001e67000 	/System/Library/Frameworks/OpenCL.framework/Versions/A/Libraries/libcldcpuengine.dylib
0x0000000001e67000 	/System/Library/PrivateFrameworks/DiskImages.framework/Versions/A/DiskImages
0x0000000001e67000 	/System/Library/Frameworks/DiscRecording.framework/Versions/A/DiscRecording
0x0000000001e67000 	/usr/lib/libcsfde.dylib
0x0000000001e67000 	/usr/lib/libcurl.4.dylib
0x0000000001e67000 	/System/Library/PrivateFrameworks/MediaKit.framework/Versions/A/MediaKit
0x0000000001e67000 	/System/Library/PrivateFrameworks/ProtectedCloudStorage.framework/Versions/A/ProtectedCloudStorage
0x0000000001e67000 	/usr/lib/libCoreStorage.dylib
0x0000000001e67000 	/System/Library/PrivateFrameworks/EFILogin.framework/Versions/A/EFILogin
0x0000000001e67000 	/usr/lib/libutil.dylib
0x0000000001e67000 	/System/Library/PrivateFrameworks/FindMyDevice.framework/Versions/A/FindMyDevice
0x0000000001e67000 	/System/Library/Frameworks/LDAP.framework/Versions/A/LDAP
0x0000000001e67000 	/usr/lib/libsasl2.2.dylib
0x0000000001e67000 	/System/Library/PrivateFrameworks/CoreDaemon.framework/Versions/B/CoreDaemon
0x0000000001e67000 	/usr/lib/libcrypto.0.9.8.dylib
0x0000000001e67000 	/System/Library/PrivateFrameworks/AppleSRP.framework/Versions/A/AppleSRP
0x0000000001e67000 	/System/Library/PrivateFrameworks/TrustEvaluationAgent.framework/Versions/A/TrustEvaluationAgent
0x0000000125637000 	cl_kernels
0x0000000001e67000 	/System/Library/Frameworks/OpenCL.framework/Versions/A/Libraries/ImageFormats/unorm8_bgra.dylib
0x0000000001e67000 	/System/Library/Frameworks/OpenCL.framework/Versions/A/Libraries/ImageFormats/unorm8_rgba.dylib
0x0000000001e67000 	/System/Library/PrivateFrameworks/FamilyControls.framework/Versions/A/FamilyControls
0x0000000001e67000 	/System/Library/PrivateFrameworks/CommerceKit.framework/Versions/A/Frameworks/CommerceCore.framework/Versions/A/CommerceCore
0x0000000001e67000 	/System/Library/PrivateFrameworks/SystemAdministration.framework/Versions/A/SystemAdministration
0x0000000001e67000 	/System/Library/PrivateFrameworks/AppContainer.framework/Versions/A/AppContainer
0x0000000001e67000 	/System/Library/PrivateFrameworks/SecCodeWrapper.framework/Versions/A/SecCodeWrapper
0x0000000001e67000 	/System/Library/Frameworks/DirectoryService.framework/Versions/A/DirectoryService
0x0000000001e67000 	/System/Library/PrivateFrameworks/LoginUIKit.framework/Versions/A/Frameworks/LoginUICore.framework/Versions/A/LoginUICore
0x0000000001e67000 	/usr/lib/libodfde.dylib
0x0000000001e67000 	/System/Library/Frameworks/OpenGL.framework/Versions/A/Resources/GLEngine.bundle/GLEngine
0x0000000001e67000 	/System/Library/Frameworks/OpenGL.framework/Versions/A/Libraries/libGLProgrammability.dylib
0x0000000126750000 	/System/Library/Extensions/AppleIntelHD5000GraphicsGLDriver.bundle/Contents/MacOS/AppleIntelHD5000GraphicsGLDriver
0x0000000001e67000 	/System/Library/PrivateFrameworks/GPUSupport.framework/Versions/A/Libraries/libGPUSupportMercury.dylib
0x0000000001e67000 	/System/Library/Frameworks/OpenGL.framework/Versions/A/Resources/GLRendererFloat.bundle/GLRendererFloat
0x000000012776e000 	/Library/Java/JavaVirtualMachines/jdk1.8.0_65.jdk/Contents/Home/jre/lib/libfontmanager.dylib
0x0000000128c18000 	/Library/Java/JavaVirtualMachines/jdk1.8.0_65.jdk/Contents/Home/jre/lib/libosxui.dylib
0x0000000129a0c000 	/Library/Java/JavaVirtualMachines/jdk1.8.0_65.jdk/Contents/Home/jre/lib/libnet.dylib
0x0000000129822000 	/Library/Java/JavaVirtualMachines/jdk1.8.0_65.jdk/Contents/Home/jre/lib/libnio.dylib
0x0000000001e67000 	/System/Library/Frameworks/ApplicationServices.framework/Versions/A/Frameworks/ATS.framework/Versions/A/Resources/libTrueTypeScaler.dylib
0x000000017a6d5000 	/System/Library/Extensions/AppleIntelHD5000GraphicsMTLDriver.bundle/Contents/MacOS/AppleIntelHD5000GraphicsMTLDriver
0x000000017a5d2000 	/private/var/folders/4x/fmk2m66x61b3x5qnjlmt61jw0000gp/T/jogamp_0000/file_cache/jln4483611952498967653/jln7938249653708996062/libgluegen-rt.jnilib
0x000000012b76d000 	/private/var/folders/4x/fmk2m66x61b3x5qnjlmt61jw0000gp/T/jogamp_0000/file_cache/jln4483611952498967653/jln7938249653708996062/libnativewindow_awt.jnilib
0x000000017a5d6000 	/Library/Java/JavaVirtualMachines/jdk1.8.0_65.jdk/Contents/Home/jre/lib/libjawt.dylib
0x000000017a5d9000 	/private/var/folders/4x/fmk2m66x61b3x5qnjlmt61jw0000gp/T/jogamp_0000/file_cache/jln4483611952498967653/jln7938249653708996062/libnativewindow_macosx.jnilib
0x000000017fd46000 	/private/var/folders/4x/fmk2m66x61b3x5qnjlmt61jw0000gp/T/jogamp_0000/file_cache/jln4483611952498967653/jln7938249653708996062/libjogl_desktop.jnilib
0x00000001252d0000 	/Library/Java/JavaVirtualMachines/jdk1.8.0_65.jdk/Contents/Home/jre/lib/libt2k.dylib

VM Arguments:
jvm_args: -Djava.security.policy=java.policy.applet -Dfile.encoding=UTF-8 
java_command: sun.applet.AppletViewer module4.EarthquakeCityMap1450814534524.html
java_class_path (initial): /Users/b10LOUIT/Documents/github/UCSDUnfoldingMaps/build:/Users/b10LOUIT/Documents/github/UCSDUnfoldingMaps/lib/core.jar:/Users/b10LOUIT/Documents/github/UCSDUnfoldingMaps/lib/gluegen-rt.jar:/Users/b10LOUIT/Documents/github/UCSDUnfoldingMaps/lib/jogl-all.jar:/Users/b10LOUIT/Documents/github/UCSDUnfoldingMaps/lib/log4j-1.2.15.jar:/Users/b10LOUIT/Documents/github/UCSDUnfoldingMaps/lib/sqlite-jdbc-3.7.2.jar:/Users/b10LOUIT/Documents/github/UCSDUnfoldingMaps/lib/json4processing.jar:/Users/b10LOUIT/Documents/github/UCSDUnfoldingMaps/lib/libTUIO.jar:/Users/b10LOUIT/Documents/github/UCSDUnfoldingMaps/lib/unfolding.0.9.7-uscd.jar
Launcher Type: SUN_STANDARD

Environment Variables:
PATH=/usr/bin:/bin:/usr/sbin:/sbin
SHELL=/bin/bash
DISPLAY=/private/tmp/com.apple.launchd.kPpRyWf06G/org.macosforge.xquartz:0

Signal Handlers:
SIGSEGV: [libjvm.dylib+0x5a6d31], sa_mask[0]=11111111011111110111111111111111, sa_flags=SA_ONSTACK|SA_RESTART|SA_SIGINFO
SIGBUS: [libjvm.dylib+0x5a6d31], sa_mask[0]=11111111011111110111111111111111, sa_flags=SA_RESTART|SA_SIGINFO
SIGFPE: [libjvm.dylib+0x480a40], sa_mask[0]=11111111011111110111111111111111, sa_flags=SA_RESTART|SA_SIGINFO
SIGPIPE: [libjvm.dylib+0x480a40], sa_mask[0]=11111111011111110111111111111111, sa_flags=SA_RESTART|SA_SIGINFO
SIGXFSZ: [libjvm.dylib+0x480a40], sa_mask[0]=11111111011111110111111111111111, sa_flags=SA_RESTART|SA_SIGINFO
SIGILL: [libjvm.dylib+0x480a40], sa_mask[0]=11111111011111110111111111111111, sa_flags=SA_RESTART|SA_SIGINFO
SIGUSR1: SIG_DFL, sa_mask[0]=00000000000000000000000000000000, sa_flags=none
SIGUSR2: [libjvm.dylib+0x48055e], sa_mask[0]=00100000000000000000000000000000, sa_flags=SA_RESTART|SA_SIGINFO
SIGHUP: [libjvm.dylib+0x47eb35], sa_mask[0]=11111111011111110111111111111111, sa_flags=SA_RESTART|SA_SIGINFO
SIGINT: [libjvm.dylib+0x47eb35], sa_mask[0]=11111111011111110111111111111111, sa_flags=SA_RESTART|SA_SIGINFO
SIGTERM: [libjvm.dylib+0x47eb35], sa_mask[0]=11111111011111110111111111111111, sa_flags=SA_RESTART|SA_SIGINFO
SIGQUIT: [libjvm.dylib+0x47eb35], sa_mask[0]=11111111011111110111111111111111, sa_flags=SA_RESTART|SA_SIGINFO


---------------  S Y S T E M  ---------------

OS:Bsduname:Darwin 15.0.0 Darwin Kernel Version 15.0.0: Sat Sep 19 15:53:46 PDT 2015; root:xnu-3247.10.11~1/RELEASE_X86_64 x86_64
rlimit: STACK 8192k, CORE 0k, NPROC 709, NOFILE 10240, AS infinity
load average:1.90 1.85 1.77

CPU:total 8 (4 cores per cpu, 2 threads per core) family 6 model 70 stepping 1, cmov, cx8, fxsr, mmx, sse, sse2, sse3, ssse3, sse4.1, sse4.2, popcnt, avx, avx2, aes, clmul, erms, rtm, lzcnt, ht, tsc, tscinvbit, bmi1, bmi2

Memory: 4k page, physical 16777216k(4035784k free)

/proc/meminfo:


vm_info: Java HotSpot(TM) 64-Bit Server VM (25.65-b01) for bsd-amd64 JRE (1.8.0_65-b17), built on Oct  6 2015 15:36:46 by "java_re" with gcc 4.2.1 (Based on Apple Inc. build 5658) (LLVM build 2336.11.00)

time: Tue Dec 22 21:02:21 2015
elapsed time: 6 seconds (0d 0h 0m 6s)

