#
# A fatal error has been detected by the Java Runtime Environment:
#
#  SIGSEGV (0xb) at pc=0x00007fff89c2e4dd, pid=2003, tid=2571
#
# JRE version: Java(TM) SE Runtime Environment (8.0_65-b17) (build 1.8.0_65-b17)
# Java VM: Java HotSpot(TM) 64-Bit Server VM (25.65-b01 mixed mode bsd-amd64 compressed oops)
# Problematic frame:
# C  [libobjc.A.dylib+0x14dd]  objc_msgSend+0x1d
#
# Failed to write core dump. Core dumps have been disabled. To enable core dumping, try "ulimit -c unlimited" before starting Java again
#
# If you would like to submit a bug report, please visit:
#   http://bugreport.java.com/bugreport/crash.jsp
# The crash happened outside the Java Virtual Machine in native code.
# See problematic frame for where to report the bug.
#

---------------  T H R E A D  ---------------

Current thread (0x00007f9370982800):  JavaThread "AWT-AppKit" daemon [_thread_in_native, id=2571, stack(0x00007fff543ac000,0x00007fff54bac000)]

siginfo: si_signo: 11 (SIGSEGV), si_code: 1 (SEGV_MAPERR), si_addr: 0x0000000000000018

Registers:
RAX=0x00007f93771f2260, RBX=0x00000001817bd450, RCX=0x000000012b1bf3a0, RDX=0x000000012b1bf9c0
RSP=0x00007fff54ba7448, RBP=0x00007fff54ba7500, RSI=0x00007fff8d492d0e, RDI=0x00007f937747fc30
R8 =0x0000000000000000, R9 =0x00000000000008c0, R10=0x00007fff8d492d0e, R11=0x0000000000000000
R12=0x0000000000000000, R13=0x0000000186dec918, R14=0x00000001817bd440, R15=0x00007f9370982800
RIP=0x00007fff89c2e4dd, EFLAGS=0x0000000000010246, ERR=0x0000000000000004
  TRAPNO=0x000000000000000e

Top of Stack: (sp=0x00007fff54ba7448)
0x00007fff54ba7448:   00000001817bb157 00007fff54ba74a0
0x00007fff54ba7458:   0000000000000003 00007fff54ba7480
0x00007fff54ba7468:   000000010c5f19a6 0000000186dec918
0x00007fff54ba7478:   0000000186dec918 00007f93771f2260
0x00007fff54ba7488:   00000001817bd6a0 00000001817bd710
0x00007fff54ba7498:   00007fff7a434770 00007fff7c8b0500
0x00007fff54ba74a8:   00000001817bd450 00000001817bd690
0x00007fff54ba74b8:   00007f93771f2260 00007f937747fc30
0x00007fff54ba74c8:   00007f9370530e00 00007f93771f2260
0x00007fff54ba74d8:   00007f937747fc30 00007fff54ba7580
0x00007fff54ba74e8:   00007f93709829f8 0000000186dec918
0x00007fff54ba74f8:   00007fff54ba75a8 00007fff54ba7570
0x00007fff54ba7508:   000000010d39e954 00007fff54ba7570
0x00007fff54ba7518:   000000010d39e6d9 000000010d3aa823
0x00007fff54ba7528:   000000010d39e6a2 00007fff54ba7530
0x00007fff54ba7538:   0000000186dec918 00007fff54ba75a8
0x00007fff54ba7548:   0000000186def550 0000000000000000
0x00007fff54ba7558:   0000000186dec918 0000000000000000
0x00007fff54ba7568:   00007fff54ba7590 00007fff54ba75f0
0x00007fff54ba7578:   000000010d390c4d 000000076f5f9810
0x00007fff54ba7588:   000000010d398578 00007f93771f2260
0x00007fff54ba7598:   000000010d399db9 00007f937747fc30
0x00007fff54ba75a8:   000000010d399d82 00007fff54ba75b0
0x00007fff54ba75b8:   0000000186decae2 00007fff54ba7618
0x00007fff54ba75c8:   0000000186def550 0000000000000000
0x00007fff54ba75d8:   0000000186decaf0 00007fff54ba7590
0x00007fff54ba75e8:   00007fff54ba7600 00007fff54ba7660
0x00007fff54ba75f8:   000000010d390c4d 00007f93771f2260
0x00007fff54ba7608:   000000076f5c6060 00007f937747fc30
0x00007fff54ba7618:   000000076f5c6060 00007fff54ba7620
0x00007fff54ba7628:   000000018e027f26 00007fff54ba7670
0x00007fff54ba7638:   000000018e027fe0 0000000000000000 

Instructions: (pc=0x00007fff89c2e4dd)
0x00007fff89c2e4bd:   44 00 00 48 85 ff 2e 74 62 40 f6 c7 01 2e 75 66
0x00007fff89c2e4cd:   49 bb f8 ff ff ff ff 7f 00 00 4c 23 1f 49 89 f2
0x00007fff89c2e4dd:   45 23 53 18 49 c1 e2 04 4d 03 53 10 49 3b 32 75
0x00007fff89c2e4ed:   04 41 ff 62 08 49 83 3a 01 76 0d 49 83 c2 10 49 

Register to memory mapping:

RAX=0x00007f93771f2260 is an unknown value
RBX=0x00000001817bd450: Java_jogamp_nativewindow_macosx_OSXUtil_GetScreenRefreshRate0+0x1cf0 in /private/var/folders/4x/fmk2m66x61b3x5qnjlmt61jw0000gp/T/jogamp_0000/file_cache/jln609354537387374349/jln1639377577224220339/libnativewindow_macosx.jnilib at 0x00000001817b6000
RCX=0x000000012b1bf3a0 is an unknown value
RDX=0x000000012b1bf9c0 is an unknown value
RSP=0x00007fff54ba7448 is pointing into the stack for thread: 0x00007f9370982800
RBP=0x00007fff54ba7500 is pointing into the stack for thread: 0x00007f9370982800
RSI=0x00007fff8d492d0e is an unknown value
RDI=0x00007f937747fc30 is an unknown value
R8 =0x0000000000000000 is an unknown value
R9 =0x00000000000008c0 is an unknown value
R10=0x00007fff8d492d0e is an unknown value
R11=0x0000000000000000 is an unknown value
R12=0x0000000000000000 is an unknown value
R13={method} {0x0000000186dec918} 'UnsetJAWTRootSurfaceLayer0' '(JJ)V' in 'jogamp/nativewindow/jawt/macosx/MacOSXJAWTWindow'
R14=0x00000001817bd440: Java_jogamp_nativewindow_macosx_OSXUtil_GetScreenRefreshRate0+0x1ce0 in /private/var/folders/4x/fmk2m66x61b3x5qnjlmt61jw0000gp/T/jogamp_0000/file_cache/jln609354537387374349/jln1639377577224220339/libnativewindow_macosx.jnilib at 0x00000001817b6000
R15=0x00007f9370982800 is a thread


Stack: [0x00007fff543ac000,0x00007fff54bac000],  sp=0x00007fff54ba7448,  free space=8173k
Native frames: (J=compiled Java code, j=interpreted, Vv=VM code, C=native code)
C  [libobjc.A.dylib+0x14dd]  objc_msgSend+0x1d
j  jogamp.nativewindow.jawt.macosx.MacOSXJAWTWindow.UnsetJAWTRootSurfaceLayer0(JJ)V+0
j  jogamp.nativewindow.jawt.macosx.MacOSXJAWTWindow.access$200(JJ)V+2
j  jogamp.nativewindow.jawt.macosx.MacOSXJAWTWindow$1.run()V+38
j  com.jogamp.common.util.RunnableTask.run()V+24
v  ~StubRoutines::call_stub
V  [libjvm.dylib+0x2eab02]
V  [libjvm.dylib+0x321bab]
V  [libjvm.dylib+0x31437f]
C  [libnativewindow_macosx.jnilib+0x5326]  Java_jogamp_nativewindow_jawt_macosx_MacOSXJAWTWindow_UnsetJAWTRootSurfaceLayer0+0x2b6
C  [Foundation+0x8dd4b]  __NSThreadPerformPerform+0x117
C  [CoreFoundation+0x7e5c1]  __CFRUNLOOP_IS_CALLING_OUT_TO_A_SOURCE0_PERFORM_FUNCTION__+0x11
C  [CoreFoundation+0x7041c]  __CFRunLoopDoSources0+0x22c
C  [CoreFoundation+0x6f93f]  __CFRunLoopRun+0x39f
C  [CoreFoundation+0x6f338]  CFRunLoopRunSpecific+0x128
C  [HIToolbox+0x30935]  RunCurrentEventLoopInMode+0xeb
C  [HIToolbox+0x30677]  ReceiveNextEventCommon+0xb8
C  [HIToolbox+0x305af]  _BlockUntilNextEventMatchingListInModeWithFilter+0x47
C  [AppKit+0x8a0ee]  _DPSNextEvent+0x42b
C  [AppKit+0x456943]  -[NSApplication _nextEventMatchingEventMask:untilDate:inMode:dequeue:]+0x1c6
C  [libosxapp.dylib+0x23aa]  -[NSApplicationAWT nextEventMatchingMask:untilDate:inMode:dequeue:]+0x7c
C  [AppKit+0x7ffc8]  -[NSApplication run]+0x2aa
C  [libosxapp.dylib+0x214d]  +[NSApplicationAWT runAWTLoopWithApp:]+0x9c
C  [libawt_lwawt.dylib+0x44517]  -[AWTStarter starter:]+0x389
C  [Foundation+0x8dd4b]  __NSThreadPerformPerform+0x117
C  [CoreFoundation+0x7e5c1]  __CFRUNLOOP_IS_CALLING_OUT_TO_A_SOURCE0_PERFORM_FUNCTION__+0x11
C  [CoreFoundation+0x7041c]  __CFRunLoopDoSources0+0x22c
C  [CoreFoundation+0x6f93f]  __CFRunLoopRun+0x39f
C  [CoreFoundation+0x6f338]  CFRunLoopRunSpecific+0x128
C  [java+0x6463]  CreateExecutionEnvironment+0x367
C  [java+0x21ac]  JLI_Launch+0x7a0
C  [java+0x84c0]  main+0x65
C  [java+0x1a04]  start+0x34
C  0x0000000000000007

Java frames: (J=compiled Java code, j=interpreted, Vv=VM code)
j  jogamp.nativewindow.jawt.macosx.MacOSXJAWTWindow.UnsetJAWTRootSurfaceLayer0(JJ)V+0
j  jogamp.nativewindow.jawt.macosx.MacOSXJAWTWindow.access$200(JJ)V+2
j  jogamp.nativewindow.jawt.macosx.MacOSXJAWTWindow$1.run()V+38
j  com.jogamp.common.util.RunnableTask.run()V+24
v  ~StubRoutines::call_stub

---------------  P R O C E S S  ---------------

Java Threads: ( => current thread )
  0x00007f937828e000 JavaThread "Thread-19" [_thread_blocked, id=41495, stack(0x000070000218c000,0x000070000228c000)]
  0x00007f93738b3000 JavaThread "Image Fetcher 1" daemon [_thread_blocked, id=71963, stack(0x000070000279e000,0x000070000289e000)]
  0x00007f9370e0d000 JavaThread "Image Fetcher 0" daemon [_thread_blocked, id=71427, stack(0x000070000269b000,0x000070000279b000)]
  0x00007f9374708000 JavaThread "Keep-Alive-Timer" daemon [_thread_blocked, id=71027, stack(0x0000700002598000,0x0000700002698000)]
  0x00007f9371005800 JavaThread "AWT-EventQueue-1" [_thread_in_native, id=63783, stack(0x0000700002006000,0x0000700002106000)]
  0x00007f9370b93000 JavaThread "DestroyJavaVM" [_thread_blocked, id=5891, stack(0x000070000011a000,0x000070000021a000)]
  0x00007f937414e800 JavaThread "AWT-EventQueue-0" [_thread_blocked, id=58887, stack(0x0000700001e00000,0x0000700001f00000)]
  0x00007f937199f000 JavaThread "Java2D Disposer" daemon [_thread_blocked, id=57355, stack(0x0000700001b77000,0x0000700001c77000)]
  0x00007f93709de000 JavaThread "Java2D Queue Flusher" daemon [_thread_blocked, id=47375, stack(0x0000700001a74000,0x0000700001b74000)]
  0x00007f937194a800 JavaThread "AWT-Shutdown" [_thread_blocked, id=31763, stack(0x000070000165f000,0x000070000175f000)]
=>0x00007f9370982800 JavaThread "AWT-AppKit" daemon [_thread_in_native, id=2571, stack(0x00007fff543ac000,0x00007fff54bac000)]
  0x00007f937081c800 JavaThread "Service Thread" daemon [_thread_blocked, id=21251, stack(0x0000700001353000,0x0000700001453000)]
  0x00007f9374015800 JavaThread "C1 CompilerThread3" daemon [_thread_blocked, id=20739, stack(0x0000700001250000,0x0000700001350000)]
  0x00007f9374014800 JavaThread "C2 CompilerThread2" daemon [_thread_blocked, id=20227, stack(0x000070000114d000,0x000070000124d000)]
  0x00007f9374014000 JavaThread "C2 CompilerThread1" daemon [_thread_blocked, id=19715, stack(0x000070000104a000,0x000070000114a000)]
  0x00007f937081d800 JavaThread "C2 CompilerThread0" daemon [_thread_blocked, id=19203, stack(0x0000700000f47000,0x0000700001047000)]
  0x00007f937081c000 JavaThread "Signal Dispatcher" daemon [_thread_blocked, id=15887, stack(0x0000700000e44000,0x0000700000f44000)]
  0x00007f937184d800 JavaThread "Finalizer" daemon [_thread_blocked, id=14339, stack(0x0000700000c3b000,0x0000700000d3b000)]
  0x00007f9371806000 JavaThread "Reference Handler" daemon [_thread_blocked, id=13827, stack(0x0000700000b38000,0x0000700000c38000)]

Other Threads:
  0x00007f9374009000 VMThread [stack: 0x0000700000a35000,0x0000700000b35000] [id=13315]
  0x00007f9370863000 WatcherThread [stack: 0x0000700001456000,0x0000700001556000] [id=21763]

VM state:not at safepoint (normal execution)

VM Mutex/Monitor currently owned by a thread: None

Heap:
 PSYoungGen      total 76288K, used 13109K [0x000000076ab00000, 0x0000000770000000, 0x00000007c0000000)
  eden space 65536K, 3% used [0x000000076ab00000,0x000000076ad4eb30,0x000000076eb00000)
  from space 10752K, 99% used [0x000000076f580000,0x000000076fffe940,0x0000000770000000)
  to   space 10752K, 0% used [0x000000076eb00000,0x000000076eb00000,0x000000076f580000)
 ParOldGen       total 175104K, used 5621K [0x00000006c0000000, 0x00000006cab00000, 0x000000076ab00000)
  object space 175104K, 3% used [0x00000006c0000000,0x00000006c057d5a8,0x00000006cab00000)
 Metaspace       used 20827K, capacity 21095K, committed 21296K, reserved 1069056K
  class space    used 2048K, capacity 2116K, committed 2176K, reserved 1048576K

Card table byte_map: [0x000000011c749000,0x000000011cf4a000] byte_map_base: 0x0000000119149000

Marking Bits: (ParMarkBitMap*) 0x000000010ccdee20
 Begin Bits: [0x000000011d4a0000, 0x00000001214a0000)
 End Bits:   [0x00000001214a0000, 0x00000001254a0000)

Polling page: 0x000000010b3ce000

CodeCache: size=245760Kb used=9199Kb max_used=9206Kb free=236560Kb
 bounds [0x000000010d389000, 0x000000010dc99000, 0x000000011c389000]
 total_blobs=3319 nmethods=2430 adapters=802
 compilation: enabled

Compilation events (10 events):
Event: 6.506 Thread 0x00007f9374015800 nmethod 2421 0x000000010dc89510 code [0x000000010dc89660, 0x000000010dc89770]
Event: 6.512 Thread 0x00007f9374014000 2423  s!   4       sun.misc.URLClassPath::getLoader (197 bytes)
Event: 6.512 Thread 0x00007f9374015800 2424       3       java.util.Stack::empty (13 bytes)
Event: 6.512 Thread 0x00007f9374015800 nmethod 2424 0x000000010dc897d0 code [0x000000010dc89940, 0x000000010dc89d10]
Event: 6.513 Thread 0x00007f9374015800 2425       3       java.util.concurrent.locks.ReentrantLock$NonfairSync::tryAcquire (6 bytes)
Event: 6.522 Thread 0x00007f9374015800 nmethod 2425 0x000000010dc8b2d0 code [0x000000010dc8b440, 0x000000010dc8b648]
Event: 6.522 Thread 0x00007f9374015800 2426       3       sun.java2d.opengl.CGLSurfaceData$CGLLayerSurfaceData::getBounds (16 bytes)
Event: 6.522 Thread 0x00007f9374014000 nmethod 2423 0x000000010dc8d5d0 code [0x000000010dc8d740, 0x000000010dc8df18]
Event: 6.522 Thread 0x00007f9374015800 nmethod 2426 0x000000010dc8ab90 code [0x000000010dc8ad20, 0x000000010dc8b0b0]
Event: 6.522 Thread 0x00007f9374015800 2427       1       java.lang.ref.Reference::access$100 (4 bytes)

GC Heap History (4 events):
Event: 2.368 GC heap before
{Heap before GC invocations=1 (full 0):
 PSYoungGen      total 76288K, used 65536K [0x000000076ab00000, 0x0000000770000000, 0x00000007c0000000)
  eden space 65536K, 100% used [0x000000076ab00000,0x000000076eb00000,0x000000076eb00000)
  from space 10752K, 0% used [0x000000076f580000,0x000000076f580000,0x0000000770000000)
  to   space 10752K, 0% used [0x000000076eb00000,0x000000076eb00000,0x000000076f580000)
 ParOldGen       total 175104K, used 0K [0x00000006c0000000, 0x00000006cab00000, 0x000000076ab00000)
  object space 175104K, 0% used [0x00000006c0000000,0x00000006c0000000,0x00000006cab00000)
 Metaspace       used 19329K, capacity 19543K, committed 19840K, reserved 1067008K
  class space    used 1970K, capacity 2050K, committed 2176K, reserved 1048576K
Event: 2.378 GC heap after
Heap after GC invocations=1 (full 0):
 PSYoungGen      total 76288K, used 9619K [0x000000076ab00000, 0x0000000770000000, 0x00000007c0000000)
  eden space 65536K, 0% used [0x000000076ab00000,0x000000076ab00000,0x000000076eb00000)
  from space 10752K, 89% used [0x000000076eb00000,0x000000076f464c70,0x000000076f580000)
  to   space 10752K, 0% used [0x000000076f580000,0x000000076f580000,0x0000000770000000)
 ParOldGen       total 175104K, used 24K [0x00000006c0000000, 0x00000006cab00000, 0x000000076ab00000)
  object space 175104K, 0% used [0x00000006c0000000,0x00000006c0006000,0x00000006cab00000)
 Metaspace       used 19329K, capacity 19543K, committed 19840K, reserved 1067008K
  class space    used 1970K, capacity 2050K, committed 2176K, reserved 1048576K
}
Event: 6.513 GC heap before
{Heap before GC invocations=2 (full 0):
 PSYoungGen      total 76288K, used 75155K [0x000000076ab00000, 0x0000000770000000, 0x00000007c0000000)
  eden space 65536K, 100% used [0x000000076ab00000,0x000000076eb00000,0x000000076eb00000)
  from space 10752K, 89% used [0x000000076eb00000,0x000000076f464c70,0x000000076f580000)
  to   space 10752K, 0% used [0x000000076f580000,0x000000076f580000,0x0000000770000000)
 ParOldGen       total 175104K, used 24K [0x00000006c0000000, 0x00000006cab00000, 0x000000076ab00000)
  object space 175104K, 0% used [0x00000006c0000000,0x00000006c0006000,0x00000006cab00000)
 Metaspace       used 20823K, capacity 21095K, committed 21296K, reserved 1069056K
  class space    used 2048K, capacity 2116K, committed 2176K, reserved 1048576K
Event: 6.522 GC heap after
Heap after GC invocations=2 (full 0):
 PSYoungGen      total 76288K, used 10746K [0x000000076ab00000, 0x0000000770000000, 0x00000007c0000000)
  eden space 65536K, 0% used [0x000000076ab00000,0x000000076ab00000,0x000000076eb00000)
  from space 10752K, 99% used [0x000000076f580000,0x000000076fffe940,0x0000000770000000)
  to   space 10752K, 0% used [0x000000076eb00000,0x000000076eb00000,0x000000076f580000)
 ParOldGen       total 175104K, used 5621K [0x00000006c0000000, 0x00000006cab00000, 0x000000076ab00000)
  object space 175104K, 3% used [0x00000006c0000000,0x00000006c057d5a8,0x00000006cab00000)
 Metaspace       used 20823K, capacity 21095K, committed 21296K, reserved 1069056K
  class space    used 2048K, capacity 2116K, committed 2176K, reserved 1048576K
}

Deoptimization events (10 events):
Event: 2.547 Thread 0x00007f9371005800 Uncommon trap: reason=unstable_if action=reinterpret pc=0x000000010d74d910 method=java.lang.String.trim()Ljava/lang/String; @ 23
Event: 2.683 Thread 0x00007f93712d1000 Uncommon trap: reason=unstable_if action=reinterpret pc=0x000000010d73a7d8 method=java.lang.String.regionMatches(ZILjava/lang/String;II)Z @ 123
Event: 2.722 Thread 0x00007f937484e800 Uncommon trap: reason=class_check action=maybe_recompile pc=0x000000010d789450 method=java.util.Arrays.copyOf([Ljava/lang/Object;ILjava/lang/Class;)[Ljava/lang/Object; @ 24
Event: 6.469 Thread 0x00007f9371005800 Uncommon trap: reason=class_check action=maybe_recompile pc=0x000000010d789450 method=java.util.Arrays.copyOf([Ljava/lang/Object;ILjava/lang/Class;)[Ljava/lang/Object; @ 24
Event: 6.469 Thread 0x00007f9371005800 Uncommon trap: reason=class_check action=maybe_recompile pc=0x000000010d789450 method=java.util.Arrays.copyOf([Ljava/lang/Object;ILjava/lang/Class;)[Ljava/lang/Object; @ 24
Event: 6.470 Thread 0x00007f9371005800 Uncommon trap: reason=unstable_if action=reinterpret pc=0x000000010da717a8 method=com.jogamp.common.util.VersionNumber.compareTo(Lcom/jogamp/common/util/VersionNumber;)I @ 21
Event: 6.472 Thread 0x00007f937414e800 Uncommon trap: reason=unstable_if action=reinterpret pc=0x000000010db6aff8 method=java.awt.font.FontRenderContext.equals(Ljava/awt/font/FontRenderContext;)Z @ 2
Event: 6.472 Thread 0x00007f937414e800 Uncommon trap: reason=unstable_if action=reinterpret pc=0x000000010db83894 method=java.awt.Font.equals(Ljava/lang/Object;)Z @ 2
Event: 6.500 Thread 0x00007f937199f800 Uncommon trap: reason=unstable_if action=reinterpret pc=0x000000010d883568 method=java.util.HashMap.putVal(ILjava/lang/Object;Ljava/lang/Object;ZZ)Ljava/lang/Object; @ 81
Event: 6.500 Thread 0x00007f937199f800 Uncommon trap: reason=unstable_if action=reinterpret pc=0x000000010d8805fc method=java.util.HashMap.putVal(ILjava/lang/Object;Ljava/lang/Object;ZZ)Ljava/lang/Object; @ 81

Internal exceptions (10 events):
Event: 0.111 Thread 0x00007f9371005800 Exception <a 'java/lang/NoSuchFieldError': method resolution failed> (0x000000076af3b5c8) thrown at [/Users/java_re/workspace/8-2-build-macosx-x86_64/jdk8u65/4987/hotspot/src/share/vm/prims/methodHandles.cpp, line 1146]
Event: 0.112 Thread 0x00007f9371005800 Exception <a 'java/lang/NoSuchFieldError': method resolution failed> (0x000000076af48d98) thrown at [/Users/java_re/workspace/8-2-build-macosx-x86_64/jdk8u65/4987/hotspot/src/share/vm/prims/methodHandles.cpp, line 1146]
Event: 0.226 Thread 0x00007f9371005800 Exception <a 'java/io/FileNotFoundException'> (0x000000076afc4d00) thrown at [/Users/java_re/workspace/8-2-build-macosx-x86_64/jdk8u65/4987/hotspot/src/share/vm/prims/jni.cpp, line 709]
Event: 0.226 Thread 0x00007f9371005800 Exception <a 'java/io/FileNotFoundException'> (0x000000076afc5860) thrown at [/Users/java_re/workspace/8-2-build-macosx-x86_64/jdk8u65/4987/hotspot/src/share/vm/prims/jni.cpp, line 709]
Event: 0.303 Thread 0x00007f9371005800 Exception <a 'java/io/FileNotFoundException'> (0x000000076b1a7e30) thrown at [/Users/java_re/workspace/8-2-build-macosx-x86_64/jdk8u65/4987/hotspot/src/share/vm/prims/jni.cpp, line 709]
Event: 1.123 Thread 0x00007f9371211800 Exception <a 'java/lang/UnsatisfiedLinkError': com.jogamp.common.util.JarUtil.fixNativeLibAttribs(Ljava/lang/String;)Z> (0x000000076c7f4fb0) thrown at [/Users/java_re/workspace/8-2-build-macosx-x86_64/jdk8u65/4987/hotspot/src/share/vm/prims/nativeLookup.c
Event: 1.758 Thread 0x00007f9371005800 Exception <a 'java/io/FileNotFoundException'> (0x000000076db58678) thrown at [/Users/java_re/workspace/8-2-build-macosx-x86_64/jdk8u65/4987/hotspot/src/share/vm/prims/jni.cpp, line 709]
Event: 1.758 Thread 0x00007f9371005800 Exception <a 'java/io/FileNotFoundException'> (0x000000076db5fb10) thrown at [/Users/java_re/workspace/8-2-build-macosx-x86_64/jdk8u65/4987/hotspot/src/share/vm/prims/jni.cpp, line 709]
Event: 1.758 Thread 0x00007f9371005800 Implicit null exception at 0x000000010d539735 to 0x000000010d539a99
Event: 2.380 Thread 0x00007f937184d800 Exception <a 'java/lang/NullPointerException'> (0x000000076ad8f6f8) thrown at [/Users/java_re/workspace/8-2-build-macosx-x86_64/jdk8u65/4987/hotspot/src/share/vm/interpreter/linkResolver.cpp, line 1178]

Events (10 events):
Event: 6.513 loading class java/awt/LightweightDispatcher$2 done
Event: 6.513 loading class java/awt/event/AWTEventListenerProxy
Event: 6.513 loading class java/awt/event/AWTEventListenerProxy done
Event: 6.513 loading class java/awt/Toolkit$ToolkitEventMulticaster
Event: 6.513 loading class java/awt/Toolkit$ToolkitEventMulticaster done
Event: 6.513 Thread 0x00007f937199f800 Thread exited: 0x00007f937199f800
Event: 6.513 Executing VM operation: ParallelGCFailedAllocation
Event: 6.522 Executing VM operation: ParallelGCFailedAllocation done
Event: 6.522 loading class java/awt/Window$1DisposeAction
Event: 6.522 loading class java/awt/Window$1DisposeAction done


Dynamic libraries:
0x000000000950b000 	/System/Library/Frameworks/Cocoa.framework/Versions/A/Cocoa
0x000000000950b000 	/System/Library/Frameworks/Security.framework/Versions/A/Security
0x000000000950b000 	/System/Library/Frameworks/ApplicationServices.framework/Versions/A/ApplicationServices
0x000000000950b000 	/usr/lib/libz.1.dylib
0x000000000950b000 	/usr/lib/libSystem.B.dylib
0x000000000950b000 	/usr/lib/libobjc.A.dylib
0x000000000950b000 	/System/Library/Frameworks/CoreFoundation.framework/Versions/A/CoreFoundation
0x000000000950b000 	/System/Library/Frameworks/Foundation.framework/Versions/C/Foundation
0x000000000950b000 	/System/Library/Frameworks/AppKit.framework/Versions/C/AppKit
0x000000000950b000 	/System/Library/Frameworks/CoreData.framework/Versions/A/CoreData
0x000000000950b000 	/System/Library/PrivateFrameworks/RemoteViewServices.framework/Versions/A/RemoteViewServices
0x000000000950b000 	/System/Library/PrivateFrameworks/UIFoundation.framework/Versions/A/UIFoundation
0x000000000950b000 	/usr/lib/libScreenReader.dylib
0x000000000950b000 	/System/Library/Frameworks/Accelerate.framework/Versions/A/Accelerate
0x000000000950b000 	/System/Library/Frameworks/IOSurface.framework/Versions/A/IOSurface
0x000000000950b000 	/System/Library/Frameworks/AudioToolbox.framework/Versions/A/AudioToolbox
0x000000000950b000 	/System/Library/Frameworks/AudioUnit.framework/Versions/A/AudioUnit
0x000000000950b000 	/System/Library/PrivateFrameworks/DataDetectorsCore.framework/Versions/A/DataDetectorsCore
0x000000000950b000 	/System/Library/PrivateFrameworks/DesktopServicesPriv.framework/Versions/A/DesktopServicesPriv
0x000000000950b000 	/System/Library/Frameworks/Carbon.framework/Versions/A/Frameworks/HIToolbox.framework/Versions/A/HIToolbox
0x000000000950b000 	/System/Library/Frameworks/QuartzCore.framework/Versions/A/QuartzCore
0x000000000950b000 	/System/Library/Frameworks/Carbon.framework/Versions/A/Frameworks/SpeechRecognition.framework/Versions/A/SpeechRecognition
0x000000000950b000 	/usr/lib/libauto.dylib
0x000000000950b000 	/usr/lib/libicucore.A.dylib
0x000000000950b000 	/usr/lib/libxml2.2.dylib
0x000000000950b000 	/System/Library/PrivateFrameworks/CoreUI.framework/Versions/A/CoreUI
0x000000000950b000 	/System/Library/Frameworks/CoreAudio.framework/Versions/A/CoreAudio
0x000000000950b000 	/System/Library/Frameworks/DiskArbitration.framework/Versions/A/DiskArbitration
0x000000000950b000 	/usr/lib/liblangid.dylib
0x000000000950b000 	/System/Library/PrivateFrameworks/MultitouchSupport.framework/Versions/A/MultitouchSupport
0x000000000950b000 	/System/Library/Frameworks/IOKit.framework/Versions/A/IOKit
0x000000000950b000 	/usr/lib/libDiagnosticMessagesClient.dylib
0x000000000950b000 	/System/Library/Frameworks/CoreServices.framework/Versions/A/CoreServices
0x000000000950b000 	/System/Library/PrivateFrameworks/PerformanceAnalysis.framework/Versions/A/PerformanceAnalysis
0x000000000950b000 	/System/Library/PrivateFrameworks/GenerationalStorage.framework/Versions/A/GenerationalStorage
0x000000000950b000 	/System/Library/Frameworks/OpenGL.framework/Versions/A/OpenGL
0x000000000950b000 	/System/Library/PrivateFrameworks/Sharing.framework/Versions/A/Sharing
0x000000000950b000 	/System/Library/Frameworks/CoreGraphics.framework/Versions/A/CoreGraphics
0x000000000950b000 	/System/Library/Frameworks/CoreImage.framework/Versions/A/CoreImage
0x000000000950b000 	/System/Library/Frameworks/CoreText.framework/Versions/A/CoreText
0x000000000950b000 	/System/Library/Frameworks/ImageIO.framework/Versions/A/ImageIO
0x000000000950b000 	/System/Library/PrivateFrameworks/Backup.framework/Versions/A/Backup
0x000000000950b000 	/usr/lib/libextension.dylib
0x000000000950b000 	/usr/lib/libarchive.2.dylib
0x000000000950b000 	/System/Library/Frameworks/CFNetwork.framework/Versions/A/CFNetwork
0x000000000950b000 	/System/Library/Frameworks/SystemConfiguration.framework/Versions/A/SystemConfiguration
0x000000000950b000 	/usr/lib/libCRFSuite.dylib
0x000000000950b000 	/usr/lib/libc++.1.dylib
0x000000000950b000 	/usr/lib/libc++abi.dylib
0x000000000950b000 	/usr/lib/system/libcache.dylib
0x000000000950b000 	/usr/lib/system/libcommonCrypto.dylib
0x000000000950b000 	/usr/lib/system/libcompiler_rt.dylib
0x000000000950b000 	/usr/lib/system/libcopyfile.dylib
0x000000000950b000 	/usr/lib/system/libcorecrypto.dylib
0x000000000950b000 	/usr/lib/system/libdispatch.dylib
0x000000000950b000 	/usr/lib/system/libdyld.dylib
0x000000000950b000 	/usr/lib/system/libkeymgr.dylib
0x000000000950b000 	/usr/lib/system/liblaunch.dylib
0x000000000950b000 	/usr/lib/system/libmacho.dylib
0x000000000950b000 	/usr/lib/system/libquarantine.dylib
0x000000000950b000 	/usr/lib/system/libremovefile.dylib
0x000000000950b000 	/usr/lib/system/libsystem_asl.dylib
0x000000000950b000 	/usr/lib/system/libsystem_blocks.dylib
0x000000000950b000 	/usr/lib/system/libsystem_c.dylib
0x000000000950b000 	/usr/lib/system/libsystem_configuration.dylib
0x000000000950b000 	/usr/lib/system/libsystem_coreservices.dylib
0x000000000950b000 	/usr/lib/system/libsystem_coretls.dylib
0x000000000950b000 	/usr/lib/system/libsystem_dnssd.dylib
0x000000000950b000 	/usr/lib/system/libsystem_info.dylib
0x000000000950b000 	/usr/lib/system/libsystem_kernel.dylib
0x000000000950b000 	/usr/lib/system/libsystem_m.dylib
0x000000000950b000 	/usr/lib/system/libsystem_malloc.dylib
0x000000000950b000 	/usr/lib/system/libsystem_network.dylib
0x000000000950b000 	/usr/lib/system/libsystem_networkextension.dylib
0x000000000950b000 	/usr/lib/system/libsystem_notify.dylib
0x000000000950b000 	/usr/lib/system/libsystem_platform.dylib
0x000000000950b000 	/usr/lib/system/libsystem_pthread.dylib
0x000000000950b000 	/usr/lib/system/libsystem_sandbox.dylib
0x000000000950b000 	/usr/lib/system/libsystem_secinit.dylib
0x000000000950b000 	/usr/lib/system/libsystem_trace.dylib
0x000000000950b000 	/usr/lib/system/libunc.dylib
0x000000000950b000 	/usr/lib/system/libunwind.dylib
0x000000000950b000 	/usr/lib/system/libxpc.dylib
0x000000000950b000 	/usr/lib/libenergytrace.dylib
0x000000000950b000 	/usr/lib/libbsm.0.dylib
0x000000000950b000 	/usr/lib/system/libkxld.dylib
0x000000000950b000 	/usr/lib/libxar.1.dylib
0x000000000950b000 	/usr/lib/libsqlite3.dylib
0x000000000950b000 	/usr/lib/libpam.2.dylib
0x000000000950b000 	/usr/lib/libOpenScriptingUtil.dylib
0x000000000950b000 	/usr/lib/libbz2.1.0.dylib
0x000000000950b000 	/usr/lib/liblzma.5.dylib
0x000000000950b000 	/System/Library/Frameworks/CoreServices.framework/Versions/A/Frameworks/FSEvents.framework/Versions/A/FSEvents
0x000000000950b000 	/System/Library/Frameworks/CoreServices.framework/Versions/A/Frameworks/CarbonCore.framework/Versions/A/CarbonCore
0x000000000950b000 	/System/Library/Frameworks/CoreServices.framework/Versions/A/Frameworks/Metadata.framework/Versions/A/Metadata
0x000000000950b000 	/System/Library/Frameworks/CoreServices.framework/Versions/A/Frameworks/OSServices.framework/Versions/A/OSServices
0x000000000950b000 	/System/Library/Frameworks/CoreServices.framework/Versions/A/Frameworks/SearchKit.framework/Versions/A/SearchKit
0x000000000950b000 	/System/Library/Frameworks/CoreServices.framework/Versions/A/Frameworks/AE.framework/Versions/A/AE
0x000000000950b000 	/System/Library/Frameworks/CoreServices.framework/Versions/A/Frameworks/LaunchServices.framework/Versions/A/LaunchServices
0x000000000950b000 	/System/Library/Frameworks/CoreServices.framework/Versions/A/Frameworks/DictionaryServices.framework/Versions/A/DictionaryServices
0x000000000950b000 	/System/Library/Frameworks/CoreServices.framework/Versions/A/Frameworks/SharedFileList.framework/Versions/A/SharedFileList
0x000000000950b000 	/System/Library/Frameworks/NetFS.framework/Versions/A/NetFS
0x000000000950b000 	/System/Library/PrivateFrameworks/NetAuth.framework/Versions/A/NetAuth
0x000000000950b000 	/System/Library/PrivateFrameworks/login.framework/Versions/A/Frameworks/loginsupport.framework/Versions/A/loginsupport
0x000000000950b000 	/System/Library/PrivateFrameworks/TCC.framework/Versions/A/TCC
0x000000000950b000 	/usr/lib/libmecabra.dylib
0x000000000950b000 	/System/Library/Frameworks/ApplicationServices.framework/Versions/A/Frameworks/ATS.framework/Versions/A/ATS
0x000000000950b000 	/System/Library/Frameworks/ApplicationServices.framework/Versions/A/Frameworks/ColorSync.framework/Versions/A/ColorSync
0x000000000950b000 	/System/Library/Frameworks/ApplicationServices.framework/Versions/A/Frameworks/HIServices.framework/Versions/A/HIServices
0x000000000950b000 	/System/Library/Frameworks/ApplicationServices.framework/Versions/A/Frameworks/LangAnalysis.framework/Versions/A/LangAnalysis
0x000000000950b000 	/System/Library/Frameworks/ApplicationServices.framework/Versions/A/Frameworks/PrintCore.framework/Versions/A/PrintCore
0x000000000950b000 	/System/Library/Frameworks/ApplicationServices.framework/Versions/A/Frameworks/QD.framework/Versions/A/QD
0x000000000950b000 	/System/Library/Frameworks/ApplicationServices.framework/Versions/A/Frameworks/SpeechSynthesis.framework/Versions/A/SpeechSynthesis
0x000000000950b000 	/System/Library/Frameworks/Metal.framework/Versions/A/Metal
0x000000000950b000 	/System/Library/Frameworks/Accelerate.framework/Versions/A/Frameworks/vImage.framework/Versions/A/vImage
0x000000000950b000 	/System/Library/Frameworks/Accelerate.framework/Versions/A/Frameworks/vecLib.framework/Versions/A/vecLib
0x000000000950b000 	/System/Library/Frameworks/Accelerate.framework/Versions/A/Frameworks/vecLib.framework/Versions/A/libvDSP.dylib
0x000000000950b000 	/System/Library/Frameworks/Accelerate.framework/Versions/A/Frameworks/vecLib.framework/Versions/A/libvMisc.dylib
0x000000000950b000 	/System/Library/Frameworks/Accelerate.framework/Versions/A/Frameworks/vecLib.framework/Versions/A/libLAPACK.dylib
0x000000000950b000 	/System/Library/Frameworks/Accelerate.framework/Versions/A/Frameworks/vecLib.framework/Versions/A/libBLAS.dylib
0x000000000950b000 	/System/Library/Frameworks/Accelerate.framework/Versions/A/Frameworks/vecLib.framework/Versions/A/libLinearAlgebra.dylib
0x000000000950b000 	/System/Library/Frameworks/Accelerate.framework/Versions/A/Frameworks/vecLib.framework/Versions/A/libSparseBLAS.dylib
0x000000000950b000 	/System/Library/PrivateFrameworks/GPUCompiler.framework/libmetal_timestamp.dylib
0x000000000950b000 	/System/Library/Frameworks/OpenGL.framework/Versions/A/Libraries/libCoreFSCache.dylib
0x000000000950b000 	/System/Library/PrivateFrameworks/IOAccelerator.framework/Versions/A/IOAccelerator
0x000000000950b000 	/System/Library/Frameworks/ApplicationServices.framework/Versions/A/Frameworks/ATS.framework/Versions/A/Resources/libFontParser.dylib
0x000000000950b000 	/System/Library/Frameworks/ApplicationServices.framework/Versions/A/Frameworks/ATS.framework/Versions/A/Resources/libFontRegistry.dylib
0x000000000950b000 	/System/Library/PrivateFrameworks/AppleVPA.framework/Versions/A/AppleVPA
0x000000000950b000 	/System/Library/PrivateFrameworks/AppleJPEG.framework/Versions/A/AppleJPEG
0x000000000950b000 	/System/Library/Frameworks/ImageIO.framework/Versions/A/Resources/libJPEG.dylib
0x000000000950b000 	/System/Library/Frameworks/ImageIO.framework/Versions/A/Resources/libTIFF.dylib
0x000000000950b000 	/System/Library/Frameworks/ImageIO.framework/Versions/A/Resources/libPng.dylib
0x000000000950b000 	/System/Library/Frameworks/ImageIO.framework/Versions/A/Resources/libGIF.dylib
0x000000000950b000 	/System/Library/Frameworks/ImageIO.framework/Versions/A/Resources/libJP2.dylib
0x000000000950b000 	/System/Library/Frameworks/ImageIO.framework/Versions/A/Resources/libRadiance.dylib
0x000000000950b000 	/System/Library/Frameworks/CoreVideo.framework/Versions/A/CoreVideo
0x000000000950b000 	/System/Library/Frameworks/OpenGL.framework/Versions/A/Libraries/libGLU.dylib
0x000000000950b000 	/System/Library/Frameworks/OpenGL.framework/Versions/A/Libraries/libGFXShared.dylib
0x000000000950b000 	/System/Library/Frameworks/OpenGL.framework/Versions/A/Libraries/libGL.dylib
0x000000000950b000 	/System/Library/Frameworks/OpenGL.framework/Versions/A/Libraries/libGLImage.dylib
0x000000000950b000 	/System/Library/Frameworks/OpenGL.framework/Versions/A/Libraries/libCVMSPluginSupport.dylib
0x000000000950b000 	/System/Library/Frameworks/OpenGL.framework/Versions/A/Libraries/libCoreVMClient.dylib
0x000000000950b000 	/usr/lib/libcups.2.dylib
0x000000000950b000 	/System/Library/Frameworks/Kerberos.framework/Versions/A/Kerberos
0x000000000950b000 	/System/Library/Frameworks/GSS.framework/Versions/A/GSS
0x000000000950b000 	/usr/lib/libresolv.9.dylib
0x000000000950b000 	/usr/lib/libiconv.2.dylib
0x000000000950b000 	/System/Library/PrivateFrameworks/Heimdal.framework/Versions/A/Heimdal
0x000000000950b000 	/usr/lib/libheimdal-asn1.dylib
0x000000000950b000 	/System/Library/Frameworks/OpenDirectory.framework/Versions/A/OpenDirectory
0x000000000950b000 	/System/Library/PrivateFrameworks/CommonAuth.framework/Versions/A/CommonAuth
0x000000000950b000 	/System/Library/Frameworks/OpenDirectory.framework/Versions/A/Frameworks/CFOpenDirectory.framework/Versions/A/CFOpenDirectory
0x000000000950b000 	/System/Library/Frameworks/SecurityFoundation.framework/Versions/A/SecurityFoundation
0x000000000950b000 	/System/Library/PrivateFrameworks/LanguageModeling.framework/Versions/A/LanguageModeling
0x000000000950b000 	/usr/lib/libmarisa.dylib
0x000000000950b000 	/usr/lib/libChineseTokenizer.dylib
0x000000000950b000 	/usr/lib/libcmph.dylib
0x000000000950b000 	/usr/lib/libcompression.dylib
0x000000000950b000 	/System/Library/Frameworks/ServiceManagement.framework/Versions/A/ServiceManagement
0x000000000950b000 	/usr/lib/libxslt.1.dylib
0x000000000950b000 	/System/Library/Frameworks/Carbon.framework/Versions/A/Frameworks/Ink.framework/Versions/A/Ink
0x000000000950b000 	/usr/lib/libFosl_dynamic.dylib
0x000000000950b000 	/System/Library/PrivateFrameworks/FaceCore.framework/Versions/A/FaceCore
0x000000000950b000 	/System/Library/Frameworks/OpenCL.framework/Versions/A/OpenCL
0x000000000950b000 	/System/Library/PrivateFrameworks/CrashReporterSupport.framework/Versions/A/CrashReporterSupport
0x000000000950b000 	/System/Library/PrivateFrameworks/IconServices.framework/Versions/A/IconServices
0x000000000950b000 	/System/Library/PrivateFrameworks/Apple80211.framework/Versions/A/Apple80211
0x000000000950b000 	/System/Library/Frameworks/CoreWLAN.framework/Versions/A/CoreWLAN
0x000000000950b000 	/System/Library/Frameworks/IOBluetooth.framework/Versions/A/IOBluetooth
0x000000000950b000 	/System/Library/PrivateFrameworks/CoreWiFi.framework/Versions/A/CoreWiFi
0x000000000950b000 	/System/Library/Frameworks/CoreBluetooth.framework/Versions/A/CoreBluetooth
0x000000000950b000 	/System/Library/PrivateFrameworks/ChunkingLibrary.framework/Versions/A/ChunkingLibrary
0x000000000950b000 	/System/Library/PrivateFrameworks/DebugSymbols.framework/Versions/A/DebugSymbols
0x000000000950b000 	/System/Library/PrivateFrameworks/CoreSymbolication.framework/Versions/A/CoreSymbolication
0x000000000950b000 	/System/Library/PrivateFrameworks/Symbolication.framework/Versions/A/Symbolication
0x000000000950b000 	/System/Library/PrivateFrameworks/SpeechRecognitionCore.framework/Versions/A/SpeechRecognitionCore
0x000000010c400000 	/Library/Java/JavaVirtualMachines/jdk1.8.0_65.jdk/Contents/Home/jre/lib/server/libjvm.dylib
0x000000010b2d4000 	/usr/lib/libstdc++.6.dylib
0x000000010b38b000 	/Library/Java/JavaVirtualMachines/jdk1.8.0_65.jdk/Contents/Home/jre/lib/libverify.dylib
0x000000010b399000 	/Library/Java/JavaVirtualMachines/jdk1.8.0_65.jdk/Contents/Home/jre/lib/libjava.dylib
0x000000010b3d8000 	/Library/Java/JavaVirtualMachines/jdk1.8.0_65.jdk/Contents/Home/jre/lib/libzip.dylib
0x000000010b3e2000 	/System/Library/Frameworks/JavaVM.framework/Frameworks/JavaRuntimeSupport.framework/JavaRuntimeSupport
0x000000012843e000 	/System/Library/Frameworks/JavaVM.framework/Versions/A/Frameworks/JavaNativeFoundation.framework/Versions/A/JavaNativeFoundation
0x0000000128453000 	/System/Library/Frameworks/JavaVM.framework/Versions/A/JavaVM
0x000000000950b000 	/System/Library/Frameworks/Carbon.framework/Versions/A/Carbon
0x0000000128460000 	/System/Library/PrivateFrameworks/JavaLaunching.framework/Versions/A/JavaLaunching
0x000000000950b000 	/System/Library/Frameworks/Carbon.framework/Versions/A/Frameworks/CommonPanels.framework/Versions/A/CommonPanels
0x000000000950b000 	/System/Library/Frameworks/Carbon.framework/Versions/A/Frameworks/Help.framework/Versions/A/Help
0x000000000950b000 	/System/Library/Frameworks/Carbon.framework/Versions/A/Frameworks/ImageCapture.framework/Versions/A/ImageCapture
0x000000000950b000 	/System/Library/Frameworks/Carbon.framework/Versions/A/Frameworks/OpenScripting.framework/Versions/A/OpenScripting
0x000000000950b000 	/System/Library/Frameworks/Carbon.framework/Versions/A/Frameworks/Print.framework/Versions/A/Print
0x000000000950b000 	/System/Library/Frameworks/Carbon.framework/Versions/A/Frameworks/SecurityHI.framework/Versions/A/SecurityHI
0x0000000129dba000 	/Library/Java/JavaVirtualMachines/jdk1.8.0_65.jdk/Contents/Home/jre/lib/libawt.dylib
0x0000000129e62000 	/Library/Java/JavaVirtualMachines/jdk1.8.0_65.jdk/Contents/Home/jre/lib/./libmlib_image.dylib
0x0000000129f2e000 	/Library/Java/JavaVirtualMachines/jdk1.8.0_65.jdk/Contents/Home/jre/lib/libawt_lwawt.dylib
0x0000000129fe3000 	/Library/Java/JavaVirtualMachines/jdk1.8.0_65.jdk/Contents/Home/jre/lib/./libosxapp.dylib
0x000000000950b000 	/System/Library/Frameworks/ExceptionHandling.framework/Versions/A/ExceptionHandling
0x000000000950b000 	/System/Library/PrivateFrameworks/CoreServicesInternal.framework/Versions/A/CoreServicesInternal
0x000000000950b000 	/System/Library/Frameworks/CoreGraphics.framework/Versions/A/Resources/libRIP.A.dylib
0x000000012adef000 	/System/Library/Frameworks/Accelerate.framework/Frameworks/vImage.framework/Versions/A/Libraries/libCGInterfaces.dylib
0x000000000950b000 	/System/Library/Frameworks/CoreGraphics.framework/Versions/A/Resources/libCGXType.A.dylib
0x000000000950b000 	/System/Library/Frameworks/OpenCL.framework/Versions/A/Libraries/libcldcpuengine.dylib
0x000000000950b000 	/System/Library/PrivateFrameworks/DiskImages.framework/Versions/A/DiskImages
0x000000000950b000 	/System/Library/Frameworks/DiscRecording.framework/Versions/A/DiscRecording
0x000000000950b000 	/usr/lib/libcsfde.dylib
0x000000000950b000 	/usr/lib/libcurl.4.dylib
0x000000000950b000 	/System/Library/PrivateFrameworks/MediaKit.framework/Versions/A/MediaKit
0x000000000950b000 	/System/Library/PrivateFrameworks/ProtectedCloudStorage.framework/Versions/A/ProtectedCloudStorage
0x000000000950b000 	/usr/lib/libCoreStorage.dylib
0x000000000950b000 	/System/Library/PrivateFrameworks/EFILogin.framework/Versions/A/EFILogin
0x000000000950b000 	/usr/lib/libutil.dylib
0x000000000950b000 	/System/Library/PrivateFrameworks/FindMyDevice.framework/Versions/A/FindMyDevice
0x000000000950b000 	/System/Library/Frameworks/LDAP.framework/Versions/A/LDAP
0x000000000950b000 	/usr/lib/libsasl2.2.dylib
0x000000000950b000 	/System/Library/PrivateFrameworks/CoreDaemon.framework/Versions/B/CoreDaemon
0x000000000950b000 	/usr/lib/libcrypto.0.9.8.dylib
0x000000000950b000 	/System/Library/PrivateFrameworks/AppleSRP.framework/Versions/A/AppleSRP
0x000000000950b000 	/System/Library/PrivateFrameworks/TrustEvaluationAgent.framework/Versions/A/TrustEvaluationAgent
0x000000012bbff000 	cl_kernels
0x000000000950b000 	/System/Library/Frameworks/OpenCL.framework/Versions/A/Libraries/ImageFormats/unorm8_bgra.dylib
0x000000000950b000 	/System/Library/Frameworks/OpenCL.framework/Versions/A/Libraries/ImageFormats/unorm8_rgba.dylib
0x000000000950b000 	/System/Library/PrivateFrameworks/FamilyControls.framework/Versions/A/FamilyControls
0x000000000950b000 	/System/Library/PrivateFrameworks/CommerceKit.framework/Versions/A/Frameworks/CommerceCore.framework/Versions/A/CommerceCore
0x000000000950b000 	/System/Library/PrivateFrameworks/SystemAdministration.framework/Versions/A/SystemAdministration
0x000000000950b000 	/System/Library/PrivateFrameworks/AppContainer.framework/Versions/A/AppContainer
0x000000000950b000 	/System/Library/PrivateFrameworks/SecCodeWrapper.framework/Versions/A/SecCodeWrapper
0x000000000950b000 	/System/Library/Frameworks/DirectoryService.framework/Versions/A/DirectoryService
0x000000000950b000 	/System/Library/PrivateFrameworks/LoginUIKit.framework/Versions/A/Frameworks/LoginUICore.framework/Versions/A/LoginUICore
0x000000000950b000 	/usr/lib/libodfde.dylib
0x000000012cde0000 	/System/Library/Frameworks/OpenGL.framework/Resources/GLEngine.bundle/GLEngine
0x000000000950b000 	/System/Library/Frameworks/OpenGL.framework/Versions/A/Libraries/libGLProgrammability.dylib
0x000000012cfc8000 	/System/Library/Extensions/AppleIntelHD5000GraphicsGLDriver.bundle/Contents/MacOS/AppleIntelHD5000GraphicsGLDriver
0x000000000950b000 	/System/Library/PrivateFrameworks/GPUSupport.framework/Versions/A/Libraries/libGPUSupportMercury.dylib
0x000000012d718000 	/System/Library/Frameworks/OpenGL.framework/Resources//GLRendererFloat.bundle/GLRendererFloat
0x000000012e4a2000 	/Library/Java/JavaVirtualMachines/jdk1.8.0_65.jdk/Contents/Home/jre/lib/libfontmanager.dylib
0x000000012f9ea000 	/Library/Java/JavaVirtualMachines/jdk1.8.0_65.jdk/Contents/Home/jre/lib/libosxui.dylib
0x00000001306f3000 	/Library/Java/JavaVirtualMachines/jdk1.8.0_65.jdk/Contents/Home/jre/lib/libnet.dylib
0x000000013070a000 	/Library/Java/JavaVirtualMachines/jdk1.8.0_65.jdk/Contents/Home/jre/lib/libnio.dylib
0x000000000950b000 	/System/Library/Frameworks/ApplicationServices.framework/Versions/A/Frameworks/ATS.framework/Versions/A/Resources/libTrueTypeScaler.dylib
0x0000000181873000 	/System/Library/Extensions/AppleIntelHD5000GraphicsMTLDriver.bundle/Contents/MacOS/AppleIntelHD5000GraphicsMTLDriver
0x000000012f6d2000 	/private/var/folders/4x/fmk2m66x61b3x5qnjlmt61jw0000gp/T/jogamp_0000/file_cache/jln609354537387374349/jln1639377577224220339/libgluegen-rt.jnilib
0x000000012f6d7000 	/private/var/folders/4x/fmk2m66x61b3x5qnjlmt61jw0000gp/T/jogamp_0000/file_cache/jln609354537387374349/jln1639377577224220339/libnativewindow_awt.jnilib
0x000000012f721000 	/Library/Java/JavaVirtualMachines/jdk1.8.0_65.jdk/Contents/Home/jre/lib/libjawt.dylib
0x00000001817b6000 	/private/var/folders/4x/fmk2m66x61b3x5qnjlmt61jw0000gp/T/jogamp_0000/file_cache/jln609354537387374349/jln1639377577224220339/libnativewindow_macosx.jnilib
0x0000000186f22000 	/private/var/folders/4x/fmk2m66x61b3x5qnjlmt61jw0000gp/T/jogamp_0000/file_cache/jln609354537387374349/jln1639377577224220339/libjogl_desktop.jnilib
0x000000012b7c1000 	/Library/Java/JavaVirtualMachines/jdk1.8.0_65.jdk/Contents/Home/jre/lib/libt2k.dylib

VM Arguments:
jvm_args: -Djava.security.policy=java.policy.applet -Dfile.encoding=UTF-8 
java_command: sun.applet.AppletViewer module5.EarthquakeCityMap1451312121734.html
java_class_path (initial): /Users/b10LOUIT/Documents/github/UCSDUnfoldingMaps/build:/Users/b10LOUIT/Documents/github/UCSDUnfoldingMaps/lib/core.jar:/Users/b10LOUIT/Documents/github/UCSDUnfoldingMaps/lib/gluegen-rt.jar:/Users/b10LOUIT/Documents/github/UCSDUnfoldingMaps/lib/jogl-all.jar:/Users/b10LOUIT/Documents/github/UCSDUnfoldingMaps/lib/log4j-1.2.15.jar:/Users/b10LOUIT/Documents/github/UCSDUnfoldingMaps/lib/sqlite-jdbc-3.7.2.jar:/Users/b10LOUIT/Documents/github/UCSDUnfoldingMaps/lib/json4processing.jar:/Users/b10LOUIT/Documents/github/UCSDUnfoldingMaps/lib/libTUIO.jar:/Users/b10LOUIT/Documents/github/UCSDUnfoldingMaps/lib/unfolding.0.9.7-uscd.jar
Launcher Type: SUN_STANDARD

Environment Variables:
PATH=/usr/bin:/bin:/usr/sbin:/sbin
SHELL=/bin/bash
DISPLAY=/private/tmp/com.apple.launchd.lANSwdTao8/org.macosforge.xquartz:0

Signal Handlers:
SIGSEGV: [libjvm.dylib+0x5a6d31], sa_mask[0]=11111111011111110111111111111111, sa_flags=SA_ONSTACK|SA_RESTART|SA_SIGINFO
SIGBUS: [libjvm.dylib+0x5a6d31], sa_mask[0]=11111111011111110111111111111111, sa_flags=SA_RESTART|SA_SIGINFO
SIGFPE: [libjvm.dylib+0x480a40], sa_mask[0]=11111111011111110111111111111111, sa_flags=SA_RESTART|SA_SIGINFO
SIGPIPE: [libjvm.dylib+0x480a40], sa_mask[0]=11111111011111110111111111111111, sa_flags=SA_RESTART|SA_SIGINFO
SIGXFSZ: [libjvm.dylib+0x480a40], sa_mask[0]=11111111011111110111111111111111, sa_flags=SA_RESTART|SA_SIGINFO
SIGILL: [libjvm.dylib+0x480a40], sa_mask[0]=11111111011111110111111111111111, sa_flags=SA_RESTART|SA_SIGINFO
SIGUSR1: SIG_DFL, sa_mask[0]=00000000000000000000000000000000, sa_flags=none
SIGUSR2: [libjvm.dylib+0x48055e], sa_mask[0]=00100000000000000000000000000000, sa_flags=SA_RESTART|SA_SIGINFO
SIGHUP: [libjvm.dylib+0x47eb35], sa_mask[0]=11111111011111110111111111111111, sa_flags=SA_RESTART|SA_SIGINFO
SIGINT: [libjvm.dylib+0x47eb35], sa_mask[0]=11111111011111110111111111111111, sa_flags=SA_RESTART|SA_SIGINFO
SIGTERM: [libjvm.dylib+0x47eb35], sa_mask[0]=11111111011111110111111111111111, sa_flags=SA_RESTART|SA_SIGINFO
SIGQUIT: [libjvm.dylib+0x47eb35], sa_mask[0]=11111111011111110111111111111111, sa_flags=SA_RESTART|SA_SIGINFO


---------------  S Y S T E M  ---------------

OS:Bsduname:Darwin 15.2.0 Darwin Kernel Version 15.2.0: Fri Nov 13 19:56:56 PST 2015; root:xnu-3248.20.55~2/RELEASE_X86_64 x86_64
rlimit: STACK 8192k, CORE 0k, NPROC 709, NOFILE 10240, AS infinity
load average:1.27 1.48 1.56

CPU:total 8 (4 cores per cpu, 2 threads per core) family 6 model 70 stepping 1, cmov, cx8, fxsr, mmx, sse, sse2, sse3, ssse3, sse4.1, sse4.2, popcnt, avx, avx2, aes, clmul, erms, rtm, lzcnt, ht, tsc, tscinvbit, bmi1, bmi2

Memory: 4k page, physical 16777216k(840256k free)

/proc/meminfo:


vm_info: Java HotSpot(TM) 64-Bit Server VM (25.65-b01) for bsd-amd64 JRE (1.8.0_65-b17), built on Oct  6 2015 15:36:46 by "java_re" with gcc 4.2.1 (Based on Apple Inc. build 5658) (LLVM build 2336.11.00)

time: Mon Dec 28 15:15:28 2015
elapsed time: 6 seconds (0d 0h 0m 6s)

