#
# A fatal error has been detected by the Java Runtime Environment:
#
#  SIGSEGV (0xb) at pc=0x00007fff8787d063, pid=3762, tid=2571
#
# JRE version: Java(TM) SE Runtime Environment (8.0_65-b17) (build 1.8.0_65-b17)
# Java VM: Java HotSpot(TM) 64-Bit Server VM (25.65-b01 mixed mode bsd-amd64 compressed oops)
# Problematic frame:
# C  [libobjc.A.dylib+0x9063]  objc_release+0x13
#
# Failed to write core dump. Core dumps have been disabled. To enable core dumping, try "ulimit -c unlimited" before starting Java again
#
# If you would like to submit a bug report, please visit:
#   http://bugreport.java.com/bugreport/crash.jsp
# The crash happened outside the Java Virtual Machine in native code.
# See problematic frame for where to report the bug.
#

---------------  T H R E A D  ---------------

Current thread (0x00007f889511c800):  JavaThread "AWT-AppKit" daemon [_thread_in_native, id=2571, stack(0x00007fff5ae6b000,0x00007fff5b66b000)]

siginfo: si_signo: 11 (SIGSEGV), si_code: 0 (unknown), si_addr: 0x0000000000000000

Registers:
RAX=0x0000000000000008, RBX=0x0000000000000000, RCX=0x0000000000000003, RDX=0x00007f889b00db48
RSP=0x00007fff5b6662a0, RBP=0x00007fff5b6662a0, RSI=0x0000000123433f00, RDI=0xd00007f8893d5392
R8 =0x0000000000000001, R9 =0x00007f8893d53920, R10=0x00007f8895c6ac20, R11=0x000000017a067840
R12=0x0000000000000000, R13=0x000000017ef41d10, R14=0x00007f8893d8faf0, R15=0x00007f889511c800
RIP=0x00007fff8787d063, EFLAGS=0x0000000000010246, ERR=0x0000000000000000
  TRAPNO=0x000000000000000d

Top of Stack: (sp=0x00007fff5b6662a0)
0x00007fff5b6662a0:   00007fff5b6662d0 00000001233bd52b
0x00007fff5b6662b0:   00007fff5b6662d0 000000017a067450
0x00007fff5b6662c0:   000000017a067440 00007f889511c800
0x00007fff5b6662d0:   00007fff5b666390 000000017a065215
0x00007fff5b6662e0:   000000017a067700 000000017a0676e0
0x00007fff5b6662f0:   000000017a0674b0 0000000000000000
0x00007fff5b666300:   000000017ef41d10 000000017ef41d10
0x00007fff5b666310:   00007f889b00db40 000000017a0676a0
0x00007fff5b666320:   000000017a067710 00007fff73cee740
0x00007fff5b666330:   00007fff729454c0 000000017a067450
0x00007fff5b666340:   000000017a067690 00007f889b00db40
0x00007fff5b666350:   00007f8893d8faf0 00007f889b025650
0x00007fff5b666360:   00007f889b00db40 00007f8893d8faf0
0x00007fff5b666370:   00007fff5b666418 00007f889511c9f8
0x00007fff5b666380:   000000017ef41d10 00007fff5b666440
0x00007fff5b666390:   00007fff5b666408 000000010699e954
0x00007fff5b6663a0:   000000017ef41d10 00007fff5b666440
0x00007fff5b6663b0:   00007fff5b666408 000000010699e6e7
0x00007fff5b6663c0:   000000010699e6a2 00007fff5b6663c8
0x00007fff5b6663d0:   000000017ef41d10 00007fff5b666440
0x00007fff5b6663e0:   000000017ef65028 0000000000000000
0x00007fff5b6663f0:   000000017ef41d10 0000000000000000
0x00007fff5b666400:   00007fff5b666428 00007fff5b666488
0x00007fff5b666410:   0000000106990c4d 000000076f82d138
0x00007fff5b666420:   0000000106998578 00007f889b00db40
0x00007fff5b666430:   00007fff5b666488 00007f8893d8faf0
0x00007fff5b666440:   0000000106999d82 00007fff5b666448
0x00007fff5b666450:   000000017ef41eda 00007fff5b6664b0
0x00007fff5b666460:   000000017ef65028 0000000000000000
0x00007fff5b666470:   000000017ef41ee8 00007fff5b666428
0x00007fff5b666480:   00007fff5b666498 00007fff5b6664f8
0x00007fff5b666490:   0000000106990c4d 00007f889b00db40 

Instructions: (pc=0x00007fff8787d063)
0x00007fff8787d043:   4f 00 00 90 90 90 90 90 90 90 90 90 90 55 48 89
0x00007fff8787d053:   e5 48 85 ff 0f 84 82 00 00 00 40 f6 c7 01 75 7c
0x00007fff8787d063:   48 8b 07 48 b9 f8 ff ff ff ff 7f 00 00 48 21 c1
0x00007fff8787d073:   f6 41 20 02 75 10 48 8d 05 10 1d c6 eb 48 8b 30 

Register to memory mapping:

RAX=0x0000000000000008 is an unknown value
RBX=0x0000000000000000 is an unknown value
RCX=0x0000000000000003 is an unknown value
RDX=0x00007f889b00db48 is an unknown value
RSP=0x00007fff5b6662a0 is pointing into the stack for thread: 0x00007f889511c800
RBP=0x00007fff5b6662a0 is pointing into the stack for thread: 0x00007f889511c800
RSI=0x0000000123433f00: OBJC_IVAR_$_PrinterView.fCurPeekGraphics+0x1aa8 in /Library/Java/JavaVirtualMachines/jdk1.8.0_65.jdk/Contents/Home/jre/lib/libawt_lwawt.dylib at 0x00000001233b9000
RDI=0xd00007f8893d5392 is an unknown value
R8 =0x0000000000000001 is an unknown value
R9 =0x00007f8893d53920 is an unknown value
R10=0x00007f8895c6ac20 is an unknown value
R11=0x000000017a067840: OBJC_CLASS_$_MyCALayer+0 in /private/var/folders/4x/fmk2m66x61b3x5qnjlmt61jw0000gp/T/jogamp_0000/file_cache/jln2585634012450679090/jln7613162832731383124/libnativewindow_macosx.jnilib at 0x000000017a060000
R12=0x0000000000000000 is an unknown value
R13={method} {0x000000017ef41d10} 'UnsetJAWTRootSurfaceLayer0' '(JJ)V' in 'jogamp/nativewindow/jawt/macosx/MacOSXJAWTWindow'
R14=0x00007f8893d8faf0 is an unknown value
R15=0x00007f889511c800 is a thread


Stack: [0x00007fff5ae6b000,0x00007fff5b66b000],  sp=0x00007fff5b6662a0,  free space=8172k
Native frames: (J=compiled Java code, j=interpreted, Vv=VM code, C=native code)
C  [libobjc.A.dylib+0x9063]  objc_release+0x13
C  [libawt_lwawt.dylib+0x452b]  -[AWTSurfaceLayers setLayer:]+0x54
C  [libnativewindow_macosx.jnilib+0x5215]  Java_jogamp_nativewindow_jawt_macosx_MacOSXJAWTWindow_UnsetJAWTRootSurfaceLayer0+0x1a5
j  jogamp.nativewindow.jawt.macosx.MacOSXJAWTWindow.UnsetJAWTRootSurfaceLayer0(JJ)V+0
j  jogamp.nativewindow.jawt.macosx.MacOSXJAWTWindow.access$200(JJ)V+2
j  jogamp.nativewindow.jawt.macosx.MacOSXJAWTWindow$1.run()V+38
J 2160 C1 com.jogamp.common.util.RunnableTask.run()V (345 bytes) @ 0x0000000107180954 [0x00000001071807c0+0x194]
v  ~StubRoutines::call_stub
V  [libjvm.dylib+0x2eab02]  JavaCalls::call_helper(JavaValue*, methodHandle*, JavaCallArguments*, Thread*)+0x6ae
V  [libjvm.dylib+0x321bab]  jni_invoke_nonstatic(JNIEnv_*, JavaValue*, _jobject*, JNICallType, _jmethodID*, JNI_ArgumentPusher*, Thread*)+0x2ec
V  [libjvm.dylib+0x31437f]  jni_CallVoidMethod+0x16b
C  [libnativewindow_macosx.jnilib+0x5326]  Java_jogamp_nativewindow_jawt_macosx_MacOSXJAWTWindow_UnsetJAWTRootSurfaceLayer0+0x2b6
C  [Foundation+0x7741e]  __NSThreadPerformPerform+0x117
C  [CoreFoundation+0xaa8b1]  __CFRUNLOOP_IS_CALLING_OUT_TO_A_SOURCE0_PERFORM_FUNCTION__+0x11
C  [CoreFoundation+0x8a027]  __CFRunLoopDoSources0+0x1a7
C  [CoreFoundation+0x895cf]  __CFRunLoopRun+0x39f
C  [CoreFoundation+0x88fc8]  CFRunLoopRunSpecific+0x128
C  [HIToolbox+0x30d55]  RunCurrentEventLoopInMode+0xeb
C  [HIToolbox+0x30a97]  ReceiveNextEventCommon+0xb8
C  [HIToolbox+0x309cf]  _BlockUntilNextEventMatchingListInModeWithFilter+0x47
C  [AppKit+0x49d96]  _DPSNextEvent+0x42b
C  [AppKit+0x491c5]  -[NSApplication _nextEventMatchingEventMask:untilDate:inMode:dequeue:]+0x1c6
C  [libosxapp.dylib+0x23aa]  -[NSApplicationAWT nextEventMatchingMask:untilDate:inMode:dequeue:]+0x7c
C  [AppKit+0x3dd28]  -[NSApplication run]+0x2aa
C  [libosxapp.dylib+0x214d]  +[NSApplicationAWT runAWTLoopWithApp:]+0x9c
C  [libawt_lwawt.dylib+0x44517]  -[AWTStarter starter:]+0x389
C  [Foundation+0x7741e]  __NSThreadPerformPerform+0x117
C  [CoreFoundation+0xaa8b1]  __CFRUNLOOP_IS_CALLING_OUT_TO_A_SOURCE0_PERFORM_FUNCTION__+0x11
C  [CoreFoundation+0x8a0ac]  __CFRunLoopDoSources0+0x22c
C  [CoreFoundation+0x895cf]  __CFRunLoopRun+0x39f
C  [CoreFoundation+0x88fc8]  CFRunLoopRunSpecific+0x128
C  [java+0x6463]  CreateExecutionEnvironment+0x367
C  [java+0x21ac]  JLI_Launch+0x7a0
C  [java+0x84c0]  main+0x65
C  [java+0x1a04]  start+0x34
C  0x0000000000000007

Java frames: (J=compiled Java code, j=interpreted, Vv=VM code)
j  jogamp.nativewindow.jawt.macosx.MacOSXJAWTWindow.UnsetJAWTRootSurfaceLayer0(JJ)V+0
j  jogamp.nativewindow.jawt.macosx.MacOSXJAWTWindow.access$200(JJ)V+2
j  jogamp.nativewindow.jawt.macosx.MacOSXJAWTWindow$1.run()V+38
J 2160 C1 com.jogamp.common.util.RunnableTask.run()V (345 bytes) @ 0x0000000107180954 [0x00000001071807c0+0x194]
v  ~StubRoutines::call_stub

---------------  P R O C E S S  ---------------

Java Threads: ( => current thread )
  0x00007f8895628000 JavaThread "Thread-19" [_thread_blocked, id=69235, stack(0x0000700001559000,0x0000700001659000)]
  0x00007f88959ad000 JavaThread "AWT-EventQueue-1" [_thread_in_native, id=62759, stack(0x0000700001f83000,0x0000700002083000)]
  0x00007f88941eb000 JavaThread "DestroyJavaVM" [_thread_blocked, id=5891, stack(0x000070000011a000,0x000070000021a000)]
  0x00007f88958fa800 JavaThread "AWT-EventQueue-0" [_thread_blocked, id=60423, stack(0x0000700001d7d000,0x0000700001e7d000)]
  0x00007f889514e800 JavaThread "Java2D Disposer" daemon [_thread_blocked, id=47143, stack(0x0000700001af4000,0x0000700001bf4000)]
  0x00007f88958a4000 JavaThread "Java2D Queue Flusher" daemon [_thread_blocked, id=53767, stack(0x00007000019f1000,0x0000700001af1000)]
  0x00007f88949c6800 JavaThread "AWT-Shutdown" [_thread_blocked, id=32019, stack(0x000070000165f000,0x000070000175f000)]
=>0x00007f889511c800 JavaThread "AWT-AppKit" daemon [_thread_in_native, id=2571, stack(0x00007fff5ae6b000,0x00007fff5b66b000)]
  0x00007f889583b000 JavaThread "Service Thread" daemon [_thread_blocked, id=21251, stack(0x0000700001353000,0x0000700001453000)]
  0x00007f889484b000 JavaThread "C1 CompilerThread3" daemon [_thread_blocked, id=20739, stack(0x0000700001250000,0x0000700001350000)]
  0x00007f8894842800 JavaThread "C2 CompilerThread2" daemon [_thread_blocked, id=20227, stack(0x000070000114d000,0x000070000124d000)]
  0x00007f8894841800 JavaThread "C2 CompilerThread1" daemon [_thread_blocked, id=19715, stack(0x000070000104a000,0x000070000114a000)]
  0x00007f8894840000 JavaThread "C2 CompilerThread0" daemon [_thread_blocked, id=19203, stack(0x0000700000f47000,0x0000700001047000)]
  0x00007f8895012800 JavaThread "Signal Dispatcher" daemon [_thread_blocked, id=15887, stack(0x0000700000e44000,0x0000700000f44000)]
  0x00007f8895835000 JavaThread "Finalizer" daemon [_thread_blocked, id=14339, stack(0x0000700000c3b000,0x0000700000d3b000)]
  0x00007f8895834000 JavaThread "Reference Handler" daemon [_thread_blocked, id=13827, stack(0x0000700000b38000,0x0000700000c38000)]

Other Threads:
  0x00007f8895831800 VMThread [stack: 0x0000700000a35000,0x0000700000b35000] [id=13315]
  0x00007f8894004000 WatcherThread [stack: 0x0000700001456000,0x0000700001556000] [id=21763]

VM state:not at safepoint (normal execution)

VM Mutex/Monitor currently owned by a thread: None

Heap:
 PSYoungGen      total 76288K, used 45820K [0x000000076ab00000, 0x0000000770000000, 0x00000007c0000000)
  eden space 65536K, 53% used [0x000000076ab00000,0x000000076cd46620,0x000000076eb00000)
  from space 10752K, 99% used [0x000000076f580000,0x000000076fff8b80,0x0000000770000000)
  to   space 10752K, 0% used [0x000000076eb00000,0x000000076eb00000,0x000000076f580000)
 ParOldGen       total 175104K, used 5913K [0x00000006c0000000, 0x00000006cab00000, 0x000000076ab00000)
  object space 175104K, 3% used [0x00000006c0000000,0x00000006c05c64f0,0x00000006cab00000)
 Metaspace       used 20619K, capacity 20883K, committed 21120K, reserved 1069056K
  class space    used 2017K, capacity 2114K, committed 2176K, reserved 1048576K

Card table byte_map: [0x0000000115d49000,0x000000011654a000] byte_map_base: 0x0000000112749000

Marking Bits: (ParMarkBitMap*) 0x00000001062dee20
 Begin Bits: [0x0000000116aa0000, 0x000000011aaa0000)
 End Bits:   [0x000000011aaa0000, 0x000000011eaa0000)

Polling page: 0x0000000104858000

CodeCache: size=245760Kb used=8996Kb max_used=9009Kb free=236763Kb
 bounds [0x0000000106989000, 0x0000000107269000, 0x0000000115989000]
 total_blobs=3291 nmethods=2411 adapters=793
 compilation: enabled

Compilation events (10 events):
Event: 28.376 Thread 0x00007f889484b000 nmethod 2407 0x0000000107239d10 code [0x0000000107239e80, 0x000000010723a250]
Event: 28.377 Thread 0x00007f889484b000 2408       3       java.util.IdentityHashMap::maskNull (12 bytes)
Event: 28.377 Thread 0x00007f889484b000 nmethod 2408 0x0000000107239450 code [0x00000001072395c0, 0x0000000107239750]
Event: 28.378 Thread 0x00007f889484b000 2410       3       sun.java2d.pipe.RenderBuffer::putFloat (26 bytes)
Event: 28.378 Thread 0x00007f889484b000 nmethod 2410 0x00000001072378d0 code [0x0000000107237a40, 0x0000000107237bd0]
Event: 28.378 Thread 0x00007f889484b000 2409       1       sun.java2d.SurfaceData::isValid (5 bytes)
Event: 28.378 Thread 0x00007f889484b000 nmethod 2409 0x0000000107237610 code [0x0000000107237760, 0x0000000107237870]
Event: 28.378 Thread 0x00007f889484b000 2411       1       java.awt.Component::isEnabledImpl (5 bytes)
Event: 28.378 Thread 0x00007f889484b000 nmethod 2411 0x0000000107259110 code [0x0000000107259260, 0x0000000107259370]
Event: 28.380 Thread 0x00007f8894840000 nmethod 2406 0x000000010725c710 code [0x000000010725c880, 0x000000010725d058]

GC Heap History (4 events):
Event: 2.045 GC heap before
{Heap before GC invocations=1 (full 0):
 PSYoungGen      total 76288K, used 65536K [0x000000076ab00000, 0x0000000770000000, 0x00000007c0000000)
  eden space 65536K, 100% used [0x000000076ab00000,0x000000076eb00000,0x000000076eb00000)
  from space 10752K, 0% used [0x000000076f580000,0x000000076f580000,0x0000000770000000)
  to   space 10752K, 0% used [0x000000076eb00000,0x000000076eb00000,0x000000076f580000)
 ParOldGen       total 175104K, used 0K [0x00000006c0000000, 0x00000006cab00000, 0x000000076ab00000)
  object space 175104K, 0% used [0x00000006c0000000,0x00000006c0000000,0x00000006cab00000)
 Metaspace       used 19566K, capacity 19815K, committed 20096K, reserved 1067008K
  class space    used 1990K, capacity 2080K, committed 2176K, reserved 1048576K
Event: 2.053 GC heap after
Heap after GC invocations=1 (full 0):
 PSYoungGen      total 76288K, used 10725K [0x000000076ab00000, 0x0000000770000000, 0x00000007c0000000)
  eden space 65536K, 0% used [0x000000076ab00000,0x000000076ab00000,0x000000076eb00000)
  from space 10752K, 99% used [0x000000076eb00000,0x000000076f579520,0x000000076f580000)
  to   space 10752K, 0% used [0x000000076f580000,0x000000076f580000,0x0000000770000000)
 ParOldGen       total 175104K, used 2800K [0x00000006c0000000, 0x00000006cab00000, 0x000000076ab00000)
  object space 175104K, 1% used [0x00000006c0000000,0x00000006c02bc318,0x00000006cab00000)
 Metaspace       used 19566K, capacity 19815K, committed 20096K, reserved 1067008K
  class space    used 1990K, capacity 2080K, committed 2176K, reserved 1048576K
}
Event: 16.267 GC heap before
{Heap before GC invocations=2 (full 0):
 PSYoungGen      total 76288K, used 76261K [0x000000076ab00000, 0x0000000770000000, 0x00000007c0000000)
  eden space 65536K, 100% used [0x000000076ab00000,0x000000076eb00000,0x000000076eb00000)
  from space 10752K, 99% used [0x000000076eb00000,0x000000076f579520,0x000000076f580000)
  to   space 10752K, 0% used [0x000000076f580000,0x000000076f580000,0x0000000770000000)
 ParOldGen       total 175104K, used 2800K [0x00000006c0000000, 0x00000006cab00000, 0x000000076ab00000)
  object space 175104K, 1% used [0x00000006c0000000,0x00000006c02bc318,0x00000006cab00000)
 Metaspace       used 20581K, capacity 20851K, committed 21120K, reserved 1069056K
  class space    used 2009K, capacity 2082K, committed 2176K, reserved 1048576K
Event: 16.278 GC heap after
Heap after GC invocations=2 (full 0):
 PSYoungGen      total 76288K, used 10722K [0x000000076ab00000, 0x0000000770000000, 0x00000007c0000000)
  eden space 65536K, 0% used [0x000000076ab00000,0x000000076ab00000,0x000000076eb00000)
  from space 10752K, 99% used [0x000000076f580000,0x000000076fff8b80,0x0000000770000000)
  to   space 10752K, 0% used [0x000000076eb00000,0x000000076eb00000,0x000000076f580000)
 ParOldGen       total 175104K, used 5913K [0x00000006c0000000, 0x00000006cab00000, 0x000000076ab00000)
  object space 175104K, 3% used [0x00000006c0000000,0x00000006c05c64f0,0x00000006cab00000)
 Metaspace       used 20581K, capacity 20851K, committed 21120K, reserved 1069056K
  class space    used 2009K, capacity 2082K, committed 2176K, reserved 1048576K
}

Deoptimization events (10 events):
Event: 1.707 Thread 0x00007f88959ad000 Uncommon trap: reason=unstable_if action=reinterpret pc=0x0000000106b345ac method=java.lang.AbstractStringBuilder.append(Ljava/lang/String;)Ljava/lang/AbstractStringBuilder; @ 1
Event: 1.884 Thread 0x00007f88959ad000 Uncommon trap: reason=unstable_if action=reinterpret pc=0x0000000106d6a8c0 method=com.sun.org.apache.xerces.internal.impl.XMLEntityScanner.peekChar()I @ 14
Event: 1.895 Thread 0x00007f88959ad000 Uncommon trap: reason=unstable_if action=reinterpret pc=0x0000000106d68750 method=com.sun.org.apache.xerces.internal.impl.XMLEntityScanner.skipSpaces()Z @ 14
Event: 1.941 Thread 0x00007f88959ad000 Uncommon trap: reason=class_check action=maybe_recompile pc=0x0000000106db77c8 method=com.sun.org.apache.xerces.internal.impl.XMLDocumentScannerImpl.next()I @ 4
Event: 2.039 Thread 0x00007f88959ad000 Uncommon trap: reason=unstable_if action=reinterpret pc=0x0000000106e1617c method=com.jogamp.common.util.IntIntHashMap.get(I)I @ 28
Event: 2.179 Thread 0x00007f88959ad000 Uncommon trap: reason=unstable_if action=reinterpret pc=0x0000000106ed46f4 method=processing.opengl.Texture.convertToRGBA([IIII)V @ 281
Event: 28.333 Thread 0x00007f88959ad000 Uncommon trap: reason=unstable_if action=reinterpret pc=0x0000000106f25568 method=com.jogamp.common.util.VersionNumber.compareTo(Lcom/jogamp/common/util/VersionNumber;)I @ 21
Event: 28.364 Thread 0x00007f88949f0000 Uncommon trap: reason=unstable_if action=reinterpret pc=0x0000000106ddf760 method=java.util.HashMap.putVal(ILjava/lang/Object;Ljava/lang/Object;ZZ)Ljava/lang/Object; @ 81
Event: 28.364 Thread 0x00007f88949f0000 Uncommon trap: reason=unstable_if action=reinterpret pc=0x0000000106de2bc4 method=java.util.HashMap.putVal(ILjava/lang/Object;Ljava/lang/Object;ZZ)Ljava/lang/Object; @ 81
Event: 28.377 Thread 0x00007f88959ad000 Uncommon trap: reason=unstable_if action=reinterpret pc=0x0000000107203dc4 method=java.security.AccessControlContext.optimize()Ljava/security/AccessControlContext; @ 233

Internal exceptions (10 events):
Event: 0.109 Thread 0x00007f8895003000 Exception <a 'java/lang/NoSuchFieldError': method resolution failed> (0x000000076af3bfe0) thrown at [/Users/java_re/workspace/8-2-build-macosx-x86_64/jdk8u65/4987/hotspot/src/share/vm/prims/methodHandles.cpp, line 1146]
Event: 0.110 Thread 0x00007f8895003000 Exception <a 'java/lang/NoSuchFieldError': method resolution failed> (0x000000076af497b0) thrown at [/Users/java_re/workspace/8-2-build-macosx-x86_64/jdk8u65/4987/hotspot/src/share/vm/prims/methodHandles.cpp, line 1146]
Event: 0.209 Thread 0x00007f8895003000 Exception <a 'java/io/FileNotFoundException'> (0x000000076afc5730) thrown at [/Users/java_re/workspace/8-2-build-macosx-x86_64/jdk8u65/4987/hotspot/src/share/vm/prims/jni.cpp, line 709]
Event: 0.209 Thread 0x00007f8895003000 Exception <a 'java/io/FileNotFoundException'> (0x000000076afc6290) thrown at [/Users/java_re/workspace/8-2-build-macosx-x86_64/jdk8u65/4987/hotspot/src/share/vm/prims/jni.cpp, line 709]
Event: 0.280 Thread 0x00007f8895003000 Exception <a 'java/io/FileNotFoundException'> (0x000000076b1a99b0) thrown at [/Users/java_re/workspace/8-2-build-macosx-x86_64/jdk8u65/4987/hotspot/src/share/vm/prims/jni.cpp, line 709]
Event: 1.053 Thread 0x00007f8894b2f000 Exception <a 'java/lang/UnsatisfiedLinkError': com.jogamp.common.util.JarUtil.fixNativeLibAttribs(Ljava/lang/String;)Z> (0x000000076c80c288) thrown at [/Users/java_re/workspace/8-2-build-macosx-x86_64/jdk8u65/4987/hotspot/src/share/vm/prims/nativeLookup.c
Event: 1.706 Thread 0x00007f88959ad000 Exception <a 'java/io/FileNotFoundException'> (0x000000076dc10430) thrown at [/Users/java_re/workspace/8-2-build-macosx-x86_64/jdk8u65/4987/hotspot/src/share/vm/prims/jni.cpp, line 709]
Event: 1.706 Thread 0x00007f88959ad000 Exception <a 'java/io/FileNotFoundException'> (0x000000076dc17dc0) thrown at [/Users/java_re/workspace/8-2-build-macosx-x86_64/jdk8u65/4987/hotspot/src/share/vm/prims/jni.cpp, line 709]
Event: 1.707 Thread 0x00007f88959ad000 Implicit null exception at 0x0000000106b34235 to 0x0000000106b34599
Event: 2.055 Thread 0x00007f8895835000 Exception <a 'java/lang/NullPointerException'> (0x000000076ad071f0) thrown at [/Users/java_re/workspace/8-2-build-macosx-x86_64/jdk8u65/4987/hotspot/src/share/vm/interpreter/linkResolver.cpp, line 1178]

Events (10 events):
Event: 28.377 Thread 0x00007f88959ad000 DEOPT UNPACKING pc=0x000000010698e229 sp=0x0000700002080760 mode 2
Event: 28.377 loading class java/awt/LightweightDispatcher$2
Event: 28.377 loading class java/awt/LightweightDispatcher$2 done
Event: 28.377 loading class java/awt/event/AWTEventListenerProxy
Event: 28.377 loading class java/awt/event/AWTEventListenerProxy done
Event: 28.377 loading class java/awt/Toolkit$ToolkitEventMulticaster
Event: 28.377 loading class java/awt/Toolkit$ToolkitEventMulticaster done
Event: 28.377 Thread 0x00007f88949f0000 Thread exited: 0x00007f88949f0000
Event: 28.378 loading class java/awt/Window$1DisposeAction
Event: 28.378 loading class java/awt/Window$1DisposeAction done


Dynamic libraries:
0x0000000001e67000 	/System/Library/Frameworks/Cocoa.framework/Versions/A/Cocoa
0x0000000001e67000 	/System/Library/Frameworks/Security.framework/Versions/A/Security
0x0000000001e67000 	/System/Library/Frameworks/ApplicationServices.framework/Versions/A/ApplicationServices
0x0000000001e67000 	/usr/lib/libz.1.dylib
0x0000000001e67000 	/usr/lib/libSystem.B.dylib
0x0000000001e67000 	/usr/lib/libobjc.A.dylib
0x0000000001e67000 	/System/Library/Frameworks/CoreFoundation.framework/Versions/A/CoreFoundation
0x0000000001e67000 	/System/Library/Frameworks/Foundation.framework/Versions/C/Foundation
0x0000000001e67000 	/System/Library/Frameworks/AppKit.framework/Versions/C/AppKit
0x0000000001e67000 	/System/Library/Frameworks/CoreData.framework/Versions/A/CoreData
0x0000000001e67000 	/System/Library/PrivateFrameworks/RemoteViewServices.framework/Versions/A/RemoteViewServices
0x0000000001e67000 	/System/Library/PrivateFrameworks/UIFoundation.framework/Versions/A/UIFoundation
0x0000000001e67000 	/usr/lib/libScreenReader.dylib
0x0000000001e67000 	/System/Library/Frameworks/Accelerate.framework/Versions/A/Accelerate
0x0000000001e67000 	/System/Library/Frameworks/IOSurface.framework/Versions/A/IOSurface
0x0000000001e67000 	/System/Library/Frameworks/AudioToolbox.framework/Versions/A/AudioToolbox
0x0000000001e67000 	/System/Library/Frameworks/AudioUnit.framework/Versions/A/AudioUnit
0x0000000001e67000 	/System/Library/PrivateFrameworks/DataDetectorsCore.framework/Versions/A/DataDetectorsCore
0x0000000001e67000 	/System/Library/PrivateFrameworks/DesktopServicesPriv.framework/Versions/A/DesktopServicesPriv
0x0000000001e67000 	/System/Library/Frameworks/Carbon.framework/Versions/A/Frameworks/HIToolbox.framework/Versions/A/HIToolbox
0x0000000001e67000 	/System/Library/Frameworks/QuartzCore.framework/Versions/A/QuartzCore
0x0000000001e67000 	/System/Library/Frameworks/Carbon.framework/Versions/A/Frameworks/SpeechRecognition.framework/Versions/A/SpeechRecognition
0x0000000001e67000 	/usr/lib/libauto.dylib
0x0000000001e67000 	/usr/lib/libicucore.A.dylib
0x0000000001e67000 	/usr/lib/libxml2.2.dylib
0x0000000001e67000 	/System/Library/PrivateFrameworks/CoreUI.framework/Versions/A/CoreUI
0x0000000001e67000 	/System/Library/Frameworks/CoreAudio.framework/Versions/A/CoreAudio
0x0000000001e67000 	/System/Library/Frameworks/DiskArbitration.framework/Versions/A/DiskArbitration
0x0000000001e67000 	/usr/lib/liblangid.dylib
0x0000000001e67000 	/System/Library/PrivateFrameworks/MultitouchSupport.framework/Versions/A/MultitouchSupport
0x0000000001e67000 	/System/Library/Frameworks/IOKit.framework/Versions/A/IOKit
0x0000000001e67000 	/usr/lib/libDiagnosticMessagesClient.dylib
0x0000000001e67000 	/System/Library/Frameworks/CoreServices.framework/Versions/A/CoreServices
0x0000000001e67000 	/System/Library/PrivateFrameworks/PerformanceAnalysis.framework/Versions/A/PerformanceAnalysis
0x0000000001e67000 	/System/Library/PrivateFrameworks/GenerationalStorage.framework/Versions/A/GenerationalStorage
0x0000000001e67000 	/System/Library/Frameworks/OpenGL.framework/Versions/A/OpenGL
0x0000000001e67000 	/System/Library/PrivateFrameworks/Sharing.framework/Versions/A/Sharing
0x0000000001e67000 	/System/Library/Frameworks/CoreGraphics.framework/Versions/A/CoreGraphics
0x0000000001e67000 	/System/Library/Frameworks/CoreImage.framework/Versions/A/CoreImage
0x0000000001e67000 	/System/Library/Frameworks/CoreText.framework/Versions/A/CoreText
0x0000000001e67000 	/System/Library/Frameworks/ImageIO.framework/Versions/A/ImageIO
0x0000000001e67000 	/System/Library/PrivateFrameworks/Backup.framework/Versions/A/Backup
0x0000000001e67000 	/usr/lib/libextension.dylib
0x0000000001e67000 	/usr/lib/libarchive.2.dylib
0x0000000001e67000 	/System/Library/Frameworks/CFNetwork.framework/Versions/A/CFNetwork
0x0000000001e67000 	/System/Library/Frameworks/SystemConfiguration.framework/Versions/A/SystemConfiguration
0x0000000001e67000 	/usr/lib/libCRFSuite.dylib
0x0000000001e67000 	/usr/lib/libc++.1.dylib
0x0000000001e67000 	/usr/lib/libc++abi.dylib
0x0000000001e67000 	/usr/lib/system/libcache.dylib
0x0000000001e67000 	/usr/lib/system/libcommonCrypto.dylib
0x0000000001e67000 	/usr/lib/system/libcompiler_rt.dylib
0x0000000001e67000 	/usr/lib/system/libcopyfile.dylib
0x0000000001e67000 	/usr/lib/system/libcorecrypto.dylib
0x0000000001e67000 	/usr/lib/system/libdispatch.dylib
0x0000000001e67000 	/usr/lib/system/libdyld.dylib
0x0000000001e67000 	/usr/lib/system/libkeymgr.dylib
0x0000000001e67000 	/usr/lib/system/liblaunch.dylib
0x0000000001e67000 	/usr/lib/system/libmacho.dylib
0x0000000001e67000 	/usr/lib/system/libquarantine.dylib
0x0000000001e67000 	/usr/lib/system/libremovefile.dylib
0x0000000001e67000 	/usr/lib/system/libsystem_asl.dylib
0x0000000001e67000 	/usr/lib/system/libsystem_blocks.dylib
0x0000000001e67000 	/usr/lib/system/libsystem_c.dylib
0x0000000001e67000 	/usr/lib/system/libsystem_configuration.dylib
0x0000000001e67000 	/usr/lib/system/libsystem_coreservices.dylib
0x0000000001e67000 	/usr/lib/system/libsystem_coretls.dylib
0x0000000001e67000 	/usr/lib/system/libsystem_dnssd.dylib
0x0000000001e67000 	/usr/lib/system/libsystem_info.dylib
0x0000000001e67000 	/usr/lib/system/libsystem_kernel.dylib
0x0000000001e67000 	/usr/lib/system/libsystem_m.dylib
0x0000000001e67000 	/usr/lib/system/libsystem_malloc.dylib
0x0000000001e67000 	/usr/lib/system/libsystem_network.dylib
0x0000000001e67000 	/usr/lib/system/libsystem_networkextension.dylib
0x0000000001e67000 	/usr/lib/system/libsystem_notify.dylib
0x0000000001e67000 	/usr/lib/system/libsystem_platform.dylib
0x0000000001e67000 	/usr/lib/system/libsystem_pthread.dylib
0x0000000001e67000 	/usr/lib/system/libsystem_sandbox.dylib
0x0000000001e67000 	/usr/lib/system/libsystem_secinit.dylib
0x0000000001e67000 	/usr/lib/system/libsystem_trace.dylib
0x0000000001e67000 	/usr/lib/system/libunc.dylib
0x0000000001e67000 	/usr/lib/system/libunwind.dylib
0x0000000001e67000 	/usr/lib/system/libxpc.dylib
0x0000000001e67000 	/usr/lib/libenergytrace.dylib
0x0000000001e67000 	/usr/lib/libbsm.0.dylib
0x0000000001e67000 	/usr/lib/system/libkxld.dylib
0x0000000001e67000 	/usr/lib/libxar.1.dylib
0x0000000001e67000 	/usr/lib/libsqlite3.dylib
0x0000000001e67000 	/usr/lib/libpam.2.dylib
0x0000000001e67000 	/usr/lib/libOpenScriptingUtil.dylib
0x0000000001e67000 	/usr/lib/libbz2.1.0.dylib
0x0000000001e67000 	/usr/lib/liblzma.5.dylib
0x0000000001e67000 	/System/Library/Frameworks/CoreServices.framework/Versions/A/Frameworks/FSEvents.framework/Versions/A/FSEvents
0x0000000001e67000 	/System/Library/Frameworks/CoreServices.framework/Versions/A/Frameworks/CarbonCore.framework/Versions/A/CarbonCore
0x0000000001e67000 	/System/Library/Frameworks/CoreServices.framework/Versions/A/Frameworks/Metadata.framework/Versions/A/Metadata
0x0000000001e67000 	/System/Library/Frameworks/CoreServices.framework/Versions/A/Frameworks/OSServices.framework/Versions/A/OSServices
0x0000000001e67000 	/System/Library/Frameworks/CoreServices.framework/Versions/A/Frameworks/SearchKit.framework/Versions/A/SearchKit
0x0000000001e67000 	/System/Library/Frameworks/CoreServices.framework/Versions/A/Frameworks/AE.framework/Versions/A/AE
0x0000000001e67000 	/System/Library/Frameworks/CoreServices.framework/Versions/A/Frameworks/LaunchServices.framework/Versions/A/LaunchServices
0x0000000001e67000 	/System/Library/Frameworks/CoreServices.framework/Versions/A/Frameworks/DictionaryServices.framework/Versions/A/DictionaryServices
0x0000000001e67000 	/System/Library/Frameworks/CoreServices.framework/Versions/A/Frameworks/SharedFileList.framework/Versions/A/SharedFileList
0x0000000001e67000 	/System/Library/Frameworks/NetFS.framework/Versions/A/NetFS
0x0000000001e67000 	/System/Library/PrivateFrameworks/NetAuth.framework/Versions/A/NetAuth
0x0000000001e67000 	/System/Library/PrivateFrameworks/login.framework/Versions/A/Frameworks/loginsupport.framework/Versions/A/loginsupport
0x0000000001e67000 	/System/Library/PrivateFrameworks/TCC.framework/Versions/A/TCC
0x0000000001e67000 	/usr/lib/libmecabra.dylib
0x0000000001e67000 	/System/Library/Frameworks/ApplicationServices.framework/Versions/A/Frameworks/ATS.framework/Versions/A/ATS
0x0000000001e67000 	/System/Library/Frameworks/ApplicationServices.framework/Versions/A/Frameworks/ColorSync.framework/Versions/A/ColorSync
0x0000000001e67000 	/System/Library/Frameworks/ApplicationServices.framework/Versions/A/Frameworks/HIServices.framework/Versions/A/HIServices
0x0000000001e67000 	/System/Library/Frameworks/ApplicationServices.framework/Versions/A/Frameworks/LangAnalysis.framework/Versions/A/LangAnalysis
0x0000000001e67000 	/System/Library/Frameworks/ApplicationServices.framework/Versions/A/Frameworks/PrintCore.framework/Versions/A/PrintCore
0x0000000001e67000 	/System/Library/Frameworks/ApplicationServices.framework/Versions/A/Frameworks/QD.framework/Versions/A/QD
0x0000000001e67000 	/System/Library/Frameworks/ApplicationServices.framework/Versions/A/Frameworks/SpeechSynthesis.framework/Versions/A/SpeechSynthesis
0x0000000001e67000 	/System/Library/Frameworks/Metal.framework/Versions/A/Metal
0x0000000001e67000 	/System/Library/Frameworks/Accelerate.framework/Versions/A/Frameworks/vImage.framework/Versions/A/vImage
0x0000000001e67000 	/System/Library/Frameworks/Accelerate.framework/Versions/A/Frameworks/vecLib.framework/Versions/A/vecLib
0x0000000001e67000 	/System/Library/Frameworks/Accelerate.framework/Versions/A/Frameworks/vecLib.framework/Versions/A/libvDSP.dylib
0x0000000001e67000 	/System/Library/Frameworks/Accelerate.framework/Versions/A/Frameworks/vecLib.framework/Versions/A/libvMisc.dylib
0x0000000001e67000 	/System/Library/Frameworks/Accelerate.framework/Versions/A/Frameworks/vecLib.framework/Versions/A/libLAPACK.dylib
0x0000000001e67000 	/System/Library/Frameworks/Accelerate.framework/Versions/A/Frameworks/vecLib.framework/Versions/A/libBLAS.dylib
0x0000000001e67000 	/System/Library/Frameworks/Accelerate.framework/Versions/A/Frameworks/vecLib.framework/Versions/A/libLinearAlgebra.dylib
0x0000000001e67000 	/System/Library/Frameworks/Accelerate.framework/Versions/A/Frameworks/vecLib.framework/Versions/A/libSparseBLAS.dylib
0x0000000001e67000 	/System/Library/PrivateFrameworks/GPUCompiler.framework/libmetal_timestamp.dylib
0x0000000001e67000 	/System/Library/Frameworks/OpenGL.framework/Versions/A/Libraries/libCoreFSCache.dylib
0x0000000001e67000 	/System/Library/PrivateFrameworks/IOAccelerator.framework/Versions/A/IOAccelerator
0x0000000001e67000 	/System/Library/Frameworks/ApplicationServices.framework/Versions/A/Frameworks/ATS.framework/Versions/A/Resources/libFontParser.dylib
0x0000000001e67000 	/System/Library/Frameworks/ApplicationServices.framework/Versions/A/Frameworks/ATS.framework/Versions/A/Resources/libFontRegistry.dylib
0x0000000001e67000 	/System/Library/PrivateFrameworks/AppleVPA.framework/Versions/A/AppleVPA
0x0000000001e67000 	/System/Library/PrivateFrameworks/AppleJPEG.framework/Versions/A/AppleJPEG
0x0000000001e67000 	/System/Library/Frameworks/ImageIO.framework/Versions/A/Resources/libJPEG.dylib
0x0000000001e67000 	/System/Library/Frameworks/ImageIO.framework/Versions/A/Resources/libTIFF.dylib
0x0000000001e67000 	/System/Library/Frameworks/ImageIO.framework/Versions/A/Resources/libPng.dylib
0x0000000001e67000 	/System/Library/Frameworks/ImageIO.framework/Versions/A/Resources/libGIF.dylib
0x0000000001e67000 	/System/Library/Frameworks/ImageIO.framework/Versions/A/Resources/libJP2.dylib
0x0000000001e67000 	/System/Library/Frameworks/ImageIO.framework/Versions/A/Resources/libRadiance.dylib
0x0000000001e67000 	/System/Library/Frameworks/CoreVideo.framework/Versions/A/CoreVideo
0x0000000001e67000 	/System/Library/Frameworks/OpenGL.framework/Versions/A/Libraries/libGLU.dylib
0x0000000001e67000 	/System/Library/Frameworks/OpenGL.framework/Versions/A/Libraries/libGFXShared.dylib
0x0000000001e67000 	/System/Library/Frameworks/OpenGL.framework/Versions/A/Libraries/libGL.dylib
0x0000000001e67000 	/System/Library/Frameworks/OpenGL.framework/Versions/A/Libraries/libGLImage.dylib
0x0000000001e67000 	/System/Library/Frameworks/OpenGL.framework/Versions/A/Libraries/libCVMSPluginSupport.dylib
0x0000000001e67000 	/System/Library/Frameworks/OpenGL.framework/Versions/A/Libraries/libCoreVMClient.dylib
0x0000000001e67000 	/usr/lib/libcups.2.dylib
0x0000000001e67000 	/System/Library/Frameworks/Kerberos.framework/Versions/A/Kerberos
0x0000000001e67000 	/System/Library/Frameworks/GSS.framework/Versions/A/GSS
0x0000000001e67000 	/usr/lib/libresolv.9.dylib
0x0000000001e67000 	/usr/lib/libiconv.2.dylib
0x0000000001e67000 	/System/Library/PrivateFrameworks/Heimdal.framework/Versions/A/Heimdal
0x0000000001e67000 	/usr/lib/libheimdal-asn1.dylib
0x0000000001e67000 	/System/Library/Frameworks/OpenDirectory.framework/Versions/A/OpenDirectory
0x0000000001e67000 	/System/Library/PrivateFrameworks/CommonAuth.framework/Versions/A/CommonAuth
0x0000000001e67000 	/System/Library/Frameworks/OpenDirectory.framework/Versions/A/Frameworks/CFOpenDirectory.framework/Versions/A/CFOpenDirectory
0x0000000001e67000 	/System/Library/Frameworks/SecurityFoundation.framework/Versions/A/SecurityFoundation
0x0000000001e67000 	/System/Library/PrivateFrameworks/LanguageModeling.framework/Versions/A/LanguageModeling
0x0000000001e67000 	/usr/lib/libmarisa.dylib
0x0000000001e67000 	/usr/lib/libChineseTokenizer.dylib
0x0000000001e67000 	/usr/lib/libcmph.dylib
0x0000000001e67000 	/usr/lib/libcompression.dylib
0x0000000001e67000 	/System/Library/Frameworks/ServiceManagement.framework/Versions/A/ServiceManagement
0x0000000001e67000 	/usr/lib/libxslt.1.dylib
0x0000000001e67000 	/System/Library/Frameworks/Carbon.framework/Versions/A/Frameworks/Ink.framework/Versions/A/Ink
0x0000000001e67000 	/usr/lib/libFosl_dynamic.dylib
0x0000000001e67000 	/System/Library/PrivateFrameworks/FaceCore.framework/Versions/A/FaceCore
0x0000000001e67000 	/System/Library/Frameworks/OpenCL.framework/Versions/A/OpenCL
0x0000000001e67000 	/System/Library/PrivateFrameworks/CrashReporterSupport.framework/Versions/A/CrashReporterSupport
0x0000000001e67000 	/System/Library/PrivateFrameworks/IconServices.framework/Versions/A/IconServices
0x0000000001e67000 	/System/Library/PrivateFrameworks/Apple80211.framework/Versions/A/Apple80211
0x0000000001e67000 	/System/Library/Frameworks/CoreWLAN.framework/Versions/A/CoreWLAN
0x0000000001e67000 	/System/Library/Frameworks/IOBluetooth.framework/Versions/A/IOBluetooth
0x0000000001e67000 	/System/Library/PrivateFrameworks/CoreWiFi.framework/Versions/A/CoreWiFi
0x0000000001e67000 	/System/Library/Frameworks/CoreBluetooth.framework/Versions/A/CoreBluetooth
0x0000000001e67000 	/System/Library/PrivateFrameworks/ChunkingLibrary.framework/Versions/A/ChunkingLibrary
0x0000000001e67000 	/System/Library/PrivateFrameworks/DebugSymbols.framework/Versions/A/DebugSymbols
0x0000000001e67000 	/System/Library/PrivateFrameworks/CoreSymbolication.framework/Versions/A/CoreSymbolication
0x0000000001e67000 	/System/Library/PrivateFrameworks/Symbolication.framework/Versions/A/Symbolication
0x0000000001e67000 	/System/Library/PrivateFrameworks/SpeechRecognitionCore.framework/Versions/A/SpeechRecognitionCore
0x0000000105a00000 	/Library/Java/JavaVirtualMachines/jdk1.8.0_65.jdk/Contents/Home/jre/lib/server/libjvm.dylib
0x0000000001e67000 	/usr/lib/libstdc++.6.dylib
0x0000000104815000 	/Library/Java/JavaVirtualMachines/jdk1.8.0_65.jdk/Contents/Home/jre/lib/libverify.dylib
0x0000000104823000 	/Library/Java/JavaVirtualMachines/jdk1.8.0_65.jdk/Contents/Home/jre/lib/libjava.dylib
0x0000000104862000 	/Library/Java/JavaVirtualMachines/jdk1.8.0_65.jdk/Contents/Home/jre/lib/libzip.dylib
0x00000001218b5000 	/System/Library/Frameworks/JavaVM.framework/Frameworks/JavaRuntimeSupport.framework/JavaRuntimeSupport
0x00000001218d0000 	/System/Library/Frameworks/JavaVM.framework/Versions/A/Frameworks/JavaNativeFoundation.framework/Versions/A/JavaNativeFoundation
0x00000001218e5000 	/System/Library/Frameworks/JavaVM.framework/Versions/A/JavaVM
0x0000000001e67000 	/System/Library/Frameworks/Carbon.framework/Versions/A/Carbon
0x00000001218f2000 	/System/Library/PrivateFrameworks/JavaLaunching.framework/Versions/A/JavaLaunching
0x0000000001e67000 	/System/Library/Frameworks/Carbon.framework/Versions/A/Frameworks/CommonPanels.framework/Versions/A/CommonPanels
0x0000000001e67000 	/System/Library/Frameworks/Carbon.framework/Versions/A/Frameworks/Help.framework/Versions/A/Help
0x0000000001e67000 	/System/Library/Frameworks/Carbon.framework/Versions/A/Frameworks/ImageCapture.framework/Versions/A/ImageCapture
0x0000000001e67000 	/System/Library/Frameworks/Carbon.framework/Versions/A/Frameworks/OpenScripting.framework/Versions/A/OpenScripting
0x0000000001e67000 	/System/Library/Frameworks/Carbon.framework/Versions/A/Frameworks/Print.framework/Versions/A/Print
0x0000000001e67000 	/System/Library/Frameworks/Carbon.framework/Versions/A/Frameworks/SecurityHI.framework/Versions/A/SecurityHI
0x0000000123245000 	/Library/Java/JavaVirtualMachines/jdk1.8.0_65.jdk/Contents/Home/jre/lib/libawt.dylib
0x00000001232ed000 	/Library/Java/JavaVirtualMachines/jdk1.8.0_65.jdk/Contents/Home/jre/lib/./libmlib_image.dylib
0x00000001233b9000 	/Library/Java/JavaVirtualMachines/jdk1.8.0_65.jdk/Contents/Home/jre/lib/libawt_lwawt.dylib
0x000000012346e000 	/Library/Java/JavaVirtualMachines/jdk1.8.0_65.jdk/Contents/Home/jre/lib/./libosxapp.dylib
0x0000000001e67000 	/System/Library/Frameworks/ExceptionHandling.framework/Versions/A/ExceptionHandling
0x0000000001e67000 	/System/Library/PrivateFrameworks/CoreServicesInternal.framework/Versions/A/CoreServicesInternal
0x0000000001e67000 	/System/Library/Frameworks/CoreGraphics.framework/Versions/A/Resources/libRIP.A.dylib
0x0000000001e67000 	/System/Library/Frameworks/Accelerate.framework/Versions/A/Frameworks/vImage.framework/Versions/A/Libraries/libCGInterfaces.dylib
0x0000000001e67000 	/System/Library/Frameworks/CoreGraphics.framework/Versions/A/Resources/libCGXType.A.dylib
0x0000000001e67000 	/System/Library/Frameworks/OpenCL.framework/Versions/A/Libraries/libcldcpuengine.dylib
0x0000000001e67000 	/System/Library/PrivateFrameworks/DiskImages.framework/Versions/A/DiskImages
0x0000000001e67000 	/System/Library/Frameworks/DiscRecording.framework/Versions/A/DiscRecording
0x0000000001e67000 	/usr/lib/libcsfde.dylib
0x0000000001e67000 	/usr/lib/libcurl.4.dylib
0x0000000001e67000 	/System/Library/PrivateFrameworks/MediaKit.framework/Versions/A/MediaKit
0x0000000001e67000 	/System/Library/PrivateFrameworks/ProtectedCloudStorage.framework/Versions/A/ProtectedCloudStorage
0x0000000001e67000 	/usr/lib/libCoreStorage.dylib
0x0000000001e67000 	/System/Library/PrivateFrameworks/EFILogin.framework/Versions/A/EFILogin
0x0000000001e67000 	/usr/lib/libutil.dylib
0x0000000001e67000 	/System/Library/PrivateFrameworks/FindMyDevice.framework/Versions/A/FindMyDevice
0x0000000001e67000 	/System/Library/Frameworks/LDAP.framework/Versions/A/LDAP
0x0000000001e67000 	/usr/lib/libsasl2.2.dylib
0x0000000001e67000 	/System/Library/PrivateFrameworks/CoreDaemon.framework/Versions/B/CoreDaemon
0x0000000001e67000 	/usr/lib/libcrypto.0.9.8.dylib
0x0000000001e67000 	/System/Library/PrivateFrameworks/AppleSRP.framework/Versions/A/AppleSRP
0x0000000001e67000 	/System/Library/PrivateFrameworks/TrustEvaluationAgent.framework/Versions/A/TrustEvaluationAgent
0x0000000123f78000 	cl_kernels
0x0000000001e67000 	/System/Library/Frameworks/OpenCL.framework/Versions/A/Libraries/ImageFormats/unorm8_bgra.dylib
0x0000000001e67000 	/System/Library/Frameworks/OpenCL.framework/Versions/A/Libraries/ImageFormats/unorm8_rgba.dylib
0x0000000001e67000 	/System/Library/PrivateFrameworks/FamilyControls.framework/Versions/A/FamilyControls
0x0000000001e67000 	/System/Library/PrivateFrameworks/CommerceKit.framework/Versions/A/Frameworks/CommerceCore.framework/Versions/A/CommerceCore
0x0000000001e67000 	/System/Library/PrivateFrameworks/SystemAdministration.framework/Versions/A/SystemAdministration
0x0000000001e67000 	/System/Library/PrivateFrameworks/AppContainer.framework/Versions/A/AppContainer
0x0000000001e67000 	/System/Library/PrivateFrameworks/SecCodeWrapper.framework/Versions/A/SecCodeWrapper
0x0000000001e67000 	/System/Library/Frameworks/DirectoryService.framework/Versions/A/DirectoryService
0x0000000001e67000 	/System/Library/PrivateFrameworks/LoginUIKit.framework/Versions/A/Frameworks/LoginUICore.framework/Versions/A/LoginUICore
0x0000000001e67000 	/usr/lib/libodfde.dylib
0x0000000001e67000 	/System/Library/Frameworks/OpenGL.framework/Versions/A/Resources/GLEngine.bundle/GLEngine
0x0000000001e67000 	/System/Library/Frameworks/OpenGL.framework/Versions/A/Libraries/libGLProgrammability.dylib
0x00000001261d5000 	/System/Library/Extensions/AppleIntelHD5000GraphicsGLDriver.bundle/Contents/MacOS/AppleIntelHD5000GraphicsGLDriver
0x0000000001e67000 	/System/Library/PrivateFrameworks/GPUSupport.framework/Versions/A/Libraries/libGPUSupportMercury.dylib
0x0000000001e67000 	/System/Library/Frameworks/OpenGL.framework/Versions/A/Resources/GLRendererFloat.bundle/GLRendererFloat
0x00000001271f5000 	/Library/Java/JavaVirtualMachines/jdk1.8.0_65.jdk/Contents/Home/jre/lib/libfontmanager.dylib
0x000000012869f000 	/Library/Java/JavaVirtualMachines/jdk1.8.0_65.jdk/Contents/Home/jre/lib/libosxui.dylib
0x0000000129493000 	/Library/Java/JavaVirtualMachines/jdk1.8.0_65.jdk/Contents/Home/jre/lib/libnet.dylib
0x00000001292a9000 	/Library/Java/JavaVirtualMachines/jdk1.8.0_65.jdk/Contents/Home/jre/lib/libnio.dylib
0x0000000001e67000 	/System/Library/Frameworks/ApplicationServices.framework/Versions/A/Frameworks/ATS.framework/Versions/A/Resources/libTrueTypeScaler.dylib
0x000000017a15c000 	/System/Library/Extensions/AppleIntelHD5000GraphicsMTLDriver.bundle/Contents/MacOS/AppleIntelHD5000GraphicsMTLDriver
0x000000017a059000 	/private/var/folders/4x/fmk2m66x61b3x5qnjlmt61jw0000gp/T/jogamp_0000/file_cache/jln2585634012450679090/jln7613162832731383124/libgluegen-rt.jnilib
0x000000012b1f4000 	/private/var/folders/4x/fmk2m66x61b3x5qnjlmt61jw0000gp/T/jogamp_0000/file_cache/jln2585634012450679090/jln7613162832731383124/libnativewindow_awt.jnilib
0x000000017a05d000 	/Library/Java/JavaVirtualMachines/jdk1.8.0_65.jdk/Contents/Home/jre/lib/libjawt.dylib
0x000000017a060000 	/private/var/folders/4x/fmk2m66x61b3x5qnjlmt61jw0000gp/T/jogamp_0000/file_cache/jln2585634012450679090/jln7613162832731383124/libnativewindow_macosx.jnilib
0x000000017f075000 	/private/var/folders/4x/fmk2m66x61b3x5qnjlmt61jw0000gp/T/jogamp_0000/file_cache/jln2585634012450679090/jln7613162832731383124/libjogl_desktop.jnilib

VM Arguments:
jvm_args: -Djava.security.policy=java.policy.applet -Dfile.encoding=UTF-8 
java_command: sun.applet.AppletViewer module3.EarthquakeCityMap1450721626799.html
java_class_path (initial): /Users/b10LOUIT/Documents/eclipse-workspace/UCSDUnfoldingMaps/build:/Users/b10LOUIT/Documents/eclipse-workspace/UCSDUnfoldingMaps/lib/core.jar:/Users/b10LOUIT/Documents/eclipse-workspace/UCSDUnfoldingMaps/lib/gluegen-rt.jar:/Users/b10LOUIT/Documents/eclipse-workspace/UCSDUnfoldingMaps/lib/jogl-all.jar:/Users/b10LOUIT/Documents/eclipse-workspace/UCSDUnfoldingMaps/lib/log4j-1.2.15.jar:/Users/b10LOUIT/Documents/eclipse-workspace/UCSDUnfoldingMaps/lib/sqlite-jdbc-3.7.2.jar:/Users/b10LOUIT/Documents/eclipse-workspace/UCSDUnfoldingMaps/lib/json4processing.jar:/Users/b10LOUIT/Documents/eclipse-workspace/UCSDUnfoldingMaps/lib/libTUIO.jar:/Users/b10LOUIT/Documents/eclipse-workspace/UCSDUnfoldingMaps/lib/unfolding.0.9.7-uscd.jar
Launcher Type: SUN_STANDARD

Environment Variables:
PATH=/usr/bin:/bin:/usr/sbin:/sbin
SHELL=/bin/bash
DISPLAY=/private/tmp/com.apple.launchd.kPpRyWf06G/org.macosforge.xquartz:0

Signal Handlers:
SIGSEGV: [libjvm.dylib+0x5a6d31], sa_mask[0]=11111111011111110111111111111111, sa_flags=SA_ONSTACK|SA_RESTART|SA_SIGINFO
SIGBUS: [libjvm.dylib+0x5a6d31], sa_mask[0]=11111111011111110111111111111111, sa_flags=SA_RESTART|SA_SIGINFO
SIGFPE: [libjvm.dylib+0x480a40], sa_mask[0]=11111111011111110111111111111111, sa_flags=SA_RESTART|SA_SIGINFO
SIGPIPE: [libjvm.dylib+0x480a40], sa_mask[0]=11111111011111110111111111111111, sa_flags=SA_RESTART|SA_SIGINFO
SIGXFSZ: [libjvm.dylib+0x480a40], sa_mask[0]=11111111011111110111111111111111, sa_flags=SA_RESTART|SA_SIGINFO
SIGILL: [libjvm.dylib+0x480a40], sa_mask[0]=11111111011111110111111111111111, sa_flags=SA_RESTART|SA_SIGINFO
SIGUSR1: SIG_DFL, sa_mask[0]=00000000000000000000000000000000, sa_flags=none
SIGUSR2: [libjvm.dylib+0x48055e], sa_mask[0]=00100000000000000000000000000000, sa_flags=SA_RESTART|SA_SIGINFO
SIGHUP: [libjvm.dylib+0x47eb35], sa_mask[0]=11111111011111110111111111111111, sa_flags=SA_RESTART|SA_SIGINFO
SIGINT: [libjvm.dylib+0x47eb35], sa_mask[0]=11111111011111110111111111111111, sa_flags=SA_RESTART|SA_SIGINFO
SIGTERM: [libjvm.dylib+0x47eb35], sa_mask[0]=11111111011111110111111111111111, sa_flags=SA_RESTART|SA_SIGINFO
SIGQUIT: [libjvm.dylib+0x47eb35], sa_mask[0]=11111111011111110111111111111111, sa_flags=SA_RESTART|SA_SIGINFO


---------------  S Y S T E M  ---------------

OS:Bsduname:Darwin 15.0.0 Darwin Kernel Version 15.0.0: Sat Sep 19 15:53:46 PDT 2015; root:xnu-3247.10.11~1/RELEASE_X86_64 x86_64
rlimit: STACK 8192k, CORE 0k, NPROC 709, NOFILE 10240, AS infinity
load average:1.54 1.59 1.61

CPU:total 8 (4 cores per cpu, 2 threads per core) family 6 model 70 stepping 1, cmov, cx8, fxsr, mmx, sse, sse2, sse3, ssse3, sse4.1, sse4.2, popcnt, avx, avx2, aes, clmul, erms, rtm, lzcnt, ht, tsc, tscinvbit, bmi1, bmi2

Memory: 4k page, physical 16777216k(3848516k free)

/proc/meminfo:


vm_info: Java HotSpot(TM) 64-Bit Server VM (25.65-b01) for bsd-amd64 JRE (1.8.0_65-b17), built on Oct  6 2015 15:36:46 by "java_re" with gcc 4.2.1 (Based on Apple Inc. build 5658) (LLVM build 2336.11.00)

time: Mon Dec 21 19:14:15 2015
elapsed time: 28 seconds (0d 0h 0m 28s)

