#
# A fatal error has been detected by the Java Runtime Environment:
#
#  SIGSEGV (0xb) at pc=0x00007fff8787ad5d, pid=3804, tid=2571
#
# JRE version: Java(TM) SE Runtime Environment (8.0_65-b17) (build 1.8.0_65-b17)
# Java VM: Java HotSpot(TM) 64-Bit Server VM (25.65-b01 mixed mode bsd-amd64 compressed oops)
# Problematic frame:
# C  [libobjc.A.dylib+0x6d5d]  objc_msgSend+0x1d
#
# Failed to write core dump. Core dumps have been disabled. To enable core dumping, try "ulimit -c unlimited" before starting Java again
#
# If you would like to submit a bug report, please visit:
#   http://bugreport.java.com/bugreport/crash.jsp
# The crash happened outside the Java Virtual Machine in native code.
# See problematic frame for where to report the bug.
#

---------------  T H R E A D  ---------------

Current thread (0x00007f934b0ba000):  JavaThread "AWT-AppKit" daemon [_thread_in_native, id=2571, stack(0x00007fff5a6d3000,0x00007fff5aed3000)]

siginfo: si_signo: 11 (SIGSEGV), si_code: 1 (SEGV_MAPERR), si_addr: 0x0000000000000018

Registers:
RAX=0x00007f934f9ee2f0, RBX=0x000000017a84f450, RCX=0x0000000124e28040, RDX=0x0000000124e285a0
RSP=0x00007fff5aece3c8, RBP=0x00007fff5aece480, RSI=0x00007fff8c9f9d0e, RDI=0x00007f934f9ec700
R8 =0x0000000000000000, R9 =0x0000000000000810, R10=0x00007fff8c9f9d0e, R11=0x0000000000000000
R12=0x0000000000000000, R13=0x000000017f7329d8, R14=0x000000017a84f440, R15=0x00007f934b0ba000
RIP=0x00007fff8787ad5d, EFLAGS=0x0000000000010246, ERR=0x0000000000000004
  TRAPNO=0x000000000000000e

Top of Stack: (sp=0x00007fff5aece3c8)
0x00007fff5aece3c8:   000000017a84d157 00007fff5aece420
0x00007fff5aece3d8:   0000000000000003 00007fff5aece400
0x00007fff5aece3e8:   000000010519a9a6 000000017f7329d8
0x00007fff5aece3f8:   000000017f7329d8 00007f934f9ee2f0
0x00007fff5aece408:   000000017a84f6a0 000000017a84f710
0x00007fff5aece418:   00007fff73cee740 00007fff729454c0
0x00007fff5aece428:   000000017a84f450 000000017a84f690
0x00007fff5aece438:   00007f934f9ee2f0 00007f934f9ec700
0x00007fff5aece448:   00007f9349560790 00007f934f9ee2f0
0x00007fff5aece458:   00007f934f9ec700 00007fff5aece508
0x00007fff5aece468:   00007f934b0ba1f8 000000017f7329d8
0x00007fff5aece478:   00007fff5aece530 00007fff5aece4f8
0x00007fff5aece488:   0000000107015954 000000017f7329d8
0x00007fff5aece498:   00007fff5aece530 00007fff5aece4f8
0x00007fff5aece4a8:   00000001070156e7 00000001070156a2
0x00007fff5aece4b8:   00007fff5aece4b8 000000017f7329d8
0x00007fff5aece4c8:   00007fff5aece530 000000017f746028
0x00007fff5aece4d8:   0000000000000000 000000017f7329d8
0x00007fff5aece4e8:   0000000000000000 00007fff5aece518
0x00007fff5aece4f8:   00007fff5aece578 0000000107007c4d
0x00007fff5aece508:   00000006c02bae50 000000010700f578
0x00007fff5aece518:   00007f934f9ee2f0 00007fff5aece578
0x00007fff5aece528:   00007f934f9ec700 0000000107010d82
0x00007fff5aece538:   00007fff5aece538 000000017f732ba2
0x00007fff5aece548:   00007fff5aece5a0 000000017f746028
0x00007fff5aece558:   0000000000000000 000000017f732bb0
0x00007fff5aece568:   00007fff5aece518 00007fff5aece588
0x00007fff5aece578:   00007fff5aece5e8 0000000107007c4d
0x00007fff5aece588:   00007f934f9ee2f0 00000006c09b30d0
0x00007fff5aece598:   00007f934f9ec700 00000006c09b30d0
0x00007fff5aece5a8:   00007fff5aece5a8 0000000185dcf44e
0x00007fff5aece5b8:   00007fff5aece5f8 0000000185dcf508 

Instructions: (pc=0x00007fff8787ad5d)
0x00007fff8787ad3d:   44 00 00 48 85 ff 2e 74 62 40 f6 c7 01 2e 75 66
0x00007fff8787ad4d:   49 bb f8 ff ff ff ff 7f 00 00 4c 23 1f 49 89 f2
0x00007fff8787ad5d:   45 23 53 18 49 c1 e2 04 4d 03 53 10 49 3b 32 75
0x00007fff8787ad6d:   04 41 ff 62 08 49 83 3a 01 76 0d 49 83 c2 10 49 

Register to memory mapping:

RAX=0x00007f934f9ee2f0 is an unknown value
RBX=0x000000017a84f450: Java_jogamp_nativewindow_macosx_OSXUtil_GetScreenRefreshRate0+0x1cf0 in /private/var/folders/4x/fmk2m66x61b3x5qnjlmt61jw0000gp/T/jogamp_0000/file_cache/jln806813798761984350/jln4815794454185236231/libnativewindow_macosx.jnilib at 0x000000017a848000
RCX=0x0000000124e28040 is an unknown value
RDX=0x0000000124e285a0 is an unknown value
RSP=0x00007fff5aece3c8 is pointing into the stack for thread: 0x00007f934b0ba000
RBP=0x00007fff5aece480 is pointing into the stack for thread: 0x00007f934b0ba000
RSI=0x00007fff8c9f9d0e is an unknown value
RDI=0x00007f934f9ec700 is an unknown value
R8 =0x0000000000000000 is an unknown value
R9 =0x0000000000000810 is an unknown value
R10=0x00007fff8c9f9d0e is an unknown value
R11=0x0000000000000000 is an unknown value
R12=0x0000000000000000 is an unknown value
R13={method} {0x000000017f7329d8} 'UnsetJAWTRootSurfaceLayer0' '(JJ)V' in 'jogamp/nativewindow/jawt/macosx/MacOSXJAWTWindow'
R14=0x000000017a84f440: Java_jogamp_nativewindow_macosx_OSXUtil_GetScreenRefreshRate0+0x1ce0 in /private/var/folders/4x/fmk2m66x61b3x5qnjlmt61jw0000gp/T/jogamp_0000/file_cache/jln806813798761984350/jln4815794454185236231/libnativewindow_macosx.jnilib at 0x000000017a848000
R15=0x00007f934b0ba000 is a thread


Stack: [0x00007fff5a6d3000,0x00007fff5aed3000],  sp=0x00007fff5aece3c8,  free space=8172k
Native frames: (J=compiled Java code, j=interpreted, Vv=VM code, C=native code)
C  [libobjc.A.dylib+0x6d5d]  objc_msgSend+0x1d
j  jogamp.nativewindow.jawt.macosx.MacOSXJAWTWindow.UnsetJAWTRootSurfaceLayer0(JJ)V+0
j  jogamp.nativewindow.jawt.macosx.MacOSXJAWTWindow.access$200(JJ)V+2
j  jogamp.nativewindow.jawt.macosx.MacOSXJAWTWindow$1.run()V+38
j  com.jogamp.common.util.RunnableTask.run()V+24
v  ~StubRoutines::call_stub
V  [libjvm.dylib+0x2eab02]
V  [libjvm.dylib+0x321bab]
V  [libjvm.dylib+0x31437f]
C  [libnativewindow_macosx.jnilib+0x5326]  Java_jogamp_nativewindow_jawt_macosx_MacOSXJAWTWindow_UnsetJAWTRootSurfaceLayer0+0x2b6
C  [Foundation+0x7741e]  __NSThreadPerformPerform+0x117
C  [CoreFoundation+0xaa8b1]  __CFRUNLOOP_IS_CALLING_OUT_TO_A_SOURCE0_PERFORM_FUNCTION__+0x11
C  [CoreFoundation+0x8a027]  __CFRunLoopDoSources0+0x1a7
C  [CoreFoundation+0x895cf]  __CFRunLoopRun+0x39f
C  [CoreFoundation+0x88fc8]  CFRunLoopRunSpecific+0x128
C  [HIToolbox+0x30d55]  RunCurrentEventLoopInMode+0xeb
C  [HIToolbox+0x30a97]  ReceiveNextEventCommon+0xb8
C  [HIToolbox+0x309cf]  _BlockUntilNextEventMatchingListInModeWithFilter+0x47
C  [AppKit+0x49d96]  _DPSNextEvent+0x42b
C  [AppKit+0x491c5]  -[NSApplication _nextEventMatchingEventMask:untilDate:inMode:dequeue:]+0x1c6
C  [libosxapp.dylib+0x23aa]  -[NSApplicationAWT nextEventMatchingMask:untilDate:inMode:dequeue:]+0x7c
C  [AppKit+0x3dd28]  -[NSApplication run]+0x2aa
C  [libosxapp.dylib+0x214d]  +[NSApplicationAWT runAWTLoopWithApp:]+0x9c
C  [libawt_lwawt.dylib+0x44517]  -[AWTStarter starter:]+0x389
C  [Foundation+0x7741e]  __NSThreadPerformPerform+0x117
C  [CoreFoundation+0xaa8b1]  __CFRUNLOOP_IS_CALLING_OUT_TO_A_SOURCE0_PERFORM_FUNCTION__+0x11
C  [CoreFoundation+0x8a0ac]  __CFRunLoopDoSources0+0x22c
C  [CoreFoundation+0x895cf]  __CFRunLoopRun+0x39f
C  [CoreFoundation+0x88fc8]  CFRunLoopRunSpecific+0x128
C  [java+0x6463]  CreateExecutionEnvironment+0x367
C  [java+0x21ac]  JLI_Launch+0x7a0
C  [java+0x84c0]  main+0x65
C  [java+0x1a04]  start+0x34
C  0x0000000000000007

Java frames: (J=compiled Java code, j=interpreted, Vv=VM code)
j  jogamp.nativewindow.jawt.macosx.MacOSXJAWTWindow.UnsetJAWTRootSurfaceLayer0(JJ)V+0
j  jogamp.nativewindow.jawt.macosx.MacOSXJAWTWindow.access$200(JJ)V+2
j  jogamp.nativewindow.jawt.macosx.MacOSXJAWTWindow$1.run()V+38
j  com.jogamp.common.util.RunnableTask.run()V+24
v  ~StubRoutines::call_stub

---------------  P R O C E S S  ---------------

Java Threads: ( => current thread )
  0x00007f93532da000 JavaThread "Thread-19" [_thread_blocked, id=41287, stack(0x00007000017e5000,0x00007000018e5000)]
  0x00007f93499f1000 JavaThread "AWT-EventQueue-1" [_thread_in_native, id=62491, stack(0x0000700001f83000,0x0000700002083000)]
  0x00007f934a983800 JavaThread "DestroyJavaVM" [_thread_blocked, id=4099, stack(0x0000700000084000,0x0000700000184000)]
  0x00007f934b12f000 JavaThread "AWT-EventQueue-0" [_thread_blocked, id=59399, stack(0x0000700001d7d000,0x0000700001e7d000)]
  0x00007f934a9f2800 JavaThread "Java2D Disposer" daemon [_thread_blocked, id=56323, stack(0x0000700001af4000,0x0000700001bf4000)]
  0x00007f934b108000 JavaThread "Java2D Queue Flusher" daemon [_thread_blocked, id=53255, stack(0x00007000019f1000,0x0000700001af1000)]
  0x00007f934a087000 JavaThread "AWT-Shutdown" [_thread_blocked, id=32019, stack(0x00007000016e2000,0x00007000017e2000)]
=>0x00007f934b0ba000 JavaThread "AWT-AppKit" daemon [_thread_in_native, id=2571, stack(0x00007fff5a6d3000,0x00007fff5aed3000)]
  0x00007f934b037800 JavaThread "Service Thread" daemon [_thread_blocked, id=21251, stack(0x0000700001353000,0x0000700001453000)]
  0x00007f934983c800 JavaThread "C1 CompilerThread3" daemon [_thread_blocked, id=20739, stack(0x0000700001250000,0x0000700001350000)]
  0x00007f934a022800 JavaThread "C2 CompilerThread2" daemon [_thread_blocked, id=20227, stack(0x000070000114d000,0x000070000124d000)]
  0x00007f934983b800 JavaThread "C2 CompilerThread1" daemon [_thread_blocked, id=19715, stack(0x000070000104a000,0x000070000114a000)]
  0x00007f934b02c000 JavaThread "C2 CompilerThread0" daemon [_thread_blocked, id=19203, stack(0x0000700000f47000,0x0000700001047000)]
  0x00007f934b005000 JavaThread "Signal Dispatcher" daemon [_thread_blocked, id=15887, stack(0x0000700000e44000,0x0000700000f44000)]
  0x00007f9349839000 JavaThread "Finalizer" daemon [_thread_blocked, id=14339, stack(0x0000700000c3b000,0x0000700000d3b000)]
  0x00007f9349838000 JavaThread "Reference Handler" daemon [_thread_blocked, id=13827, stack(0x0000700000b38000,0x0000700000c38000)]

Other Threads:
  0x00007f934a00f000 VMThread [stack: 0x0000700000a35000,0x0000700000b35000] [id=13315]
  0x00007f934d008000 WatcherThread [stack: 0x0000700001456000,0x0000700001556000] [id=21763]

VM state:not at safepoint (normal execution)

VM Mutex/Monitor currently owned by a thread: None

Heap:
 PSYoungGen      total 31744K, used 10567K [0x000000076ab00000, 0x000000076cb00000, 0x00000007c0000000)
  eden space 31232K, 33% used [0x000000076ab00000,0x000000076b531ee8,0x000000076c980000)
  from space 512K, 25% used [0x000000076ca80000,0x000000076caa0000,0x000000076cb00000)
  to   space 512K, 0% used [0x000000076ca00000,0x000000076ca00000,0x000000076ca80000)
 ParOldGen       total 175104K, used 16972K [0x00000006c0000000, 0x00000006cab00000, 0x000000076ab00000)
  object space 175104K, 9% used [0x00000006c0000000,0x00000006c10933b0,0x00000006cab00000)
 Metaspace       used 20635K, capacity 20855K, committed 21120K, reserved 1069056K
  class space    used 2012K, capacity 2082K, committed 2176K, reserved 1048576K

Card table byte_map: [0x00000001163c0000,0x0000000116bc1000] byte_map_base: 0x0000000112dc0000

Marking Bits: (ParMarkBitMap*) 0x0000000105887e20
 Begin Bits: [0x0000000117117000, 0x000000011b117000)
 End Bits:   [0x000000011b117000, 0x000000011f117000)

Polling page: 0x0000000105f79000

CodeCache: size=245760Kb used=7950Kb max_used=9702Kb free=237809Kb
 bounds [0x0000000107000000, 0x00000001079a0000, 0x0000000116000000]
 total_blobs=3060 nmethods=2180 adapters=793
 compilation: enabled

Compilation events (10 events):
Event: 2084.896 Thread 0x00007f934983c800 nmethod 2618 0x0000000107152e10 code [0x0000000107152f60, 0x0000000107153070]
Event: 2084.897 Thread 0x00007f934983c800 2619       3       java.net.URLStreamHandler::sameFile (136 bytes)
Event: 2084.897 Thread 0x00007f934983c800 nmethod 2619 0x00000001074f8790 code [0x00000001074f8980, 0x00000001074f9988]
Event: 2084.898 Thread 0x00007f934983b800 nmethod 2617 0x00000001076e9e90 code [0x00000001076ea020, 0x00000001076ea2c8]
Event: 2084.902 Thread 0x00007f934b02c000 2620  s!   4       sun.misc.URLClassPath::getLoader (197 bytes)
Event: 2084.903 Thread 0x00007f934983c800 2621       3       java.util.Stack::empty (13 bytes)
Event: 2084.903 Thread 0x00007f934983c800 nmethod 2621 0x000000010713a5d0 code [0x000000010713a740, 0x000000010713ab10]
Event: 2084.904 Thread 0x00007f934983c800 2622       3       sun.java2d.pipe.RenderBuffer::putFloat (26 bytes)
Event: 2084.904 Thread 0x00007f934983c800 nmethod 2622 0x0000000107347690 code [0x0000000107347800, 0x0000000107347990]
Event: 2084.906 Thread 0x00007f934b02c000 nmethod 2620 0x000000010749a950 code [0x000000010749aac0, 0x000000010749b298]

GC Heap History (10 events):
Event: 2029.325 GC heap before
{Heap before GC invocations=142 (full 0):
 PSYoungGen      total 31744K, used 31424K [0x000000076ab00000, 0x000000076cb00000, 0x00000007c0000000)
  eden space 31232K, 100% used [0x000000076ab00000,0x000000076c980000,0x000000076c980000)
  from space 512K, 37% used [0x000000076ca00000,0x000000076ca30000,0x000000076ca80000)
  to   space 512K, 0% used [0x000000076ca80000,0x000000076ca80000,0x000000076cb00000)
 ParOldGen       total 175104K, used 16972K [0x00000006c0000000, 0x00000006cab00000, 0x000000076ab00000)
  object space 175104K, 9% used [0x00000006c0000000,0x00000006c10933b0,0x00000006cab00000)
 Metaspace       used 20596K, capacity 20855K, committed 21120K, reserved 1069056K
  class space    used 2004K, capacity 2082K, committed 2176K, reserved 1048576K
Event: 2029.326 GC heap after
Heap after GC invocations=142 (full 0):
 PSYoungGen      total 31744K, used 224K [0x000000076ab00000, 0x000000076cb00000, 0x00000007c0000000)
  eden space 31232K, 0% used [0x000000076ab00000,0x000000076ab00000,0x000000076c980000)
  from space 512K, 43% used [0x000000076ca80000,0x000000076cab8000,0x000000076cb00000)
  to   space 512K, 0% used [0x000000076ca00000,0x000000076ca00000,0x000000076ca80000)
 ParOldGen       total 175104K, used 16972K [0x00000006c0000000, 0x00000006cab00000, 0x000000076ab00000)
  object space 175104K, 9% used [0x00000006c0000000,0x00000006c10933b0,0x00000006cab00000)
 Metaspace       used 20596K, capacity 20855K, committed 21120K, reserved 1069056K
  class space    used 2004K, capacity 2082K, committed 2176K, reserved 1048576K
}
Event: 2041.527 GC heap before
{Heap before GC invocations=143 (full 0):
 PSYoungGen      total 31744K, used 31456K [0x000000076ab00000, 0x000000076cb00000, 0x00000007c0000000)
  eden space 31232K, 100% used [0x000000076ab00000,0x000000076c980000,0x000000076c980000)
  from space 512K, 43% used [0x000000076ca80000,0x000000076cab8000,0x000000076cb00000)
  to   space 512K, 0% used [0x000000076ca00000,0x000000076ca00000,0x000000076ca80000)
 ParOldGen       total 175104K, used 16972K [0x00000006c0000000, 0x00000006cab00000, 0x000000076ab00000)
  object space 175104K, 9% used [0x00000006c0000000,0x00000006c10933b0,0x00000006cab00000)
 Metaspace       used 20596K, capacity 20855K, committed 21120K, reserved 1069056K
  class space    used 2004K, capacity 2082K, committed 2176K, reserved 1048576K
Event: 2041.528 GC heap after
Heap after GC invocations=143 (full 0):
 PSYoungGen      total 31744K, used 192K [0x000000076ab00000, 0x000000076cb00000, 0x00000007c0000000)
  eden space 31232K, 0% used [0x000000076ab00000,0x000000076ab00000,0x000000076c980000)
  from space 512K, 37% used [0x000000076ca00000,0x000000076ca30000,0x000000076ca80000)
  to   space 512K, 0% used [0x000000076ca80000,0x000000076ca80000,0x000000076cb00000)
 ParOldGen       total 175104K, used 16972K [0x00000006c0000000, 0x00000006cab00000, 0x000000076ab00000)
  object space 175104K, 9% used [0x00000006c0000000,0x00000006c10933b0,0x00000006cab00000)
 Metaspace       used 20596K, capacity 20855K, committed 21120K, reserved 1069056K
  class space    used 2004K, capacity 2082K, committed 2176K, reserved 1048576K
}
Event: 2053.747 GC heap before
{Heap before GC invocations=144 (full 0):
 PSYoungGen      total 31744K, used 31424K [0x000000076ab00000, 0x000000076cb00000, 0x00000007c0000000)
  eden space 31232K, 100% used [0x000000076ab00000,0x000000076c980000,0x000000076c980000)
  from space 512K, 37% used [0x000000076ca00000,0x000000076ca30000,0x000000076ca80000)
  to   space 512K, 0% used [0x000000076ca80000,0x000000076ca80000,0x000000076cb00000)
 ParOldGen       total 175104K, used 16972K [0x00000006c0000000, 0x00000006cab00000, 0x000000076ab00000)
  object space 175104K, 9% used [0x00000006c0000000,0x00000006c10933b0,0x00000006cab00000)
 Metaspace       used 20596K, capacity 20855K, committed 21120K, reserved 1069056K
  class space    used 2004K, capacity 2082K, committed 2176K, reserved 1048576K
Event: 2053.748 GC heap after
Heap after GC invocations=144 (full 0):
 PSYoungGen      total 31744K, used 160K [0x000000076ab00000, 0x000000076cb00000, 0x00000007c0000000)
  eden space 31232K, 0% used [0x000000076ab00000,0x000000076ab00000,0x000000076c980000)
  from space 512K, 31% used [0x000000076ca80000,0x000000076caa8000,0x000000076cb00000)
  to   space 512K, 0% used [0x000000076ca00000,0x000000076ca00000,0x000000076ca80000)
 ParOldGen       total 175104K, used 16972K [0x00000006c0000000, 0x00000006cab00000, 0x000000076ab00000)
  object space 175104K, 9% used [0x00000006c0000000,0x00000006c10933b0,0x00000006cab00000)
 Metaspace       used 20596K, capacity 20855K, committed 21120K, reserved 1069056K
  class space    used 2004K, capacity 2082K, committed 2176K, reserved 1048576K
}
Event: 2065.966 GC heap before
{Heap before GC invocations=145 (full 0):
 PSYoungGen      total 31744K, used 31392K [0x000000076ab00000, 0x000000076cb00000, 0x00000007c0000000)
  eden space 31232K, 100% used [0x000000076ab00000,0x000000076c980000,0x000000076c980000)
  from space 512K, 31% used [0x000000076ca80000,0x000000076caa8000,0x000000076cb00000)
  to   space 512K, 0% used [0x000000076ca00000,0x000000076ca00000,0x000000076ca80000)
 ParOldGen       total 175104K, used 16972K [0x00000006c0000000, 0x00000006cab00000, 0x000000076ab00000)
  object space 175104K, 9% used [0x00000006c0000000,0x00000006c10933b0,0x00000006cab00000)
 Metaspace       used 20596K, capacity 20855K, committed 21120K, reserved 1069056K
  class space    used 2004K, capacity 2082K, committed 2176K, reserved 1048576K
Event: 2065.967 GC heap after
Heap after GC invocations=145 (full 0):
 PSYoungGen      total 31744K, used 256K [0x000000076ab00000, 0x000000076cb00000, 0x00000007c0000000)
  eden space 31232K, 0% used [0x000000076ab00000,0x000000076ab00000,0x000000076c980000)
  from space 512K, 50% used [0x000000076ca00000,0x000000076ca40000,0x000000076ca80000)
  to   space 512K, 0% used [0x000000076ca80000,0x000000076ca80000,0x000000076cb00000)
 ParOldGen       total 175104K, used 16972K [0x00000006c0000000, 0x00000006cab00000, 0x000000076ab00000)
  object space 175104K, 9% used [0x00000006c0000000,0x00000006c10933b0,0x00000006cab00000)
 Metaspace       used 20596K, capacity 20855K, committed 21120K, reserved 1069056K
  class space    used 2004K, capacity 2082K, committed 2176K, reserved 1048576K
}
Event: 2081.379 GC heap before
{Heap before GC invocations=146 (full 0):
 PSYoungGen      total 31744K, used 31488K [0x000000076ab00000, 0x000000076cb00000, 0x00000007c0000000)
  eden space 31232K, 100% used [0x000000076ab00000,0x000000076c980000,0x000000076c980000)
  from space 512K, 50% used [0x000000076ca00000,0x000000076ca40000,0x000000076ca80000)
  to   space 512K, 0% used [0x000000076ca80000,0x000000076ca80000,0x000000076cb00000)
 ParOldGen       total 175104K, used 16972K [0x00000006c0000000, 0x00000006cab00000, 0x000000076ab00000)
  object space 175104K, 9% used [0x00000006c0000000,0x00000006c10933b0,0x00000006cab00000)
 Metaspace       used 20596K, capacity 20855K, committed 21120K, reserved 1069056K
  class space    used 2004K, capacity 2082K, committed 2176K, reserved 1048576K
Event: 2081.380 GC heap after
Heap after GC invocations=146 (full 0):
 PSYoungGen      total 31744K, used 128K [0x000000076ab00000, 0x000000076cb00000, 0x00000007c0000000)
  eden space 31232K, 0% used [0x000000076ab00000,0x000000076ab00000,0x000000076c980000)
  from space 512K, 25% used [0x000000076ca80000,0x000000076caa0000,0x000000076cb00000)
  to   space 512K, 0% used [0x000000076ca00000,0x000000076ca00000,0x000000076ca80000)
 ParOldGen       total 175104K, used 16972K [0x00000006c0000000, 0x00000006cab00000, 0x000000076ab00000)
  object space 175104K, 9% used [0x00000006c0000000,0x00000006c10933b0,0x00000006cab00000)
 Metaspace       used 20596K, capacity 20855K, committed 21120K, reserved 1069056K
  class space    used 2004K, capacity 2082K, committed 2176K, reserved 1048576K
}

Deoptimization events (10 events):
Event: 2084.895 Thread 0x00007f934a9fe000 Uncommon trap: reason=unstable_if action=reinterpret pc=0x000000010744dbb0 method=java.util.HashMap.putVal(ILjava/lang/Object;Ljava/lang/Object;ZZ)Ljava/lang/Object; @ 81
Event: 2084.895 Thread 0x00007f934b12f000 Uncommon trap: reason=class_check action=maybe_recompile pc=0x0000000107941ab0 method=java.awt.Component.getGraphics()Ljava/awt/Graphics; @ 114
Event: 2084.895 Thread 0x00007f93499f1000 Uncommon trap: reason=class_check action=maybe_recompile pc=0x0000000107558db4 method=java.awt.event.InvocationEvent.dispatch()V @ 11
Event: 2084.896 Thread 0x00007f934b0ba000 Uncommon trap: reason=class_check action=maybe_recompile pc=0x0000000107116a40 method=com.jogamp.common.util.RunnableTask.run()V @ 24
Event: 2084.897 Thread 0x00007f934b0ba000 Uncommon trap: reason=unstable_if action=reinterpret pc=0x00000001071c607c method=jogamp.nativewindow.macosx.OSXUtil.RunOnMainThread(ZZLjava/lang/Runnable;)V @ 3
Event: 2084.902 Thread 0x00007f93499f1000 Uncommon trap: reason=unstable_if action=reinterpret pc=0x0000000107955370 method=jogamp.opengl.GLContextImpl.release(Z)V @ 161
Event: 2084.903 Thread 0x00007f93499f1000 Uncommon trap: reason=unstable_if action=reinterpret pc=0x00000001078d15d8 method=java.util.LinkedList$ListItr.<init>(Ljava/util/LinkedList;I)V @ 26
Event: 2084.904 Thread 0x00007f93499f1000 Uncommon trap: reason=unstable_if action=reinterpret pc=0x0000000107887528 method=java.security.AccessControlContext.optimize()Ljava/security/AccessControlContext; @ 233
Event: 2084.905 Thread 0x00007f93499f1000 Uncommon trap: reason=class_check action=maybe_recompile pc=0x0000000107558db4 method=java.awt.event.InvocationEvent.dispatch()V @ 11
Event: 2084.911 Thread 0x00007f934b0ba000 Uncommon trap: reason=class_check action=maybe_recompile pc=0x0000000107116a40 method=com.jogamp.common.util.RunnableTask.run()V @ 24

Internal exceptions (10 events):
Event: 0.108 Thread 0x00007f934a001800 Exception <a 'java/lang/NoSuchFieldError': method resolution failed> (0x000000076af3bfe0) thrown at [/Users/java_re/workspace/8-2-build-macosx-x86_64/jdk8u65/4987/hotspot/src/share/vm/prims/methodHandles.cpp, line 1146]
Event: 0.110 Thread 0x00007f934a001800 Exception <a 'java/lang/NoSuchFieldError': method resolution failed> (0x000000076af497b0) thrown at [/Users/java_re/workspace/8-2-build-macosx-x86_64/jdk8u65/4987/hotspot/src/share/vm/prims/methodHandles.cpp, line 1146]
Event: 0.208 Thread 0x00007f934a001800 Exception <a 'java/io/FileNotFoundException'> (0x000000076afc5730) thrown at [/Users/java_re/workspace/8-2-build-macosx-x86_64/jdk8u65/4987/hotspot/src/share/vm/prims/jni.cpp, line 709]
Event: 0.208 Thread 0x00007f934a001800 Exception <a 'java/io/FileNotFoundException'> (0x000000076afc6290) thrown at [/Users/java_re/workspace/8-2-build-macosx-x86_64/jdk8u65/4987/hotspot/src/share/vm/prims/jni.cpp, line 709]
Event: 0.279 Thread 0x00007f934a001800 Exception <a 'java/io/FileNotFoundException'> (0x000000076b1a99b0) thrown at [/Users/java_re/workspace/8-2-build-macosx-x86_64/jdk8u65/4987/hotspot/src/share/vm/prims/jni.cpp, line 709]
Event: 1.078 Thread 0x00007f934a360800 Exception <a 'java/lang/UnsatisfiedLinkError': com.jogamp.common.util.JarUtil.fixNativeLibAttribs(Ljava/lang/String;)Z> (0x000000076c80bec0) thrown at [/Users/java_re/workspace/8-2-build-macosx-x86_64/jdk8u65/4987/hotspot/src/share/vm/prims/nativeLookup.c
Event: 1.694 Thread 0x00007f93499f1000 Exception <a 'java/io/FileNotFoundException'> (0x000000076dbf92e8) thrown at [/Users/java_re/workspace/8-2-build-macosx-x86_64/jdk8u65/4987/hotspot/src/share/vm/prims/jni.cpp, line 709]
Event: 1.694 Thread 0x00007f93499f1000 Exception <a 'java/io/FileNotFoundException'> (0x000000076dc00c78) thrown at [/Users/java_re/workspace/8-2-build-macosx-x86_64/jdk8u65/4987/hotspot/src/share/vm/prims/jni.cpp, line 709]
Event: 1.694 Thread 0x00007f93499f1000 Implicit null exception at 0x00000001071b2e75 to 0x00000001071b3201
Event: 2.057 Thread 0x00007f9349839000 Exception <a 'java/lang/NullPointerException'> (0x000000076b038f20) thrown at [/Users/java_re/workspace/8-2-build-macosx-x86_64/jdk8u65/4987/hotspot/src/share/vm/interpreter/linkResolver.cpp, line 1178]

Events (10 events):
Event: 2084.904 loading class java/awt/Toolkit$ToolkitEventMulticaster done
Event: 2084.905 Thread 0x00007f934a9fe000 Thread exited: 0x00007f934a9fe000
Event: 2084.905 loading class java/awt/Window$1DisposeAction
Event: 2084.905 loading class java/awt/Window$1DisposeAction done
Event: 2084.905 Thread 0x00007f93499f1000 Uncommon trap: trap_request=0xffffffde fr.pc=0x0000000107558db4
Event: 2084.905 Thread 0x00007f93499f1000 DEOPT PACKING pc=0x0000000107558db4 sp=0x0000700002080fa0
Event: 2084.905 Thread 0x00007f93499f1000 DEOPT UNPACKING pc=0x0000000107005229 sp=0x0000700002080df8 mode 2
Event: 2084.911 Thread 0x00007f934b0ba000 Uncommon trap: trap_request=0xffffffde fr.pc=0x0000000107116a40
Event: 2084.911 Thread 0x00007f934b0ba000 DEOPT PACKING pc=0x0000000107116a40 sp=0x00007fff5aece640
Event: 2084.911 Thread 0x00007f934b0ba000 DEOPT UNPACKING pc=0x0000000107005229 sp=0x00007fff5aece5e8 mode 2


Dynamic libraries:
0x0000000001e67000 	/System/Library/Frameworks/Cocoa.framework/Versions/A/Cocoa
0x0000000001e67000 	/System/Library/Frameworks/Security.framework/Versions/A/Security
0x0000000001e67000 	/System/Library/Frameworks/ApplicationServices.framework/Versions/A/ApplicationServices
0x0000000001e67000 	/usr/lib/libz.1.dylib
0x0000000001e67000 	/usr/lib/libSystem.B.dylib
0x0000000001e67000 	/usr/lib/libobjc.A.dylib
0x0000000001e67000 	/System/Library/Frameworks/CoreFoundation.framework/Versions/A/CoreFoundation
0x0000000001e67000 	/System/Library/Frameworks/Foundation.framework/Versions/C/Foundation
0x0000000001e67000 	/System/Library/Frameworks/AppKit.framework/Versions/C/AppKit
0x0000000001e67000 	/System/Library/Frameworks/CoreData.framework/Versions/A/CoreData
0x0000000001e67000 	/System/Library/PrivateFrameworks/RemoteViewServices.framework/Versions/A/RemoteViewServices
0x0000000001e67000 	/System/Library/PrivateFrameworks/UIFoundation.framework/Versions/A/UIFoundation
0x0000000001e67000 	/usr/lib/libScreenReader.dylib
0x0000000001e67000 	/System/Library/Frameworks/Accelerate.framework/Versions/A/Accelerate
0x0000000001e67000 	/System/Library/Frameworks/IOSurface.framework/Versions/A/IOSurface
0x0000000001e67000 	/System/Library/Frameworks/AudioToolbox.framework/Versions/A/AudioToolbox
0x0000000001e67000 	/System/Library/Frameworks/AudioUnit.framework/Versions/A/AudioUnit
0x0000000001e67000 	/System/Library/PrivateFrameworks/DataDetectorsCore.framework/Versions/A/DataDetectorsCore
0x0000000001e67000 	/System/Library/PrivateFrameworks/DesktopServicesPriv.framework/Versions/A/DesktopServicesPriv
0x0000000001e67000 	/System/Library/Frameworks/Carbon.framework/Versions/A/Frameworks/HIToolbox.framework/Versions/A/HIToolbox
0x0000000001e67000 	/System/Library/Frameworks/QuartzCore.framework/Versions/A/QuartzCore
0x0000000001e67000 	/System/Library/Frameworks/Carbon.framework/Versions/A/Frameworks/SpeechRecognition.framework/Versions/A/SpeechRecognition
0x0000000001e67000 	/usr/lib/libauto.dylib
0x0000000001e67000 	/usr/lib/libicucore.A.dylib
0x0000000001e67000 	/usr/lib/libxml2.2.dylib
0x0000000001e67000 	/System/Library/PrivateFrameworks/CoreUI.framework/Versions/A/CoreUI
0x0000000001e67000 	/System/Library/Frameworks/CoreAudio.framework/Versions/A/CoreAudio
0x0000000001e67000 	/System/Library/Frameworks/DiskArbitration.framework/Versions/A/DiskArbitration
0x0000000001e67000 	/usr/lib/liblangid.dylib
0x0000000001e67000 	/System/Library/PrivateFrameworks/MultitouchSupport.framework/Versions/A/MultitouchSupport
0x0000000001e67000 	/System/Library/Frameworks/IOKit.framework/Versions/A/IOKit
0x0000000001e67000 	/usr/lib/libDiagnosticMessagesClient.dylib
0x0000000001e67000 	/System/Library/Frameworks/CoreServices.framework/Versions/A/CoreServices
0x0000000001e67000 	/System/Library/PrivateFrameworks/PerformanceAnalysis.framework/Versions/A/PerformanceAnalysis
0x0000000001e67000 	/System/Library/PrivateFrameworks/GenerationalStorage.framework/Versions/A/GenerationalStorage
0x0000000001e67000 	/System/Library/Frameworks/OpenGL.framework/Versions/A/OpenGL
0x0000000001e67000 	/System/Library/PrivateFrameworks/Sharing.framework/Versions/A/Sharing
0x0000000001e67000 	/System/Library/Frameworks/CoreGraphics.framework/Versions/A/CoreGraphics
0x0000000001e67000 	/System/Library/Frameworks/CoreImage.framework/Versions/A/CoreImage
0x0000000001e67000 	/System/Library/Frameworks/CoreText.framework/Versions/A/CoreText
0x0000000001e67000 	/System/Library/Frameworks/ImageIO.framework/Versions/A/ImageIO
0x0000000001e67000 	/System/Library/PrivateFrameworks/Backup.framework/Versions/A/Backup
0x0000000001e67000 	/usr/lib/libextension.dylib
0x0000000001e67000 	/usr/lib/libarchive.2.dylib
0x0000000001e67000 	/System/Library/Frameworks/CFNetwork.framework/Versions/A/CFNetwork
0x0000000001e67000 	/System/Library/Frameworks/SystemConfiguration.framework/Versions/A/SystemConfiguration
0x0000000001e67000 	/usr/lib/libCRFSuite.dylib
0x0000000001e67000 	/usr/lib/libc++.1.dylib
0x0000000001e67000 	/usr/lib/libc++abi.dylib
0x0000000001e67000 	/usr/lib/system/libcache.dylib
0x0000000001e67000 	/usr/lib/system/libcommonCrypto.dylib
0x0000000001e67000 	/usr/lib/system/libcompiler_rt.dylib
0x0000000001e67000 	/usr/lib/system/libcopyfile.dylib
0x0000000001e67000 	/usr/lib/system/libcorecrypto.dylib
0x0000000001e67000 	/usr/lib/system/libdispatch.dylib
0x0000000001e67000 	/usr/lib/system/libdyld.dylib
0x0000000001e67000 	/usr/lib/system/libkeymgr.dylib
0x0000000001e67000 	/usr/lib/system/liblaunch.dylib
0x0000000001e67000 	/usr/lib/system/libmacho.dylib
0x0000000001e67000 	/usr/lib/system/libquarantine.dylib
0x0000000001e67000 	/usr/lib/system/libremovefile.dylib
0x0000000001e67000 	/usr/lib/system/libsystem_asl.dylib
0x0000000001e67000 	/usr/lib/system/libsystem_blocks.dylib
0x0000000001e67000 	/usr/lib/system/libsystem_c.dylib
0x0000000001e67000 	/usr/lib/system/libsystem_configuration.dylib
0x0000000001e67000 	/usr/lib/system/libsystem_coreservices.dylib
0x0000000001e67000 	/usr/lib/system/libsystem_coretls.dylib
0x0000000001e67000 	/usr/lib/system/libsystem_dnssd.dylib
0x0000000001e67000 	/usr/lib/system/libsystem_info.dylib
0x0000000001e67000 	/usr/lib/system/libsystem_kernel.dylib
0x0000000001e67000 	/usr/lib/system/libsystem_m.dylib
0x0000000001e67000 	/usr/lib/system/libsystem_malloc.dylib
0x0000000001e67000 	/usr/lib/system/libsystem_network.dylib
0x0000000001e67000 	/usr/lib/system/libsystem_networkextension.dylib
0x0000000001e67000 	/usr/lib/system/libsystem_notify.dylib
0x0000000001e67000 	/usr/lib/system/libsystem_platform.dylib
0x0000000001e67000 	/usr/lib/system/libsystem_pthread.dylib
0x0000000001e67000 	/usr/lib/system/libsystem_sandbox.dylib
0x0000000001e67000 	/usr/lib/system/libsystem_secinit.dylib
0x0000000001e67000 	/usr/lib/system/libsystem_trace.dylib
0x0000000001e67000 	/usr/lib/system/libunc.dylib
0x0000000001e67000 	/usr/lib/system/libunwind.dylib
0x0000000001e67000 	/usr/lib/system/libxpc.dylib
0x0000000001e67000 	/usr/lib/libenergytrace.dylib
0x0000000001e67000 	/usr/lib/libbsm.0.dylib
0x0000000001e67000 	/usr/lib/system/libkxld.dylib
0x0000000001e67000 	/usr/lib/libxar.1.dylib
0x0000000001e67000 	/usr/lib/libsqlite3.dylib
0x0000000001e67000 	/usr/lib/libpam.2.dylib
0x0000000001e67000 	/usr/lib/libOpenScriptingUtil.dylib
0x0000000001e67000 	/usr/lib/libbz2.1.0.dylib
0x0000000001e67000 	/usr/lib/liblzma.5.dylib
0x0000000001e67000 	/System/Library/Frameworks/CoreServices.framework/Versions/A/Frameworks/FSEvents.framework/Versions/A/FSEvents
0x0000000001e67000 	/System/Library/Frameworks/CoreServices.framework/Versions/A/Frameworks/CarbonCore.framework/Versions/A/CarbonCore
0x0000000001e67000 	/System/Library/Frameworks/CoreServices.framework/Versions/A/Frameworks/Metadata.framework/Versions/A/Metadata
0x0000000001e67000 	/System/Library/Frameworks/CoreServices.framework/Versions/A/Frameworks/OSServices.framework/Versions/A/OSServices
0x0000000001e67000 	/System/Library/Frameworks/CoreServices.framework/Versions/A/Frameworks/SearchKit.framework/Versions/A/SearchKit
0x0000000001e67000 	/System/Library/Frameworks/CoreServices.framework/Versions/A/Frameworks/AE.framework/Versions/A/AE
0x0000000001e67000 	/System/Library/Frameworks/CoreServices.framework/Versions/A/Frameworks/LaunchServices.framework/Versions/A/LaunchServices
0x0000000001e67000 	/System/Library/Frameworks/CoreServices.framework/Versions/A/Frameworks/DictionaryServices.framework/Versions/A/DictionaryServices
0x0000000001e67000 	/System/Library/Frameworks/CoreServices.framework/Versions/A/Frameworks/SharedFileList.framework/Versions/A/SharedFileList
0x0000000001e67000 	/System/Library/Frameworks/NetFS.framework/Versions/A/NetFS
0x0000000001e67000 	/System/Library/PrivateFrameworks/NetAuth.framework/Versions/A/NetAuth
0x0000000001e67000 	/System/Library/PrivateFrameworks/login.framework/Versions/A/Frameworks/loginsupport.framework/Versions/A/loginsupport
0x0000000001e67000 	/System/Library/PrivateFrameworks/TCC.framework/Versions/A/TCC
0x0000000001e67000 	/usr/lib/libmecabra.dylib
0x0000000001e67000 	/System/Library/Frameworks/ApplicationServices.framework/Versions/A/Frameworks/ATS.framework/Versions/A/ATS
0x0000000001e67000 	/System/Library/Frameworks/ApplicationServices.framework/Versions/A/Frameworks/ColorSync.framework/Versions/A/ColorSync
0x0000000001e67000 	/System/Library/Frameworks/ApplicationServices.framework/Versions/A/Frameworks/HIServices.framework/Versions/A/HIServices
0x0000000001e67000 	/System/Library/Frameworks/ApplicationServices.framework/Versions/A/Frameworks/LangAnalysis.framework/Versions/A/LangAnalysis
0x0000000001e67000 	/System/Library/Frameworks/ApplicationServices.framework/Versions/A/Frameworks/PrintCore.framework/Versions/A/PrintCore
0x0000000001e67000 	/System/Library/Frameworks/ApplicationServices.framework/Versions/A/Frameworks/QD.framework/Versions/A/QD
0x0000000001e67000 	/System/Library/Frameworks/ApplicationServices.framework/Versions/A/Frameworks/SpeechSynthesis.framework/Versions/A/SpeechSynthesis
0x0000000001e67000 	/System/Library/Frameworks/Metal.framework/Versions/A/Metal
0x0000000001e67000 	/System/Library/Frameworks/Accelerate.framework/Versions/A/Frameworks/vImage.framework/Versions/A/vImage
0x0000000001e67000 	/System/Library/Frameworks/Accelerate.framework/Versions/A/Frameworks/vecLib.framework/Versions/A/vecLib
0x0000000001e67000 	/System/Library/Frameworks/Accelerate.framework/Versions/A/Frameworks/vecLib.framework/Versions/A/libvDSP.dylib
0x0000000001e67000 	/System/Library/Frameworks/Accelerate.framework/Versions/A/Frameworks/vecLib.framework/Versions/A/libvMisc.dylib
0x0000000001e67000 	/System/Library/Frameworks/Accelerate.framework/Versions/A/Frameworks/vecLib.framework/Versions/A/libLAPACK.dylib
0x0000000001e67000 	/System/Library/Frameworks/Accelerate.framework/Versions/A/Frameworks/vecLib.framework/Versions/A/libBLAS.dylib
0x0000000001e67000 	/System/Library/Frameworks/Accelerate.framework/Versions/A/Frameworks/vecLib.framework/Versions/A/libLinearAlgebra.dylib
0x0000000001e67000 	/System/Library/Frameworks/Accelerate.framework/Versions/A/Frameworks/vecLib.framework/Versions/A/libSparseBLAS.dylib
0x0000000001e67000 	/System/Library/PrivateFrameworks/GPUCompiler.framework/libmetal_timestamp.dylib
0x0000000001e67000 	/System/Library/Frameworks/OpenGL.framework/Versions/A/Libraries/libCoreFSCache.dylib
0x0000000001e67000 	/System/Library/PrivateFrameworks/IOAccelerator.framework/Versions/A/IOAccelerator
0x0000000001e67000 	/System/Library/Frameworks/ApplicationServices.framework/Versions/A/Frameworks/ATS.framework/Versions/A/Resources/libFontParser.dylib
0x0000000001e67000 	/System/Library/Frameworks/ApplicationServices.framework/Versions/A/Frameworks/ATS.framework/Versions/A/Resources/libFontRegistry.dylib
0x0000000001e67000 	/System/Library/PrivateFrameworks/AppleVPA.framework/Versions/A/AppleVPA
0x0000000001e67000 	/System/Library/PrivateFrameworks/AppleJPEG.framework/Versions/A/AppleJPEG
0x0000000001e67000 	/System/Library/Frameworks/ImageIO.framework/Versions/A/Resources/libJPEG.dylib
0x0000000001e67000 	/System/Library/Frameworks/ImageIO.framework/Versions/A/Resources/libTIFF.dylib
0x0000000001e67000 	/System/Library/Frameworks/ImageIO.framework/Versions/A/Resources/libPng.dylib
0x0000000001e67000 	/System/Library/Frameworks/ImageIO.framework/Versions/A/Resources/libGIF.dylib
0x0000000001e67000 	/System/Library/Frameworks/ImageIO.framework/Versions/A/Resources/libJP2.dylib
0x0000000001e67000 	/System/Library/Frameworks/ImageIO.framework/Versions/A/Resources/libRadiance.dylib
0x0000000001e67000 	/System/Library/Frameworks/CoreVideo.framework/Versions/A/CoreVideo
0x0000000001e67000 	/System/Library/Frameworks/OpenGL.framework/Versions/A/Libraries/libGLU.dylib
0x0000000001e67000 	/System/Library/Frameworks/OpenGL.framework/Versions/A/Libraries/libGFXShared.dylib
0x0000000001e67000 	/System/Library/Frameworks/OpenGL.framework/Versions/A/Libraries/libGL.dylib
0x0000000001e67000 	/System/Library/Frameworks/OpenGL.framework/Versions/A/Libraries/libGLImage.dylib
0x0000000001e67000 	/System/Library/Frameworks/OpenGL.framework/Versions/A/Libraries/libCVMSPluginSupport.dylib
0x0000000001e67000 	/System/Library/Frameworks/OpenGL.framework/Versions/A/Libraries/libCoreVMClient.dylib
0x0000000001e67000 	/usr/lib/libcups.2.dylib
0x0000000001e67000 	/System/Library/Frameworks/Kerberos.framework/Versions/A/Kerberos
0x0000000001e67000 	/System/Library/Frameworks/GSS.framework/Versions/A/GSS
0x0000000001e67000 	/usr/lib/libresolv.9.dylib
0x0000000001e67000 	/usr/lib/libiconv.2.dylib
0x0000000001e67000 	/System/Library/PrivateFrameworks/Heimdal.framework/Versions/A/Heimdal
0x0000000001e67000 	/usr/lib/libheimdal-asn1.dylib
0x0000000001e67000 	/System/Library/Frameworks/OpenDirectory.framework/Versions/A/OpenDirectory
0x0000000001e67000 	/System/Library/PrivateFrameworks/CommonAuth.framework/Versions/A/CommonAuth
0x0000000001e67000 	/System/Library/Frameworks/OpenDirectory.framework/Versions/A/Frameworks/CFOpenDirectory.framework/Versions/A/CFOpenDirectory
0x0000000001e67000 	/System/Library/Frameworks/SecurityFoundation.framework/Versions/A/SecurityFoundation
0x0000000001e67000 	/System/Library/PrivateFrameworks/LanguageModeling.framework/Versions/A/LanguageModeling
0x0000000001e67000 	/usr/lib/libmarisa.dylib
0x0000000001e67000 	/usr/lib/libChineseTokenizer.dylib
0x0000000001e67000 	/usr/lib/libcmph.dylib
0x0000000001e67000 	/usr/lib/libcompression.dylib
0x0000000001e67000 	/System/Library/Frameworks/ServiceManagement.framework/Versions/A/ServiceManagement
0x0000000001e67000 	/usr/lib/libxslt.1.dylib
0x0000000001e67000 	/System/Library/Frameworks/Carbon.framework/Versions/A/Frameworks/Ink.framework/Versions/A/Ink
0x0000000001e67000 	/usr/lib/libFosl_dynamic.dylib
0x0000000001e67000 	/System/Library/PrivateFrameworks/FaceCore.framework/Versions/A/FaceCore
0x0000000001e67000 	/System/Library/Frameworks/OpenCL.framework/Versions/A/OpenCL
0x0000000001e67000 	/System/Library/PrivateFrameworks/CrashReporterSupport.framework/Versions/A/CrashReporterSupport
0x0000000001e67000 	/System/Library/PrivateFrameworks/IconServices.framework/Versions/A/IconServices
0x0000000001e67000 	/System/Library/PrivateFrameworks/Apple80211.framework/Versions/A/Apple80211
0x0000000001e67000 	/System/Library/Frameworks/CoreWLAN.framework/Versions/A/CoreWLAN
0x0000000001e67000 	/System/Library/Frameworks/IOBluetooth.framework/Versions/A/IOBluetooth
0x0000000001e67000 	/System/Library/PrivateFrameworks/CoreWiFi.framework/Versions/A/CoreWiFi
0x0000000001e67000 	/System/Library/Frameworks/CoreBluetooth.framework/Versions/A/CoreBluetooth
0x0000000001e67000 	/System/Library/PrivateFrameworks/ChunkingLibrary.framework/Versions/A/ChunkingLibrary
0x0000000001e67000 	/System/Library/PrivateFrameworks/DebugSymbols.framework/Versions/A/DebugSymbols
0x0000000001e67000 	/System/Library/PrivateFrameworks/CoreSymbolication.framework/Versions/A/CoreSymbolication
0x0000000001e67000 	/System/Library/PrivateFrameworks/Symbolication.framework/Versions/A/Symbolication
0x0000000001e67000 	/System/Library/PrivateFrameworks/SpeechRecognitionCore.framework/Versions/A/SpeechRecognitionCore
0x0000000104fa9000 	/Library/Java/JavaVirtualMachines/jdk1.8.0_65.jdk/Contents/Home/jre/lib/server/libjvm.dylib
0x0000000001e67000 	/usr/lib/libstdc++.6.dylib
0x0000000105f36000 	/Library/Java/JavaVirtualMachines/jdk1.8.0_65.jdk/Contents/Home/jre/lib/libverify.dylib
0x0000000105f44000 	/Library/Java/JavaVirtualMachines/jdk1.8.0_65.jdk/Contents/Home/jre/lib/libjava.dylib
0x0000000105f83000 	/Library/Java/JavaVirtualMachines/jdk1.8.0_65.jdk/Contents/Home/jre/lib/libzip.dylib
0x0000000122045000 	/System/Library/Frameworks/JavaVM.framework/Frameworks/JavaRuntimeSupport.framework/JavaRuntimeSupport
0x0000000122060000 	/System/Library/Frameworks/JavaVM.framework/Versions/A/Frameworks/JavaNativeFoundation.framework/Versions/A/JavaNativeFoundation
0x0000000122075000 	/System/Library/Frameworks/JavaVM.framework/Versions/A/JavaVM
0x0000000001e67000 	/System/Library/Frameworks/Carbon.framework/Versions/A/Carbon
0x0000000122082000 	/System/Library/PrivateFrameworks/JavaLaunching.framework/Versions/A/JavaLaunching
0x0000000001e67000 	/System/Library/Frameworks/Carbon.framework/Versions/A/Frameworks/CommonPanels.framework/Versions/A/CommonPanels
0x0000000001e67000 	/System/Library/Frameworks/Carbon.framework/Versions/A/Frameworks/Help.framework/Versions/A/Help
0x0000000001e67000 	/System/Library/Frameworks/Carbon.framework/Versions/A/Frameworks/ImageCapture.framework/Versions/A/ImageCapture
0x0000000001e67000 	/System/Library/Frameworks/Carbon.framework/Versions/A/Frameworks/OpenScripting.framework/Versions/A/OpenScripting
0x0000000001e67000 	/System/Library/Frameworks/Carbon.framework/Versions/A/Frameworks/Print.framework/Versions/A/Print
0x0000000001e67000 	/System/Library/Frameworks/Carbon.framework/Versions/A/Frameworks/SecurityHI.framework/Versions/A/SecurityHI
0x00000001239dc000 	/Library/Java/JavaVirtualMachines/jdk1.8.0_65.jdk/Contents/Home/jre/lib/libawt.dylib
0x0000000123a84000 	/Library/Java/JavaVirtualMachines/jdk1.8.0_65.jdk/Contents/Home/jre/lib/./libmlib_image.dylib
0x0000000123b50000 	/Library/Java/JavaVirtualMachines/jdk1.8.0_65.jdk/Contents/Home/jre/lib/libawt_lwawt.dylib
0x0000000123c05000 	/Library/Java/JavaVirtualMachines/jdk1.8.0_65.jdk/Contents/Home/jre/lib/./libosxapp.dylib
0x0000000001e67000 	/System/Library/Frameworks/ExceptionHandling.framework/Versions/A/ExceptionHandling
0x0000000001e67000 	/System/Library/PrivateFrameworks/CoreServicesInternal.framework/Versions/A/CoreServicesInternal
0x0000000001e67000 	/System/Library/Frameworks/CoreGraphics.framework/Versions/A/Resources/libRIP.A.dylib
0x0000000001e67000 	/System/Library/Frameworks/Accelerate.framework/Versions/A/Frameworks/vImage.framework/Versions/A/Libraries/libCGInterfaces.dylib
0x0000000001e67000 	/System/Library/Frameworks/CoreGraphics.framework/Versions/A/Resources/libCGXType.A.dylib
0x0000000001e67000 	/System/Library/Frameworks/OpenCL.framework/Versions/A/Libraries/libcldcpuengine.dylib
0x0000000001e67000 	/System/Library/PrivateFrameworks/DiskImages.framework/Versions/A/DiskImages
0x0000000001e67000 	/System/Library/Frameworks/DiscRecording.framework/Versions/A/DiscRecording
0x0000000001e67000 	/usr/lib/libcsfde.dylib
0x0000000001e67000 	/usr/lib/libcurl.4.dylib
0x0000000001e67000 	/System/Library/PrivateFrameworks/MediaKit.framework/Versions/A/MediaKit
0x0000000001e67000 	/System/Library/PrivateFrameworks/ProtectedCloudStorage.framework/Versions/A/ProtectedCloudStorage
0x0000000001e67000 	/usr/lib/libCoreStorage.dylib
0x0000000001e67000 	/System/Library/PrivateFrameworks/EFILogin.framework/Versions/A/EFILogin
0x0000000001e67000 	/usr/lib/libutil.dylib
0x0000000001e67000 	/System/Library/PrivateFrameworks/FindMyDevice.framework/Versions/A/FindMyDevice
0x0000000001e67000 	/System/Library/Frameworks/LDAP.framework/Versions/A/LDAP
0x0000000001e67000 	/usr/lib/libsasl2.2.dylib
0x0000000001e67000 	/System/Library/PrivateFrameworks/CoreDaemon.framework/Versions/B/CoreDaemon
0x0000000001e67000 	/usr/lib/libcrypto.0.9.8.dylib
0x0000000001e67000 	/System/Library/PrivateFrameworks/AppleSRP.framework/Versions/A/AppleSRP
0x0000000001e67000 	/System/Library/PrivateFrameworks/TrustEvaluationAgent.framework/Versions/A/TrustEvaluationAgent
0x0000000125856000 	cl_kernels
0x0000000001e67000 	/System/Library/Frameworks/OpenCL.framework/Versions/A/Libraries/ImageFormats/unorm8_bgra.dylib
0x0000000001e67000 	/System/Library/Frameworks/OpenCL.framework/Versions/A/Libraries/ImageFormats/unorm8_rgba.dylib
0x0000000001e67000 	/System/Library/PrivateFrameworks/FamilyControls.framework/Versions/A/FamilyControls
0x0000000001e67000 	/System/Library/PrivateFrameworks/CommerceKit.framework/Versions/A/Frameworks/CommerceCore.framework/Versions/A/CommerceCore
0x0000000001e67000 	/System/Library/PrivateFrameworks/SystemAdministration.framework/Versions/A/SystemAdministration
0x0000000001e67000 	/System/Library/PrivateFrameworks/AppContainer.framework/Versions/A/AppContainer
0x0000000001e67000 	/System/Library/PrivateFrameworks/SecCodeWrapper.framework/Versions/A/SecCodeWrapper
0x0000000001e67000 	/System/Library/Frameworks/DirectoryService.framework/Versions/A/DirectoryService
0x0000000001e67000 	/System/Library/PrivateFrameworks/LoginUIKit.framework/Versions/A/Frameworks/LoginUICore.framework/Versions/A/LoginUICore
0x0000000001e67000 	/usr/lib/libodfde.dylib
0x0000000001e67000 	/System/Library/Frameworks/OpenGL.framework/Versions/A/Resources/GLEngine.bundle/GLEngine
0x0000000001e67000 	/System/Library/Frameworks/OpenGL.framework/Versions/A/Libraries/libGLProgrammability.dylib
0x000000012696f000 	/System/Library/Extensions/AppleIntelHD5000GraphicsGLDriver.bundle/Contents/MacOS/AppleIntelHD5000GraphicsGLDriver
0x0000000001e67000 	/System/Library/PrivateFrameworks/GPUSupport.framework/Versions/A/Libraries/libGPUSupportMercury.dylib
0x0000000001e67000 	/System/Library/Frameworks/OpenGL.framework/Versions/A/Resources/GLRendererFloat.bundle/GLRendererFloat
0x000000012798d000 	/Library/Java/JavaVirtualMachines/jdk1.8.0_65.jdk/Contents/Home/jre/lib/libfontmanager.dylib
0x0000000128e37000 	/Library/Java/JavaVirtualMachines/jdk1.8.0_65.jdk/Contents/Home/jre/lib/libosxui.dylib
0x0000000129c2b000 	/Library/Java/JavaVirtualMachines/jdk1.8.0_65.jdk/Contents/Home/jre/lib/libnet.dylib
0x0000000129a41000 	/Library/Java/JavaVirtualMachines/jdk1.8.0_65.jdk/Contents/Home/jre/lib/libnio.dylib
0x0000000001e67000 	/System/Library/Frameworks/ApplicationServices.framework/Versions/A/Frameworks/ATS.framework/Versions/A/Resources/libTrueTypeScaler.dylib
0x000000017a8f4000 	/System/Library/Extensions/AppleIntelHD5000GraphicsMTLDriver.bundle/Contents/MacOS/AppleIntelHD5000GraphicsMTLDriver
0x000000017a841000 	/private/var/folders/4x/fmk2m66x61b3x5qnjlmt61jw0000gp/T/jogamp_0000/file_cache/jln806813798761984350/jln4815794454185236231/libgluegen-rt.jnilib
0x000000012b98c000 	/private/var/folders/4x/fmk2m66x61b3x5qnjlmt61jw0000gp/T/jogamp_0000/file_cache/jln806813798761984350/jln4815794454185236231/libnativewindow_awt.jnilib
0x000000017a845000 	/Library/Java/JavaVirtualMachines/jdk1.8.0_65.jdk/Contents/Home/jre/lib/libjawt.dylib
0x000000017a848000 	/private/var/folders/4x/fmk2m66x61b3x5qnjlmt61jw0000gp/T/jogamp_0000/file_cache/jln806813798761984350/jln4815794454185236231/libnativewindow_macosx.jnilib
0x000000017f866000 	/private/var/folders/4x/fmk2m66x61b3x5qnjlmt61jw0000gp/T/jogamp_0000/file_cache/jln806813798761984350/jln4815794454185236231/libjogl_desktop.jnilib

VM Arguments:
jvm_args: -Djava.security.policy=java.policy.applet -Dfile.encoding=UTF-8 
java_command: sun.applet.AppletViewer module3.EarthquakeCityMap1450722650148.html
java_class_path (initial): /Users/b10LOUIT/Documents/eclipse-workspace/UCSDUnfoldingMaps/build:/Users/b10LOUIT/Documents/eclipse-workspace/UCSDUnfoldingMaps/lib/core.jar:/Users/b10LOUIT/Documents/eclipse-workspace/UCSDUnfoldingMaps/lib/gluegen-rt.jar:/Users/b10LOUIT/Documents/eclipse-workspace/UCSDUnfoldingMaps/lib/jogl-all.jar:/Users/b10LOUIT/Documents/eclipse-workspace/UCSDUnfoldingMaps/lib/log4j-1.2.15.jar:/Users/b10LOUIT/Documents/eclipse-workspace/UCSDUnfoldingMaps/lib/sqlite-jdbc-3.7.2.jar:/Users/b10LOUIT/Documents/eclipse-workspace/UCSDUnfoldingMaps/lib/json4processing.jar:/Users/b10LOUIT/Documents/eclipse-workspace/UCSDUnfoldingMaps/lib/libTUIO.jar:/Users/b10LOUIT/Documents/eclipse-workspace/UCSDUnfoldingMaps/lib/unfolding.0.9.7-uscd.jar
Launcher Type: SUN_STANDARD

Environment Variables:
PATH=/usr/bin:/bin:/usr/sbin:/sbin
SHELL=/bin/bash
DISPLAY=/private/tmp/com.apple.launchd.kPpRyWf06G/org.macosforge.xquartz:0

Signal Handlers:
SIGSEGV: [libjvm.dylib+0x5a6d31], sa_mask[0]=11111111011111110111111111111111, sa_flags=SA_ONSTACK|SA_RESTART|SA_SIGINFO
SIGBUS: [libjvm.dylib+0x5a6d31], sa_mask[0]=11111111011111110111111111111111, sa_flags=SA_RESTART|SA_SIGINFO
SIGFPE: [libjvm.dylib+0x480a40], sa_mask[0]=11111111011111110111111111111111, sa_flags=SA_RESTART|SA_SIGINFO
SIGPIPE: [libjvm.dylib+0x480a40], sa_mask[0]=11111111011111110111111111111111, sa_flags=SA_RESTART|SA_SIGINFO
SIGXFSZ: [libjvm.dylib+0x480a40], sa_mask[0]=11111111011111110111111111111111, sa_flags=SA_RESTART|SA_SIGINFO
SIGILL: [libjvm.dylib+0x480a40], sa_mask[0]=11111111011111110111111111111111, sa_flags=SA_RESTART|SA_SIGINFO
SIGUSR1: SIG_DFL, sa_mask[0]=00000000000000000000000000000000, sa_flags=none
SIGUSR2: [libjvm.dylib+0x48055e], sa_mask[0]=00100000000000000000000000000000, sa_flags=SA_RESTART|SA_SIGINFO
SIGHUP: [libjvm.dylib+0x47eb35], sa_mask[0]=11111111011111110111111111111111, sa_flags=SA_RESTART|SA_SIGINFO
SIGINT: [libjvm.dylib+0x47eb35], sa_mask[0]=11111111011111110111111111111111, sa_flags=SA_RESTART|SA_SIGINFO
SIGTERM: [libjvm.dylib+0x47eb35], sa_mask[0]=11111111011111110111111111111111, sa_flags=SA_RESTART|SA_SIGINFO
SIGQUIT: [libjvm.dylib+0x47eb35], sa_mask[0]=11111111011111110111111111111111, sa_flags=SA_RESTART|SA_SIGINFO


---------------  S Y S T E M  ---------------

OS:Bsduname:Darwin 15.0.0 Darwin Kernel Version 15.0.0: Sat Sep 19 15:53:46 PDT 2015; root:xnu-3247.10.11~1/RELEASE_X86_64 x86_64
rlimit: STACK 8192k, CORE 0k, NPROC 709, NOFILE 10240, AS infinity
load average:2.35 2.02 1.88

CPU:total 8 (4 cores per cpu, 2 threads per core) family 6 model 70 stepping 1, cmov, cx8, fxsr, mmx, sse, sse2, sse3, ssse3, sse4.1, sse4.2, popcnt, avx, avx2, aes, clmul, erms, rtm, lzcnt, ht, tsc, tscinvbit, bmi1, bmi2

Memory: 4k page, physical 16777216k(51280k free)

/proc/meminfo:


vm_info: Java HotSpot(TM) 64-Bit Server VM (25.65-b01) for bsd-amd64 JRE (1.8.0_65-b17), built on Oct  6 2015 15:36:46 by "java_re" with gcc 4.2.1 (Based on Apple Inc. build 5658) (LLVM build 2336.11.00)

time: Mon Dec 21 20:16:50 2015
elapsed time: 2084 seconds (0d 0h 34m 44s)

