#
# A fatal error has been detected by the Java Runtime Environment:
#
#  SIGSEGV (0xb) at pc=0x00007fff87878bdb, pid=4499, tid=2571
#
# JRE version: Java(TM) SE Runtime Environment (8.0_65-b17) (build 1.8.0_65-b17)
# Java VM: Java HotSpot(TM) 64-Bit Server VM (25.65-b01 mixed mode bsd-amd64 compressed oops)
# Problematic frame:
# C  [libobjc.A.dylib+0x4bdb]  realizeClass(objc_class*)+0x29
#
# Failed to write core dump. Core dumps have been disabled. To enable core dumping, try "ulimit -c unlimited" before starting Java again
#
# If you would like to submit a bug report, please visit:
#   http://bugreport.java.com/bugreport/crash.jsp
# The crash happened outside the Java Virtual Machine in native code.
# See problematic frame for where to report the bug.
#

---------------  T H R E A D  ---------------

Current thread (0x00007ffb3c872000):  JavaThread "AWT-AppKit" daemon [_thread_in_native, id=2571, stack(0x00007fff5de2b000,0x00007fff5e62b000)]

siginfo: si_signo: 11 (SIGSEGV), si_code: 1 (SEGV_MAPERR), si_addr: 0x00000000000007e8

Registers:
RAX=0x0000000000000000, RBX=0x00007fff73e18c58, RCX=0x0000000000000000, RDX=0x00007fff73e18c58
RSP=0x00007fff5e6261f0, RBP=0x00007fff5e626270, RSI=0x00000000b3e98c08, RDI=0x00000000000007c8
R8 =0x0000000080000000, R9 =0x0000000000000001, R10=0x00007fff8b050c51, R11=0x00007fff73d2d750
R12=0x0000000000000000, R13=0x00000000000007c8, R14=0x00007fff73e18c30, R15=0x00007ffffffffff8
RIP=0x00007fff87878bdb, EFLAGS=0x0000000000010202, ERR=0x0000000000000004
  TRAPNO=0x000000000000000e

Top of Stack: (sp=0x00007fff5e6261f0)
0x00007fff5e6261f0:   00007fff5e626487 0000000602e8714b
0x00007fff5e626200:   000000010000000b 00000001770a5070
0x00007fff5e626210:   00000001032c7730 0000005000000000
0x00007fff5e626220:   0000000000000050 0000000000000000
0x00007fff5e626230:   0000000000000000 00007ffb3e800370
0x00007fff5e626240:   0000000000000050 00007fff73e18c58
0x00007fff5e626250:   0000000000000000 00007fff73d2d750
0x00007fff5e626260:   00007fff73e18c30 00007ffffffffff8
0x00007fff5e626270:   00007fff5e626300 00007fff87878cba
0x00007fff5e626280:   00007fff734202dc 00007fff734202e0
0x00007fff5e626290:   000000005e6262a0 00007fff8ac930b9
0x00007fff5e6262a0:   00007fff734202dc 00007fff734202e0
0x00007fff5e6262b0:   00007fff734202d8 00007fff734202c0
0x00007fff5e6262c0:   00007fff8c9f9d0e 000000017c6c3140
0x00007fff5e6262d0:   0000000000000001 00007fff73d2d750
0x00007fff5e6262e0:   00007fff8c9f9d0e 000000017c6c3140
0x00007fff5e6262f0:   0000000000000001 00007ffffffffff8
0x00007fff5e626300:   00007fff5e626360 00007fff8787bbff
0x00007fff5e626310:   0000000000000003 000000017c6c3140
0x00007fff5e626320:   00007fff5e626570 00007ffb42edb910
0x00007fff5e626330:   000000015e626350 00000001770a7450
0x00007fff5e626340:   0000000000000000 000000017c6c3140
0x00007fff5e626350:   00000001770a7440 00007ffb3c872000
0x00007fff5e626360:   00007fff5e626430 00007fff8787ae11
0x00007fff5e626370:   0000000000000810 0000000000000000
0x00007fff5e626380:   0000000120fa1560 0000000120fa1060
0x00007fff5e626390:   00007fff8c9f9d0e 00007ffb42edb910
0x00007fff5e6263a0:   00007ffb42dbb0a0 00007fff5e62642f
0x00007fff5e6263b0:   0000000000000000 0000000000000000
0x00007fff5e6263c0:   ffffffffffffffff 0000000000ffffff
0x00007fff5e6263d0:   0000000000000000 0000000000000000
0x00007fff5e6263e0:   6f63616d5f747761 534f63614d5f7873 

Instructions: (pc=0x00007fff87878bdb)
0x00007fff87878bbb:   55 41 54 53 48 83 ec 58 49 89 fd 31 c0 4d 85 ed
0x00007fff87878bcb:   0f 84 68 07 00 00 49 bf f8 ff ff ff ff 7f 00 00
0x00007fff87878bdb:   4d 8b 75 20 4c 89 f3 4c 21 fb 8b 3b 85 ff 78 3d
0x00007fff87878beb:   f7 c7 00 00 00 40 75 3d bf 40 00 00 00 be 01 00 

Register to memory mapping:

RAX=0x0000000000000000 is an unknown value
RBX=0x00007fff73e18c58: __CFConstantStringClassReference+0 in /System/Library/Frameworks/CoreFoundation.framework/Versions/A/CoreFoundation at 0x00007fff8abe7000
RCX=0x0000000000000000 is an unknown value
RDX=0x00007fff73e18c58: __CFConstantStringClassReference+0 in /System/Library/Frameworks/CoreFoundation.framework/Versions/A/CoreFoundation at 0x00007fff8abe7000
RSP=0x00007fff5e6261f0 is pointing into the stack for thread: 0x00007ffb3c872000
RBP=0x00007fff5e626270 is pointing into the stack for thread: 0x00007ffb3c872000
RSI=0x00000000b3e98c08 is an unknown value
RDI=0x00000000000007c8 is an unknown value
R8 =0x0000000080000000 is an unknown value
R9 =0x0000000000000001 is an unknown value
R10=0x00007fff8b050c51: GCC_except_table72+0xc5 in /System/Library/Frameworks/CoreFoundation.framework/Versions/A/CoreFoundation at 0x00007fff8abe7000
R11=0x00007fff73d2d750: __block_literal_global67+0x48c0 in /System/Library/Frameworks/CoreFoundation.framework/Versions/A/CoreFoundation at 0x00007fff8abe7000
R12=0x0000000000000000 is an unknown value
R13=0x00000000000007c8 is an unknown value
R14=0x00007fff73e18c30: OBJC_CLASS_$___NSCFString+0 in /System/Library/Frameworks/CoreFoundation.framework/Versions/A/CoreFoundation at 0x00007fff8abe7000
R15=0x00007ffffffffff8 is an unknown value


Stack: [0x00007fff5de2b000,0x00007fff5e62b000],  sp=0x00007fff5e6261f0,  free space=8172k
Native frames: (J=compiled Java code, j=interpreted, Vv=VM code, C=native code)
C  [libobjc.A.dylib+0x4bdb]  realizeClass(objc_class*)+0x29
C  [libobjc.A.dylib+0x4cba]  realizeClass(objc_class*)+0x108
C  [libobjc.A.dylib+0x7bff]  lookUpImpOrForward+0x68
C  [libobjc.A.dylib+0x6e11]  objc_msgSend+0xd1
C  [libnativewindow_macosx.jnilib+0x5157]  Java_jogamp_nativewindow_jawt_macosx_MacOSXJAWTWindow_UnsetJAWTRootSurfaceLayer0+0xe7
j  jogamp.nativewindow.jawt.macosx.MacOSXJAWTWindow.UnsetJAWTRootSurfaceLayer0(JJ)V+0
j  jogamp.nativewindow.jawt.macosx.MacOSXJAWTWindow.access$200(JJ)V+2
j  jogamp.nativewindow.jawt.macosx.MacOSXJAWTWindow$1.run()V+38
j  com.jogamp.common.util.RunnableTask.run()V+24
v  ~StubRoutines::call_stub
V  [libjvm.dylib+0x2eab02]  JavaCalls::call_helper(JavaValue*, methodHandle*, JavaCallArguments*, Thread*)+0x6ae
V  [libjvm.dylib+0x321bab]  jni_invoke_nonstatic(JNIEnv_*, JavaValue*, _jobject*, JNICallType, _jmethodID*, JNI_ArgumentPusher*, Thread*)+0x2ec
V  [libjvm.dylib+0x31437f]  jni_CallVoidMethod+0x16b
C  [libnativewindow_macosx.jnilib+0x5326]  Java_jogamp_nativewindow_jawt_macosx_MacOSXJAWTWindow_UnsetJAWTRootSurfaceLayer0+0x2b6
C  [Foundation+0x7741e]  __NSThreadPerformPerform+0x117
C  [CoreFoundation+0xaa8b1]  __CFRUNLOOP_IS_CALLING_OUT_TO_A_SOURCE0_PERFORM_FUNCTION__+0x11
C  [CoreFoundation+0x8a027]  __CFRunLoopDoSources0+0x1a7
C  [CoreFoundation+0x895cf]  __CFRunLoopRun+0x39f
C  [CoreFoundation+0x88fc8]  CFRunLoopRunSpecific+0x128
C  [HIToolbox+0x30d55]  RunCurrentEventLoopInMode+0xeb
C  [HIToolbox+0x30a97]  ReceiveNextEventCommon+0xb8
C  [HIToolbox+0x309cf]  _BlockUntilNextEventMatchingListInModeWithFilter+0x47
C  [AppKit+0x49d96]  _DPSNextEvent+0x42b
C  [AppKit+0x491c5]  -[NSApplication _nextEventMatchingEventMask:untilDate:inMode:dequeue:]+0x1c6
C  [libosxapp.dylib+0x23aa]  -[NSApplicationAWT nextEventMatchingMask:untilDate:inMode:dequeue:]+0x7c
C  [AppKit+0x3dd28]  -[NSApplication run]+0x2aa
C  [libosxapp.dylib+0x214d]  +[NSApplicationAWT runAWTLoopWithApp:]+0x9c
C  [libawt_lwawt.dylib+0x44517]  -[AWTStarter starter:]+0x389
C  [Foundation+0x7741e]  __NSThreadPerformPerform+0x117
C  [CoreFoundation+0xaa8b1]  __CFRUNLOOP_IS_CALLING_OUT_TO_A_SOURCE0_PERFORM_FUNCTION__+0x11
C  [CoreFoundation+0x8a0ac]  __CFRunLoopDoSources0+0x22c
C  [CoreFoundation+0x895cf]  __CFRunLoopRun+0x39f
C  [CoreFoundation+0x88fc8]  CFRunLoopRunSpecific+0x128
C  [java+0x6463]  CreateExecutionEnvironment+0x367
C  [java+0x21ac]  JLI_Launch+0x7a0
C  [java+0x84c0]  main+0x65
C  [java+0x1a04]  start+0x34
C  0x0000000000000007

Java frames: (J=compiled Java code, j=interpreted, Vv=VM code)
j  jogamp.nativewindow.jawt.macosx.MacOSXJAWTWindow.UnsetJAWTRootSurfaceLayer0(JJ)V+0
j  jogamp.nativewindow.jawt.macosx.MacOSXJAWTWindow.access$200(JJ)V+2
j  jogamp.nativewindow.jawt.macosx.MacOSXJAWTWindow$1.run()V+38
j  com.jogamp.common.util.RunnableTask.run()V+24
v  ~StubRoutines::call_stub

---------------  P R O C E S S  ---------------

Java Threads: ( => current thread )
  0x00007ffb43199800 JavaThread "Thread-19" [_thread_blocked, id=68503, stack(0x0000700001762000,0x0000700001862000)]
  0x00007ffb3d229800 JavaThread "AWT-EventQueue-1" [_thread_in_native, id=63259, stack(0x0000700001f83000,0x0000700002083000)]
  0x00007ffb3d0e5000 JavaThread "DestroyJavaVM" [_thread_blocked, id=5891, stack(0x000070000011a000,0x000070000021a000)]
  0x00007ffb3e201800 JavaThread "AWT-EventQueue-0" [_thread_blocked, id=60423, stack(0x0000700001d7d000,0x0000700001e7d000)]
  0x00007ffb3e1eb000 JavaThread "Java2D Disposer" daemon [_thread_blocked, id=56843, stack(0x0000700001af4000,0x0000700001bf4000)]
  0x00007ffb3c12d000 JavaThread "Java2D Queue Flusher" daemon [_thread_blocked, id=53767, stack(0x00007000019f1000,0x0000700001af1000)]
  0x00007ffb3e153000 JavaThread "AWT-Shutdown" [_thread_blocked, id=31763, stack(0x00007000015dc000,0x00007000016dc000)]
=>0x00007ffb3c872000 JavaThread "AWT-AppKit" daemon [_thread_in_native, id=2571, stack(0x00007fff5de2b000,0x00007fff5e62b000)]
  0x00007ffb3c838000 JavaThread "Service Thread" daemon [_thread_blocked, id=20995, stack(0x00007000012d0000,0x00007000013d0000)]
  0x00007ffb3c042000 JavaThread "C1 CompilerThread3" daemon [_thread_blocked, id=20483, stack(0x00007000011cd000,0x00007000012cd000)]
  0x00007ffb3c061000 JavaThread "C2 CompilerThread2" daemon [_thread_blocked, id=19971, stack(0x00007000010ca000,0x00007000011ca000)]
  0x00007ffb3c81d000 JavaThread "C2 CompilerThread1" daemon [_thread_blocked, id=19459, stack(0x0000700000fc7000,0x00007000010c7000)]
  0x00007ffb3e01b800 JavaThread "C2 CompilerThread0" daemon [_thread_blocked, id=18947, stack(0x0000700000ec4000,0x0000700000fc4000)]
  0x00007ffb3e01a800 JavaThread "Signal Dispatcher" daemon [_thread_blocked, id=14863, stack(0x0000700000dc1000,0x0000700000ec1000)]
  0x00007ffb3c00c800 JavaThread "Finalizer" daemon [_thread_blocked, id=14339, stack(0x0000700000c3b000,0x0000700000d3b000)]
  0x00007ffb3c813000 JavaThread "Reference Handler" daemon [_thread_blocked, id=13827, stack(0x0000700000b38000,0x0000700000c38000)]

Other Threads:
  0x00007ffb3c810800 VMThread [stack: 0x0000700000a35000,0x0000700000b35000] [id=13315]
  0x00007ffb3e00e800 WatcherThread [stack: 0x00007000013d3000,0x00007000014d3000] [id=21507]

VM state:not at safepoint (normal execution)

VM Mutex/Monitor currently owned by a thread: None

Heap:
 PSYoungGen      total 57856K, used 13069K [0x000000076ab00000, 0x000000076fd00000, 0x00000007c0000000)
  eden space 57344K, 22% used [0x000000076ab00000,0x000000076b77b7a0,0x000000076e300000)
  from space 512K, 56% used [0x000000076e400000,0x000000076e448000,0x000000076e480000)
  to   space 13312K, 0% used [0x000000076f000000,0x000000076f000000,0x000000076fd00000)
 ParOldGen       total 87040K, used 15391K [0x00000006c0000000, 0x00000006c5500000, 0x000000076ab00000)
  object space 87040K, 17% used [0x00000006c0000000,0x00000006c0f07c20,0x00000006c5500000)
 Metaspace       used 21115K, capacity 21351K, committed 21552K, reserved 1069056K
  class space    used 2060K, capacity 2116K, committed 2176K, reserved 1048576K

Card table byte_map: [0x0000000112d49000,0x000000011354a000] byte_map_base: 0x000000010f749000

Marking Bits: (ParMarkBitMap*) 0x00000001032dee20
 Begin Bits: [0x0000000113aa0000, 0x0000000117aa0000)
 End Bits:   [0x0000000117aa0000, 0x000000011baa0000)

Polling page: 0x0000000101898000

CodeCache: size=245760Kb used=10024Kb max_used=10902Kb free=235735Kb
 bounds [0x0000000103989000, 0x0000000104449000, 0x0000000112989000]
 total_blobs=3580 nmethods=2687 adapters=806
 compilation: enabled

Compilation events (10 events):
Event: 134.488 Thread 0x00007ffb3c042000 nmethod 2901 0x0000000103b477d0 code [0x0000000103b47920, 0x0000000103b47a30]
Event: 134.488 Thread 0x00007ffb3c042000 2902       3       sun.java2d.pipe.RenderBuffer::putFloat (26 bytes)
Event: 134.489 Thread 0x00007ffb3c042000 nmethod 2902 0x0000000103aaa110 code [0x0000000103aaa280, 0x0000000103aaa410]
Event: 134.493 Thread 0x00007ffb3c81d000 nmethod 2900 0x0000000103be2010 code [0x0000000103be21a0, 0x0000000103be2448]
Event: 134.497 Thread 0x00007ffb3c042000 2904   !   3       sun.misc.URLClassPath$JarLoader::getResource (349 bytes)
Event: 134.497 Thread 0x00007ffb3e01b800 2905  s!   4       sun.misc.URLClassPath::getLoader (197 bytes)
Event: 134.499 Thread 0x00007ffb3c042000 nmethod 2904 0x0000000103b28190 code [0x0000000103b28600, 0x0000000103b2ab58]
Event: 134.499 Thread 0x00007ffb3c042000 2906       3       java.util.Stack::empty (13 bytes)
Event: 134.499 Thread 0x00007ffb3c042000 nmethod 2906 0x0000000103b16a10 code [0x0000000103b16b80, 0x0000000103b16f50]
Event: 134.501 Thread 0x00007ffb3e01b800 nmethod 2905 0x0000000103c62710 code [0x0000000103c62880, 0x0000000103c63058]

GC Heap History (10 events):
Event: 78.397 GC heap before
{Heap before GC invocations=8 (full 1):
 PSYoungGen      total 77312K, used 62720K [0x000000076ab00000, 0x0000000770a00000, 0x00000007c0000000)
  eden space 62464K, 100% used [0x000000076ab00000,0x000000076e800000,0x000000076e800000)
  from space 14848K, 1% used [0x000000076fb80000,0x000000076fbc0000,0x0000000770a00000)
  to   space 17408K, 0% used [0x000000076e800000,0x000000076e800000,0x000000076f900000)
 ParOldGen       total 87040K, used 15351K [0x00000006c0000000, 0x00000006c5500000, 0x000000076ab00000)
  object space 87040K, 17% used [0x00000006c0000000,0x00000006c0efdc20,0x00000006c5500000)
 Metaspace       used 21013K, capacity 21287K, committed 21552K, reserved 1069056K
  class space    used 2038K, capacity 2116K, committed 2176K, reserved 1048576K
Event: 78.399 GC heap after
Heap after GC invocations=8 (full 1):
 PSYoungGen      total 61952K, used 224K [0x000000076ab00000, 0x0000000770700000, 0x00000007c0000000)
  eden space 61440K, 0% used [0x000000076ab00000,0x000000076ab00000,0x000000076e700000)
  from space 512K, 43% used [0x000000076e800000,0x000000076e838000,0x000000076e880000)
  to   space 16384K, 0% used [0x000000076f700000,0x000000076f700000,0x0000000770700000)
 ParOldGen       total 87040K, used 15359K [0x00000006c0000000, 0x00000006c5500000, 0x000000076ab00000)
  object space 87040K, 17% used [0x00000006c0000000,0x00000006c0effc20,0x00000006c5500000)
 Metaspace       used 21013K, capacity 21287K, committed 21552K, reserved 1069056K
  class space    used 2038K, capacity 2116K, committed 2176K, reserved 1048576K
}
Event: 91.949 GC heap before
{Heap before GC invocations=9 (full 1):
 PSYoungGen      total 61952K, used 61664K [0x000000076ab00000, 0x0000000770700000, 0x00000007c0000000)
  eden space 61440K, 100% used [0x000000076ab00000,0x000000076e700000,0x000000076e700000)
  from space 512K, 43% used [0x000000076e800000,0x000000076e838000,0x000000076e880000)
  to   space 16384K, 0% used [0x000000076f700000,0x000000076f700000,0x0000000770700000)
 ParOldGen       total 87040K, used 15359K [0x00000006c0000000, 0x00000006c5500000, 0x000000076ab00000)
  object space 87040K, 17% used [0x00000006c0000000,0x00000006c0effc20,0x00000006c5500000)
 Metaspace       used 21013K, capacity 21287K, committed 21552K, reserved 1069056K
  class space    used 2038K, capacity 2116K, committed 2176K, reserved 1048576K
Event: 91.951 GC heap after
Heap after GC invocations=9 (full 1):
 PSYoungGen      total 74752K, used 224K [0x000000076ab00000, 0x0000000770500000, 0x00000007c0000000)
  eden space 60416K, 0% used [0x000000076ab00000,0x000000076ab00000,0x000000076e600000)
  from space 14336K, 1% used [0x000000076f700000,0x000000076f738000,0x0000000770500000)
  to   space 15872K, 0% used [0x000000076e600000,0x000000076e600000,0x000000076f580000)
 ParOldGen       total 87040K, used 15367K [0x00000006c0000000, 0x00000006c5500000, 0x000000076ab00000)
  object space 87040K, 17% used [0x00000006c0000000,0x00000006c0f01c20,0x00000006c5500000)
 Metaspace       used 21013K, capacity 21287K, committed 21552K, reserved 1069056K
  class space    used 2038K, capacity 2116K, committed 2176K, reserved 1048576K
}
Event: 105.652 GC heap before
{Heap before GC invocations=10 (full 1):
 PSYoungGen      total 74752K, used 60640K [0x000000076ab00000, 0x0000000770500000, 0x00000007c0000000)
  eden space 60416K, 100% used [0x000000076ab00000,0x000000076e600000,0x000000076e600000)
  from space 14336K, 1% used [0x000000076f700000,0x000000076f738000,0x0000000770500000)
  to   space 15872K, 0% used [0x000000076e600000,0x000000076e600000,0x000000076f580000)
 ParOldGen       total 87040K, used 15367K [0x00000006c0000000, 0x00000006c5500000, 0x000000076ab00000)
  object space 87040K, 17% used [0x00000006c0000000,0x00000006c0f01c20,0x00000006c5500000)
 Metaspace       used 21013K, capacity 21287K, committed 21552K, reserved 1069056K
  class space    used 2038K, capacity 2116K, committed 2176K, reserved 1048576K
Event: 105.653 GC heap after
Heap after GC invocations=10 (full 1):
 PSYoungGen      total 59904K, used 224K [0x000000076ab00000, 0x0000000770200000, 0x00000007c0000000)
  eden space 59392K, 0% used [0x000000076ab00000,0x000000076ab00000,0x000000076e500000)
  from space 512K, 43% used [0x000000076e600000,0x000000076e638000,0x000000076e680000)
  to   space 14848K, 0% used [0x000000076f380000,0x000000076f380000,0x0000000770200000)
 ParOldGen       total 87040K, used 15375K [0x00000006c0000000, 0x00000006c5500000, 0x000000076ab00000)
  object space 87040K, 17% used [0x00000006c0000000,0x00000006c0f03c20,0x00000006c5500000)
 Metaspace       used 21013K, capacity 21287K, committed 21552K, reserved 1069056K
  class space    used 2038K, capacity 2116K, committed 2176K, reserved 1048576K
}
Event: 119.136 GC heap before
{Heap before GC invocations=11 (full 1):
 PSYoungGen      total 59904K, used 59616K [0x000000076ab00000, 0x0000000770200000, 0x00000007c0000000)
  eden space 59392K, 100% used [0x000000076ab00000,0x000000076e500000,0x000000076e500000)
  from space 512K, 43% used [0x000000076e600000,0x000000076e638000,0x000000076e680000)
  to   space 14848K, 0% used [0x000000076f380000,0x000000076f380000,0x0000000770200000)
 ParOldGen       total 87040K, used 15375K [0x00000006c0000000, 0x00000006c5500000, 0x000000076ab00000)
  object space 87040K, 17% used [0x00000006c0000000,0x00000006c0f03c20,0x00000006c5500000)
 Metaspace       used 21014K, capacity 21287K, committed 21552K, reserved 1069056K
  class space    used 2039K, capacity 2116K, committed 2176K, reserved 1048576K
Event: 119.137 GC heap after
Heap after GC invocations=11 (full 1):
 PSYoungGen      total 71168K, used 160K [0x000000076ab00000, 0x0000000770000000, 0x00000007c0000000)
  eden space 58368K, 0% used [0x000000076ab00000,0x000000076ab00000,0x000000076e400000)
  from space 12800K, 1% used [0x000000076f380000,0x000000076f3a8000,0x0000000770000000)
  to   space 14336K, 0% used [0x000000076e400000,0x000000076e400000,0x000000076f200000)
 ParOldGen       total 87040K, used 15383K [0x00000006c0000000, 0x00000006c5500000, 0x000000076ab00000)
  object space 87040K, 17% used [0x00000006c0000000,0x00000006c0f05c20,0x00000006c5500000)
 Metaspace       used 21014K, capacity 21287K, committed 21552K, reserved 1069056K
  class space    used 2039K, capacity 2116K, committed 2176K, reserved 1048576K
}
Event: 132.172 GC heap before
{Heap before GC invocations=12 (full 1):
 PSYoungGen      total 71168K, used 58528K [0x000000076ab00000, 0x0000000770000000, 0x00000007c0000000)
  eden space 58368K, 100% used [0x000000076ab00000,0x000000076e400000,0x000000076e400000)
  from space 12800K, 1% used [0x000000076f380000,0x000000076f3a8000,0x0000000770000000)
  to   space 14336K, 0% used [0x000000076e400000,0x000000076e400000,0x000000076f200000)
 ParOldGen       total 87040K, used 15383K [0x00000006c0000000, 0x00000006c5500000, 0x000000076ab00000)
  object space 87040K, 17% used [0x00000006c0000000,0x00000006c0f05c20,0x00000006c5500000)
 Metaspace       used 21072K, capacity 21351K, committed 21552K, reserved 1069056K
  class space    used 2052K, capacity 2116K, committed 2176K, reserved 1048576K
Event: 132.174 GC heap after
Heap after GC invocations=12 (full 1):
 PSYoungGen      total 57856K, used 288K [0x000000076ab00000, 0x000000076fd00000, 0x00000007c0000000)
  eden space 57344K, 0% used [0x000000076ab00000,0x000000076ab00000,0x000000076e300000)
  from space 512K, 56% used [0x000000076e400000,0x000000076e448000,0x000000076e480000)
  to   space 13312K, 0% used [0x000000076f000000,0x000000076f000000,0x000000076fd00000)
 ParOldGen       total 87040K, used 15391K [0x00000006c0000000, 0x00000006c5500000, 0x000000076ab00000)
  object space 87040K, 17% used [0x00000006c0000000,0x00000006c0f07c20,0x00000006c5500000)
 Metaspace       used 21072K, capacity 21351K, committed 21552K, reserved 1069056K
  class space    used 2052K, capacity 2116K, committed 2176K, reserved 1048576K
}

Deoptimization events (10 events):
Event: 134.488 Thread 0x00007ffb3e201800 Uncommon trap: reason=class_check action=maybe_recompile pc=0x00000001043d1330 method=java.awt.Component.getGraphics()Ljava/awt/Graphics; @ 114
Event: 134.488 Thread 0x00007ffb3d229800 Uncommon trap: reason=class_check action=maybe_recompile pc=0x000000010442b778 method=java.awt.event.InvocationEvent.dispatch()V @ 11
Event: 134.491 Thread 0x00007ffb3c872000 Uncommon trap: reason=class_check action=maybe_recompile pc=0x0000000103aa5e80 method=com.jogamp.common.util.RunnableTask.run()V @ 24
Event: 134.492 Thread 0x00007ffb3c872000 Uncommon trap: reason=unstable_if action=reinterpret pc=0x0000000103aa2a3c method=jogamp.nativewindow.macosx.OSXUtil.RunOnMainThread(ZZLjava/lang/Runnable;)V @ 3
Event: 134.496 Thread 0x00007ffb3d229800 Uncommon trap: reason=unstable_if action=reinterpret pc=0x00000001043decb0 method=jogamp.opengl.GLContextImpl.release(Z)V @ 161
Event: 134.498 Thread 0x00007ffb3d229800 Uncommon trap: reason=unstable_if action=reinterpret pc=0x000000010434fa58 method=java.util.LinkedList$ListItr.<init>(Ljava/util/LinkedList;I)V @ 26
Event: 134.498 Thread 0x00007ffb3d229800 Uncommon trap: reason=unstable_if action=reinterpret pc=0x00000001042fe284 method=java.security.AccessControlContext.optimize()Ljava/security/AccessControlContext; @ 233
Event: 134.499 Thread 0x00007ffb3e201800 Uncommon trap: reason=class_check action=maybe_recompile pc=0x00000001043d1330 method=java.awt.Component.getGraphics()Ljava/awt/Graphics; @ 114
Event: 134.500 Thread 0x00007ffb3d229800 Uncommon trap: reason=class_check action=maybe_recompile pc=0x000000010442b778 method=java.awt.event.InvocationEvent.dispatch()V @ 11
Event: 134.505 Thread 0x00007ffb3c872000 Uncommon trap: reason=class_check action=maybe_recompile pc=0x0000000103aa5e80 method=com.jogamp.common.util.RunnableTask.run()V @ 24

Internal exceptions (10 events):
Event: 0.114 Thread 0x00007ffb3c00f800 Exception <a 'java/lang/NoSuchFieldError': method resolution failed> (0x000000076af3b2a0) thrown at [/Users/java_re/workspace/8-2-build-macosx-x86_64/jdk8u65/4987/hotspot/src/share/vm/prims/methodHandles.cpp, line 1146]
Event: 0.116 Thread 0x00007ffb3c00f800 Exception <a 'java/lang/NoSuchFieldError': method resolution failed> (0x000000076af48a70) thrown at [/Users/java_re/workspace/8-2-build-macosx-x86_64/jdk8u65/4987/hotspot/src/share/vm/prims/methodHandles.cpp, line 1146]
Event: 0.217 Thread 0x00007ffb3c00f800 Exception <a 'java/io/FileNotFoundException'> (0x000000076afc49f0) thrown at [/Users/java_re/workspace/8-2-build-macosx-x86_64/jdk8u65/4987/hotspot/src/share/vm/prims/jni.cpp, line 709]
Event: 0.217 Thread 0x00007ffb3c00f800 Exception <a 'java/io/FileNotFoundException'> (0x000000076afc5550) thrown at [/Users/java_re/workspace/8-2-build-macosx-x86_64/jdk8u65/4987/hotspot/src/share/vm/prims/jni.cpp, line 709]
Event: 0.293 Thread 0x00007ffb3c00f800 Exception <a 'java/io/FileNotFoundException'> (0x000000076b1a7958) thrown at [/Users/java_re/workspace/8-2-build-macosx-x86_64/jdk8u65/4987/hotspot/src/share/vm/prims/jni.cpp, line 709]
Event: 1.169 Thread 0x00007ffb3e290000 Exception <a 'java/lang/UnsatisfiedLinkError': com.jogamp.common.util.JarUtil.fixNativeLibAttribs(Ljava/lang/String;)Z> (0x000000076c7f4f78) thrown at [/Users/java_re/workspace/8-2-build-macosx-x86_64/jdk8u65/4987/hotspot/src/share/vm/prims/nativeLookup.c
Event: 1.774 Thread 0x00007ffb3d229800 Exception <a 'java/io/FileNotFoundException'> (0x000000076db591e8) thrown at [/Users/java_re/workspace/8-2-build-macosx-x86_64/jdk8u65/4987/hotspot/src/share/vm/prims/jni.cpp, line 709]
Event: 1.774 Thread 0x00007ffb3d229800 Exception <a 'java/io/FileNotFoundException'> (0x000000076db60680) thrown at [/Users/java_re/workspace/8-2-build-macosx-x86_64/jdk8u65/4987/hotspot/src/share/vm/prims/jni.cpp, line 709]
Event: 1.774 Thread 0x00007ffb3d229800 Implicit null exception at 0x0000000103b3af75 to 0x0000000103b3b2d9
Event: 2.052 Thread 0x00007ffb3c00c800 Exception <a 'java/lang/NullPointerException'> (0x000000076adba740) thrown at [/Users/java_re/workspace/8-2-build-macosx-x86_64/jdk8u65/4987/hotspot/src/share/vm/interpreter/linkResolver.cpp, line 1178]

Events (10 events):
Event: 134.501 Thread 0x00007ffb3e01b800 flushing nmethod 0x0000000103eb3990
Event: 134.501 Thread 0x00007ffb3e01b800 flushing nmethod 0x0000000103eb57d0
Event: 134.501 Thread 0x00007ffb3e01b800 flushing nmethod 0x0000000103eb8c10
Event: 134.501 Thread 0x00007ffb3e01b800 flushing nmethod 0x0000000103ed04d0
Event: 134.501 Thread 0x00007ffb3e01b800 flushing nmethod 0x0000000103ed0890
Event: 134.501 Thread 0x00007ffb3e01b800 flushing nmethod 0x0000000103edd2d0
Event: 134.501 Thread 0x00007ffb3e01b800 flushing nmethod 0x0000000103ede090
Event: 134.505 Thread 0x00007ffb3c872000 Uncommon trap: trap_request=0xffffffde fr.pc=0x0000000103aa5e80
Event: 134.505 Thread 0x00007ffb3c872000 DEOPT PACKING pc=0x0000000103aa5e80 sp=0x00007fff5e6266b0
Event: 134.505 Thread 0x00007ffb3c872000 DEOPT UNPACKING pc=0x000000010398e229 sp=0x00007fff5e626658 mode 2


Dynamic libraries:
0x0000000001e67000 	/System/Library/Frameworks/Cocoa.framework/Versions/A/Cocoa
0x0000000001e67000 	/System/Library/Frameworks/Security.framework/Versions/A/Security
0x0000000001e67000 	/System/Library/Frameworks/ApplicationServices.framework/Versions/A/ApplicationServices
0x0000000001e67000 	/usr/lib/libz.1.dylib
0x0000000001e67000 	/usr/lib/libSystem.B.dylib
0x0000000001e67000 	/usr/lib/libobjc.A.dylib
0x0000000001e67000 	/System/Library/Frameworks/CoreFoundation.framework/Versions/A/CoreFoundation
0x0000000001e67000 	/System/Library/Frameworks/Foundation.framework/Versions/C/Foundation
0x0000000001e67000 	/System/Library/Frameworks/AppKit.framework/Versions/C/AppKit
0x0000000001e67000 	/System/Library/Frameworks/CoreData.framework/Versions/A/CoreData
0x0000000001e67000 	/System/Library/PrivateFrameworks/RemoteViewServices.framework/Versions/A/RemoteViewServices
0x0000000001e67000 	/System/Library/PrivateFrameworks/UIFoundation.framework/Versions/A/UIFoundation
0x0000000001e67000 	/usr/lib/libScreenReader.dylib
0x0000000001e67000 	/System/Library/Frameworks/Accelerate.framework/Versions/A/Accelerate
0x0000000001e67000 	/System/Library/Frameworks/IOSurface.framework/Versions/A/IOSurface
0x0000000001e67000 	/System/Library/Frameworks/AudioToolbox.framework/Versions/A/AudioToolbox
0x0000000001e67000 	/System/Library/Frameworks/AudioUnit.framework/Versions/A/AudioUnit
0x0000000001e67000 	/System/Library/PrivateFrameworks/DataDetectorsCore.framework/Versions/A/DataDetectorsCore
0x0000000001e67000 	/System/Library/PrivateFrameworks/DesktopServicesPriv.framework/Versions/A/DesktopServicesPriv
0x0000000001e67000 	/System/Library/Frameworks/Carbon.framework/Versions/A/Frameworks/HIToolbox.framework/Versions/A/HIToolbox
0x0000000001e67000 	/System/Library/Frameworks/QuartzCore.framework/Versions/A/QuartzCore
0x0000000001e67000 	/System/Library/Frameworks/Carbon.framework/Versions/A/Frameworks/SpeechRecognition.framework/Versions/A/SpeechRecognition
0x0000000001e67000 	/usr/lib/libauto.dylib
0x0000000001e67000 	/usr/lib/libicucore.A.dylib
0x0000000001e67000 	/usr/lib/libxml2.2.dylib
0x0000000001e67000 	/System/Library/PrivateFrameworks/CoreUI.framework/Versions/A/CoreUI
0x0000000001e67000 	/System/Library/Frameworks/CoreAudio.framework/Versions/A/CoreAudio
0x0000000001e67000 	/System/Library/Frameworks/DiskArbitration.framework/Versions/A/DiskArbitration
0x0000000001e67000 	/usr/lib/liblangid.dylib
0x0000000001e67000 	/System/Library/PrivateFrameworks/MultitouchSupport.framework/Versions/A/MultitouchSupport
0x0000000001e67000 	/System/Library/Frameworks/IOKit.framework/Versions/A/IOKit
0x0000000001e67000 	/usr/lib/libDiagnosticMessagesClient.dylib
0x0000000001e67000 	/System/Library/Frameworks/CoreServices.framework/Versions/A/CoreServices
0x0000000001e67000 	/System/Library/PrivateFrameworks/PerformanceAnalysis.framework/Versions/A/PerformanceAnalysis
0x0000000001e67000 	/System/Library/PrivateFrameworks/GenerationalStorage.framework/Versions/A/GenerationalStorage
0x0000000001e67000 	/System/Library/Frameworks/OpenGL.framework/Versions/A/OpenGL
0x0000000001e67000 	/System/Library/PrivateFrameworks/Sharing.framework/Versions/A/Sharing
0x0000000001e67000 	/System/Library/Frameworks/CoreGraphics.framework/Versions/A/CoreGraphics
0x0000000001e67000 	/System/Library/Frameworks/CoreImage.framework/Versions/A/CoreImage
0x0000000001e67000 	/System/Library/Frameworks/CoreText.framework/Versions/A/CoreText
0x0000000001e67000 	/System/Library/Frameworks/ImageIO.framework/Versions/A/ImageIO
0x0000000001e67000 	/System/Library/PrivateFrameworks/Backup.framework/Versions/A/Backup
0x0000000001e67000 	/usr/lib/libextension.dylib
0x0000000001e67000 	/usr/lib/libarchive.2.dylib
0x0000000001e67000 	/System/Library/Frameworks/CFNetwork.framework/Versions/A/CFNetwork
0x0000000001e67000 	/System/Library/Frameworks/SystemConfiguration.framework/Versions/A/SystemConfiguration
0x0000000001e67000 	/usr/lib/libCRFSuite.dylib
0x0000000001e67000 	/usr/lib/libc++.1.dylib
0x0000000001e67000 	/usr/lib/libc++abi.dylib
0x0000000001e67000 	/usr/lib/system/libcache.dylib
0x0000000001e67000 	/usr/lib/system/libcommonCrypto.dylib
0x0000000001e67000 	/usr/lib/system/libcompiler_rt.dylib
0x0000000001e67000 	/usr/lib/system/libcopyfile.dylib
0x0000000001e67000 	/usr/lib/system/libcorecrypto.dylib
0x0000000001e67000 	/usr/lib/system/libdispatch.dylib
0x0000000001e67000 	/usr/lib/system/libdyld.dylib
0x0000000001e67000 	/usr/lib/system/libkeymgr.dylib
0x0000000001e67000 	/usr/lib/system/liblaunch.dylib
0x0000000001e67000 	/usr/lib/system/libmacho.dylib
0x0000000001e67000 	/usr/lib/system/libquarantine.dylib
0x0000000001e67000 	/usr/lib/system/libremovefile.dylib
0x0000000001e67000 	/usr/lib/system/libsystem_asl.dylib
0x0000000001e67000 	/usr/lib/system/libsystem_blocks.dylib
0x0000000001e67000 	/usr/lib/system/libsystem_c.dylib
0x0000000001e67000 	/usr/lib/system/libsystem_configuration.dylib
0x0000000001e67000 	/usr/lib/system/libsystem_coreservices.dylib
0x0000000001e67000 	/usr/lib/system/libsystem_coretls.dylib
0x0000000001e67000 	/usr/lib/system/libsystem_dnssd.dylib
0x0000000001e67000 	/usr/lib/system/libsystem_info.dylib
0x0000000001e67000 	/usr/lib/system/libsystem_kernel.dylib
0x0000000001e67000 	/usr/lib/system/libsystem_m.dylib
0x0000000001e67000 	/usr/lib/system/libsystem_malloc.dylib
0x0000000001e67000 	/usr/lib/system/libsystem_network.dylib
0x0000000001e67000 	/usr/lib/system/libsystem_networkextension.dylib
0x0000000001e67000 	/usr/lib/system/libsystem_notify.dylib
0x0000000001e67000 	/usr/lib/system/libsystem_platform.dylib
0x0000000001e67000 	/usr/lib/system/libsystem_pthread.dylib
0x0000000001e67000 	/usr/lib/system/libsystem_sandbox.dylib
0x0000000001e67000 	/usr/lib/system/libsystem_secinit.dylib
0x0000000001e67000 	/usr/lib/system/libsystem_trace.dylib
0x0000000001e67000 	/usr/lib/system/libunc.dylib
0x0000000001e67000 	/usr/lib/system/libunwind.dylib
0x0000000001e67000 	/usr/lib/system/libxpc.dylib
0x0000000001e67000 	/usr/lib/libenergytrace.dylib
0x0000000001e67000 	/usr/lib/libbsm.0.dylib
0x0000000001e67000 	/usr/lib/system/libkxld.dylib
0x0000000001e67000 	/usr/lib/libxar.1.dylib
0x0000000001e67000 	/usr/lib/libsqlite3.dylib
0x0000000001e67000 	/usr/lib/libpam.2.dylib
0x0000000001e67000 	/usr/lib/libOpenScriptingUtil.dylib
0x0000000001e67000 	/usr/lib/libbz2.1.0.dylib
0x0000000001e67000 	/usr/lib/liblzma.5.dylib
0x0000000001e67000 	/System/Library/Frameworks/CoreServices.framework/Versions/A/Frameworks/FSEvents.framework/Versions/A/FSEvents
0x0000000001e67000 	/System/Library/Frameworks/CoreServices.framework/Versions/A/Frameworks/CarbonCore.framework/Versions/A/CarbonCore
0x0000000001e67000 	/System/Library/Frameworks/CoreServices.framework/Versions/A/Frameworks/Metadata.framework/Versions/A/Metadata
0x0000000001e67000 	/System/Library/Frameworks/CoreServices.framework/Versions/A/Frameworks/OSServices.framework/Versions/A/OSServices
0x0000000001e67000 	/System/Library/Frameworks/CoreServices.framework/Versions/A/Frameworks/SearchKit.framework/Versions/A/SearchKit
0x0000000001e67000 	/System/Library/Frameworks/CoreServices.framework/Versions/A/Frameworks/AE.framework/Versions/A/AE
0x0000000001e67000 	/System/Library/Frameworks/CoreServices.framework/Versions/A/Frameworks/LaunchServices.framework/Versions/A/LaunchServices
0x0000000001e67000 	/System/Library/Frameworks/CoreServices.framework/Versions/A/Frameworks/DictionaryServices.framework/Versions/A/DictionaryServices
0x0000000001e67000 	/System/Library/Frameworks/CoreServices.framework/Versions/A/Frameworks/SharedFileList.framework/Versions/A/SharedFileList
0x0000000001e67000 	/System/Library/Frameworks/NetFS.framework/Versions/A/NetFS
0x0000000001e67000 	/System/Library/PrivateFrameworks/NetAuth.framework/Versions/A/NetAuth
0x0000000001e67000 	/System/Library/PrivateFrameworks/login.framework/Versions/A/Frameworks/loginsupport.framework/Versions/A/loginsupport
0x0000000001e67000 	/System/Library/PrivateFrameworks/TCC.framework/Versions/A/TCC
0x0000000001e67000 	/usr/lib/libmecabra.dylib
0x0000000001e67000 	/System/Library/Frameworks/ApplicationServices.framework/Versions/A/Frameworks/ATS.framework/Versions/A/ATS
0x0000000001e67000 	/System/Library/Frameworks/ApplicationServices.framework/Versions/A/Frameworks/ColorSync.framework/Versions/A/ColorSync
0x0000000001e67000 	/System/Library/Frameworks/ApplicationServices.framework/Versions/A/Frameworks/HIServices.framework/Versions/A/HIServices
0x0000000001e67000 	/System/Library/Frameworks/ApplicationServices.framework/Versions/A/Frameworks/LangAnalysis.framework/Versions/A/LangAnalysis
0x0000000001e67000 	/System/Library/Frameworks/ApplicationServices.framework/Versions/A/Frameworks/PrintCore.framework/Versions/A/PrintCore
0x0000000001e67000 	/System/Library/Frameworks/ApplicationServices.framework/Versions/A/Frameworks/QD.framework/Versions/A/QD
0x0000000001e67000 	/System/Library/Frameworks/ApplicationServices.framework/Versions/A/Frameworks/SpeechSynthesis.framework/Versions/A/SpeechSynthesis
0x0000000001e67000 	/System/Library/Frameworks/Metal.framework/Versions/A/Metal
0x0000000001e67000 	/System/Library/Frameworks/Accelerate.framework/Versions/A/Frameworks/vImage.framework/Versions/A/vImage
0x0000000001e67000 	/System/Library/Frameworks/Accelerate.framework/Versions/A/Frameworks/vecLib.framework/Versions/A/vecLib
0x0000000001e67000 	/System/Library/Frameworks/Accelerate.framework/Versions/A/Frameworks/vecLib.framework/Versions/A/libvDSP.dylib
0x0000000001e67000 	/System/Library/Frameworks/Accelerate.framework/Versions/A/Frameworks/vecLib.framework/Versions/A/libvMisc.dylib
0x0000000001e67000 	/System/Library/Frameworks/Accelerate.framework/Versions/A/Frameworks/vecLib.framework/Versions/A/libLAPACK.dylib
0x0000000001e67000 	/System/Library/Frameworks/Accelerate.framework/Versions/A/Frameworks/vecLib.framework/Versions/A/libBLAS.dylib
0x0000000001e67000 	/System/Library/Frameworks/Accelerate.framework/Versions/A/Frameworks/vecLib.framework/Versions/A/libLinearAlgebra.dylib
0x0000000001e67000 	/System/Library/Frameworks/Accelerate.framework/Versions/A/Frameworks/vecLib.framework/Versions/A/libSparseBLAS.dylib
0x0000000001e67000 	/System/Library/PrivateFrameworks/GPUCompiler.framework/libmetal_timestamp.dylib
0x0000000001e67000 	/System/Library/Frameworks/OpenGL.framework/Versions/A/Libraries/libCoreFSCache.dylib
0x0000000001e67000 	/System/Library/PrivateFrameworks/IOAccelerator.framework/Versions/A/IOAccelerator
0x0000000001e67000 	/System/Library/Frameworks/ApplicationServices.framework/Versions/A/Frameworks/ATS.framework/Versions/A/Resources/libFontParser.dylib
0x0000000001e67000 	/System/Library/Frameworks/ApplicationServices.framework/Versions/A/Frameworks/ATS.framework/Versions/A/Resources/libFontRegistry.dylib
0x0000000001e67000 	/System/Library/PrivateFrameworks/AppleVPA.framework/Versions/A/AppleVPA
0x0000000001e67000 	/System/Library/PrivateFrameworks/AppleJPEG.framework/Versions/A/AppleJPEG
0x0000000001e67000 	/System/Library/Frameworks/ImageIO.framework/Versions/A/Resources/libJPEG.dylib
0x0000000001e67000 	/System/Library/Frameworks/ImageIO.framework/Versions/A/Resources/libTIFF.dylib
0x0000000001e67000 	/System/Library/Frameworks/ImageIO.framework/Versions/A/Resources/libPng.dylib
0x0000000001e67000 	/System/Library/Frameworks/ImageIO.framework/Versions/A/Resources/libGIF.dylib
0x0000000001e67000 	/System/Library/Frameworks/ImageIO.framework/Versions/A/Resources/libJP2.dylib
0x0000000001e67000 	/System/Library/Frameworks/ImageIO.framework/Versions/A/Resources/libRadiance.dylib
0x0000000001e67000 	/System/Library/Frameworks/CoreVideo.framework/Versions/A/CoreVideo
0x0000000001e67000 	/System/Library/Frameworks/OpenGL.framework/Versions/A/Libraries/libGLU.dylib
0x0000000001e67000 	/System/Library/Frameworks/OpenGL.framework/Versions/A/Libraries/libGFXShared.dylib
0x0000000001e67000 	/System/Library/Frameworks/OpenGL.framework/Versions/A/Libraries/libGL.dylib
0x0000000001e67000 	/System/Library/Frameworks/OpenGL.framework/Versions/A/Libraries/libGLImage.dylib
0x0000000001e67000 	/System/Library/Frameworks/OpenGL.framework/Versions/A/Libraries/libCVMSPluginSupport.dylib
0x0000000001e67000 	/System/Library/Frameworks/OpenGL.framework/Versions/A/Libraries/libCoreVMClient.dylib
0x0000000001e67000 	/usr/lib/libcups.2.dylib
0x0000000001e67000 	/System/Library/Frameworks/Kerberos.framework/Versions/A/Kerberos
0x0000000001e67000 	/System/Library/Frameworks/GSS.framework/Versions/A/GSS
0x0000000001e67000 	/usr/lib/libresolv.9.dylib
0x0000000001e67000 	/usr/lib/libiconv.2.dylib
0x0000000001e67000 	/System/Library/PrivateFrameworks/Heimdal.framework/Versions/A/Heimdal
0x0000000001e67000 	/usr/lib/libheimdal-asn1.dylib
0x0000000001e67000 	/System/Library/Frameworks/OpenDirectory.framework/Versions/A/OpenDirectory
0x0000000001e67000 	/System/Library/PrivateFrameworks/CommonAuth.framework/Versions/A/CommonAuth
0x0000000001e67000 	/System/Library/Frameworks/OpenDirectory.framework/Versions/A/Frameworks/CFOpenDirectory.framework/Versions/A/CFOpenDirectory
0x0000000001e67000 	/System/Library/Frameworks/SecurityFoundation.framework/Versions/A/SecurityFoundation
0x0000000001e67000 	/System/Library/PrivateFrameworks/LanguageModeling.framework/Versions/A/LanguageModeling
0x0000000001e67000 	/usr/lib/libmarisa.dylib
0x0000000001e67000 	/usr/lib/libChineseTokenizer.dylib
0x0000000001e67000 	/usr/lib/libcmph.dylib
0x0000000001e67000 	/usr/lib/libcompression.dylib
0x0000000001e67000 	/System/Library/Frameworks/ServiceManagement.framework/Versions/A/ServiceManagement
0x0000000001e67000 	/usr/lib/libxslt.1.dylib
0x0000000001e67000 	/System/Library/Frameworks/Carbon.framework/Versions/A/Frameworks/Ink.framework/Versions/A/Ink
0x0000000001e67000 	/usr/lib/libFosl_dynamic.dylib
0x0000000001e67000 	/System/Library/PrivateFrameworks/FaceCore.framework/Versions/A/FaceCore
0x0000000001e67000 	/System/Library/Frameworks/OpenCL.framework/Versions/A/OpenCL
0x0000000001e67000 	/System/Library/PrivateFrameworks/CrashReporterSupport.framework/Versions/A/CrashReporterSupport
0x0000000001e67000 	/System/Library/PrivateFrameworks/IconServices.framework/Versions/A/IconServices
0x0000000001e67000 	/System/Library/PrivateFrameworks/Apple80211.framework/Versions/A/Apple80211
0x0000000001e67000 	/System/Library/Frameworks/CoreWLAN.framework/Versions/A/CoreWLAN
0x0000000001e67000 	/System/Library/Frameworks/IOBluetooth.framework/Versions/A/IOBluetooth
0x0000000001e67000 	/System/Library/PrivateFrameworks/CoreWiFi.framework/Versions/A/CoreWiFi
0x0000000001e67000 	/System/Library/Frameworks/CoreBluetooth.framework/Versions/A/CoreBluetooth
0x0000000001e67000 	/System/Library/PrivateFrameworks/ChunkingLibrary.framework/Versions/A/ChunkingLibrary
0x0000000001e67000 	/System/Library/PrivateFrameworks/DebugSymbols.framework/Versions/A/DebugSymbols
0x0000000001e67000 	/System/Library/PrivateFrameworks/CoreSymbolication.framework/Versions/A/CoreSymbolication
0x0000000001e67000 	/System/Library/PrivateFrameworks/Symbolication.framework/Versions/A/Symbolication
0x0000000001e67000 	/System/Library/PrivateFrameworks/SpeechRecognitionCore.framework/Versions/A/SpeechRecognitionCore
0x0000000102a00000 	/Library/Java/JavaVirtualMachines/jdk1.8.0_65.jdk/Contents/Home/jre/lib/server/libjvm.dylib
0x0000000001e67000 	/usr/lib/libstdc++.6.dylib
0x0000000101855000 	/Library/Java/JavaVirtualMachines/jdk1.8.0_65.jdk/Contents/Home/jre/lib/libverify.dylib
0x0000000101863000 	/Library/Java/JavaVirtualMachines/jdk1.8.0_65.jdk/Contents/Home/jre/lib/libjava.dylib
0x00000001018a2000 	/Library/Java/JavaVirtualMachines/jdk1.8.0_65.jdk/Contents/Home/jre/lib/libzip.dylib
0x000000011e8f5000 	/System/Library/Frameworks/JavaVM.framework/Frameworks/JavaRuntimeSupport.framework/JavaRuntimeSupport
0x000000011e910000 	/System/Library/Frameworks/JavaVM.framework/Versions/A/Frameworks/JavaNativeFoundation.framework/Versions/A/JavaNativeFoundation
0x000000011e925000 	/System/Library/Frameworks/JavaVM.framework/Versions/A/JavaVM
0x0000000001e67000 	/System/Library/Frameworks/Carbon.framework/Versions/A/Carbon
0x000000011e932000 	/System/Library/PrivateFrameworks/JavaLaunching.framework/Versions/A/JavaLaunching
0x0000000001e67000 	/System/Library/Frameworks/Carbon.framework/Versions/A/Frameworks/CommonPanels.framework/Versions/A/CommonPanels
0x0000000001e67000 	/System/Library/Frameworks/Carbon.framework/Versions/A/Frameworks/Help.framework/Versions/A/Help
0x0000000001e67000 	/System/Library/Frameworks/Carbon.framework/Versions/A/Frameworks/ImageCapture.framework/Versions/A/ImageCapture
0x0000000001e67000 	/System/Library/Frameworks/Carbon.framework/Versions/A/Frameworks/OpenScripting.framework/Versions/A/OpenScripting
0x0000000001e67000 	/System/Library/Frameworks/Carbon.framework/Versions/A/Frameworks/Print.framework/Versions/A/Print
0x0000000001e67000 	/System/Library/Frameworks/Carbon.framework/Versions/A/Frameworks/SecurityHI.framework/Versions/A/SecurityHI
0x0000000120285000 	/Library/Java/JavaVirtualMachines/jdk1.8.0_65.jdk/Contents/Home/jre/lib/libawt.dylib
0x000000012032d000 	/Library/Java/JavaVirtualMachines/jdk1.8.0_65.jdk/Contents/Home/jre/lib/./libmlib_image.dylib
0x00000001203f9000 	/Library/Java/JavaVirtualMachines/jdk1.8.0_65.jdk/Contents/Home/jre/lib/libawt_lwawt.dylib
0x00000001204ae000 	/Library/Java/JavaVirtualMachines/jdk1.8.0_65.jdk/Contents/Home/jre/lib/./libosxapp.dylib
0x0000000001e67000 	/System/Library/Frameworks/ExceptionHandling.framework/Versions/A/ExceptionHandling
0x0000000001e67000 	/System/Library/PrivateFrameworks/CoreServicesInternal.framework/Versions/A/CoreServicesInternal
0x0000000001e67000 	/System/Library/Frameworks/CoreGraphics.framework/Versions/A/Resources/libRIP.A.dylib
0x0000000001e67000 	/System/Library/Frameworks/Accelerate.framework/Versions/A/Frameworks/vImage.framework/Versions/A/Libraries/libCGInterfaces.dylib
0x0000000001e67000 	/System/Library/Frameworks/CoreGraphics.framework/Versions/A/Resources/libCGXType.A.dylib
0x0000000001e67000 	/System/Library/Frameworks/OpenCL.framework/Versions/A/Libraries/libcldcpuengine.dylib
0x0000000001e67000 	/System/Library/PrivateFrameworks/DiskImages.framework/Versions/A/DiskImages
0x0000000001e67000 	/System/Library/Frameworks/DiscRecording.framework/Versions/A/DiscRecording
0x0000000001e67000 	/usr/lib/libcsfde.dylib
0x0000000001e67000 	/usr/lib/libcurl.4.dylib
0x0000000001e67000 	/System/Library/PrivateFrameworks/MediaKit.framework/Versions/A/MediaKit
0x0000000001e67000 	/System/Library/PrivateFrameworks/ProtectedCloudStorage.framework/Versions/A/ProtectedCloudStorage
0x0000000001e67000 	/usr/lib/libCoreStorage.dylib
0x0000000001e67000 	/System/Library/PrivateFrameworks/EFILogin.framework/Versions/A/EFILogin
0x0000000001e67000 	/usr/lib/libutil.dylib
0x0000000001e67000 	/System/Library/PrivateFrameworks/FindMyDevice.framework/Versions/A/FindMyDevice
0x0000000001e67000 	/System/Library/Frameworks/LDAP.framework/Versions/A/LDAP
0x0000000001e67000 	/usr/lib/libsasl2.2.dylib
0x0000000001e67000 	/System/Library/PrivateFrameworks/CoreDaemon.framework/Versions/B/CoreDaemon
0x0000000001e67000 	/usr/lib/libcrypto.0.9.8.dylib
0x0000000001e67000 	/System/Library/PrivateFrameworks/AppleSRP.framework/Versions/A/AppleSRP
0x0000000001e67000 	/System/Library/PrivateFrameworks/TrustEvaluationAgent.framework/Versions/A/TrustEvaluationAgent
0x0000000120fb8000 	cl_kernels
0x0000000001e67000 	/System/Library/Frameworks/OpenCL.framework/Versions/A/Libraries/ImageFormats/unorm8_bgra.dylib
0x0000000001e67000 	/System/Library/Frameworks/OpenCL.framework/Versions/A/Libraries/ImageFormats/unorm8_rgba.dylib
0x0000000001e67000 	/System/Library/PrivateFrameworks/FamilyControls.framework/Versions/A/FamilyControls
0x0000000001e67000 	/System/Library/PrivateFrameworks/CommerceKit.framework/Versions/A/Frameworks/CommerceCore.framework/Versions/A/CommerceCore
0x0000000001e67000 	/System/Library/PrivateFrameworks/SystemAdministration.framework/Versions/A/SystemAdministration
0x0000000001e67000 	/System/Library/PrivateFrameworks/AppContainer.framework/Versions/A/AppContainer
0x0000000001e67000 	/System/Library/PrivateFrameworks/SecCodeWrapper.framework/Versions/A/SecCodeWrapper
0x0000000001e67000 	/System/Library/Frameworks/DirectoryService.framework/Versions/A/DirectoryService
0x0000000001e67000 	/System/Library/PrivateFrameworks/LoginUIKit.framework/Versions/A/Frameworks/LoginUICore.framework/Versions/A/LoginUICore
0x0000000001e67000 	/usr/lib/libodfde.dylib
0x0000000001e67000 	/System/Library/Frameworks/OpenGL.framework/Versions/A/Resources/GLEngine.bundle/GLEngine
0x0000000001e67000 	/System/Library/Frameworks/OpenGL.framework/Versions/A/Libraries/libGLProgrammability.dylib
0x0000000123215000 	/System/Library/Extensions/AppleIntelHD5000GraphicsGLDriver.bundle/Contents/MacOS/AppleIntelHD5000GraphicsGLDriver
0x0000000001e67000 	/System/Library/PrivateFrameworks/GPUSupport.framework/Versions/A/Libraries/libGPUSupportMercury.dylib
0x0000000001e67000 	/System/Library/Frameworks/OpenGL.framework/Versions/A/Resources/GLRendererFloat.bundle/GLRendererFloat
0x0000000124235000 	/Library/Java/JavaVirtualMachines/jdk1.8.0_65.jdk/Contents/Home/jre/lib/libfontmanager.dylib
0x00000001256df000 	/Library/Java/JavaVirtualMachines/jdk1.8.0_65.jdk/Contents/Home/jre/lib/libosxui.dylib
0x00000001264d3000 	/Library/Java/JavaVirtualMachines/jdk1.8.0_65.jdk/Contents/Home/jre/lib/libnet.dylib
0x00000001262e9000 	/Library/Java/JavaVirtualMachines/jdk1.8.0_65.jdk/Contents/Home/jre/lib/libnio.dylib
0x0000000001e67000 	/System/Library/Frameworks/ApplicationServices.framework/Versions/A/Frameworks/ATS.framework/Versions/A/Resources/libTrueTypeScaler.dylib
0x000000017719c000 	/System/Library/Extensions/AppleIntelHD5000GraphicsMTLDriver.bundle/Contents/MacOS/AppleIntelHD5000GraphicsMTLDriver
0x0000000177099000 	/private/var/folders/4x/fmk2m66x61b3x5qnjlmt61jw0000gp/T/jogamp_0000/file_cache/jln7372732406118373438/jln3666368455863624749/libgluegen-rt.jnilib
0x0000000128234000 	/private/var/folders/4x/fmk2m66x61b3x5qnjlmt61jw0000gp/T/jogamp_0000/file_cache/jln7372732406118373438/jln3666368455863624749/libnativewindow_awt.jnilib
0x000000017709d000 	/Library/Java/JavaVirtualMachines/jdk1.8.0_65.jdk/Contents/Home/jre/lib/libjawt.dylib
0x00000001770a0000 	/private/var/folders/4x/fmk2m66x61b3x5qnjlmt61jw0000gp/T/jogamp_0000/file_cache/jln7372732406118373438/jln3666368455863624749/libnativewindow_macosx.jnilib
0x000000017c7f9000 	/private/var/folders/4x/fmk2m66x61b3x5qnjlmt61jw0000gp/T/jogamp_0000/file_cache/jln7372732406118373438/jln3666368455863624749/libjogl_desktop.jnilib
0x0000000121efa000 	/Library/Java/JavaVirtualMachines/jdk1.8.0_65.jdk/Contents/Home/jre/lib/libt2k.dylib

VM Arguments:
jvm_args: -Djava.security.policy=java.policy.applet -Dfile.encoding=UTF-8 
java_command: sun.applet.AppletViewer module4.EarthquakeCityMap1450802804445.html
java_class_path (initial): /Users/b10LOUIT/Documents/github/UCSDUnfoldingMaps/build:/Users/b10LOUIT/Documents/github/UCSDUnfoldingMaps/lib/core.jar:/Users/b10LOUIT/Documents/github/UCSDUnfoldingMaps/lib/gluegen-rt.jar:/Users/b10LOUIT/Documents/github/UCSDUnfoldingMaps/lib/jogl-all.jar:/Users/b10LOUIT/Documents/github/UCSDUnfoldingMaps/lib/log4j-1.2.15.jar:/Users/b10LOUIT/Documents/github/UCSDUnfoldingMaps/lib/sqlite-jdbc-3.7.2.jar:/Users/b10LOUIT/Documents/github/UCSDUnfoldingMaps/lib/json4processing.jar:/Users/b10LOUIT/Documents/github/UCSDUnfoldingMaps/lib/libTUIO.jar:/Users/b10LOUIT/Documents/github/UCSDUnfoldingMaps/lib/unfolding.0.9.7-uscd.jar
Launcher Type: SUN_STANDARD

Environment Variables:
PATH=/usr/bin:/bin:/usr/sbin:/sbin
SHELL=/bin/bash
DISPLAY=/private/tmp/com.apple.launchd.kPpRyWf06G/org.macosforge.xquartz:0

Signal Handlers:
SIGSEGV: [libjvm.dylib+0x5a6d31], sa_mask[0]=11111111011111110111111111111111, sa_flags=SA_ONSTACK|SA_RESTART|SA_SIGINFO
SIGBUS: [libjvm.dylib+0x5a6d31], sa_mask[0]=11111111011111110111111111111111, sa_flags=SA_RESTART|SA_SIGINFO
SIGFPE: [libjvm.dylib+0x480a40], sa_mask[0]=11111111011111110111111111111111, sa_flags=SA_RESTART|SA_SIGINFO
SIGPIPE: [libjvm.dylib+0x480a40], sa_mask[0]=11111111011111110111111111111111, sa_flags=SA_RESTART|SA_SIGINFO
SIGXFSZ: [libjvm.dylib+0x480a40], sa_mask[0]=11111111011111110111111111111111, sa_flags=SA_RESTART|SA_SIGINFO
SIGILL: [libjvm.dylib+0x480a40], sa_mask[0]=11111111011111110111111111111111, sa_flags=SA_RESTART|SA_SIGINFO
SIGUSR1: SIG_DFL, sa_mask[0]=00000000000000000000000000000000, sa_flags=none
SIGUSR2: [libjvm.dylib+0x48055e], sa_mask[0]=00100000000000000000000000000000, sa_flags=SA_RESTART|SA_SIGINFO
SIGHUP: [libjvm.dylib+0x47eb35], sa_mask[0]=11111111011111110111111111111111, sa_flags=SA_RESTART|SA_SIGINFO
SIGINT: [libjvm.dylib+0x47eb35], sa_mask[0]=11111111011111110111111111111111, sa_flags=SA_RESTART|SA_SIGINFO
SIGTERM: [libjvm.dylib+0x47eb35], sa_mask[0]=11111111011111110111111111111111, sa_flags=SA_RESTART|SA_SIGINFO
SIGQUIT: [libjvm.dylib+0x47eb35], sa_mask[0]=11111111011111110111111111111111, sa_flags=SA_RESTART|SA_SIGINFO


---------------  S Y S T E M  ---------------

OS:Bsduname:Darwin 15.0.0 Darwin Kernel Version 15.0.0: Sat Sep 19 15:53:46 PDT 2015; root:xnu-3247.10.11~1/RELEASE_X86_64 x86_64
rlimit: STACK 8192k, CORE 0k, NPROC 709, NOFILE 10240, AS infinity
load average:1.81 1.76 1.67

CPU:total 8 (4 cores per cpu, 2 threads per core) family 6 model 70 stepping 1, cmov, cx8, fxsr, mmx, sse, sse2, sse3, ssse3, sse4.1, sse4.2, popcnt, avx, avx2, aes, clmul, erms, rtm, lzcnt, ht, tsc, tscinvbit, bmi1, bmi2

Memory: 4k page, physical 16777216k(1546724k free)

/proc/meminfo:


vm_info: Java HotSpot(TM) 64-Bit Server VM (25.65-b01) for bsd-amd64 JRE (1.8.0_65-b17), built on Oct  6 2015 15:36:46 by "java_re" with gcc 4.2.1 (Based on Apple Inc. build 5658) (LLVM build 2336.11.00)

time: Tue Dec 22 17:48:58 2015
elapsed time: 134 seconds (0d 0h 2m 14s)

