#
# A fatal error has been detected by the Java Runtime Environment:
#
#  SIGSEGV (0xb) at pc=0x00007fff89c2e4dd, pid=2073, tid=2571
#
# JRE version: Java(TM) SE Runtime Environment (8.0_65-b17) (build 1.8.0_65-b17)
# Java VM: Java HotSpot(TM) 64-Bit Server VM (25.65-b01 mixed mode bsd-amd64 compressed oops)
# Problematic frame:
# C  [libobjc.A.dylib+0x14dd]  objc_msgSend+0x1d
#
# Failed to write core dump. Core dumps have been disabled. To enable core dumping, try "ulimit -c unlimited" before starting Java again
#
# If you would like to submit a bug report, please visit:
#   http://bugreport.java.com/bugreport/crash.jsp
# The crash happened outside the Java Virtual Machine in native code.
# See problematic frame for where to report the bug.
#

---------------  T H R E A D  ---------------

Current thread (0x00007f9ab2862800):  JavaThread "AWT-AppKit" daemon [_thread_in_native, id=2571, stack(0x00007fff588e1000,0x00007fff590e1000)]

siginfo: si_signo: 11 (SIGSEGV), si_code: 1 (SEGV_MAPERR), si_addr: 0x0000000000000018

Registers:
RAX=0x00007f9ab6d3d370, RBX=0x000000017d246450, RCX=0x0000000126abd200, RDX=0x0000000126c7afc0
RSP=0x00007fff590dc348, RBP=0x00007fff590dc400, RSI=0x00007fff8d492d0e, RDI=0x00007f9ab6981510
R8 =0x0000000000000000, R9 =0x00000000000008c0, R10=0x00007fff8d492d0e, R11=0x0000000000000000
R12=0x0000000000000000, R13=0x00000001832ed328, R14=0x000000017d246440, R15=0x00007f9ab2862800
RIP=0x00007fff89c2e4dd, EFLAGS=0x0000000000010246, ERR=0x0000000000000004
  TRAPNO=0x000000000000000e

Top of Stack: (sp=0x00007fff590dc348)
0x00007fff590dc348:   000000017d244157 00007fff590dc3a0
0x00007fff590dc358:   0000000000000003 00007fff590dc380
0x00007fff590dc368:   0000000107ff19a6 00000001832ed328
0x00007fff590dc378:   00000001832ed328 00007f9ab6d3d370
0x00007fff590dc388:   000000017d2466a0 000000017d246710
0x00007fff590dc398:   00007fff7a434770 00007fff7c8b0500
0x00007fff590dc3a8:   000000017d246450 000000017d246690
0x00007fff590dc3b8:   00007f9ab6d3d370 00007f9ab6981510
0x00007fff590dc3c8:   00007f9ab0483940 00007f9ab6d3d370
0x00007fff590dc3d8:   00007f9ab6981510 00007fff590dc488
0x00007fff590dc3e8:   00007f9ab28629f8 00000001832ed328
0x00007fff590dc3f8:   00007fff590dc4b0 00007fff590dc478
0x00007fff590dc408:   0000000108e55954 00000001832ed328
0x00007fff590dc418:   00007fff590dc4b0 00007fff590dc478
0x00007fff590dc428:   0000000108e556e7 0000000108e556a2
0x00007fff590dc438:   00007fff590dc438 00000001832ed328
0x00007fff590dc448:   00007fff590dc4b0 000000017d068fd0
0x00007fff590dc458:   0000000000000000 00000001832ed328
0x00007fff590dc468:   0000000000000000 00007fff590dc498
0x00007fff590dc478:   00007fff590dc4f8 0000000108e47c4d
0x00007fff590dc488:   00000006c08a20f0 0000000108e4f578
0x00007fff590dc498:   00007f9ab6d3d370 00007fff590dc4f8
0x00007fff590dc4a8:   00007f9ab6981510 0000000108e50d82
0x00007fff590dc4b8:   00007fff590dc4b8 00000001832ed4f2
0x00007fff590dc4c8:   00007fff590dc520 000000017d068fd0
0x00007fff590dc4d8:   0000000000000000 00000001832ed500
0x00007fff590dc4e8:   00007fff590dc498 00007fff590dc508
0x00007fff590dc4f8:   00007fff590dc568 0000000108e47c4d
0x00007fff590dc508:   00007f9ab6d3d370 00000006c0872e40
0x00007fff590dc518:   00007f9ab6981510 00000006c0872e40
0x00007fff590dc528:   00007fff590dc528 000000018a5c5a26
0x00007fff590dc538:   00007fff590dc578 000000018a5c5ae0 

Instructions: (pc=0x00007fff89c2e4dd)
0x00007fff89c2e4bd:   44 00 00 48 85 ff 2e 74 62 40 f6 c7 01 2e 75 66
0x00007fff89c2e4cd:   49 bb f8 ff ff ff ff 7f 00 00 4c 23 1f 49 89 f2
0x00007fff89c2e4dd:   45 23 53 18 49 c1 e2 04 4d 03 53 10 49 3b 32 75
0x00007fff89c2e4ed:   04 41 ff 62 08 49 83 3a 01 76 0d 49 83 c2 10 49 

Register to memory mapping:

RAX=0x00007f9ab6d3d370 is an unknown value
RBX=0x000000017d246450: Java_jogamp_nativewindow_macosx_OSXUtil_GetScreenRefreshRate0+0x1cf0 in /private/var/folders/4x/fmk2m66x61b3x5qnjlmt61jw0000gp/T/jogamp_0000/file_cache/jln2239283328902838174/jln8653920381768991755/libnativewindow_macosx.jnilib at 0x000000017d23f000
RCX=0x0000000126abd200 is an unknown value
RDX=0x0000000126c7afc0 is an unknown value
RSP=0x00007fff590dc348 is pointing into the stack for thread: 0x00007f9ab2862800
RBP=0x00007fff590dc400 is pointing into the stack for thread: 0x00007f9ab2862800
RSI=0x00007fff8d492d0e is an unknown value
RDI=0x00007f9ab6981510 is an unknown value
R8 =0x0000000000000000 is an unknown value
R9 =0x00000000000008c0 is an unknown value
R10=0x00007fff8d492d0e is an unknown value
R11=0x0000000000000000 is an unknown value
R12=0x0000000000000000 is an unknown value
R13={method} {0x00000001832ed328} 'UnsetJAWTRootSurfaceLayer0' '(JJ)V' in 'jogamp/nativewindow/jawt/macosx/MacOSXJAWTWindow'
R14=0x000000017d246440: Java_jogamp_nativewindow_macosx_OSXUtil_GetScreenRefreshRate0+0x1ce0 in /private/var/folders/4x/fmk2m66x61b3x5qnjlmt61jw0000gp/T/jogamp_0000/file_cache/jln2239283328902838174/jln8653920381768991755/libnativewindow_macosx.jnilib at 0x000000017d23f000
R15=0x00007f9ab2862800 is a thread


Stack: [0x00007fff588e1000,0x00007fff590e1000],  sp=0x00007fff590dc348,  free space=8172k
Native frames: (J=compiled Java code, j=interpreted, Vv=VM code, C=native code)
C  [libobjc.A.dylib+0x14dd]  objc_msgSend+0x1d
j  jogamp.nativewindow.jawt.macosx.MacOSXJAWTWindow.UnsetJAWTRootSurfaceLayer0(JJ)V+0
j  jogamp.nativewindow.jawt.macosx.MacOSXJAWTWindow.access$200(JJ)V+2
j  jogamp.nativewindow.jawt.macosx.MacOSXJAWTWindow$1.run()V+38
J 2573 C1 com.jogamp.common.util.RunnableTask.run()V (345 bytes) @ 0x0000000109791f94 [0x0000000109791e00+0x194]
v  ~StubRoutines::call_stub
V  [libjvm.dylib+0x2eab02]  JavaCalls::call_helper(JavaValue*, methodHandle*, JavaCallArguments*, Thread*)+0x6ae
V  [libjvm.dylib+0x321bab]  jni_invoke_nonstatic(JNIEnv_*, JavaValue*, _jobject*, JNICallType, _jmethodID*, JNI_ArgumentPusher*, Thread*)+0x2ec
V  [libjvm.dylib+0x31437f]  jni_CallVoidMethod+0x16b
C  [libnativewindow_macosx.jnilib+0x5326]  Java_jogamp_nativewindow_jawt_macosx_MacOSXJAWTWindow_UnsetJAWTRootSurfaceLayer0+0x2b6
C  [Foundation+0x8dd4b]  __NSThreadPerformPerform+0x117
C  [CoreFoundation+0x7e5c1]  __CFRUNLOOP_IS_CALLING_OUT_TO_A_SOURCE0_PERFORM_FUNCTION__+0x11
C  [CoreFoundation+0x70397]  __CFRunLoopDoSources0+0x1a7
C  [CoreFoundation+0x6f93f]  __CFRunLoopRun+0x39f
C  [CoreFoundation+0x6f338]  CFRunLoopRunSpecific+0x128
C  [HIToolbox+0x30935]  RunCurrentEventLoopInMode+0xeb
C  [HIToolbox+0x30677]  ReceiveNextEventCommon+0xb8
C  [HIToolbox+0x305af]  _BlockUntilNextEventMatchingListInModeWithFilter+0x47
C  [AppKit+0x8a0ee]  _DPSNextEvent+0x42b
C  [AppKit+0x456943]  -[NSApplication _nextEventMatchingEventMask:untilDate:inMode:dequeue:]+0x1c6
C  [libosxapp.dylib+0x23aa]  -[NSApplicationAWT nextEventMatchingMask:untilDate:inMode:dequeue:]+0x7c
C  [AppKit+0x7ffc8]  -[NSApplication run]+0x2aa
C  [libosxapp.dylib+0x214d]  +[NSApplicationAWT runAWTLoopWithApp:]+0x9c
C  [libawt_lwawt.dylib+0x44517]  -[AWTStarter starter:]+0x389
C  [Foundation+0x8dd4b]  __NSThreadPerformPerform+0x117
C  [CoreFoundation+0x7e5c1]  __CFRUNLOOP_IS_CALLING_OUT_TO_A_SOURCE0_PERFORM_FUNCTION__+0x11
C  [CoreFoundation+0x7041c]  __CFRunLoopDoSources0+0x22c
C  [CoreFoundation+0x6f93f]  __CFRunLoopRun+0x39f
C  [CoreFoundation+0x6f338]  CFRunLoopRunSpecific+0x128
C  [java+0x6463]  CreateExecutionEnvironment+0x367
C  [java+0x21ac]  JLI_Launch+0x7a0
C  [java+0x84c0]  main+0x65
C  [java+0x1a04]  start+0x34
C  0x0000000000000007

Java frames: (J=compiled Java code, j=interpreted, Vv=VM code)
j  jogamp.nativewindow.jawt.macosx.MacOSXJAWTWindow.UnsetJAWTRootSurfaceLayer0(JJ)V+0
j  jogamp.nativewindow.jawt.macosx.MacOSXJAWTWindow.access$200(JJ)V+2
j  jogamp.nativewindow.jawt.macosx.MacOSXJAWTWindow$1.run()V+38
J 2573 C1 com.jogamp.common.util.RunnableTask.run()V (345 bytes) @ 0x0000000109791f94 [0x0000000109791e00+0x194]
v  ~StubRoutines::call_stub

---------------  P R O C E S S  ---------------

Java Threads: ( => current thread )
  0x00007f9ab91c5000 JavaThread "Thread-19" [_thread_blocked, id=39995, stack(0x0000700001559000,0x0000700001659000)]
  0x00007f9ab180c800 JavaThread "Keep-Alive-Timer" daemon [_thread_blocked, id=71539, stack(0x0000700002515000,0x0000700002615000)]
  0x00007f9ab2461800 JavaThread "AWT-EventQueue-1" [_thread_in_native, id=64283, stack(0x0000700001f83000,0x0000700002083000)]
  0x00007f9ab2a59800 JavaThread "DestroyJavaVM" [_thread_blocked, id=5891, stack(0x000070000011a000,0x000070000021a000)]
  0x00007f9ab099b000 JavaThread "AWT-EventQueue-0" [_thread_blocked, id=59143, stack(0x0000700001d7d000,0x0000700001e7d000)]
  0x00007f9ab1128800 JavaThread "Java2D Disposer" daemon [_thread_blocked, id=54539, stack(0x0000700001af4000,0x0000700001bf4000)]
  0x00007f9ab21a0800 JavaThread "Java2D Queue Flusher" daemon [_thread_blocked, id=54279, stack(0x00007000019f1000,0x0000700001af1000)]
  0x00007f9ab10d4000 JavaThread "AWT-Shutdown" [_thread_blocked, id=31763, stack(0x000070000165f000,0x000070000175f000)]
=>0x00007f9ab2862800 JavaThread "AWT-AppKit" daemon [_thread_in_native, id=2571, stack(0x00007fff588e1000,0x00007fff590e1000)]
  0x00007f9ab282f000 JavaThread "Service Thread" daemon [_thread_blocked, id=21251, stack(0x0000700001353000,0x0000700001453000)]
  0x00007f9ab0833800 JavaThread "C1 CompilerThread3" daemon [_thread_blocked, id=20739, stack(0x0000700001250000,0x0000700001350000)]
  0x00007f9ab2807000 JavaThread "C2 CompilerThread2" daemon [_thread_blocked, id=20227, stack(0x000070000114d000,0x000070000124d000)]
  0x00007f9ab2806000 JavaThread "C2 CompilerThread1" daemon [_thread_blocked, id=19715, stack(0x000070000104a000,0x000070000114a000)]
  0x00007f9ab1021800 JavaThread "C2 CompilerThread0" daemon [_thread_blocked, id=19203, stack(0x0000700000f47000,0x0000700001047000)]
  0x00007f9ab1032800 JavaThread "Signal Dispatcher" daemon [_thread_blocked, id=15887, stack(0x0000700000e44000,0x0000700000f44000)]
  0x00007f9ab0862800 JavaThread "Finalizer" daemon [_thread_blocked, id=14339, stack(0x0000700000c3b000,0x0000700000d3b000)]
  0x00007f9ab0862000 JavaThread "Reference Handler" daemon [_thread_blocked, id=13827, stack(0x0000700000b38000,0x0000700000c38000)]

Other Threads:
  0x00007f9ab085f000 VMThread [stack: 0x0000700000a35000,0x0000700000b35000] [id=13315]
  0x00007f9ab1017000 WatcherThread [stack: 0x0000700001456000,0x0000700001556000] [id=21763]

VM state:not at safepoint (normal execution)

VM Mutex/Monitor currently owned by a thread: None

Heap:
 PSYoungGen      total 76288K, used 44557K [0x000000076ab00000, 0x0000000770000000, 0x00000007c0000000)
  eden space 65536K, 67% used [0x000000076ab00000,0x000000076d683478,0x000000076eb00000)
  from space 10752K, 0% used [0x000000076f580000,0x000000076f580000,0x0000000770000000)
  to   space 10752K, 0% used [0x000000076eb00000,0x000000076eb00000,0x000000076f580000)
 ParOldGen       total 129536K, used 16496K [0x00000006c0000000, 0x00000006c7e80000, 0x000000076ab00000)
  object space 129536K, 12% used [0x00000006c0000000,0x00000006c101c0f0,0x00000006c7e80000)
 Metaspace       used 21276K, capacity 21579K, committed 21808K, reserved 1069056K
  class space    used 2067K, capacity 2148K, committed 2176K, reserved 1048576K

Card table byte_map: [0x0000000118200000,0x0000000118a01000] byte_map_base: 0x0000000114c00000

Marking Bits: (ParMarkBitMap*) 0x00000001086dee20
 Begin Bits: [0x0000000118f57000, 0x000000011cf57000)
 End Bits:   [0x000000011cf57000, 0x0000000120f57000)

Polling page: 0x0000000106de2000

CodeCache: size=245760Kb used=10530Kb max_used=10530Kb free=235229Kb
 bounds [0x0000000108e40000, 0x00000001098a0000, 0x0000000117e40000]
 total_blobs=3764 nmethods=2873 adapters=804
 compilation: enabled

Compilation events (10 events):
Event: 9.269 Thread 0x00007f9ab0833800 2869       3       jogamp.opengl.GLContextImpl::getDefaultReadFramebuffer (8 bytes)
Event: 9.269 Thread 0x00007f9ab0833800 nmethod 2869 0x00000001098909d0 code [0x0000000109890b40, 0x0000000109890d68]
Event: 9.319 Thread 0x00007f9ab0833800 2870   !   3       sun.lwawt.LWComponentPeer::isShowing (49 bytes)
Event: 9.320 Thread 0x00007f9ab0833800 nmethod 2870 0x0000000109890e10 code [0x0000000109890fc0, 0x00000001098918a8]
Event: 9.321 Thread 0x00007f9ab0833800 2871       3       sun.lwawt.LWComponentPeer::getLocationOnScreen (41 bytes)
Event: 9.323 Thread 0x00007f9ab0833800 nmethod 2871 0x0000000109891b50 code [0x0000000109891d40, 0x00000001098926e8]
Event: 9.323 Thread 0x00007f9ab0833800 2873       1       sun.java2d.SurfaceData::isValid (5 bytes)
Event: 9.323 Thread 0x00007f9ab0833800 nmethod 2873 0x0000000109892c90 code [0x0000000109892de0, 0x0000000109892ef0]
Event: 9.323 Thread 0x00007f9ab0833800 2872       3       sun.lwawt.LWWindowPeer::getLocationOnScreen (10 bytes)
Event: 9.324 Thread 0x00007f9ab0833800 nmethod 2872 0x0000000109892f50 code [0x00000001098930e0, 0x0000000109893470]

GC Heap History (6 events):
Event: 2.392 GC heap before
{Heap before GC invocations=1 (full 0):
 PSYoungGen      total 76288K, used 65536K [0x000000076ab00000, 0x0000000770000000, 0x00000007c0000000)
  eden space 65536K, 100% used [0x000000076ab00000,0x000000076eb00000,0x000000076eb00000)
  from space 10752K, 0% used [0x000000076f580000,0x000000076f580000,0x0000000770000000)
  to   space 10752K, 0% used [0x000000076eb00000,0x000000076eb00000,0x000000076f580000)
 ParOldGen       total 175104K, used 0K [0x00000006c0000000, 0x00000006cab00000, 0x000000076ab00000)
  object space 175104K, 0% used [0x00000006c0000000,0x00000006c0000000,0x00000006cab00000)
 Metaspace       used 19516K, capacity 19739K, committed 20096K, reserved 1067008K
  class space    used 1983K, capacity 2050K, committed 2176K, reserved 1048576K
Event: 2.401 GC heap after
Heap after GC invocations=1 (full 0):
 PSYoungGen      total 76288K, used 8841K [0x000000076ab00000, 0x0000000770000000, 0x00000007c0000000)
  eden space 65536K, 0% used [0x000000076ab00000,0x000000076ab00000,0x000000076eb00000)
  from space 10752K, 82% used [0x000000076eb00000,0x000000076f3a2768,0x000000076f580000)
  to   space 10752K, 0% used [0x000000076f580000,0x000000076f580000,0x0000000770000000)
 ParOldGen       total 175104K, used 16K [0x00000006c0000000, 0x00000006cab00000, 0x000000076ab00000)
  object space 175104K, 0% used [0x00000006c0000000,0x00000006c0004000,0x00000006cab00000)
 Metaspace       used 19516K, capacity 19739K, committed 20096K, reserved 1067008K
  class space    used 1983K, capacity 2050K, committed 2176K, reserved 1048576K
}
Event: 4.382 GC heap before
{Heap before GC invocations=2 (full 0):
 PSYoungGen      total 76288K, used 64015K [0x000000076ab00000, 0x0000000770000000, 0x00000007c0000000)
  eden space 65536K, 84% used [0x000000076ab00000,0x000000076e0e1888,0x000000076eb00000)
  from space 10752K, 82% used [0x000000076eb00000,0x000000076f3a2768,0x000000076f580000)
  to   space 10752K, 0% used [0x000000076f580000,0x000000076f580000,0x0000000770000000)
 ParOldGen       total 175104K, used 16K [0x00000006c0000000, 0x00000006cab00000, 0x000000076ab00000)
  object space 175104K, 0% used [0x00000006c0000000,0x00000006c0004000,0x00000006cab00000)
 Metaspace       used 20895K, capacity 21131K, committed 21296K, reserved 1069056K
  class space    used 2059K, capacity 2148K, committed 2176K, reserved 1048576K
Event: 4.398 GC heap after
Heap after GC invocations=2 (full 0):
 PSYoungGen      total 76288K, used 10746K [0x000000076ab00000, 0x0000000770000000, 0x00000007c0000000)
  eden space 65536K, 0% used [0x000000076ab00000,0x000000076ab00000,0x000000076eb00000)
  from space 10752K, 99% used [0x000000076f580000,0x000000076fffe880,0x0000000770000000)
  to   space 10752K, 0% used [0x000000076eb00000,0x000000076eb00000,0x000000076f580000)
 ParOldGen       total 175104K, used 5848K [0x00000006c0000000, 0x00000006cab00000, 0x000000076ab00000)
  object space 175104K, 3% used [0x00000006c0000000,0x00000006c05b62a0,0x00000006cab00000)
 Metaspace       used 20895K, capacity 21131K, committed 21296K, reserved 1069056K
  class space    used 2059K, capacity 2148K, committed 2176K, reserved 1048576K
}
Event: 4.398 GC heap before
{Heap before GC invocations=3 (full 1):
 PSYoungGen      total 76288K, used 10746K [0x000000076ab00000, 0x0000000770000000, 0x00000007c0000000)
  eden space 65536K, 0% used [0x000000076ab00000,0x000000076ab00000,0x000000076eb00000)
  from space 10752K, 99% used [0x000000076f580000,0x000000076fffe880,0x0000000770000000)
  to   space 10752K, 0% used [0x000000076eb00000,0x000000076eb00000,0x000000076f580000)
 ParOldGen       total 175104K, used 5848K [0x00000006c0000000, 0x00000006cab00000, 0x000000076ab00000)
  object space 175104K, 3% used [0x00000006c0000000,0x00000006c05b62a0,0x00000006cab00000)
 Metaspace       used 20895K, capacity 21131K, committed 21296K, reserved 1069056K
  class space    used 2059K, capacity 2148K, committed 2176K, reserved 1048576K
Event: 4.434 GC heap after
Heap after GC invocations=3 (full 1):
 PSYoungGen      total 76288K, used 0K [0x000000076ab00000, 0x0000000770000000, 0x00000007c0000000)
  eden space 65536K, 0% used [0x000000076ab00000,0x000000076ab00000,0x000000076eb00000)
  from space 10752K, 0% used [0x000000076f580000,0x000000076f580000,0x0000000770000000)
  to   space 10752K, 0% used [0x000000076eb00000,0x000000076eb00000,0x000000076f580000)
 ParOldGen       total 129536K, used 16496K [0x00000006c0000000, 0x00000006c7e80000, 0x000000076ab00000)
  object space 129536K, 12% used [0x00000006c0000000,0x00000006c101c0f0,0x00000006c7e80000)
 Metaspace       used 20895K, capacity 21131K, committed 21296K, reserved 1069056K
  class space    used 2059K, capacity 2148K, committed 2176K, reserved 1048576K
}

Deoptimization events (10 events):
Event: 4.084 Thread 0x00007f9ab2461800 Uncommon trap: reason=unstable_if action=reinterpret pc=0x00000001095470e8 method=processing.opengl.PGraphicsOpenGL.tessellate(I)V @ 389
Event: 4.106 Thread 0x00007f9ab2461800 Uncommon trap: reason=unstable_if action=reinterpret pc=0x000000010964f458 method=processing.core.PFont.indexActual(C)I @ 4
Event: 5.966 Thread 0x00007f9ab2461800 Uncommon trap: reason=unstable_if action=reinterpret pc=0x00000001097198fc method=module5.CommonMarker.draw(Lprocessing/core/PGraphics;FF)V @ 4
Event: 9.318 Thread 0x00007f9ab2461800 Uncommon trap: reason=class_check action=maybe_recompile pc=0x000000010924bf50 method=java.util.Arrays.copyOf([Ljava/lang/Object;ILjava/lang/Class;)[Ljava/lang/Object; @ 24
Event: 9.318 Thread 0x00007f9ab2461800 Uncommon trap: reason=class_check action=maybe_recompile pc=0x000000010924bf50 method=java.util.Arrays.copyOf([Ljava/lang/Object;ILjava/lang/Class;)[Ljava/lang/Object; @ 24
Event: 9.319 Thread 0x00007f9ab2461800 Uncommon trap: reason=unstable_if action=reinterpret pc=0x000000010952b928 method=com.jogamp.common.util.VersionNumber.compareTo(Lcom/jogamp/common/util/VersionNumber;)I @ 21
Event: 9.322 Thread 0x00007f9ab099b000 Uncommon trap: reason=unstable_if action=reinterpret pc=0x0000000109630194 method=java.awt.Font.equals(Ljava/lang/Object;)Z @ 2
Event: 9.367 Thread 0x00007f9ab28de800 Uncommon trap: reason=unstable_if action=reinterpret pc=0x0000000109324ce8 method=java.util.HashMap.putVal(ILjava/lang/Object;Ljava/lang/Object;ZZ)Ljava/lang/Object; @ 81
Event: 9.367 Thread 0x00007f9ab28de800 Uncommon trap: reason=unstable_if action=reinterpret pc=0x0000000109320d80 method=java.util.HashMap.putVal(ILjava/lang/Object;Ljava/lang/Object;ZZ)Ljava/lang/Object; @ 81
Event: 9.380 Thread 0x00007f9ab2461800 Uncommon trap: reason=unstable_if action=reinterpret pc=0x000000010983d824 method=java.security.AccessControlContext.optimize()Ljava/security/AccessControlContext; @ 233

Internal exceptions (10 events):
Event: 0.116 Thread 0x00007f9ab1006800 Exception <a 'java/lang/NoSuchFieldError': method resolution failed> (0x000000076af3b5c8) thrown at [/Users/java_re/workspace/8-2-build-macosx-x86_64/jdk8u65/4987/hotspot/src/share/vm/prims/methodHandles.cpp, line 1146]
Event: 0.117 Thread 0x00007f9ab1006800 Exception <a 'java/lang/NoSuchFieldError': method resolution failed> (0x000000076af48d98) thrown at [/Users/java_re/workspace/8-2-build-macosx-x86_64/jdk8u65/4987/hotspot/src/share/vm/prims/methodHandles.cpp, line 1146]
Event: 0.247 Thread 0x00007f9ab1006800 Exception <a 'java/io/FileNotFoundException'> (0x000000076afc4d00) thrown at [/Users/java_re/workspace/8-2-build-macosx-x86_64/jdk8u65/4987/hotspot/src/share/vm/prims/jni.cpp, line 709]
Event: 0.247 Thread 0x00007f9ab1006800 Exception <a 'java/io/FileNotFoundException'> (0x000000076afc5860) thrown at [/Users/java_re/workspace/8-2-build-macosx-x86_64/jdk8u65/4987/hotspot/src/share/vm/prims/jni.cpp, line 709]
Event: 0.332 Thread 0x00007f9ab1006800 Exception <a 'java/io/FileNotFoundException'> (0x000000076b1a7e30) thrown at [/Users/java_re/workspace/8-2-build-macosx-x86_64/jdk8u65/4987/hotspot/src/share/vm/prims/jni.cpp, line 709]
Event: 1.178 Thread 0x00007f9ab10f7000 Exception <a 'java/lang/UnsatisfiedLinkError': com.jogamp.common.util.JarUtil.fixNativeLibAttribs(Ljava/lang/String;)Z> (0x000000076c7f5818) thrown at [/Users/java_re/workspace/8-2-build-macosx-x86_64/jdk8u65/4987/hotspot/src/share/vm/prims/nativeLookup.c
Event: 1.832 Thread 0x00007f9ab2461800 Exception <a 'java/io/FileNotFoundException'> (0x000000076db59a18) thrown at [/Users/java_re/workspace/8-2-build-macosx-x86_64/jdk8u65/4987/hotspot/src/share/vm/prims/jni.cpp, line 709]
Event: 1.832 Thread 0x00007f9ab2461800 Exception <a 'java/io/FileNotFoundException'> (0x000000076db60ea0) thrown at [/Users/java_re/workspace/8-2-build-macosx-x86_64/jdk8u65/4987/hotspot/src/share/vm/prims/jni.cpp, line 709]
Event: 1.832 Thread 0x00007f9ab2461800 Implicit null exception at 0x0000000108feea75 to 0x0000000108feedd9
Event: 2.401 Thread 0x00007f9ab0862800 Exception <a 'java/lang/NullPointerException'> (0x000000076abced58) thrown at [/Users/java_re/workspace/8-2-build-macosx-x86_64/jdk8u65/4987/hotspot/src/share/vm/interpreter/linkResolver.cpp, line 1178]

Events (10 events):
Event: 9.380 Thread 0x00007f9ab2461800 DEOPT UNPACKING pc=0x0000000108e45229 sp=0x0000700002080880 mode 2
Event: 9.380 loading class java/awt/LightweightDispatcher$2
Event: 9.380 loading class java/awt/LightweightDispatcher$2 done
Event: 9.380 loading class java/awt/event/AWTEventListenerProxy
Event: 9.380 loading class java/awt/event/AWTEventListenerProxy done
Event: 9.380 loading class java/awt/Toolkit$ToolkitEventMulticaster
Event: 9.380 loading class java/awt/Toolkit$ToolkitEventMulticaster done
Event: 9.380 Thread 0x00007f9ab28de800 Thread exited: 0x00007f9ab28de800
Event: 9.380 loading class java/awt/Window$1DisposeAction
Event: 9.381 loading class java/awt/Window$1DisposeAction done


Dynamic libraries:
0x000000000950b000 	/System/Library/Frameworks/Cocoa.framework/Versions/A/Cocoa
0x000000000950b000 	/System/Library/Frameworks/Security.framework/Versions/A/Security
0x000000000950b000 	/System/Library/Frameworks/ApplicationServices.framework/Versions/A/ApplicationServices
0x000000000950b000 	/usr/lib/libz.1.dylib
0x000000000950b000 	/usr/lib/libSystem.B.dylib
0x000000000950b000 	/usr/lib/libobjc.A.dylib
0x000000000950b000 	/System/Library/Frameworks/CoreFoundation.framework/Versions/A/CoreFoundation
0x000000000950b000 	/System/Library/Frameworks/Foundation.framework/Versions/C/Foundation
0x000000000950b000 	/System/Library/Frameworks/AppKit.framework/Versions/C/AppKit
0x000000000950b000 	/System/Library/Frameworks/CoreData.framework/Versions/A/CoreData
0x000000000950b000 	/System/Library/PrivateFrameworks/RemoteViewServices.framework/Versions/A/RemoteViewServices
0x000000000950b000 	/System/Library/PrivateFrameworks/UIFoundation.framework/Versions/A/UIFoundation
0x000000000950b000 	/usr/lib/libScreenReader.dylib
0x000000000950b000 	/System/Library/Frameworks/Accelerate.framework/Versions/A/Accelerate
0x000000000950b000 	/System/Library/Frameworks/IOSurface.framework/Versions/A/IOSurface
0x000000000950b000 	/System/Library/Frameworks/AudioToolbox.framework/Versions/A/AudioToolbox
0x000000000950b000 	/System/Library/Frameworks/AudioUnit.framework/Versions/A/AudioUnit
0x000000000950b000 	/System/Library/PrivateFrameworks/DataDetectorsCore.framework/Versions/A/DataDetectorsCore
0x000000000950b000 	/System/Library/PrivateFrameworks/DesktopServicesPriv.framework/Versions/A/DesktopServicesPriv
0x000000000950b000 	/System/Library/Frameworks/Carbon.framework/Versions/A/Frameworks/HIToolbox.framework/Versions/A/HIToolbox
0x000000000950b000 	/System/Library/Frameworks/QuartzCore.framework/Versions/A/QuartzCore
0x000000000950b000 	/System/Library/Frameworks/Carbon.framework/Versions/A/Frameworks/SpeechRecognition.framework/Versions/A/SpeechRecognition
0x000000000950b000 	/usr/lib/libauto.dylib
0x000000000950b000 	/usr/lib/libicucore.A.dylib
0x000000000950b000 	/usr/lib/libxml2.2.dylib
0x000000000950b000 	/System/Library/PrivateFrameworks/CoreUI.framework/Versions/A/CoreUI
0x000000000950b000 	/System/Library/Frameworks/CoreAudio.framework/Versions/A/CoreAudio
0x000000000950b000 	/System/Library/Frameworks/DiskArbitration.framework/Versions/A/DiskArbitration
0x000000000950b000 	/usr/lib/liblangid.dylib
0x000000000950b000 	/System/Library/PrivateFrameworks/MultitouchSupport.framework/Versions/A/MultitouchSupport
0x000000000950b000 	/System/Library/Frameworks/IOKit.framework/Versions/A/IOKit
0x000000000950b000 	/usr/lib/libDiagnosticMessagesClient.dylib
0x000000000950b000 	/System/Library/Frameworks/CoreServices.framework/Versions/A/CoreServices
0x000000000950b000 	/System/Library/PrivateFrameworks/PerformanceAnalysis.framework/Versions/A/PerformanceAnalysis
0x000000000950b000 	/System/Library/PrivateFrameworks/GenerationalStorage.framework/Versions/A/GenerationalStorage
0x000000000950b000 	/System/Library/Frameworks/OpenGL.framework/Versions/A/OpenGL
0x000000000950b000 	/System/Library/PrivateFrameworks/Sharing.framework/Versions/A/Sharing
0x000000000950b000 	/System/Library/Frameworks/CoreGraphics.framework/Versions/A/CoreGraphics
0x000000000950b000 	/System/Library/Frameworks/CoreImage.framework/Versions/A/CoreImage
0x000000000950b000 	/System/Library/Frameworks/CoreText.framework/Versions/A/CoreText
0x000000000950b000 	/System/Library/Frameworks/ImageIO.framework/Versions/A/ImageIO
0x000000000950b000 	/System/Library/PrivateFrameworks/Backup.framework/Versions/A/Backup
0x000000000950b000 	/usr/lib/libextension.dylib
0x000000000950b000 	/usr/lib/libarchive.2.dylib
0x000000000950b000 	/System/Library/Frameworks/CFNetwork.framework/Versions/A/CFNetwork
0x000000000950b000 	/System/Library/Frameworks/SystemConfiguration.framework/Versions/A/SystemConfiguration
0x000000000950b000 	/usr/lib/libCRFSuite.dylib
0x000000000950b000 	/usr/lib/libc++.1.dylib
0x000000000950b000 	/usr/lib/libc++abi.dylib
0x000000000950b000 	/usr/lib/system/libcache.dylib
0x000000000950b000 	/usr/lib/system/libcommonCrypto.dylib
0x000000000950b000 	/usr/lib/system/libcompiler_rt.dylib
0x000000000950b000 	/usr/lib/system/libcopyfile.dylib
0x000000000950b000 	/usr/lib/system/libcorecrypto.dylib
0x000000000950b000 	/usr/lib/system/libdispatch.dylib
0x000000000950b000 	/usr/lib/system/libdyld.dylib
0x000000000950b000 	/usr/lib/system/libkeymgr.dylib
0x000000000950b000 	/usr/lib/system/liblaunch.dylib
0x000000000950b000 	/usr/lib/system/libmacho.dylib
0x000000000950b000 	/usr/lib/system/libquarantine.dylib
0x000000000950b000 	/usr/lib/system/libremovefile.dylib
0x000000000950b000 	/usr/lib/system/libsystem_asl.dylib
0x000000000950b000 	/usr/lib/system/libsystem_blocks.dylib
0x000000000950b000 	/usr/lib/system/libsystem_c.dylib
0x000000000950b000 	/usr/lib/system/libsystem_configuration.dylib
0x000000000950b000 	/usr/lib/system/libsystem_coreservices.dylib
0x000000000950b000 	/usr/lib/system/libsystem_coretls.dylib
0x000000000950b000 	/usr/lib/system/libsystem_dnssd.dylib
0x000000000950b000 	/usr/lib/system/libsystem_info.dylib
0x000000000950b000 	/usr/lib/system/libsystem_kernel.dylib
0x000000000950b000 	/usr/lib/system/libsystem_m.dylib
0x000000000950b000 	/usr/lib/system/libsystem_malloc.dylib
0x000000000950b000 	/usr/lib/system/libsystem_network.dylib
0x000000000950b000 	/usr/lib/system/libsystem_networkextension.dylib
0x000000000950b000 	/usr/lib/system/libsystem_notify.dylib
0x000000000950b000 	/usr/lib/system/libsystem_platform.dylib
0x000000000950b000 	/usr/lib/system/libsystem_pthread.dylib
0x000000000950b000 	/usr/lib/system/libsystem_sandbox.dylib
0x000000000950b000 	/usr/lib/system/libsystem_secinit.dylib
0x000000000950b000 	/usr/lib/system/libsystem_trace.dylib
0x000000000950b000 	/usr/lib/system/libunc.dylib
0x000000000950b000 	/usr/lib/system/libunwind.dylib
0x000000000950b000 	/usr/lib/system/libxpc.dylib
0x000000000950b000 	/usr/lib/libenergytrace.dylib
0x000000000950b000 	/usr/lib/libbsm.0.dylib
0x000000000950b000 	/usr/lib/system/libkxld.dylib
0x000000000950b000 	/usr/lib/libxar.1.dylib
0x000000000950b000 	/usr/lib/libsqlite3.dylib
0x000000000950b000 	/usr/lib/libpam.2.dylib
0x000000000950b000 	/usr/lib/libOpenScriptingUtil.dylib
0x000000000950b000 	/usr/lib/libbz2.1.0.dylib
0x000000000950b000 	/usr/lib/liblzma.5.dylib
0x000000000950b000 	/System/Library/Frameworks/CoreServices.framework/Versions/A/Frameworks/FSEvents.framework/Versions/A/FSEvents
0x000000000950b000 	/System/Library/Frameworks/CoreServices.framework/Versions/A/Frameworks/CarbonCore.framework/Versions/A/CarbonCore
0x000000000950b000 	/System/Library/Frameworks/CoreServices.framework/Versions/A/Frameworks/Metadata.framework/Versions/A/Metadata
0x000000000950b000 	/System/Library/Frameworks/CoreServices.framework/Versions/A/Frameworks/OSServices.framework/Versions/A/OSServices
0x000000000950b000 	/System/Library/Frameworks/CoreServices.framework/Versions/A/Frameworks/SearchKit.framework/Versions/A/SearchKit
0x000000000950b000 	/System/Library/Frameworks/CoreServices.framework/Versions/A/Frameworks/AE.framework/Versions/A/AE
0x000000000950b000 	/System/Library/Frameworks/CoreServices.framework/Versions/A/Frameworks/LaunchServices.framework/Versions/A/LaunchServices
0x000000000950b000 	/System/Library/Frameworks/CoreServices.framework/Versions/A/Frameworks/DictionaryServices.framework/Versions/A/DictionaryServices
0x000000000950b000 	/System/Library/Frameworks/CoreServices.framework/Versions/A/Frameworks/SharedFileList.framework/Versions/A/SharedFileList
0x000000000950b000 	/System/Library/Frameworks/NetFS.framework/Versions/A/NetFS
0x000000000950b000 	/System/Library/PrivateFrameworks/NetAuth.framework/Versions/A/NetAuth
0x000000000950b000 	/System/Library/PrivateFrameworks/login.framework/Versions/A/Frameworks/loginsupport.framework/Versions/A/loginsupport
0x000000000950b000 	/System/Library/PrivateFrameworks/TCC.framework/Versions/A/TCC
0x000000000950b000 	/usr/lib/libmecabra.dylib
0x000000000950b000 	/System/Library/Frameworks/ApplicationServices.framework/Versions/A/Frameworks/ATS.framework/Versions/A/ATS
0x000000000950b000 	/System/Library/Frameworks/ApplicationServices.framework/Versions/A/Frameworks/ColorSync.framework/Versions/A/ColorSync
0x000000000950b000 	/System/Library/Frameworks/ApplicationServices.framework/Versions/A/Frameworks/HIServices.framework/Versions/A/HIServices
0x000000000950b000 	/System/Library/Frameworks/ApplicationServices.framework/Versions/A/Frameworks/LangAnalysis.framework/Versions/A/LangAnalysis
0x000000000950b000 	/System/Library/Frameworks/ApplicationServices.framework/Versions/A/Frameworks/PrintCore.framework/Versions/A/PrintCore
0x000000000950b000 	/System/Library/Frameworks/ApplicationServices.framework/Versions/A/Frameworks/QD.framework/Versions/A/QD
0x000000000950b000 	/System/Library/Frameworks/ApplicationServices.framework/Versions/A/Frameworks/SpeechSynthesis.framework/Versions/A/SpeechSynthesis
0x000000000950b000 	/System/Library/Frameworks/Metal.framework/Versions/A/Metal
0x000000000950b000 	/System/Library/Frameworks/Accelerate.framework/Versions/A/Frameworks/vImage.framework/Versions/A/vImage
0x000000000950b000 	/System/Library/Frameworks/Accelerate.framework/Versions/A/Frameworks/vecLib.framework/Versions/A/vecLib
0x000000000950b000 	/System/Library/Frameworks/Accelerate.framework/Versions/A/Frameworks/vecLib.framework/Versions/A/libvDSP.dylib
0x000000000950b000 	/System/Library/Frameworks/Accelerate.framework/Versions/A/Frameworks/vecLib.framework/Versions/A/libvMisc.dylib
0x000000000950b000 	/System/Library/Frameworks/Accelerate.framework/Versions/A/Frameworks/vecLib.framework/Versions/A/libLAPACK.dylib
0x000000000950b000 	/System/Library/Frameworks/Accelerate.framework/Versions/A/Frameworks/vecLib.framework/Versions/A/libBLAS.dylib
0x000000000950b000 	/System/Library/Frameworks/Accelerate.framework/Versions/A/Frameworks/vecLib.framework/Versions/A/libLinearAlgebra.dylib
0x000000000950b000 	/System/Library/Frameworks/Accelerate.framework/Versions/A/Frameworks/vecLib.framework/Versions/A/libSparseBLAS.dylib
0x000000000950b000 	/System/Library/PrivateFrameworks/GPUCompiler.framework/libmetal_timestamp.dylib
0x000000000950b000 	/System/Library/Frameworks/OpenGL.framework/Versions/A/Libraries/libCoreFSCache.dylib
0x000000000950b000 	/System/Library/PrivateFrameworks/IOAccelerator.framework/Versions/A/IOAccelerator
0x000000000950b000 	/System/Library/Frameworks/ApplicationServices.framework/Versions/A/Frameworks/ATS.framework/Versions/A/Resources/libFontParser.dylib
0x000000000950b000 	/System/Library/Frameworks/ApplicationServices.framework/Versions/A/Frameworks/ATS.framework/Versions/A/Resources/libFontRegistry.dylib
0x000000000950b000 	/System/Library/PrivateFrameworks/AppleVPA.framework/Versions/A/AppleVPA
0x000000000950b000 	/System/Library/PrivateFrameworks/AppleJPEG.framework/Versions/A/AppleJPEG
0x000000000950b000 	/System/Library/Frameworks/ImageIO.framework/Versions/A/Resources/libJPEG.dylib
0x000000000950b000 	/System/Library/Frameworks/ImageIO.framework/Versions/A/Resources/libTIFF.dylib
0x000000000950b000 	/System/Library/Frameworks/ImageIO.framework/Versions/A/Resources/libPng.dylib
0x000000000950b000 	/System/Library/Frameworks/ImageIO.framework/Versions/A/Resources/libGIF.dylib
0x000000000950b000 	/System/Library/Frameworks/ImageIO.framework/Versions/A/Resources/libJP2.dylib
0x000000000950b000 	/System/Library/Frameworks/ImageIO.framework/Versions/A/Resources/libRadiance.dylib
0x000000000950b000 	/System/Library/Frameworks/CoreVideo.framework/Versions/A/CoreVideo
0x000000000950b000 	/System/Library/Frameworks/OpenGL.framework/Versions/A/Libraries/libGLU.dylib
0x000000000950b000 	/System/Library/Frameworks/OpenGL.framework/Versions/A/Libraries/libGFXShared.dylib
0x000000000950b000 	/System/Library/Frameworks/OpenGL.framework/Versions/A/Libraries/libGL.dylib
0x000000000950b000 	/System/Library/Frameworks/OpenGL.framework/Versions/A/Libraries/libGLImage.dylib
0x000000000950b000 	/System/Library/Frameworks/OpenGL.framework/Versions/A/Libraries/libCVMSPluginSupport.dylib
0x000000000950b000 	/System/Library/Frameworks/OpenGL.framework/Versions/A/Libraries/libCoreVMClient.dylib
0x000000000950b000 	/usr/lib/libcups.2.dylib
0x000000000950b000 	/System/Library/Frameworks/Kerberos.framework/Versions/A/Kerberos
0x000000000950b000 	/System/Library/Frameworks/GSS.framework/Versions/A/GSS
0x000000000950b000 	/usr/lib/libresolv.9.dylib
0x000000000950b000 	/usr/lib/libiconv.2.dylib
0x000000000950b000 	/System/Library/PrivateFrameworks/Heimdal.framework/Versions/A/Heimdal
0x000000000950b000 	/usr/lib/libheimdal-asn1.dylib
0x000000000950b000 	/System/Library/Frameworks/OpenDirectory.framework/Versions/A/OpenDirectory
0x000000000950b000 	/System/Library/PrivateFrameworks/CommonAuth.framework/Versions/A/CommonAuth
0x000000000950b000 	/System/Library/Frameworks/OpenDirectory.framework/Versions/A/Frameworks/CFOpenDirectory.framework/Versions/A/CFOpenDirectory
0x000000000950b000 	/System/Library/Frameworks/SecurityFoundation.framework/Versions/A/SecurityFoundation
0x000000000950b000 	/System/Library/PrivateFrameworks/LanguageModeling.framework/Versions/A/LanguageModeling
0x000000000950b000 	/usr/lib/libmarisa.dylib
0x000000000950b000 	/usr/lib/libChineseTokenizer.dylib
0x000000000950b000 	/usr/lib/libcmph.dylib
0x000000000950b000 	/usr/lib/libcompression.dylib
0x000000000950b000 	/System/Library/Frameworks/ServiceManagement.framework/Versions/A/ServiceManagement
0x000000000950b000 	/usr/lib/libxslt.1.dylib
0x000000000950b000 	/System/Library/Frameworks/Carbon.framework/Versions/A/Frameworks/Ink.framework/Versions/A/Ink
0x000000000950b000 	/usr/lib/libFosl_dynamic.dylib
0x000000000950b000 	/System/Library/PrivateFrameworks/FaceCore.framework/Versions/A/FaceCore
0x000000000950b000 	/System/Library/Frameworks/OpenCL.framework/Versions/A/OpenCL
0x000000000950b000 	/System/Library/PrivateFrameworks/CrashReporterSupport.framework/Versions/A/CrashReporterSupport
0x000000000950b000 	/System/Library/PrivateFrameworks/IconServices.framework/Versions/A/IconServices
0x000000000950b000 	/System/Library/PrivateFrameworks/Apple80211.framework/Versions/A/Apple80211
0x000000000950b000 	/System/Library/Frameworks/CoreWLAN.framework/Versions/A/CoreWLAN
0x000000000950b000 	/System/Library/Frameworks/IOBluetooth.framework/Versions/A/IOBluetooth
0x000000000950b000 	/System/Library/PrivateFrameworks/CoreWiFi.framework/Versions/A/CoreWiFi
0x000000000950b000 	/System/Library/Frameworks/CoreBluetooth.framework/Versions/A/CoreBluetooth
0x000000000950b000 	/System/Library/PrivateFrameworks/ChunkingLibrary.framework/Versions/A/ChunkingLibrary
0x000000000950b000 	/System/Library/PrivateFrameworks/DebugSymbols.framework/Versions/A/DebugSymbols
0x000000000950b000 	/System/Library/PrivateFrameworks/CoreSymbolication.framework/Versions/A/CoreSymbolication
0x000000000950b000 	/System/Library/PrivateFrameworks/Symbolication.framework/Versions/A/Symbolication
0x000000000950b000 	/System/Library/PrivateFrameworks/SpeechRecognitionCore.framework/Versions/A/SpeechRecognitionCore
0x0000000107e00000 	/Library/Java/JavaVirtualMachines/jdk1.8.0_65.jdk/Contents/Home/jre/lib/server/libjvm.dylib
0x0000000108d89000 	/usr/lib/libstdc++.6.dylib
0x0000000106d9f000 	/Library/Java/JavaVirtualMachines/jdk1.8.0_65.jdk/Contents/Home/jre/lib/libverify.dylib
0x0000000106dad000 	/Library/Java/JavaVirtualMachines/jdk1.8.0_65.jdk/Contents/Home/jre/lib/libjava.dylib
0x0000000106dec000 	/Library/Java/JavaVirtualMachines/jdk1.8.0_65.jdk/Contents/Home/jre/lib/libzip.dylib
0x0000000123ef5000 	/System/Library/Frameworks/JavaVM.framework/Frameworks/JavaRuntimeSupport.framework/JavaRuntimeSupport
0x0000000123f10000 	/System/Library/Frameworks/JavaVM.framework/Versions/A/Frameworks/JavaNativeFoundation.framework/Versions/A/JavaNativeFoundation
0x0000000123f25000 	/System/Library/Frameworks/JavaVM.framework/Versions/A/JavaVM
0x000000000950b000 	/System/Library/Frameworks/Carbon.framework/Versions/A/Carbon
0x0000000123f32000 	/System/Library/PrivateFrameworks/JavaLaunching.framework/Versions/A/JavaLaunching
0x000000000950b000 	/System/Library/Frameworks/Carbon.framework/Versions/A/Frameworks/CommonPanels.framework/Versions/A/CommonPanels
0x000000000950b000 	/System/Library/Frameworks/Carbon.framework/Versions/A/Frameworks/Help.framework/Versions/A/Help
0x000000000950b000 	/System/Library/Frameworks/Carbon.framework/Versions/A/Frameworks/ImageCapture.framework/Versions/A/ImageCapture
0x000000000950b000 	/System/Library/Frameworks/Carbon.framework/Versions/A/Frameworks/OpenScripting.framework/Versions/A/OpenScripting
0x000000000950b000 	/System/Library/Frameworks/Carbon.framework/Versions/A/Frameworks/Print.framework/Versions/A/Print
0x000000000950b000 	/System/Library/Frameworks/Carbon.framework/Versions/A/Frameworks/SecurityHI.framework/Versions/A/SecurityHI
0x0000000125885000 	/Library/Java/JavaVirtualMachines/jdk1.8.0_65.jdk/Contents/Home/jre/lib/libawt.dylib
0x000000012592d000 	/Library/Java/JavaVirtualMachines/jdk1.8.0_65.jdk/Contents/Home/jre/lib/./libmlib_image.dylib
0x00000001259f9000 	/Library/Java/JavaVirtualMachines/jdk1.8.0_65.jdk/Contents/Home/jre/lib/libawt_lwawt.dylib
0x0000000125aae000 	/Library/Java/JavaVirtualMachines/jdk1.8.0_65.jdk/Contents/Home/jre/lib/./libosxapp.dylib
0x000000000950b000 	/System/Library/Frameworks/ExceptionHandling.framework/Versions/A/ExceptionHandling
0x000000000950b000 	/System/Library/PrivateFrameworks/CoreServicesInternal.framework/Versions/A/CoreServicesInternal
0x000000000950b000 	/System/Library/Frameworks/CoreGraphics.framework/Versions/A/Resources/libRIP.A.dylib
0x00000001268ba000 	/System/Library/Frameworks/Accelerate.framework/Frameworks/vImage.framework/Versions/A/Libraries/libCGInterfaces.dylib
0x000000000950b000 	/System/Library/Frameworks/CoreGraphics.framework/Versions/A/Resources/libCGXType.A.dylib
0x000000000950b000 	/System/Library/Frameworks/OpenCL.framework/Versions/A/Libraries/libcldcpuengine.dylib
0x000000000950b000 	/System/Library/PrivateFrameworks/DiskImages.framework/Versions/A/DiskImages
0x000000000950b000 	/System/Library/Frameworks/DiscRecording.framework/Versions/A/DiscRecording
0x000000000950b000 	/usr/lib/libcsfde.dylib
0x000000000950b000 	/usr/lib/libcurl.4.dylib
0x000000000950b000 	/System/Library/PrivateFrameworks/MediaKit.framework/Versions/A/MediaKit
0x000000000950b000 	/System/Library/PrivateFrameworks/ProtectedCloudStorage.framework/Versions/A/ProtectedCloudStorage
0x000000000950b000 	/usr/lib/libCoreStorage.dylib
0x000000000950b000 	/System/Library/PrivateFrameworks/EFILogin.framework/Versions/A/EFILogin
0x000000000950b000 	/usr/lib/libutil.dylib
0x000000000950b000 	/System/Library/PrivateFrameworks/FindMyDevice.framework/Versions/A/FindMyDevice
0x000000000950b000 	/System/Library/Frameworks/LDAP.framework/Versions/A/LDAP
0x000000000950b000 	/usr/lib/libsasl2.2.dylib
0x000000000950b000 	/System/Library/PrivateFrameworks/CoreDaemon.framework/Versions/B/CoreDaemon
0x000000000950b000 	/usr/lib/libcrypto.0.9.8.dylib
0x000000000950b000 	/System/Library/PrivateFrameworks/AppleSRP.framework/Versions/A/AppleSRP
0x000000000950b000 	/System/Library/PrivateFrameworks/TrustEvaluationAgent.framework/Versions/A/TrustEvaluationAgent
0x00000001274be000 	cl_kernels
0x000000000950b000 	/System/Library/Frameworks/OpenCL.framework/Versions/A/Libraries/ImageFormats/unorm8_bgra.dylib
0x000000000950b000 	/System/Library/Frameworks/OpenCL.framework/Versions/A/Libraries/ImageFormats/unorm8_rgba.dylib
0x000000000950b000 	/System/Library/PrivateFrameworks/FamilyControls.framework/Versions/A/FamilyControls
0x000000000950b000 	/System/Library/PrivateFrameworks/CommerceKit.framework/Versions/A/Frameworks/CommerceCore.framework/Versions/A/CommerceCore
0x000000000950b000 	/System/Library/PrivateFrameworks/SystemAdministration.framework/Versions/A/SystemAdministration
0x000000000950b000 	/System/Library/PrivateFrameworks/AppContainer.framework/Versions/A/AppContainer
0x000000000950b000 	/System/Library/PrivateFrameworks/SecCodeWrapper.framework/Versions/A/SecCodeWrapper
0x000000000950b000 	/System/Library/Frameworks/DirectoryService.framework/Versions/A/DirectoryService
0x000000000950b000 	/System/Library/PrivateFrameworks/LoginUIKit.framework/Versions/A/Frameworks/LoginUICore.framework/Versions/A/LoginUICore
0x000000000950b000 	/usr/lib/libodfde.dylib
0x00000001288ab000 	/System/Library/Frameworks/OpenGL.framework/Resources/GLEngine.bundle/GLEngine
0x000000000950b000 	/System/Library/Frameworks/OpenGL.framework/Versions/A/Libraries/libGLProgrammability.dylib
0x0000000128a93000 	/System/Library/Extensions/AppleIntelHD5000GraphicsGLDriver.bundle/Contents/MacOS/AppleIntelHD5000GraphicsGLDriver
0x000000000950b000 	/System/Library/PrivateFrameworks/GPUSupport.framework/Versions/A/Libraries/libGPUSupportMercury.dylib
0x00000001291e3000 	/System/Library/Frameworks/OpenGL.framework/Resources//GLRendererFloat.bundle/GLRendererFloat
0x0000000129f6d000 	/Library/Java/JavaVirtualMachines/jdk1.8.0_65.jdk/Contents/Home/jre/lib/libfontmanager.dylib
0x000000012b4b5000 	/Library/Java/JavaVirtualMachines/jdk1.8.0_65.jdk/Contents/Home/jre/lib/libosxui.dylib
0x000000012c1c2000 	/Library/Java/JavaVirtualMachines/jdk1.8.0_65.jdk/Contents/Home/jre/lib/libnet.dylib
0x000000012c1d9000 	/Library/Java/JavaVirtualMachines/jdk1.8.0_65.jdk/Contents/Home/jre/lib/libnio.dylib
0x000000000950b000 	/System/Library/Frameworks/ApplicationServices.framework/Versions/A/Frameworks/ATS.framework/Versions/A/Resources/libTrueTypeScaler.dylib
0x000000017d343000 	/System/Library/Extensions/AppleIntelHD5000GraphicsMTLDriver.bundle/Contents/MacOS/AppleIntelHD5000GraphicsMTLDriver
0x000000017d23b000 	/private/var/folders/4x/fmk2m66x61b3x5qnjlmt61jw0000gp/T/jogamp_0000/file_cache/jln2239283328902838174/jln8653920381768991755/libgluegen-rt.jnilib
0x000000012bf36000 	/private/var/folders/4x/fmk2m66x61b3x5qnjlmt61jw0000gp/T/jogamp_0000/file_cache/jln2239283328902838174/jln8653920381768991755/libnativewindow_awt.jnilib
0x000000012df38000 	/Library/Java/JavaVirtualMachines/jdk1.8.0_65.jdk/Contents/Home/jre/lib/libjawt.dylib
0x000000017d23f000 	/private/var/folders/4x/fmk2m66x61b3x5qnjlmt61jw0000gp/T/jogamp_0000/file_cache/jln2239283328902838174/jln8653920381768991755/libnativewindow_macosx.jnilib
0x000000018340f000 	/private/var/folders/4x/fmk2m66x61b3x5qnjlmt61jw0000gp/T/jogamp_0000/file_cache/jln2239283328902838174/jln8653920381768991755/libjogl_desktop.jnilib
0x000000012728c000 	/Library/Java/JavaVirtualMachines/jdk1.8.0_65.jdk/Contents/Home/jre/lib/libt2k.dylib

VM Arguments:
jvm_args: -Djava.security.policy=java.policy.applet -Dfile.encoding=UTF-8 
java_command: sun.applet.AppletViewer module5.EarthquakeCityMap1451314412780.html
java_class_path (initial): /Users/b10LOUIT/Documents/github/UCSDUnfoldingMaps/build:/Users/b10LOUIT/Documents/github/UCSDUnfoldingMaps/lib/core.jar:/Users/b10LOUIT/Documents/github/UCSDUnfoldingMaps/lib/gluegen-rt.jar:/Users/b10LOUIT/Documents/github/UCSDUnfoldingMaps/lib/jogl-all.jar:/Users/b10LOUIT/Documents/github/UCSDUnfoldingMaps/lib/log4j-1.2.15.jar:/Users/b10LOUIT/Documents/github/UCSDUnfoldingMaps/lib/sqlite-jdbc-3.7.2.jar:/Users/b10LOUIT/Documents/github/UCSDUnfoldingMaps/lib/json4processing.jar:/Users/b10LOUIT/Documents/github/UCSDUnfoldingMaps/lib/libTUIO.jar:/Users/b10LOUIT/Documents/github/UCSDUnfoldingMaps/lib/unfolding.0.9.7-uscd.jar
Launcher Type: SUN_STANDARD

Environment Variables:
PATH=/usr/bin:/bin:/usr/sbin:/sbin
SHELL=/bin/bash
DISPLAY=/private/tmp/com.apple.launchd.lANSwdTao8/org.macosforge.xquartz:0

Signal Handlers:
SIGSEGV: [libjvm.dylib+0x5a6d31], sa_mask[0]=11111111011111110111111111111111, sa_flags=SA_ONSTACK|SA_RESTART|SA_SIGINFO
SIGBUS: [libjvm.dylib+0x5a6d31], sa_mask[0]=11111111011111110111111111111111, sa_flags=SA_RESTART|SA_SIGINFO
SIGFPE: [libjvm.dylib+0x480a40], sa_mask[0]=11111111011111110111111111111111, sa_flags=SA_RESTART|SA_SIGINFO
SIGPIPE: [libjvm.dylib+0x480a40], sa_mask[0]=11111111011111110111111111111111, sa_flags=SA_RESTART|SA_SIGINFO
SIGXFSZ: [libjvm.dylib+0x480a40], sa_mask[0]=11111111011111110111111111111111, sa_flags=SA_RESTART|SA_SIGINFO
SIGILL: [libjvm.dylib+0x480a40], sa_mask[0]=11111111011111110111111111111111, sa_flags=SA_RESTART|SA_SIGINFO
SIGUSR1: SIG_DFL, sa_mask[0]=00000000000000000000000000000000, sa_flags=none
SIGUSR2: [libjvm.dylib+0x48055e], sa_mask[0]=00100000000000000000000000000000, sa_flags=SA_RESTART|SA_SIGINFO
SIGHUP: [libjvm.dylib+0x47eb35], sa_mask[0]=11111111011111110111111111111111, sa_flags=SA_RESTART|SA_SIGINFO
SIGINT: [libjvm.dylib+0x47eb35], sa_mask[0]=11111111011111110111111111111111, sa_flags=SA_RESTART|SA_SIGINFO
SIGTERM: [libjvm.dylib+0x47eb35], sa_mask[0]=11111111011111110111111111111111, sa_flags=SA_RESTART|SA_SIGINFO
SIGQUIT: [libjvm.dylib+0x47eb35], sa_mask[0]=11111111011111110111111111111111, sa_flags=SA_RESTART|SA_SIGINFO


---------------  S Y S T E M  ---------------

OS:Bsduname:Darwin 15.2.0 Darwin Kernel Version 15.2.0: Fri Nov 13 19:56:56 PST 2015; root:xnu-3248.20.55~2/RELEASE_X86_64 x86_64
rlimit: STACK 8192k, CORE 0k, NPROC 709, NOFILE 10240, AS infinity
load average:2.82 1.99 1.96

CPU:total 8 (4 cores per cpu, 2 threads per core) family 6 model 70 stepping 1, cmov, cx8, fxsr, mmx, sse, sse2, sse3, ssse3, sse4.1, sse4.2, popcnt, avx, avx2, aes, clmul, erms, rtm, lzcnt, ht, tsc, tscinvbit, bmi1, bmi2

Memory: 4k page, physical 16777216k(201100k free)

/proc/meminfo:


vm_info: Java HotSpot(TM) 64-Bit Server VM (25.65-b01) for bsd-amd64 JRE (1.8.0_65-b17), built on Oct  6 2015 15:36:46 by "java_re" with gcc 4.2.1 (Based on Apple Inc. build 5658) (LLVM build 2336.11.00)

time: Mon Dec 28 15:53:42 2015
elapsed time: 9 seconds (0d 0h 0m 9s)

